[0.023s] Invoking command in '/root/ros2_ws/build/moveit_planners_stomp': AMENT_PREFIX_PATH=/root/ros2_ws/install/moveit_core:/root/ros2_ws/install/moveit_resources_panda_moveit_config:/root/ros2_ws/install/moveit_resources_pr2_description:/root/ros2_ws/install/moveit_resources_panda_description:/root/ros2_ws/install/moveit_msgs:/root/ros2_ws/install/moveit_common:${AMENT_PREFIX_PATH} CMAKE_PREFIX_PATH=/root/ros2_ws/install/moveit_core:/root/ros2_ws/install/moveit_resources_panda_moveit_config:/root/ros2_ws/install/moveit_resources_pr2_description:/root/ros2_ws/install/moveit_resources_panda_description:/root/ros2_ws/install/moveit_msgs:/root/ros2_ws/install/moveit_common:/opt/ros/jazzy/opt/gz_sim_vendor:/opt/ros/jazzy/opt/gz_sensors_vendor:/opt/ros/jazzy/opt/gz_physics_vendor:/opt/ros/jazzy/opt/sdformat_vendor:/opt/ros/jazzy/opt/gz_gui_vendor:/opt/ros/jazzy/opt/gz_transport_vendor:/opt/ros/jazzy/opt/gz_rendering_vendor:/opt/ros/jazzy/opt/gz_plugin_vendor:/opt/ros/jazzy/opt/gz_fuel_tools_vendor:/opt/ros/jazzy/opt/gz_msgs_vendor:/opt/ros/jazzy/opt/gz_common_vendor:/opt/ros/jazzy/opt/gz_math_vendor:/opt/ros/jazzy/opt/gz_utils_vendor:/opt/ros/jazzy/opt/gz_tools_vendor:/opt/ros/jazzy/opt/gz_ogre_next_vendor:/opt/ros/jazzy/opt/gz_dartsim_vendor:/opt/ros/jazzy/opt/gz_cmake_vendor:/opt/ros/jazzy LD_LIBRARY_PATH=/root/ros2_ws/install/moveit_core/lib:/root/ros2_ws/install/moveit_msgs/lib:${LD_LIBRARY_PATH} PATH=/root/ros2_ws/install/moveit_core/bin:${PATH} PYTHONPATH=/root/ros2_ws/install/moveit_msgs/lib/python3.12/site-packages:${PYTHONPATH} /usr/bin/cmake /root/ros2_ws/src/moveit2/moveit_planners/stomp -DCMAKE_INSTALL_PREFIX=/root/ros2_ws/install/moveit_planners_stomp
[0.091s] -- The C compiler identification is GNU 13.3.0
[0.149s] -- The CXX compiler identification is GNU 13.3.0
[0.171s] -- Detecting C compiler ABI info
[0.281s] -- Detecting C compiler ABI info - done
[0.291s] -- Check for working C compiler: /usr/bin/cc - skipped
[0.291s] -- Detecting C compile features
[0.292s] -- Detecting C compile features - done
[0.304s] -- Detecting CXX compiler ABI info
[0.419s] -- Detecting CXX compiler ABI info - done
[0.434s] -- Check for working CXX compiler: /usr/bin/c++ - skipped
[0.434s] -- Detecting CXX compile features
[0.435s] -- Detecting CXX compile features - done
[0.436s] -- Found moveit_common: 2.12.0 (/root/ros2_ws/install/moveit_common/share/moveit_common/cmake)
[0.441s] -- Found ament_cmake: 2.5.2 (/opt/ros/jazzy/share/ament_cmake/cmake)
[0.614s] -- Found Python3: /usr/bin/python3 (found version "3.12.3") found components: Interpreter 
[0.873s] [0mmoveit_planners_stomp: You did not request a specific build type: Choosing 'Release' for maximum performance[0m
[0.878s] -- Found generate_parameter_library: 0.4.0 (/opt/ros/jazzy/share/generate_parameter_library/cmake)
[0.888s] -- Found parameter_traits: 0.4.0 (/opt/ros/jazzy/share/parameter_traits/cmake)
[0.961s] -- Found rosidl_generator_c: 4.6.4 (/opt/ros/jazzy/share/rosidl_generator_c/cmake)
[0.983s] -- Found rosidl_generator_cpp: 4.6.4 (/opt/ros/jazzy/share/rosidl_generator_cpp/cmake)
[1.010s] -- Using all available rosidl_typesupport_c: rosidl_typesupport_fastrtps_c;rosidl_typesupport_introspection_c
[1.039s] -- Using all available rosidl_typesupport_cpp: rosidl_typesupport_fastrtps_cpp;rosidl_typesupport_introspection_cpp
[1.165s] -- Found rmw_implementation_cmake: 7.3.1 (/opt/ros/jazzy/share/rmw_implementation_cmake/cmake)
[1.172s] -- Found rmw_fastrtps_cpp: 8.4.1 (/opt/ros/jazzy/share/rmw_fastrtps_cpp/cmake)
[1.299s] -- Found OpenSSL: /usr/lib/x86_64-linux-gnu/libcrypto.so (found version "3.0.13")  
[1.321s] -- Found FastRTPS: /opt/ros/jazzy/include (Required is at least version "2.13") 
[1.347s] -- Using RMW implementation 'rmw_fastrtps_cpp' as default
[1.479s] -- Found rclcpp_lifecycle: 28.1.5 (/opt/ros/jazzy/share/rclcpp_lifecycle/cmake)
[1.519s] -- Found moveit_core: 2.12.0 (/root/ros2_ws/install/moveit_core/share/moveit_core/cmake)
[1.743s] -- Found Boost: /usr/lib/x86_64-linux-gnu/cmake/Boost-1.83.0/BoostConfig.cmake (found version "1.83.0") found components: chrono date_time filesystem iostreams program_options regex serialization system thread 
[1.838s] -- Found Boost: /usr/lib/x86_64-linux-gnu/cmake/Boost-1.83.0/BoostConfig.cmake (found version "1.83.0") found components: filesystem 
[2.029s] -- Found Eigen3: TRUE (found version "3.4.0") 
[2.029s] -- Ensuring Eigen3 include directory is part of orocos-kdl CMake target
[2.568s] -- Found ament_cmake_gtest: 2.5.2 (/opt/ros/jazzy/share/ament_cmake_gtest/cmake)
[2.589s] -- Found gtest sources under '/opt/ros/jazzy/src/gtest_vendor': C++ tests using 'Google Test' will be built
[2.596s] -- Found Threads: TRUE  
[2.619s] -- Configuring done (2.6s)
[2.775s] -- Generating done (0.1s)
[2.799s] -- Build files have been written to: /root/ros2_ws/build/moveit_planners_stomp
[2.823s] Invoked command in '/root/ros2_ws/build/moveit_planners_stomp' returned '0': AMENT_PREFIX_PATH=/root/ros2_ws/install/moveit_core:/root/ros2_ws/install/moveit_resources_panda_moveit_config:/root/ros2_ws/install/moveit_resources_pr2_description:/root/ros2_ws/install/moveit_resources_panda_description:/root/ros2_ws/install/moveit_msgs:/root/ros2_ws/install/moveit_common:${AMENT_PREFIX_PATH} CMAKE_PREFIX_PATH=/root/ros2_ws/install/moveit_core:/root/ros2_ws/install/moveit_resources_panda_moveit_config:/root/ros2_ws/install/moveit_resources_pr2_description:/root/ros2_ws/install/moveit_resources_panda_description:/root/ros2_ws/install/moveit_msgs:/root/ros2_ws/install/moveit_common:/opt/ros/jazzy/opt/gz_sim_vendor:/opt/ros/jazzy/opt/gz_sensors_vendor:/opt/ros/jazzy/opt/gz_physics_vendor:/opt/ros/jazzy/opt/sdformat_vendor:/opt/ros/jazzy/opt/gz_gui_vendor:/opt/ros/jazzy/opt/gz_transport_vendor:/opt/ros/jazzy/opt/gz_rendering_vendor:/opt/ros/jazzy/opt/gz_plugin_vendor:/opt/ros/jazzy/opt/gz_fuel_tools_vendor:/opt/ros/jazzy/opt/gz_msgs_vendor:/opt/ros/jazzy/opt/gz_common_vendor:/opt/ros/jazzy/opt/gz_math_vendor:/opt/ros/jazzy/opt/gz_utils_vendor:/opt/ros/jazzy/opt/gz_tools_vendor:/opt/ros/jazzy/opt/gz_ogre_next_vendor:/opt/ros/jazzy/opt/gz_dartsim_vendor:/opt/ros/jazzy/opt/gz_cmake_vendor:/opt/ros/jazzy LD_LIBRARY_PATH=/root/ros2_ws/install/moveit_core/lib:/root/ros2_ws/install/moveit_msgs/lib:${LD_LIBRARY_PATH} PATH=/root/ros2_ws/install/moveit_core/bin:${PATH} PYTHONPATH=/root/ros2_ws/install/moveit_msgs/lib/python3.12/site-packages:${PYTHONPATH} /usr/bin/cmake /root/ros2_ws/src/moveit2/moveit_planners/stomp -DCMAKE_INSTALL_PREFIX=/root/ros2_ws/install/moveit_planners_stomp
[2.824s] Invoking command in '/root/ros2_ws/build/moveit_planners_stomp': AMENT_PREFIX_PATH=/root/ros2_ws/install/moveit_core:/root/ros2_ws/install/moveit_resources_panda_moveit_config:/root/ros2_ws/install/moveit_resources_pr2_description:/root/ros2_ws/install/moveit_resources_panda_description:/root/ros2_ws/install/moveit_msgs:/root/ros2_ws/install/moveit_common:${AMENT_PREFIX_PATH} CMAKE_PREFIX_PATH=/root/ros2_ws/install/moveit_core:/root/ros2_ws/install/moveit_resources_panda_moveit_config:/root/ros2_ws/install/moveit_resources_pr2_description:/root/ros2_ws/install/moveit_resources_panda_description:/root/ros2_ws/install/moveit_msgs:/root/ros2_ws/install/moveit_common:/opt/ros/jazzy/opt/gz_sim_vendor:/opt/ros/jazzy/opt/gz_sensors_vendor:/opt/ros/jazzy/opt/gz_physics_vendor:/opt/ros/jazzy/opt/sdformat_vendor:/opt/ros/jazzy/opt/gz_gui_vendor:/opt/ros/jazzy/opt/gz_transport_vendor:/opt/ros/jazzy/opt/gz_rendering_vendor:/opt/ros/jazzy/opt/gz_plugin_vendor:/opt/ros/jazzy/opt/gz_fuel_tools_vendor:/opt/ros/jazzy/opt/gz_msgs_vendor:/opt/ros/jazzy/opt/gz_common_vendor:/opt/ros/jazzy/opt/gz_math_vendor:/opt/ros/jazzy/opt/gz_utils_vendor:/opt/ros/jazzy/opt/gz_tools_vendor:/opt/ros/jazzy/opt/gz_ogre_next_vendor:/opt/ros/jazzy/opt/gz_dartsim_vendor:/opt/ros/jazzy/opt/gz_cmake_vendor:/opt/ros/jazzy LD_LIBRARY_PATH=/root/ros2_ws/install/moveit_core/lib:/root/ros2_ws/install/moveit_msgs/lib:${LD_LIBRARY_PATH} PATH=/root/ros2_ws/install/moveit_core/bin:${PATH} PYTHONPATH=/root/ros2_ws/install/moveit_msgs/lib/python3.12/site-packages:${PYTHONPATH} /usr/bin/cmake --build /root/ros2_ws/build/moveit_planners_stomp -- -j20 -l20
[2.939s] [  7%] [32mBuilding CXX object gtest/CMakeFiles/gtest.dir/src/gtest-all.cc.o[0m
[2.943s] [ 15%] [34m[1mRunning `/opt/ros/jazzy/bin/generate_parameter_library_cpp /root/ros2_ws/build/moveit_planners_stomp/include/moveit_planners_stomp/stomp_moveit_parameters.hpp /root/ros2_ws/src/moveit2/moveit_planners/stomp/res/stomp_moveit.yaml `[0m
[2.945s] [ 23%] [32mBuilding CXX object gtest/CMakeFiles/gtest_main.dir/src/gtest_main.cc.o[0m
[4.405s] [ 30%] [34m[1mCreating deprecated header file /root/ros2_ws/build/moveit_planners_stomp/include/stomp_moveit_parameters.hpp[0m
[4.510s] [ 30%] Built target stomp_moveit_parameters
[4.558s] [ 38%] [32mBuilding CXX object CMakeFiles/stomp_moveit_plugin.dir/src/stomp_moveit_planner_plugin.cpp.o[0m
[4.570s] [ 46%] [32mBuilding CXX object CMakeFiles/stomp_moveit_plugin.dir/src/stomp_moveit_planning_context.cpp.o[0m
[4.954s] [ 53%] [32m[1mLinking CXX static library libgtest_main.a[0m
[5.107s] [ 53%] Built target gtest_main
[19.658s] [ 61%] [32m[1mLinking CXX static library libgtest.a[0m
[19.765s] [ 61%] Built target gtest
[19.799s] [ 69%] [32mBuilding CXX object test/CMakeFiles/test_noise_generator.dir/test_noise_generator.cpp.o[0m
[19.812s] [ 76%] [32mBuilding CXX object test/CMakeFiles/test_cost_functions.dir/test_cost_functions.cpp.o[0m
[31.613s] [ 84%] [32m[1mLinking CXX executable test_noise_generator[0m
[31.921s] [ 84%] Built target test_noise_generator
[32.183s] [ 92%] [32m[1mLinking CXX executable test_cost_functions[0m
[32.571s] [ 92%] Built target test_cost_functions
[34.722s] [100%] [32m[1mLinking CXX shared library libstomp_moveit_plugin.so[0m
[35.024s] [100%] Built target stomp_moveit_plugin
[35.044s] Invoked command in '/root/ros2_ws/build/moveit_planners_stomp' returned '0': AMENT_PREFIX_PATH=/root/ros2_ws/install/moveit_core:/root/ros2_ws/install/moveit_resources_panda_moveit_config:/root/ros2_ws/install/moveit_resources_pr2_description:/root/ros2_ws/install/moveit_resources_panda_description:/root/ros2_ws/install/moveit_msgs:/root/ros2_ws/install/moveit_common:${AMENT_PREFIX_PATH} CMAKE_PREFIX_PATH=/root/ros2_ws/install/moveit_core:/root/ros2_ws/install/moveit_resources_panda_moveit_config:/root/ros2_ws/install/moveit_resources_pr2_description:/root/ros2_ws/install/moveit_resources_panda_description:/root/ros2_ws/install/moveit_msgs:/root/ros2_ws/install/moveit_common:/opt/ros/jazzy/opt/gz_sim_vendor:/opt/ros/jazzy/opt/gz_sensors_vendor:/opt/ros/jazzy/opt/gz_physics_vendor:/opt/ros/jazzy/opt/sdformat_vendor:/opt/ros/jazzy/opt/gz_gui_vendor:/opt/ros/jazzy/opt/gz_transport_vendor:/opt/ros/jazzy/opt/gz_rendering_vendor:/opt/ros/jazzy/opt/gz_plugin_vendor:/opt/ros/jazzy/opt/gz_fuel_tools_vendor:/opt/ros/jazzy/opt/gz_msgs_vendor:/opt/ros/jazzy/opt/gz_common_vendor:/opt/ros/jazzy/opt/gz_math_vendor:/opt/ros/jazzy/opt/gz_utils_vendor:/opt/ros/jazzy/opt/gz_tools_vendor:/opt/ros/jazzy/opt/gz_ogre_next_vendor:/opt/ros/jazzy/opt/gz_dartsim_vendor:/opt/ros/jazzy/opt/gz_cmake_vendor:/opt/ros/jazzy LD_LIBRARY_PATH=/root/ros2_ws/install/moveit_core/lib:/root/ros2_ws/install/moveit_msgs/lib:${LD_LIBRARY_PATH} PATH=/root/ros2_ws/install/moveit_core/bin:${PATH} PYTHONPATH=/root/ros2_ws/install/moveit_msgs/lib/python3.12/site-packages:${PYTHONPATH} /usr/bin/cmake --build /root/ros2_ws/build/moveit_planners_stomp -- -j20 -l20
[35.047s] Invoking command in '/root/ros2_ws/build/moveit_planners_stomp': AMENT_PREFIX_PATH=/root/ros2_ws/install/moveit_core:/root/ros2_ws/install/moveit_resources_panda_moveit_config:/root/ros2_ws/install/moveit_resources_pr2_description:/root/ros2_ws/install/moveit_resources_panda_description:/root/ros2_ws/install/moveit_msgs:/root/ros2_ws/install/moveit_common:${AMENT_PREFIX_PATH} CMAKE_PREFIX_PATH=/root/ros2_ws/install/moveit_core:/root/ros2_ws/install/moveit_resources_panda_moveit_config:/root/ros2_ws/install/moveit_resources_pr2_description:/root/ros2_ws/install/moveit_resources_panda_description:/root/ros2_ws/install/moveit_msgs:/root/ros2_ws/install/moveit_common:/opt/ros/jazzy/opt/gz_sim_vendor:/opt/ros/jazzy/opt/gz_sensors_vendor:/opt/ros/jazzy/opt/gz_physics_vendor:/opt/ros/jazzy/opt/sdformat_vendor:/opt/ros/jazzy/opt/gz_gui_vendor:/opt/ros/jazzy/opt/gz_transport_vendor:/opt/ros/jazzy/opt/gz_rendering_vendor:/opt/ros/jazzy/opt/gz_plugin_vendor:/opt/ros/jazzy/opt/gz_fuel_tools_vendor:/opt/ros/jazzy/opt/gz_msgs_vendor:/opt/ros/jazzy/opt/gz_common_vendor:/opt/ros/jazzy/opt/gz_math_vendor:/opt/ros/jazzy/opt/gz_utils_vendor:/opt/ros/jazzy/opt/gz_tools_vendor:/opt/ros/jazzy/opt/gz_ogre_next_vendor:/opt/ros/jazzy/opt/gz_dartsim_vendor:/opt/ros/jazzy/opt/gz_cmake_vendor:/opt/ros/jazzy LD_LIBRARY_PATH=/root/ros2_ws/install/moveit_core/lib:/root/ros2_ws/install/moveit_msgs/lib:${LD_LIBRARY_PATH} PATH=/root/ros2_ws/install/moveit_core/bin:${PATH} PYTHONPATH=/root/ros2_ws/install/moveit_msgs/lib/python3.12/site-packages:${PYTHONPATH} /usr/bin/cmake --install /root/ros2_ws/build/moveit_planners_stomp
[35.058s] -- Install configuration: "Release"
[35.058s] -- Installing: /root/ros2_ws/install/moveit_planners_stomp/include/moveit_planners_stomp
[35.058s] -- Installing: /root/ros2_ws/install/moveit_planners_stomp/include/moveit_planners_stomp/stomp_moveit_parameters.hpp
[35.059s] -- Installing: /root/ros2_ws/install/moveit_planners_stomp/share/moveit_planners_stomp/stomp_moveit_plugin_description.xml
[35.059s] -- Installing: /root/ros2_ws/install/moveit_planners_stomp/lib/libstomp_moveit_plugin.so
[35.059s] -- Set non-toolchain portion of runtime path of "/root/ros2_ws/install/moveit_planners_stomp/lib/libstomp_moveit_plugin.so" to ""
[35.059s] -- Installing: /root/ros2_ws/install/moveit_planners_stomp/share/moveit_planners_stomp/environment/library_path.sh
[35.060s] -- Installing: /root/ros2_ws/install/moveit_planners_stomp/share/moveit_planners_stomp/environment/library_path.dsv
[35.060s] -- Installing: /root/ros2_ws/install/moveit_planners_stomp/share/ament_index/resource_index/package_run_dependencies/moveit_planners_stomp
[35.060s] -- Installing: /root/ros2_ws/install/moveit_planners_stomp/share/ament_index/resource_index/parent_prefix_path/moveit_planners_stomp
[35.060s] -- Installing: /root/ros2_ws/install/moveit_planners_stomp/share/moveit_planners_stomp/environment/ament_prefix_path.sh
[35.060s] -- Installing: /root/ros2_ws/install/moveit_planners_stomp/share/moveit_planners_stomp/environment/ament_prefix_path.dsv
[35.061s] -- Installing: /root/ros2_ws/install/moveit_planners_stomp/share/moveit_planners_stomp/environment/path.sh
[35.061s] -- Installing: /root/ros2_ws/install/moveit_planners_stomp/share/moveit_planners_stomp/environment/path.dsv
[35.062s] -- Installing: /root/ros2_ws/install/moveit_planners_stomp/share/moveit_planners_stomp/local_setup.bash
[35.062s] -- Installing: /root/ros2_ws/install/moveit_planners_stomp/share/moveit_planners_stomp/local_setup.sh
[35.062s] -- Installing: /root/ros2_ws/install/moveit_planners_stomp/share/moveit_planners_stomp/local_setup.zsh
[35.062s] -- Installing: /root/ros2_ws/install/moveit_planners_stomp/share/moveit_planners_stomp/local_setup.dsv
[35.062s] -- Installing: /root/ros2_ws/install/moveit_planners_stomp/share/moveit_planners_stomp/package.dsv
[35.062s] -- Installing: /root/ros2_ws/install/moveit_planners_stomp/share/ament_index/resource_index/packages/moveit_planners_stomp
[35.062s] -- Installing: /root/ros2_ws/install/moveit_planners_stomp/share/ament_index/resource_index/moveit_core__pluginlib__plugin/moveit_planners_stomp
[35.063s] -- Installing: /root/ros2_ws/install/moveit_planners_stomp/share/moveit_planners_stomp/cmake/moveit_planners_stompTargetsExport.cmake
[35.063s] -- Installing: /root/ros2_ws/install/moveit_planners_stomp/share/moveit_planners_stomp/cmake/moveit_planners_stompTargetsExport-release.cmake
[35.063s] -- Installing: /root/ros2_ws/install/moveit_planners_stomp/share/moveit_planners_stomp/cmake/ament_cmake_export_dependencies-extras.cmake
[35.063s] -- Installing: /root/ros2_ws/install/moveit_planners_stomp/share/moveit_planners_stomp/cmake/ament_cmake_export_targets-extras.cmake
[35.063s] -- Installing: /root/ros2_ws/install/moveit_planners_stomp/share/moveit_planners_stomp/cmake/moveit_planners_stompConfig.cmake
[35.064s] -- Installing: /root/ros2_ws/install/moveit_planners_stomp/share/moveit_planners_stomp/cmake/moveit_planners_stompConfig-version.cmake
[35.065s] -- Installing: /root/ros2_ws/install/moveit_planners_stomp/share/moveit_planners_stomp/package.xml
[35.066s] Invoked command in '/root/ros2_ws/build/moveit_planners_stomp' returned '0': AMENT_PREFIX_PATH=/root/ros2_ws/install/moveit_core:/root/ros2_ws/install/moveit_resources_panda_moveit_config:/root/ros2_ws/install/moveit_resources_pr2_description:/root/ros2_ws/install/moveit_resources_panda_description:/root/ros2_ws/install/moveit_msgs:/root/ros2_ws/install/moveit_common:${AMENT_PREFIX_PATH} CMAKE_PREFIX_PATH=/root/ros2_ws/install/moveit_core:/root/ros2_ws/install/moveit_resources_panda_moveit_config:/root/ros2_ws/install/moveit_resources_pr2_description:/root/ros2_ws/install/moveit_resources_panda_description:/root/ros2_ws/install/moveit_msgs:/root/ros2_ws/install/moveit_common:/opt/ros/jazzy/opt/gz_sim_vendor:/opt/ros/jazzy/opt/gz_sensors_vendor:/opt/ros/jazzy/opt/gz_physics_vendor:/opt/ros/jazzy/opt/sdformat_vendor:/opt/ros/jazzy/opt/gz_gui_vendor:/opt/ros/jazzy/opt/gz_transport_vendor:/opt/ros/jazzy/opt/gz_rendering_vendor:/opt/ros/jazzy/opt/gz_plugin_vendor:/opt/ros/jazzy/opt/gz_fuel_tools_vendor:/opt/ros/jazzy/opt/gz_msgs_vendor:/opt/ros/jazzy/opt/gz_common_vendor:/opt/ros/jazzy/opt/gz_math_vendor:/opt/ros/jazzy/opt/gz_utils_vendor:/opt/ros/jazzy/opt/gz_tools_vendor:/opt/ros/jazzy/opt/gz_ogre_next_vendor:/opt/ros/jazzy/opt/gz_dartsim_vendor:/opt/ros/jazzy/opt/gz_cmake_vendor:/opt/ros/jazzy LD_LIBRARY_PATH=/root/ros2_ws/install/moveit_core/lib:/root/ros2_ws/install/moveit_msgs/lib:${LD_LIBRARY_PATH} PATH=/root/ros2_ws/install/moveit_core/bin:${PATH} PYTHONPATH=/root/ros2_ws/install/moveit_msgs/lib/python3.12/site-packages:${PYTHONPATH} /usr/bin/cmake --install /root/ros2_ws/build/moveit_planners_stomp
