[0.287s] Invoking command in '/root/ros2_ws/build/gz_ros2_control': CMAKE_PREFIX_PATH=${CMAKE_PREFIX_PATH}:/opt/ros/jazzy /usr/bin/cmake /root/ros2_ws/src/gz_ros2_control/gz_ros2_control -DCMAKE_INSTALL_PREFIX=/root/ros2_ws/install/gz_ros2_control
[0.374s] -- The C compiler identification is GNU 13.3.0
[0.467s] -- The CXX compiler identification is GNU 13.3.0
[0.493s] -- Detecting C compiler ABI info
[0.610s] -- Detecting C compiler ABI info - done
[0.625s] -- Check for working C compiler: /usr/bin/cc - skipped
[0.625s] -- Detecting C compile features
[0.626s] -- Detecting C compile features - done
[0.640s] -- Detecting CXX compiler ABI info
[0.784s] -- Detecting CXX compiler ABI info - done
[0.798s] -- Check for working CXX compiler: /usr/bin/c++ - skipped
[0.799s] -- Detecting CXX compile features
[0.799s] -- Detecting CXX compile features - done
[0.807s] -- Found ament_cmake: 2.5.2 (/opt/ros/jazzy/share/ament_cmake/cmake)
[1.060s] -- Found Python3: /usr/bin/python3 (found version "3.12.3") found components: Interpreter 
[1.327s] -- Found ament_index_cpp: 1.8.1 (/opt/ros/jazzy/share/ament_index_cpp/cmake)
[1.335s] -- Found controller_manager: 4.24.0 (/opt/ros/jazzy/share/controller_manager/cmake)
[1.496s] -- Found rosidl_generator_c: 4.6.4 (/opt/ros/jazzy/share/rosidl_generator_c/cmake)
[1.533s] -- Found rosidl_generator_cpp: 4.6.4 (/opt/ros/jazzy/share/rosidl_generator_cpp/cmake)
[1.574s] -- Using all available rosidl_typesupport_c: rosidl_typesupport_fastrtps_c;rosidl_typesupport_introspection_c
[1.623s] -- Using all available rosidl_typesupport_cpp: rosidl_typesupport_fastrtps_cpp;rosidl_typesupport_introspection_cpp
[1.810s] -- Found rmw_implementation_cmake: 7.3.1 (/opt/ros/jazzy/share/rmw_implementation_cmake/cmake)
[1.824s] -- Found rmw_fastrtps_cpp: 8.4.1 (/opt/ros/jazzy/share/rmw_fastrtps_cpp/cmake)
[2.028s] -- Found OpenSSL: /usr/lib/x86_64-linux-gnu/libcrypto.so (found version "3.0.13")  
[2.076s] -- Found FastRTPS: /opt/ros/jazzy/include (Required is at least version "2.13") 
[2.114s] -- Using RMW implementation 'rmw_fastrtps_cpp' as default
[3.173s] -- Found yaml_cpp_vendor: 9.0.0 (/opt/ros/jazzy/share/yaml_cpp_vendor/cmake)
[3.173s] -- Setting yaml-cpp_DIR to: '/opt/ros/jazzy/share/yaml_cpp_vendor/cmake/../../../opt/yaml_cpp_vendor/share/cmake/yaml-cpp'
[3.178s] -- Found gz_sim_vendor: 0.0.7 (/opt/ros/jazzy/share/gz_sim_vendor/cmake)
[3.302s] -- Looking for gz-sim8 -- found version 8.8.0
[3.314s] -- Searching for dependencies of gz-sim8
[3.316s] -- Looking for sdformat14 -- found version 14.6.0
[3.317s] -- Searching for dependencies of sdformat14
[3.324s] -- Checking for module 'tinyxml2'
[3.346s] --   Found tinyxml2, version 10.0.0
[3.406s] -- Looking for gz-math7 -- found version 7.5.1
[3.406s] -- Searching for dependencies of gz-math7
[3.415s] -- Looking for gz-utils2 -- found version 2.2.0
[3.415s] -- Searching for dependencies of gz-utils2
[3.418s] -- Looking for gz-utils2 -- found version 2.2.0
[3.418s] -- Searching for dependencies of gz-utils2
[3.419s] -- Searching for <gz-utils2> component [cli]
[3.427s] -- Looking for gz-utils2-cli -- found version 2.2.0
[3.428s] -- Searching for dependencies of gz-utils2-cli
[3.437s] -- Looking for gz-plugin2 -- found version 2.0.3
[3.438s] -- Searching for dependencies of gz-plugin2
[3.439s] -- Looking for gz-utils2 -- found version 2.2.0
[3.440s] -- Searching for <gz-plugin2> component [loader]
[3.447s] -- Looking for gz-plugin2-loader -- found version 2.0.3
[3.448s] -- Searching for dependencies of gz-plugin2-loader
[3.449s] -- Searching for <gz-plugin2> component [register]
[3.455s] -- Looking for gz-plugin2-register -- found version 2.0.3
[3.456s] -- Searching for dependencies of gz-plugin2-register
[3.462s] -- Looking for gz-transport13 -- found version 13.4.0
[3.463s] -- Searching for dependencies of gz-transport13
[3.541s] -- Found Protobuf: /usr/lib/x86_64-linux-gnu/libprotobuf.so (found version "3.21.12") 
[3.575s] -- Config-file not installed for ZeroMQ -- checking for pkg-config
[3.582s] -- Checking for module 'libzmq >= 4'
[3.608s] --   Found libzmq, version 4.3.5
[3.686s] -- Found ZeroMQ: TRUE (Required is at least version "4") 
[3.694s] -- Checking for module 'uuid'
[3.721s] --   Found uuid, version 2.39.3
[3.774s] -- Found UUID: TRUE  
[3.774s] -- Looking for gz-utils2 -- found version 2.2.0
[3.779s] -- Looking for gz-msgs10 -- found version 10.3.1
[3.779s] -- Searching for dependencies of gz-msgs10
[3.817s] -- Looking for gz-utils2 -- found version 2.2.0
[3.818s] -- Looking for gz-math7 -- found version 7.5.1
[4.001s] -- Searching for <gz-transport13> component [log]
[4.004s] -- Looking for gz-transport13-log -- found version 13.4.0
[4.005s] -- Searching for dependencies of gz-transport13-log
[4.005s] -- Searching for <gz-transport13> component [parameters]
[4.009s] -- Looking for gz-transport13-parameters -- found version 13.4.0
[4.009s] -- Searching for dependencies of gz-transport13-parameters
[4.011s] -- Looking for gz-msgs10 -- found version 10.3.1
[4.015s] -- Looking for gz-common5 -- found version 5.7.0
[4.015s] -- Searching for dependencies of gz-common5
[4.015s] -- Looking for gz-utils2 -- found version 2.2.0
[4.016s] -- Looking for dlfcn.h - found
[4.017s] -- Looking for libdl - found
[4.019s] -- Found DL: TRUE  
[4.030s] -- Searching for <gz-common5> component [av]
[4.034s] -- Looking for gz-common5-av -- found version 5.7.0
[4.034s] -- Searching for dependencies of gz-common5-av
[4.041s] -- Checking for module 'libswscale'
[4.066s] --   Found libswscale, version 7.5.100
[4.123s] -- Found SWSCALE: TRUE  
[4.132s] -- Checking for module 'libavdevice >= 56.4.100'
[4.162s] --   Found libavdevice, version 60.3.100
[4.248s] -- Found AVDEVICE: TRUE (Required is at least version "56.4.100") 
[4.254s] -- Checking for module 'libavformat'
[4.277s] --   Found libavformat, version 60.16.100
[4.349s] -- Found AVFORMAT: TRUE  
[4.352s] -- Checking for module 'libavcodec'
[4.369s] --   Found libavcodec, version 60.31.102
[4.439s] -- Found AVCODEC: TRUE  
[4.447s] -- Checking for module 'libavutil'
[4.473s] --   Found libavutil, version 58.29.100
[4.528s] -- Found AVUTIL: TRUE  
[4.529s] -- Searching for <gz-common5> component [events]
[4.532s] -- Looking for gz-common5-events -- found version 5.7.0
[4.532s] -- Searching for dependencies of gz-common5-events
[4.533s] -- Looking for gz-math7 -- found version 7.5.1
[4.534s] -- Searching for <gz-common5> component [graphics]
[4.537s] -- Looking for gz-common5-graphics -- found version 5.7.0
[4.538s] -- Searching for dependencies of gz-common5-graphics
[4.538s] -- Looking for gz-math7 -- found version 7.5.1
[4.547s] -- Found GzAssimp: TRUE (found version "5.3.0") 
[4.548s] -- Searching for <gz-common5> component [io]
[4.552s] -- Looking for gz-common5-io -- found version 5.7.0
[4.552s] -- Searching for dependencies of gz-common5-io
[4.553s] -- Searching for <gz-common5> component [profiler]
[4.558s] -- Looking for gz-common5-profiler -- found version 5.7.0
[4.558s] -- Searching for dependencies of gz-common5-profiler
[4.562s] -- Looking for gz-fuel_tools9 -- found version 9.1.0
[4.563s] -- Searching for dependencies of gz-fuel_tools9
[4.702s] -- Found CURL: /usr/lib/x86_64-linux-gnu/libcurl.so (found version "8.5.0")  
[4.720s] -- Checking for module 'jsoncpp'
[4.745s] --   Found jsoncpp, version 1.9.5
[4.802s] -- Found JSONCPP: TRUE  
[4.833s] -- Checking for module 'yaml-0.1'
[4.857s] --   Found yaml-0.1, version 0.2.5
[4.908s] -- Found YAML: TRUE  
[4.917s] -- Checking for module 'libzip'
[4.939s] --   Found libzip, version 1.7.3
[4.996s] -- Found ZIP: TRUE  
[4.997s] -- Looking for gz-utils2 -- found version 2.2.0
[4.998s] -- Looking for gz-common5 -- found version 5.7.0
[4.998s] -- Searching for dependencies of gz-common5
[4.999s] -- Looking for gz-utils2 -- found version 2.2.0
[4.999s] -- Looking for dlfcn.h - found
[4.999s] -- Looking for libdl - found
[5.010s] -- Searching for <gz-common5> component [testing]
[5.015s] -- Looking for gz-common5-testing -- found version 5.7.0
[5.015s] -- Searching for dependencies of gz-common5-testing
[5.017s] -- Looking for gz-math7 -- found version 7.5.1
[5.017s] -- Looking for gz-msgs10 -- found version 10.3.1
[5.022s] -- Looking for gz-gui8 -- found version 8.3.0
[5.022s] -- Searching for dependencies of gz-gui8
[5.069s] -- Looking for gz-utils2 -- found version 2.2.0
[5.070s] -- Looking for gz-math7 -- found version 7.5.1
[5.071s] -- Looking for gz-common5 -- found version 5.7.0
[5.071s] -- Looking for gz-plugin2 -- found version 2.0.3
[5.073s] -- Looking for gz-transport13 -- found version 13.4.0
[5.077s] -- Looking for gz-rendering8 -- found version 8.2.1
[5.077s] -- Searching for dependencies of gz-rendering8
[5.077s] -- Looking for gz-math7 -- found version 7.5.1
[5.078s] -- Searching for dependencies of gz-math7
[5.078s] -- Looking for gz-utils2 -- found version 2.2.0
[5.078s] -- Searching for <gz-math7> component [eigen3]
[5.083s] -- Looking for gz-math7-eigen3 -- found version 7.5.1
[5.083s] -- Searching for dependencies of gz-math7-eigen3
[5.086s] -- Looking for gz-common5 -- found version 5.7.0
[5.086s] -- Searching for dependencies of gz-common5
[5.086s] -- Looking for gz-utils2 -- found version 2.2.0
[5.086s] -- Looking for dlfcn.h - found
[5.086s] -- Looking for libdl - found
[5.102s] -- Searching for <gz-common5> component [graphics]
[5.102s] -- Searching for <gz-common5> component [events]
[5.102s] -- Searching for <gz-common5> component [geospatial]
[5.107s] -- Looking for gz-common5-geospatial -- found version 5.7.0
[5.108s] -- Searching for dependencies of gz-common5-geospatial
[5.108s] -- Looking for gz-math7 -- found version 7.5.1
[5.109s] -- Looking for gz-common5 -- found version 5.7.0
[5.111s] -- Looking for gz-plugin2 -- found version 2.0.3
[5.112s] -- Searching for dependencies of gz-plugin2
[5.113s] -- Looking for gz-utils2 -- found version 2.2.0
[5.113s] -- Searching for <gz-plugin2> component [all]
[5.117s] -- Looking for all libraries of gz-plugin2 -- found version 2.0.3
[5.118s] -- Looking for gz-plugin2 -- found version 2.0.3
[5.119s] -- Looking for gz-utils2 -- found version 2.2.0
[5.136s] -- Found OpenGL: /usr/lib/x86_64-linux-gnu/libOpenGL.so  found components: OpenGL 
[5.138s] -- Looking for gz-msgs10 -- found version 10.3.1
[5.177s] -- Looking for gz-physics7 -- found version 7.4.0
[5.177s] -- Searching for dependencies of gz-physics7
[5.178s] -- Looking for gz-common5 -- found version 5.7.0
[5.178s] -- Looking for gz-math7 -- found version 7.5.1
[5.179s] -- Looking for gz-plugin2 -- found version 2.0.3
[5.179s] -- Looking for gz-utils2 -- found version 2.2.0
[5.182s] -- Searching for <gz-physics7> component [heightmap]
[5.185s] -- Looking for gz-physics7-heightmap -- found version 7.4.0
[5.185s] -- Searching for dependencies of gz-physics7-heightmap
[5.186s] -- Looking for gz-common5 -- found version 5.7.0
[5.187s] -- Searching for <gz-physics7> component [mesh]
[5.193s] -- Looking for gz-physics7-mesh -- found version 7.4.0
[5.193s] -- Searching for dependencies of gz-physics7-mesh
[5.194s] -- Looking for gz-common5 -- found version 5.7.0
[5.195s] -- Searching for <gz-physics7> component [sdf]
[5.199s] -- Looking for gz-physics7-sdf -- found version 7.4.0
[5.199s] -- Searching for dependencies of gz-physics7-sdf
[5.200s] -- Looking for sdformat14 -- found version 14.6.0
[5.204s] -- Looking for gz-sensors8 -- found version 8.2.1
[5.205s] -- Searching for dependencies of gz-sensors8
[5.242s] -- Looking for gz-math7 -- found version 7.5.1
[5.243s] -- Looking for gz-common5 -- found version 5.7.0
[5.243s] -- Looking for gz-transport13 -- found version 13.4.0
[5.244s] -- Looking for gz-rendering8 -- found version 8.2.1
[5.245s] -- Looking for gz-msgs10 -- found version 10.3.1
[5.246s] -- Looking for sdformat14 -- found version 14.6.0
[5.247s] -- Searching for <gz-sensors8> component [air_pressure]
[5.253s] -- Looking for gz-sensors8-air_pressure -- found version 8.2.1
[5.253s] -- Searching for dependencies of gz-sensors8-air_pressure
[5.254s] -- Searching for <gz-sensors8> component [air_speed]
[5.259s] -- Looking for gz-sensors8-air_speed -- found version 8.2.1
[5.260s] -- Searching for dependencies of gz-sensors8-air_speed
[5.261s] -- Searching for <gz-sensors8> component [altimeter]
[5.266s] -- Looking for gz-sensors8-altimeter -- found version 8.2.1
[5.267s] -- Searching for dependencies of gz-sensors8-altimeter
[5.267s] -- Searching for <gz-sensors8> component [imu]
[5.273s] -- Looking for gz-sensors8-imu -- found version 8.2.1
[5.273s] -- Searching for dependencies of gz-sensors8-imu
[5.274s] -- Searching for <gz-sensors8> component [force_torque]
[5.279s] -- Looking for gz-sensors8-force_torque -- found version 8.2.1
[5.279s] -- Searching for dependencies of gz-sensors8-force_torque
[5.281s] -- Searching for <gz-sensors8> component [logical_camera]
[5.286s] -- Looking for gz-sensors8-logical_camera -- found version 8.2.1
[5.286s] -- Searching for dependencies of gz-sensors8-logical_camera
[5.287s] -- Searching for <gz-sensors8> component [magnetometer]
[5.292s] -- Looking for gz-sensors8-magnetometer -- found version 8.2.1
[5.293s] -- Searching for dependencies of gz-sensors8-magnetometer
[5.294s] -- Searching for <gz-sensors8> component [navsat]
[5.299s] -- Looking for gz-sensors8-navsat -- found version 8.2.1
[5.299s] -- Searching for dependencies of gz-sensors8-navsat
[5.301s] -- Searching for <gz-sensors8> component [dvl]
[5.308s] -- Looking for gz-sensors8-dvl -- found version 8.2.1
[5.308s] -- Searching for dependencies of gz-sensors8-dvl
[5.309s] -- Looking for gz-sensors8 -- found version 8.2.1
[5.310s] -- Searching for dependencies of gz-sensors8
[5.357s] -- Looking for gz-math7 -- found version 7.5.1
[5.358s] -- Looking for gz-common5 -- found version 5.7.0
[5.359s] -- Looking for gz-transport13 -- found version 13.4.0
[5.359s] -- Looking for gz-rendering8 -- found version 8.2.1
[5.360s] -- Looking for gz-msgs10 -- found version 10.3.1
[5.361s] -- Looking for sdformat14 -- found version 14.6.0
[5.362s] -- Searching for <gz-sensors8> component [rendering]
[5.367s] -- Looking for gz-sensors8-rendering -- found version 8.2.1
[5.367s] -- Searching for dependencies of gz-sensors8-rendering
[5.370s] -- Searching for <gz-sensors8> component [rendering]
[5.370s] -- Searching for <gz-sensors8> component [lidar]
[5.375s] -- Looking for gz-sensors8-lidar -- found version 8.2.1
[5.375s] -- Searching for dependencies of gz-sensors8-lidar
[5.376s] -- Looking for gz-sensors8 -- found version 8.2.1
[5.377s] -- Searching for <gz-sensors8> component [gpu_lidar]
[5.383s] -- Looking for gz-sensors8-gpu_lidar -- found version 8.2.1
[5.383s] -- Searching for dependencies of gz-sensors8-gpu_lidar
[5.384s] -- Looking for gz-sensors8 -- found version 8.2.1
[5.385s] -- Searching for <gz-sensors8> component [camera]
[5.391s] -- Looking for gz-sensors8-camera -- found version 8.2.1
[5.391s] -- Searching for dependencies of gz-sensors8-camera
[5.392s] -- Looking for gz-sensors8 -- found version 8.2.1
[5.393s] -- Searching for <gz-sensors8> component [boundingbox_camera]
[5.399s] -- Looking for gz-sensors8-boundingbox_camera -- found version 8.2.1
[5.399s] -- Searching for dependencies of gz-sensors8-boundingbox_camera
[5.400s] -- Searching for <gz-sensors8> component [segmentation_camera]
[5.407s] -- Looking for gz-sensors8-segmentation_camera -- found version 8.2.1
[5.408s] -- Searching for dependencies of gz-sensors8-segmentation_camera
[5.409s] -- Searching for <gz-sensors8> component [depth_camera]
[5.414s] -- Looking for gz-sensors8-depth_camera -- found version 8.2.1
[5.414s] -- Searching for dependencies of gz-sensors8-depth_camera
[5.415s] -- Looking for gz-sensors8 -- found version 8.2.1
[5.417s] -- Searching for <gz-sensors8> component [rgbd_camera]
[5.422s] -- Looking for gz-sensors8-rgbd_camera -- found version 8.2.1
[5.422s] -- Searching for dependencies of gz-sensors8-rgbd_camera
[5.423s] -- Looking for gz-sensors8 -- found version 8.2.1
[5.425s] -- Searching for <gz-sensors8> component [thermal_camera]
[5.430s] -- Looking for gz-sensors8-thermal_camera -- found version 8.2.1
[5.430s] -- Searching for dependencies of gz-sensors8-thermal_camera
[5.431s] -- Looking for gz-sensors8 -- found version 8.2.1
[5.432s] -- Searching for <gz-sensors8> component [wide_angle_camera]
[5.438s] -- Looking for gz-sensors8-wide_angle_camera -- found version 8.2.1
[5.438s] -- Searching for dependencies of gz-sensors8-wide_angle_camera
[5.440s] -- Looking for gz-rendering8 -- found version 8.2.1
[5.441s] -- Looking for gz-math7 -- found version 7.5.1
[5.442s] -- Looking for gz-utils2 -- found version 2.2.0
[5.505s] -- Looking for gz-plugin2 -- found version 2.0.3
[5.528s] -- Found ament_lint_auto: 0.17.1 (/opt/ros/jazzy/share/ament_lint_auto/cmake)
[5.825s] -- Added test 'copyright' to check source files copyright and LICENSE
[5.827s] -- Added test 'cppcheck' to perform static code analysis on C / C++ code
[5.828s] -- Configured cppcheck include dirs: /root/ros2_ws/src/gz_ros2_control/gz_ros2_control/include
[5.828s] -- Configured cppcheck exclude dirs and/or files: 
[5.830s] -- Added test 'cpplint' to check C / C++ code against the Google style
[5.830s] -- Configured cpplint exclude dirs and/or files: 
[5.831s] -- Added test 'lint_cmake' to check CMake code style
[5.834s] -- Added test 'uncrustify' to check C / C++ code style
[5.834s] -- Configured uncrustify additional arguments: 
[5.835s] -- Added test 'xmllint' to check XML markup files
[5.840s] -- Configuring done (5.5s)
[5.952s] -- Generating done (0.1s)
[5.980s] -- Build files have been written to: /root/ros2_ws/build/gz_ros2_control
[6.009s] Invoked command in '/root/ros2_ws/build/gz_ros2_control' returned '0': CMAKE_PREFIX_PATH=${CMAKE_PREFIX_PATH}:/opt/ros/jazzy /usr/bin/cmake /root/ros2_ws/src/gz_ros2_control/gz_ros2_control -DCMAKE_INSTALL_PREFIX=/root/ros2_ws/install/gz_ros2_control
[6.009s] Invoking command in '/root/ros2_ws/build/gz_ros2_control': CMAKE_PREFIX_PATH=${CMAKE_PREFIX_PATH}:/opt/ros/jazzy /usr/bin/cmake --build /root/ros2_ws/build/gz_ros2_control -- -j20 -l20
[6.268s] [ 25%] [32mBuilding CXX object CMakeFiles/gz_ros2_control-system.dir/src/gz_ros2_control_plugin.cpp.o[0m
[6.307s] [ 50%] [32mBuilding CXX object CMakeFiles/gz_hardware_plugins.dir/src/gz_system.cpp.o[0m
[20.121s] [ 75%] [32m[1mLinking CXX shared library libgz_hardware_plugins.so[0m
[20.729s] [ 75%] Built target gz_hardware_plugins
[22.400s] [100%] [32m[1mLinking CXX shared library libgz_ros2_control-system.so[0m
[23.130s] [100%] Built target gz_ros2_control-system
[23.143s] Invoked command in '/root/ros2_ws/build/gz_ros2_control' returned '0': CMAKE_PREFIX_PATH=${CMAKE_PREFIX_PATH}:/opt/ros/jazzy /usr/bin/cmake --build /root/ros2_ws/build/gz_ros2_control -- -j20 -l20
[23.145s] Invoking command in '/root/ros2_ws/build/gz_ros2_control': CMAKE_PREFIX_PATH=${CMAKE_PREFIX_PATH}:/opt/ros/jazzy /usr/bin/cmake --install /root/ros2_ws/build/gz_ros2_control
[23.154s] -- Install configuration: ""
[23.154s] -- Installing: /root/ros2_ws/install/gz_ros2_control/lib/libgz_hardware_plugins.so
[23.157s] -- Set non-toolchain portion of runtime path of "/root/ros2_ws/install/gz_ros2_control/lib/libgz_hardware_plugins.so" to ""
[23.157s] -- Installing: /root/ros2_ws/install/gz_ros2_control/include
[23.157s] -- Installing: /root/ros2_ws/install/gz_ros2_control/include/gz_ros2_control
[23.157s] -- Installing: /root/ros2_ws/install/gz_ros2_control/include/gz_ros2_control/gz_system_interface.hpp
[23.158s] -- Installing: /root/ros2_ws/install/gz_ros2_control/include/gz_ros2_control/gz_system.hpp
[23.158s] -- Installing: /root/ros2_ws/install/gz_ros2_control/include/gz_ros2_control/gz_ros2_control_plugin.hpp
[23.158s] -- Installing: /root/ros2_ws/install/gz_ros2_control/share/gz_ros2_control/environment/library_path.sh
[23.158s] -- Installing: /root/ros2_ws/install/gz_ros2_control/share/gz_ros2_control/environment/library_path.dsv
[23.158s] -- Installing: /root/ros2_ws/install/gz_ros2_control/lib/libgz_ros2_control-system.so
[23.160s] -- Set non-toolchain portion of runtime path of "/root/ros2_ws/install/gz_ros2_control/lib/libgz_ros2_control-system.so" to ""
[23.160s] -- Installing: /root/ros2_ws/install/gz_ros2_control/share/gz_ros2_control/gz_hardware_plugins.xml
[23.160s] -- Installing: /root/ros2_ws/install/gz_ros2_control/share/ament_index/resource_index/package_run_dependencies/gz_ros2_control
[23.160s] -- Installing: /root/ros2_ws/install/gz_ros2_control/share/ament_index/resource_index/parent_prefix_path/gz_ros2_control
[23.161s] -- Installing: /root/ros2_ws/install/gz_ros2_control/share/gz_ros2_control/environment/ament_prefix_path.sh
[23.161s] -- Installing: /root/ros2_ws/install/gz_ros2_control/share/gz_ros2_control/environment/ament_prefix_path.dsv
[23.161s] -- Installing: /root/ros2_ws/install/gz_ros2_control/share/gz_ros2_control/environment/path.sh
[23.161s] -- Installing: /root/ros2_ws/install/gz_ros2_control/share/gz_ros2_control/environment/path.dsv
[23.161s] -- Installing: /root/ros2_ws/install/gz_ros2_control/share/gz_ros2_control/local_setup.bash
[23.161s] -- Installing: /root/ros2_ws/install/gz_ros2_control/share/gz_ros2_control/local_setup.sh
[23.161s] -- Installing: /root/ros2_ws/install/gz_ros2_control/share/gz_ros2_control/local_setup.zsh
[23.161s] -- Installing: /root/ros2_ws/install/gz_ros2_control/share/gz_ros2_control/local_setup.dsv
[23.162s] -- Installing: /root/ros2_ws/install/gz_ros2_control/share/gz_ros2_control/package.dsv
[23.162s] -- Installing: /root/ros2_ws/install/gz_ros2_control/share/ament_index/resource_index/packages/gz_ros2_control
[23.162s] -- Installing: /root/ros2_ws/install/gz_ros2_control/share/ament_index/resource_index/gz_ros2_control__pluginlib__plugin/gz_ros2_control
[23.162s] -- Installing: /root/ros2_ws/install/gz_ros2_control/share/gz_ros2_control/cmake/ament_cmake_export_include_directories-extras.cmake
[23.162s] -- Installing: /root/ros2_ws/install/gz_ros2_control/share/gz_ros2_control/cmake/ament_cmake_export_libraries-extras.cmake
[23.163s] -- Installing: /root/ros2_ws/install/gz_ros2_control/share/gz_ros2_control/cmake/gz_ros2_controlConfig.cmake
[23.163s] -- Installing: /root/ros2_ws/install/gz_ros2_control/share/gz_ros2_control/cmake/gz_ros2_controlConfig-version.cmake
[23.163s] -- Installing: /root/ros2_ws/install/gz_ros2_control/share/gz_ros2_control/package.xml
[23.164s] Invoked command in '/root/ros2_ws/build/gz_ros2_control' returned '0': CMAKE_PREFIX_PATH=${CMAKE_PREFIX_PATH}:/opt/ros/jazzy /usr/bin/cmake --install /root/ros2_ws/build/gz_ros2_control
