[0.244s] Invoking command in '/root/ros2_ws/build/robotiq_description': CMAKE_PREFIX_PATH=${CMAKE_PREFIX_PATH}:/root/ros2_ws/install/moveit_configs_utils:/opt/ros/jazzy /usr/bin/cmake --build /root/ros2_ws/build/robotiq_description -- -j20 -l20
[0.484s] Invoked command in '/root/ros2_ws/build/robotiq_description' returned '0': CMAKE_PREFIX_PATH=${CMAKE_PREFIX_PATH}:/root/ros2_ws/install/moveit_configs_utils:/opt/ros/jazzy /usr/bin/cmake --build /root/ros2_ws/build/robotiq_description -- -j20 -l20
[0.485s] Invoking command in '/root/ros2_ws/build/robotiq_description': CMAKE_PREFIX_PATH=${CMAKE_PREFIX_PATH}:/root/ros2_ws/install/moveit_configs_utils:/opt/ros/jazzy /usr/bin/cmake --install /root/ros2_ws/build/robotiq_description
[0.559s] -- Install configuration: ""
[0.559s] -- Up-to-date: /root/ros2_ws/install/robotiq_description/share/robotiq_description/config
[0.559s] -- Up-to-date: /root/ros2_ws/install/robotiq_description/share/robotiq_description/config/robotiq_controllers.yaml
[0.559s] -- Up-to-date: /root/ros2_ws/install/robotiq_description/share/robotiq_description/launch
[0.559s] -- Up-to-date: /root/ros2_ws/install/robotiq_description/share/robotiq_description/launch/view_gripper.launch.py
[0.559s] -- Up-to-date: /root/ros2_ws/install/robotiq_description/share/robotiq_description/launch/robotiq_control.launch.py
[0.559s] -- Up-to-date: /root/ros2_ws/install/robotiq_description/share/robotiq_description/meshes
[0.559s] -- Up-to-date: /root/ros2_ws/install/robotiq_description/share/robotiq_description/meshes/collision
[0.559s] -- Up-to-date: /root/ros2_ws/install/robotiq_description/share/robotiq_description/meshes/collision/2f_140
[0.559s] -- Up-to-date: /root/ros2_ws/install/robotiq_description/share/robotiq_description/meshes/collision/2f_140/robotiq_2f_140_inner_finger.stl
[0.559s] -- Up-to-date: /root/ros2_ws/install/robotiq_description/share/robotiq_description/meshes/collision/2f_140/robotiq_2f_140_base_link.stl
[0.559s] -- Up-to-date: /root/ros2_ws/install/robotiq_description/share/robotiq_description/meshes/collision/2f_140/robotiq_2f_140_inner_knuckle.stl
[0.560s] -- Up-to-date: /root/ros2_ws/install/robotiq_description/share/robotiq_description/meshes/collision/2f_140/robotiq_2f_140_coupling.stl
[0.560s] -- Up-to-date: /root/ros2_ws/install/robotiq_description/share/robotiq_description/meshes/collision/2f_140/robotiq_2f_140_outer_finger.stl
[0.560s] -- Up-to-date: /root/ros2_ws/install/robotiq_description/share/robotiq_description/meshes/collision/2f_140/robotiq_2f_140_outer_knuckle.stl
[0.560s] -- Up-to-date: /root/ros2_ws/install/robotiq_description/share/robotiq_description/meshes/collision/2f_85
[0.560s] -- Up-to-date: /root/ros2_ws/install/robotiq_description/share/robotiq_description/meshes/collision/2f_85/right_knuckle.stl
[0.560s] -- Up-to-date: /root/ros2_ws/install/robotiq_description/share/robotiq_description/meshes/collision/2f_85/left_inner_knuckle.stl
[0.560s] -- Up-to-date: /root/ros2_ws/install/robotiq_description/share/robotiq_description/meshes/collision/2f_85/right_finger_tip.stl
[0.561s] -- Up-to-date: /root/ros2_ws/install/robotiq_description/share/robotiq_description/meshes/collision/2f_85/left_knuckle.stl
[0.561s] -- Up-to-date: /root/ros2_ws/install/robotiq_description/share/robotiq_description/meshes/collision/2f_85/robotiq_base.stl
[0.561s] -- Up-to-date: /root/ros2_ws/install/robotiq_description/share/robotiq_description/meshes/collision/2f_85/right_finger.stl
[0.561s] -- Up-to-date: /root/ros2_ws/install/robotiq_description/share/robotiq_description/meshes/collision/2f_85/left_finger.stl
[0.561s] -- Up-to-date: /root/ros2_ws/install/robotiq_description/share/robotiq_description/meshes/collision/2f_85/left_finger_tip.stl
[0.561s] -- Up-to-date: /root/ros2_ws/install/robotiq_description/share/robotiq_description/meshes/collision/2f_85/ur_to_robotiq_adapter.stl
[0.561s] -- Up-to-date: /root/ros2_ws/install/robotiq_description/share/robotiq_description/meshes/collision/2f_85/right_inner_knuckle.stl
[0.561s] -- Up-to-date: /root/ros2_ws/install/robotiq_description/share/robotiq_description/meshes/visual
[0.561s] -- Up-to-date: /root/ros2_ws/install/robotiq_description/share/robotiq_description/meshes/visual/2f_140
[0.561s] -- Up-to-date: /root/ros2_ws/install/robotiq_description/share/robotiq_description/meshes/visual/2f_140/robotiq_2f_140_inner_finger.stl
[0.561s] -- Up-to-date: /root/ros2_ws/install/robotiq_description/share/robotiq_description/meshes/visual/2f_140/robotiq_2f_140_base_link.stl
[0.561s] -- Up-to-date: /root/ros2_ws/install/robotiq_description/share/robotiq_description/meshes/visual/2f_140/robotiq_2f_140_inner_knuckle.stl
[0.561s] -- Up-to-date: /root/ros2_ws/install/robotiq_description/share/robotiq_description/meshes/visual/2f_140/robotiq_2f_140_coupling.stl
[0.562s] -- Up-to-date: /root/ros2_ws/install/robotiq_description/share/robotiq_description/meshes/visual/2f_140/robotiq_2f_140_outer_finger.stl
[0.562s] -- Up-to-date: /root/ros2_ws/install/robotiq_description/share/robotiq_description/meshes/visual/2f_140/robotiq_2f_140_outer_knuckle.stl
[0.562s] -- Up-to-date: /root/ros2_ws/install/robotiq_description/share/robotiq_description/meshes/visual/2f_85
[0.562s] -- Up-to-date: /root/ros2_ws/install/robotiq_description/share/robotiq_description/meshes/visual/2f_85/right_finger.dae
[0.562s] -- Up-to-date: /root/ros2_ws/install/robotiq_description/share/robotiq_description/meshes/visual/2f_85/left_knuckle.dae
[0.562s] -- Up-to-date: /root/ros2_ws/install/robotiq_description/share/robotiq_description/meshes/visual/2f_85/left_inner_knuckle.dae
[0.562s] -- Up-to-date: /root/ros2_ws/install/robotiq_description/share/robotiq_description/meshes/visual/2f_85/left_finger.dae
[0.562s] -- Up-to-date: /root/ros2_ws/install/robotiq_description/share/robotiq_description/meshes/visual/2f_85/left_finger_tip.dae
[0.562s] -- Up-to-date: /root/ros2_ws/install/robotiq_description/share/robotiq_description/meshes/visual/2f_85/right_finger_tip.dae
[0.562s] -- Up-to-date: /root/ros2_ws/install/robotiq_description/share/robotiq_description/meshes/visual/2f_85/right_inner_knuckle.dae
[0.562s] -- Up-to-date: /root/ros2_ws/install/robotiq_description/share/robotiq_description/meshes/visual/2f_85/ur_to_robotiq_adapter.dae
[0.562s] -- Up-to-date: /root/ros2_ws/install/robotiq_description/share/robotiq_description/meshes/visual/2f_85/right_knuckle.dae
[0.562s] -- Up-to-date: /root/ros2_ws/install/robotiq_description/share/robotiq_description/meshes/visual/2f_85/robotiq_base.dae
[0.562s] -- Up-to-date: /root/ros2_ws/install/robotiq_description/share/robotiq_description/rviz
[0.562s] -- Up-to-date: /root/ros2_ws/install/robotiq_description/share/robotiq_description/rviz/view_urdf.rviz
[0.562s] -- Up-to-date: /root/ros2_ws/install/robotiq_description/share/robotiq_description/urdf
[0.563s] -- Up-to-date: /root/ros2_ws/install/robotiq_description/share/robotiq_description/urdf/ur_to_robotiq_adapter.urdf.xacro
[0.563s] -- Up-to-date: /root/ros2_ws/install/robotiq_description/share/robotiq_description/urdf/robotiq_2f_140_macro.urdf.xacro
[0.563s] -- Up-to-date: /root/ros2_ws/install/robotiq_description/share/robotiq_description/urdf/robotiq_2f_85_macro.urdf.xacro
[0.563s] -- Up-to-date: /root/ros2_ws/install/robotiq_description/share/robotiq_description/urdf/robotiq_2f_140.xacro
[0.563s] -- Up-to-date: /root/ros2_ws/install/robotiq_description/share/robotiq_description/urdf/2f_140.ros2_control.xacro
[0.563s] -- Up-to-date: /root/ros2_ws/install/robotiq_description/share/robotiq_description/urdf/robotiq_2f_140_gripper.urdf.xacro
[0.563s] -- Up-to-date: /root/ros2_ws/install/robotiq_description/share/robotiq_description/urdf/robotiq_2f_85_gripper.urdf.xacro
[0.563s] -- Up-to-date: /root/ros2_ws/install/robotiq_description/share/robotiq_description/urdf/2f_85.ros2_control.xacro
[0.563s] -- Up-to-date: /root/ros2_ws/install/robotiq_description/share/ament_index/resource_index/package_run_dependencies/robotiq_description
[0.563s] -- Up-to-date: /root/ros2_ws/install/robotiq_description/share/ament_index/resource_index/parent_prefix_path/robotiq_description
[0.563s] -- Up-to-date: /root/ros2_ws/install/robotiq_description/share/robotiq_description/environment/ament_prefix_path.sh
[0.563s] -- Up-to-date: /root/ros2_ws/install/robotiq_description/share/robotiq_description/environment/ament_prefix_path.dsv
[0.563s] -- Up-to-date: /root/ros2_ws/install/robotiq_description/share/robotiq_description/environment/path.sh
[0.563s] -- Up-to-date: /root/ros2_ws/install/robotiq_description/share/robotiq_description/environment/path.dsv
[0.564s] -- Up-to-date: /root/ros2_ws/install/robotiq_description/share/robotiq_description/local_setup.bash
[0.564s] -- Up-to-date: /root/ros2_ws/install/robotiq_description/share/robotiq_description/local_setup.sh
[0.564s] -- Up-to-date: /root/ros2_ws/install/robotiq_description/share/robotiq_description/local_setup.zsh
[0.564s] -- Up-to-date: /root/ros2_ws/install/robotiq_description/share/robotiq_description/local_setup.dsv
[0.564s] -- Installing: /root/ros2_ws/install/robotiq_description/share/robotiq_description/package.dsv
[0.564s] -- Up-to-date: /root/ros2_ws/install/robotiq_description/share/ament_index/resource_index/packages/robotiq_description
[0.564s] -- Up-to-date: /root/ros2_ws/install/robotiq_description/share/robotiq_description/cmake/robotiq_descriptionConfig.cmake
[0.564s] -- Up-to-date: /root/ros2_ws/install/robotiq_description/share/robotiq_description/cmake/robotiq_descriptionConfig-version.cmake
[0.564s] -- Up-to-date: /root/ros2_ws/install/robotiq_description/share/robotiq_description/package.xml
[0.620s] Invoked command in '/root/ros2_ws/build/robotiq_description' returned '0': CMAKE_PREFIX_PATH=${CMAKE_PREFIX_PATH}:/root/ros2_ws/install/moveit_configs_utils:/opt/ros/jazzy /usr/bin/cmake --install /root/ros2_ws/build/robotiq_description
