[0.021s] Invoking command in '/root/ros2_ws/build/kortex_bringup': AMENT_PREFIX_PATH=/root/ros2_ws/install/kortex_driver:/root/ros2_ws/install/kortex_description:/root/ros2_ws/install/robotiq_description:/root/ros2_ws/install/kortex_api:/root/ros2_ws/install/gz_ros2_control:${AMENT_PREFIX_PATH} CMAKE_PREFIX_PATH=/root/ros2_ws/install/kortex_driver:/root/ros2_ws/install/kortex_description:/root/ros2_ws/install/robotiq_description:/root/ros2_ws/install/kortex_api:/root/ros2_ws/install/gz_ros2_control:/opt/ros/jazzy/opt/gz_sim_vendor:/opt/ros/jazzy/opt/gz_sensors_vendor:/opt/ros/jazzy/opt/gz_physics_vendor:/opt/ros/jazzy/opt/sdformat_vendor:/opt/ros/jazzy/opt/gz_gui_vendor:/opt/ros/jazzy/opt/gz_transport_vendor:/opt/ros/jazzy/opt/gz_rendering_vendor:/opt/ros/jazzy/opt/gz_plugin_vendor:/opt/ros/jazzy/opt/gz_fuel_tools_vendor:/opt/ros/jazzy/opt/gz_msgs_vendor:/opt/ros/jazzy/opt/gz_common_vendor:/opt/ros/jazzy/opt/gz_math_vendor:/opt/ros/jazzy/opt/gz_utils_vendor:/opt/ros/jazzy/opt/gz_tools_vendor:/opt/ros/jazzy/opt/gz_ogre_next_vendor:/opt/ros/jazzy/opt/gz_dartsim_vendor:/opt/ros/jazzy/opt/gz_cmake_vendor:/opt/ros/jazzy LD_LIBRARY_PATH=/root/ros2_ws/install/kortex_driver/lib:/root/ros2_ws/install/gz_ros2_control/lib:${LD_LIBRARY_PATH} /usr/bin/cmake /root/ros2_ws/src/ros2_kortex/kortex_bringup -DCMAKE_INSTALL_PREFIX=/root/ros2_ws/install/kortex_bringup
[0.095s] -- The C compiler identification is GNU 13.3.0
[0.162s] -- The CXX compiler identification is GNU 13.3.0
[0.186s] -- Detecting C compiler ABI info
[0.300s] -- Detecting C compiler ABI info - done
[0.309s] -- Check for working C compiler: /usr/bin/cc - skipped
[0.309s] -- Detecting C compile features
[0.310s] -- Detecting C compile features - done
[0.321s] -- Detecting CXX compiler ABI info
[0.437s] -- Detecting CXX compiler ABI info - done
[0.446s] -- Check for working CXX compiler: /usr/bin/c++ - skipped
[0.446s] -- Detecting CXX compile features
[0.446s] -- Detecting CXX compile features - done
[0.451s] -- Found ament_cmake: 2.5.2 (/opt/ros/jazzy/share/ament_cmake/cmake)
[0.643s] -- Found Python3: /usr/bin/python3 (found version "3.12.3") found components: Interpreter 
[1.047s] -- Configuring done (1.0s)
[1.049s] -- Generating done (0.0s)
[1.051s] -- Build files have been written to: /root/ros2_ws/build/kortex_bringup
[1.057s] Invoked command in '/root/ros2_ws/build/kortex_bringup' returned '0': AMENT_PREFIX_PATH=/root/ros2_ws/install/kortex_driver:/root/ros2_ws/install/kortex_description:/root/ros2_ws/install/robotiq_description:/root/ros2_ws/install/kortex_api:/root/ros2_ws/install/gz_ros2_control:${AMENT_PREFIX_PATH} CMAKE_PREFIX_PATH=/root/ros2_ws/install/kortex_driver:/root/ros2_ws/install/kortex_description:/root/ros2_ws/install/robotiq_description:/root/ros2_ws/install/kortex_api:/root/ros2_ws/install/gz_ros2_control:/opt/ros/jazzy/opt/gz_sim_vendor:/opt/ros/jazzy/opt/gz_sensors_vendor:/opt/ros/jazzy/opt/gz_physics_vendor:/opt/ros/jazzy/opt/sdformat_vendor:/opt/ros/jazzy/opt/gz_gui_vendor:/opt/ros/jazzy/opt/gz_transport_vendor:/opt/ros/jazzy/opt/gz_rendering_vendor:/opt/ros/jazzy/opt/gz_plugin_vendor:/opt/ros/jazzy/opt/gz_fuel_tools_vendor:/opt/ros/jazzy/opt/gz_msgs_vendor:/opt/ros/jazzy/opt/gz_common_vendor:/opt/ros/jazzy/opt/gz_math_vendor:/opt/ros/jazzy/opt/gz_utils_vendor:/opt/ros/jazzy/opt/gz_tools_vendor:/opt/ros/jazzy/opt/gz_ogre_next_vendor:/opt/ros/jazzy/opt/gz_dartsim_vendor:/opt/ros/jazzy/opt/gz_cmake_vendor:/opt/ros/jazzy LD_LIBRARY_PATH=/root/ros2_ws/install/kortex_driver/lib:/root/ros2_ws/install/gz_ros2_control/lib:${LD_LIBRARY_PATH} /usr/bin/cmake /root/ros2_ws/src/ros2_kortex/kortex_bringup -DCMAKE_INSTALL_PREFIX=/root/ros2_ws/install/kortex_bringup
[1.058s] Invoking command in '/root/ros2_ws/build/kortex_bringup': AMENT_PREFIX_PATH=/root/ros2_ws/install/kortex_driver:/root/ros2_ws/install/kortex_description:/root/ros2_ws/install/robotiq_description:/root/ros2_ws/install/kortex_api:/root/ros2_ws/install/gz_ros2_control:${AMENT_PREFIX_PATH} CMAKE_PREFIX_PATH=/root/ros2_ws/install/kortex_driver:/root/ros2_ws/install/kortex_description:/root/ros2_ws/install/robotiq_description:/root/ros2_ws/install/kortex_api:/root/ros2_ws/install/gz_ros2_control:/opt/ros/jazzy/opt/gz_sim_vendor:/opt/ros/jazzy/opt/gz_sensors_vendor:/opt/ros/jazzy/opt/gz_physics_vendor:/opt/ros/jazzy/opt/sdformat_vendor:/opt/ros/jazzy/opt/gz_gui_vendor:/opt/ros/jazzy/opt/gz_transport_vendor:/opt/ros/jazzy/opt/gz_rendering_vendor:/opt/ros/jazzy/opt/gz_plugin_vendor:/opt/ros/jazzy/opt/gz_fuel_tools_vendor:/opt/ros/jazzy/opt/gz_msgs_vendor:/opt/ros/jazzy/opt/gz_common_vendor:/opt/ros/jazzy/opt/gz_math_vendor:/opt/ros/jazzy/opt/gz_utils_vendor:/opt/ros/jazzy/opt/gz_tools_vendor:/opt/ros/jazzy/opt/gz_ogre_next_vendor:/opt/ros/jazzy/opt/gz_dartsim_vendor:/opt/ros/jazzy/opt/gz_cmake_vendor:/opt/ros/jazzy LD_LIBRARY_PATH=/root/ros2_ws/install/kortex_driver/lib:/root/ros2_ws/install/gz_ros2_control/lib:${LD_LIBRARY_PATH} /usr/bin/cmake --build /root/ros2_ws/build/kortex_bringup -- -j20 -l20
[1.114s] Invoked command in '/root/ros2_ws/build/kortex_bringup' returned '0': AMENT_PREFIX_PATH=/root/ros2_ws/install/kortex_driver:/root/ros2_ws/install/kortex_description:/root/ros2_ws/install/robotiq_description:/root/ros2_ws/install/kortex_api:/root/ros2_ws/install/gz_ros2_control:${AMENT_PREFIX_PATH} CMAKE_PREFIX_PATH=/root/ros2_ws/install/kortex_driver:/root/ros2_ws/install/kortex_description:/root/ros2_ws/install/robotiq_description:/root/ros2_ws/install/kortex_api:/root/ros2_ws/install/gz_ros2_control:/opt/ros/jazzy/opt/gz_sim_vendor:/opt/ros/jazzy/opt/gz_sensors_vendor:/opt/ros/jazzy/opt/gz_physics_vendor:/opt/ros/jazzy/opt/sdformat_vendor:/opt/ros/jazzy/opt/gz_gui_vendor:/opt/ros/jazzy/opt/gz_transport_vendor:/opt/ros/jazzy/opt/gz_rendering_vendor:/opt/ros/jazzy/opt/gz_plugin_vendor:/opt/ros/jazzy/opt/gz_fuel_tools_vendor:/opt/ros/jazzy/opt/gz_msgs_vendor:/opt/ros/jazzy/opt/gz_common_vendor:/opt/ros/jazzy/opt/gz_math_vendor:/opt/ros/jazzy/opt/gz_utils_vendor:/opt/ros/jazzy/opt/gz_tools_vendor:/opt/ros/jazzy/opt/gz_ogre_next_vendor:/opt/ros/jazzy/opt/gz_dartsim_vendor:/opt/ros/jazzy/opt/gz_cmake_vendor:/opt/ros/jazzy LD_LIBRARY_PATH=/root/ros2_ws/install/kortex_driver/lib:/root/ros2_ws/install/gz_ros2_control/lib:${LD_LIBRARY_PATH} /usr/bin/cmake --build /root/ros2_ws/build/kortex_bringup -- -j20 -l20
[1.115s] Invoking command in '/root/ros2_ws/build/kortex_bringup': AMENT_PREFIX_PATH=/root/ros2_ws/install/kortex_driver:/root/ros2_ws/install/kortex_description:/root/ros2_ws/install/robotiq_description:/root/ros2_ws/install/kortex_api:/root/ros2_ws/install/gz_ros2_control:${AMENT_PREFIX_PATH} CMAKE_PREFIX_PATH=/root/ros2_ws/install/kortex_driver:/root/ros2_ws/install/kortex_description:/root/ros2_ws/install/robotiq_description:/root/ros2_ws/install/kortex_api:/root/ros2_ws/install/gz_ros2_control:/opt/ros/jazzy/opt/gz_sim_vendor:/opt/ros/jazzy/opt/gz_sensors_vendor:/opt/ros/jazzy/opt/gz_physics_vendor:/opt/ros/jazzy/opt/sdformat_vendor:/opt/ros/jazzy/opt/gz_gui_vendor:/opt/ros/jazzy/opt/gz_transport_vendor:/opt/ros/jazzy/opt/gz_rendering_vendor:/opt/ros/jazzy/opt/gz_plugin_vendor:/opt/ros/jazzy/opt/gz_fuel_tools_vendor:/opt/ros/jazzy/opt/gz_msgs_vendor:/opt/ros/jazzy/opt/gz_common_vendor:/opt/ros/jazzy/opt/gz_math_vendor:/opt/ros/jazzy/opt/gz_utils_vendor:/opt/ros/jazzy/opt/gz_tools_vendor:/opt/ros/jazzy/opt/gz_ogre_next_vendor:/opt/ros/jazzy/opt/gz_dartsim_vendor:/opt/ros/jazzy/opt/gz_cmake_vendor:/opt/ros/jazzy LD_LIBRARY_PATH=/root/ros2_ws/install/kortex_driver/lib:/root/ros2_ws/install/gz_ros2_control/lib:${LD_LIBRARY_PATH} /usr/bin/cmake --install /root/ros2_ws/build/kortex_bringup
[1.125s] -- Install configuration: ""
[1.125s] -- Installing: /root/ros2_ws/install/kortex_bringup/lib/kortex_bringup/test_huge_joint_space_jump.py
[1.126s] -- Installing: /root/ros2_ws/install/kortex_bringup/share/kortex_bringup/config
[1.126s] -- Installing: /root/ros2_ws/install/kortex_bringup/share/kortex_bringup/config/servo.yaml
[1.126s] -- Installing: /root/ros2_ws/install/kortex_bringup/share/kortex_bringup/config/test_huge_joint_space_jump_config.yaml
[1.126s] -- Installing: /root/ros2_ws/install/kortex_bringup/share/kortex_bringup/config/test_trajectory_goal_publishers_config.yaml
[1.126s] -- Installing: /root/ros2_ws/install/kortex_bringup/share/kortex_bringup/launch
[1.126s] -- Installing: /root/ros2_ws/install/kortex_bringup/share/kortex_bringup/launch/test_huge_joint_space_jump.launch.py
[1.126s] -- Installing: /root/ros2_ws/install/kortex_bringup/share/kortex_bringup/launch/test_joint_trajectory_controller.launch.py
[1.127s] -- Installing: /root/ros2_ws/install/kortex_bringup/share/kortex_bringup/launch/gen3.launch.py
[1.127s] -- Installing: /root/ros2_ws/install/kortex_bringup/share/kortex_bringup/launch/kortex_control.launch.py
[1.127s] -- Installing: /root/ros2_ws/install/kortex_bringup/share/kortex_bringup/launch/kortex_sim_control.launch.py
[1.127s] -- Installing: /root/ros2_ws/install/kortex_bringup/share/kortex_bringup/launch/gen3_lite.launch.py
[1.127s] -- Installing: /root/ros2_ws/install/kortex_bringup/share/ament_index/resource_index/package_run_dependencies/kortex_bringup
[1.127s] -- Installing: /root/ros2_ws/install/kortex_bringup/share/ament_index/resource_index/parent_prefix_path/kortex_bringup
[1.127s] -- Installing: /root/ros2_ws/install/kortex_bringup/share/kortex_bringup/environment/ament_prefix_path.sh
[1.127s] -- Installing: /root/ros2_ws/install/kortex_bringup/share/kortex_bringup/environment/ament_prefix_path.dsv
[1.128s] -- Installing: /root/ros2_ws/install/kortex_bringup/share/kortex_bringup/environment/path.sh
[1.128s] -- Installing: /root/ros2_ws/install/kortex_bringup/share/kortex_bringup/environment/path.dsv
[1.128s] -- Installing: /root/ros2_ws/install/kortex_bringup/share/kortex_bringup/local_setup.bash
[1.128s] -- Installing: /root/ros2_ws/install/kortex_bringup/share/kortex_bringup/local_setup.sh
[1.128s] -- Installing: /root/ros2_ws/install/kortex_bringup/share/kortex_bringup/local_setup.zsh
[1.128s] -- Installing: /root/ros2_ws/install/kortex_bringup/share/kortex_bringup/local_setup.dsv
[1.128s] -- Installing: /root/ros2_ws/install/kortex_bringup/share/kortex_bringup/package.dsv
[1.129s] -- Installing: /root/ros2_ws/install/kortex_bringup/share/ament_index/resource_index/packages/kortex_bringup
[1.129s] -- Installing: /root/ros2_ws/install/kortex_bringup/share/kortex_bringup/cmake/kortex_bringupConfig.cmake
[1.129s] -- Installing: /root/ros2_ws/install/kortex_bringup/share/kortex_bringup/cmake/kortex_bringupConfig-version.cmake
[1.129s] -- Installing: /root/ros2_ws/install/kortex_bringup/share/kortex_bringup/package.xml
[1.132s] Invoked command in '/root/ros2_ws/build/kortex_bringup' returned '0': AMENT_PREFIX_PATH=/root/ros2_ws/install/kortex_driver:/root/ros2_ws/install/kortex_description:/root/ros2_ws/install/robotiq_description:/root/ros2_ws/install/kortex_api:/root/ros2_ws/install/gz_ros2_control:${AMENT_PREFIX_PATH} CMAKE_PREFIX_PATH=/root/ros2_ws/install/kortex_driver:/root/ros2_ws/install/kortex_description:/root/ros2_ws/install/robotiq_description:/root/ros2_ws/install/kortex_api:/root/ros2_ws/install/gz_ros2_control:/opt/ros/jazzy/opt/gz_sim_vendor:/opt/ros/jazzy/opt/gz_sensors_vendor:/opt/ros/jazzy/opt/gz_physics_vendor:/opt/ros/jazzy/opt/sdformat_vendor:/opt/ros/jazzy/opt/gz_gui_vendor:/opt/ros/jazzy/opt/gz_transport_vendor:/opt/ros/jazzy/opt/gz_rendering_vendor:/opt/ros/jazzy/opt/gz_plugin_vendor:/opt/ros/jazzy/opt/gz_fuel_tools_vendor:/opt/ros/jazzy/opt/gz_msgs_vendor:/opt/ros/jazzy/opt/gz_common_vendor:/opt/ros/jazzy/opt/gz_math_vendor:/opt/ros/jazzy/opt/gz_utils_vendor:/opt/ros/jazzy/opt/gz_tools_vendor:/opt/ros/jazzy/opt/gz_ogre_next_vendor:/opt/ros/jazzy/opt/gz_dartsim_vendor:/opt/ros/jazzy/opt/gz_cmake_vendor:/opt/ros/jazzy LD_LIBRARY_PATH=/root/ros2_ws/install/kortex_driver/lib:/root/ros2_ws/install/gz_ros2_control/lib:${LD_LIBRARY_PATH} /usr/bin/cmake --install /root/ros2_ws/build/kortex_bringup
