[0.102s] Invoking command in '/root/ros2_ws/build/moveit_setup_srdf_plugins': AMENT_PREFIX_PATH=/root/ros2_ws/install/moveit_setup_framework:/root/ros2_ws/install/moveit_ros_visualization:/root/ros2_ws/install/moveit_ros_planning_interface:/root/ros2_ws/install/moveit_ros_move_group:/root/ros2_ws/install/moveit_ros_warehouse:/root/ros2_ws/install/moveit_ros_robot_interaction:/root/ros2_ws/install/moveit_kinematics:/root/ros2_ws/install/moveit_ros_planning:/root/ros2_ws/install/moveit_simple_controller_manager:/root/ros2_ws/install/moveit_ros_occupancy_map_monitor:/root/ros2_ws/install/moveit_core:/root/ros2_ws/install/moveit_resources_panda_moveit_config:/root/ros2_ws/install/moveit_resources_fanuc_moveit_config:/root/ros2_ws/install/moveit_resources_pr2_description:/root/ros2_ws/install/moveit_resources_panda_description:/root/ros2_ws/install/moveit_resources_fanuc_description:/root/ros2_ws/install/moveit_msgs:/root/ros2_ws/install/moveit_configs_utils:/root/ros2_ws/install/moveit_common:${AMENT_PREFIX_PATH} CMAKE_PREFIX_PATH=/root/ros2_ws/install/moveit_setup_framework:/root/ros2_ws/install/moveit_ros_visualization:/root/ros2_ws/install/moveit_ros_planning_interface:/root/ros2_ws/install/moveit_ros_move_group:/root/ros2_ws/install/moveit_ros_warehouse:/root/ros2_ws/install/moveit_ros_robot_interaction:/root/ros2_ws/install/moveit_kinematics:/root/ros2_ws/install/moveit_ros_planning:/root/ros2_ws/install/moveit_simple_controller_manager:/root/ros2_ws/install/moveit_ros_occupancy_map_monitor:/root/ros2_ws/install/moveit_core:/root/ros2_ws/install/moveit_resources_panda_moveit_config:/root/ros2_ws/install/moveit_resources_fanuc_moveit_config:/root/ros2_ws/install/moveit_resources_pr2_description:/root/ros2_ws/install/moveit_resources_panda_description:/root/ros2_ws/install/moveit_resources_fanuc_description:/root/ros2_ws/install/moveit_msgs:/root/ros2_ws/install/moveit_common:/opt/ros/jazzy/opt/gz_sim_vendor:/opt/ros/jazzy/opt/gz_sensors_vendor:/opt/ros/jazzy/opt/gz_physics_vendor:/opt/ros/jazzy/opt/sdformat_vendor:/opt/ros/jazzy/opt/gz_gui_vendor:/opt/ros/jazzy/opt/gz_transport_vendor:/opt/ros/jazzy/opt/gz_rendering_vendor:/opt/ros/jazzy/opt/gz_plugin_vendor:/opt/ros/jazzy/opt/gz_fuel_tools_vendor:/opt/ros/jazzy/opt/gz_msgs_vendor:/opt/ros/jazzy/opt/gz_common_vendor:/opt/ros/jazzy/opt/gz_math_vendor:/opt/ros/jazzy/opt/gz_utils_vendor:/opt/ros/jazzy/opt/gz_tools_vendor:/opt/ros/jazzy/opt/gz_ogre_next_vendor:/opt/ros/jazzy/opt/gz_dartsim_vendor:/opt/ros/jazzy/opt/gz_cmake_vendor:/opt/ros/jazzy LD_LIBRARY_PATH=/root/ros2_ws/install/moveit_setup_framework/lib:/root/ros2_ws/install/moveit_ros_visualization/lib:/root/ros2_ws/install/moveit_ros_planning_interface/lib:/root/ros2_ws/install/moveit_ros_move_group/lib:/root/ros2_ws/install/moveit_ros_warehouse/lib:/root/ros2_ws/install/moveit_ros_robot_interaction/lib:/root/ros2_ws/install/moveit_kinematics/lib:/root/ros2_ws/install/moveit_ros_planning/lib:/root/ros2_ws/install/moveit_simple_controller_manager/lib:/root/ros2_ws/install/moveit_ros_occupancy_map_monitor/lib:/root/ros2_ws/install/moveit_core/lib:/root/ros2_ws/install/moveit_msgs/lib:${LD_LIBRARY_PATH} PATH=/root/ros2_ws/install/moveit_core/bin:${PATH} PYTHONPATH=/root/ros2_ws/install/moveit_msgs/lib/python3.12/site-packages:/root/ros2_ws/install/moveit_configs_utils/lib/python3.12/site-packages:${PYTHONPATH} /usr/bin/cmake /root/ros2_ws/src/moveit2/moveit_setup_assistant/moveit_setup_srdf_plugins -DCMAKE_INSTALL_PREFIX=/root/ros2_ws/install/moveit_setup_srdf_plugins
[0.223s] -- The CXX compiler identification is GNU 13.3.0
[0.260s] -- Detecting CXX compiler ABI info
[0.444s] -- Detecting CXX compiler ABI info - done
[0.464s] -- Check for working CXX compiler: /usr/bin/c++ - skipped
[0.464s] -- Detecting CXX compile features
[0.465s] -- Detecting CXX compile features - done
[0.468s] -- Found moveit_common: 2.12.0 (/root/ros2_ws/install/moveit_common/share/moveit_common/cmake)
[0.477s] -- Found ament_cmake: 2.5.2 (/opt/ros/jazzy/share/ament_cmake/cmake)
[0.795s] -- Found Python3: /usr/bin/python3 (found version "3.12.3") found components: Interpreter 
[1.188s] [0mmoveit_setup_srdf_plugins: You did not request a specific build type: Choosing 'Release' for maximum performance[0m
[1.196s] -- Found ament_cmake_ros: 0.12.0 (/opt/ros/jazzy/share/ament_cmake_ros/cmake)
[1.223s] -- Found moveit_setup_framework: 2.12.0 (/root/ros2_ws/install/moveit_setup_framework/share/moveit_setup_framework/cmake)
[1.341s] -- Found rosidl_generator_c: 4.6.4 (/opt/ros/jazzy/share/rosidl_generator_c/cmake)
[1.385s] -- Found rosidl_generator_cpp: 4.6.4 (/opt/ros/jazzy/share/rosidl_generator_cpp/cmake)
[1.445s] -- Using all available rosidl_typesupport_c: rosidl_typesupport_fastrtps_c;rosidl_typesupport_introspection_c
[1.522s] -- Using all available rosidl_typesupport_cpp: rosidl_typesupport_fastrtps_cpp;rosidl_typesupport_introspection_cpp
[1.723s] -- Found rmw_implementation_cmake: 7.3.1 (/opt/ros/jazzy/share/rmw_implementation_cmake/cmake)
[1.733s] -- Found rmw_fastrtps_cpp: 8.4.1 (/opt/ros/jazzy/share/rmw_fastrtps_cpp/cmake)
[1.917s] -- Found OpenSSL: /usr/lib/x86_64-linux-gnu/libcrypto.so (found version "3.0.13")  
[1.954s] -- Found FastRTPS: /opt/ros/jazzy/include (Required is at least version "2.13") 
[1.996s] -- Using RMW implementation 'rmw_fastrtps_cpp' as default
[2.539s] -- Found Boost: /usr/lib/x86_64-linux-gnu/cmake/Boost-1.83.0/BoostConfig.cmake (found version "1.83.0") found components: chrono date_time filesystem iostreams program_options regex serialization system thread 
[2.678s] -- Found parameter_traits: 0.4.0 (/opt/ros/jazzy/share/parameter_traits/cmake)
[2.716s] -- Found rclcpp_lifecycle: 28.1.5 (/opt/ros/jazzy/share/rclcpp_lifecycle/cmake)
[2.797s] -- Found Boost: /usr/lib/x86_64-linux-gnu/cmake/Boost-1.83.0/BoostConfig.cmake (found version "1.83.0") found components: filesystem 
[3.087s] -- Found Eigen3: TRUE (found version "3.4.0") 
[3.088s] -- Ensuring Eigen3 include directory is part of orocos-kdl CMake target
[3.683s] -- Found Boost: /usr/lib/x86_64-linux-gnu/cmake/Boost-1.83.0/BoostConfig.cmake (found version "1.83.0") found components: system filesystem date_time program_options thread chrono 
[3.748s] -- Found Boost: /usr/lib/x86_64-linux-gnu/cmake/Boost-1.83.0/BoostConfig.cmake (found version "1.83.0") found components: thread date_time system filesystem 
[3.778s] -- Found Boost: /usr/lib/x86_64-linux-gnu/cmake/Boost-1.83.0/BoostConfig.cmake (found version "1.83.0") found components: date_time filesystem program_options system thread 
[3.815s] -- Found Boost: /usr/lib/x86_64-linux-gnu/cmake/Boost-1.83.0/BoostConfig.cmake (found version "1.83.0") found components: thread system filesystem regex date_time program_options 
[3.856s] -- Found Boost: /usr/lib/x86_64-linux-gnu/cmake/Boost-1.83.0/BoostConfig.cmake (found version "1.83.0") found components: system filesystem date_time program_options thread 
[3.984s] -- Setting OGRE_DIR to: '/opt/ros/jazzy/share/rviz_ogre_vendor/cmake/../../../opt/rviz_ogre_vendor/lib/OGRE/cmake'
[3.985s] -- Found OGRE
[3.986s] --   static     : OFF
[3.986s] --   components : MeshLodGenerator;Overlay;Paging;Property;RTShaderSystem;Terrain;Volume
[3.986s] --   plugins    : Plugin_BSPSceneManager;Plugin_OctreeSceneManager;Plugin_PCZSceneManager;Plugin_ParticleFX;RenderSystem_GL;RenderSystem_GL3Plus;Codec_STBI
[3.987s] --   media      : /opt/ros/jazzy/opt/rviz_ogre_vendor/share/OGRE/Media
[3.987s] -- OGRE_LIBRARIES: OgreMeshLodGenerator;OgreOverlay;OgrePaging;OgreProperty;OgreRTShaderSystem;OgreTerrain;OgreVolume;OgreMain
[3.987s] -- OGRE_LIBRARY_DIRS: /opt/ros/jazzy/opt/rviz_ogre_vendor/lib
[3.987s] -- OGRE_PLUGINS: Plugin_BSPSceneManager;Plugin_OctreeSceneManager;Plugin_PCZSceneManager;Plugin_ParticleFX;RenderSystem_GL;RenderSystem_GL3Plus;Codec_STBI
[3.987s] -- OGRE_PLUGIN_DIR: /opt/ros/jazzy/opt/rviz_ogre_vendor/lib/OGRE
[3.987s] -- rviz_ogre_vendor::OgreOverlay for IMPORTED_LOCATION_RELEASE: /opt/ros/jazzy/opt/rviz_ogre_vendor/lib/libOgreOverlay.so
[3.987s] -- rviz_ogre_vendor::OgreOverlay for IMPORTED_LOCATION_DEBUG: /opt/ros/jazzy/opt/rviz_ogre_vendor/lib/libOgreOverlay.so
[3.987s] -- rviz_ogre_vendor::OgreMain for IMPORTED_LOCATION_RELEASE: /opt/ros/jazzy/opt/rviz_ogre_vendor/lib/libOgreMain.so
[3.988s] -- rviz_ogre_vendor::OgreMain for IMPORTED_LOCATION_DEBUG: /opt/ros/jazzy/opt/rviz_ogre_vendor/lib/libOgreMain.so
[4.025s] -- Found ZLIB: /usr/lib/x86_64-linux-gnu/libz.so (found version "1.3")  
[4.039s] -- Found OpenGL: /usr/lib/x86_64-linux-gnu/libOpenGL.so   
[4.365s] -- Found X11: /usr/include   
[4.366s] -- Looking for XOpenDisplay in /usr/lib/x86_64-linux-gnu/libX11.so;/usr/lib/x86_64-linux-gnu/libXext.so
[4.590s] -- Looking for XOpenDisplay in /usr/lib/x86_64-linux-gnu/libX11.so;/usr/lib/x86_64-linux-gnu/libXext.so - found
[4.590s] -- Looking for gethostbyname
[4.832s] -- Looking for gethostbyname - found
[4.832s] -- Looking for connect
[5.005s] -- Looking for connect - found
[5.005s] -- Looking for remove
[5.182s] -- Looking for remove - found
[5.182s] -- Looking for shmat
[5.378s] -- Looking for shmat - found
[5.378s] -- Looking for IceConnectionNumber in ICE
[5.600s] -- Looking for IceConnectionNumber in ICE - found
[5.674s] -- Setting yaml-cpp_DIR to: '/opt/ros/jazzy/share/yaml_cpp_vendor/cmake/../../../opt/yaml_cpp_vendor/share/cmake/yaml-cpp'
[5.868s] -- Found gtest sources under '/opt/ros/jazzy/src/gtest_vendor': C++ tests using 'Google Test' will be built
[5.925s] -- The C compiler identification is GNU 13.3.0
[5.946s] -- Detecting C compiler ABI info
[6.111s] -- Detecting C compiler ABI info - done
[6.134s] -- Check for working C compiler: /usr/bin/cc - skipped
[6.134s] -- Detecting C compile features
[6.135s] -- Detecting C compile features - done
[6.142s] -- Found Threads: TRUE  
[6.157s] -- Configuring done (6.0s)
[6.404s] -- Generating done (0.2s)
[6.439s] -- Build files have been written to: /root/ros2_ws/build/moveit_setup_srdf_plugins
[6.479s] Invoked command in '/root/ros2_ws/build/moveit_setup_srdf_plugins' returned '0': AMENT_PREFIX_PATH=/root/ros2_ws/install/moveit_setup_framework:/root/ros2_ws/install/moveit_ros_visualization:/root/ros2_ws/install/moveit_ros_planning_interface:/root/ros2_ws/install/moveit_ros_move_group:/root/ros2_ws/install/moveit_ros_warehouse:/root/ros2_ws/install/moveit_ros_robot_interaction:/root/ros2_ws/install/moveit_kinematics:/root/ros2_ws/install/moveit_ros_planning:/root/ros2_ws/install/moveit_simple_controller_manager:/root/ros2_ws/install/moveit_ros_occupancy_map_monitor:/root/ros2_ws/install/moveit_core:/root/ros2_ws/install/moveit_resources_panda_moveit_config:/root/ros2_ws/install/moveit_resources_fanuc_moveit_config:/root/ros2_ws/install/moveit_resources_pr2_description:/root/ros2_ws/install/moveit_resources_panda_description:/root/ros2_ws/install/moveit_resources_fanuc_description:/root/ros2_ws/install/moveit_msgs:/root/ros2_ws/install/moveit_configs_utils:/root/ros2_ws/install/moveit_common:${AMENT_PREFIX_PATH} CMAKE_PREFIX_PATH=/root/ros2_ws/install/moveit_setup_framework:/root/ros2_ws/install/moveit_ros_visualization:/root/ros2_ws/install/moveit_ros_planning_interface:/root/ros2_ws/install/moveit_ros_move_group:/root/ros2_ws/install/moveit_ros_warehouse:/root/ros2_ws/install/moveit_ros_robot_interaction:/root/ros2_ws/install/moveit_kinematics:/root/ros2_ws/install/moveit_ros_planning:/root/ros2_ws/install/moveit_simple_controller_manager:/root/ros2_ws/install/moveit_ros_occupancy_map_monitor:/root/ros2_ws/install/moveit_core:/root/ros2_ws/install/moveit_resources_panda_moveit_config:/root/ros2_ws/install/moveit_resources_fanuc_moveit_config:/root/ros2_ws/install/moveit_resources_pr2_description:/root/ros2_ws/install/moveit_resources_panda_description:/root/ros2_ws/install/moveit_resources_fanuc_description:/root/ros2_ws/install/moveit_msgs:/root/ros2_ws/install/moveit_common:/opt/ros/jazzy/opt/gz_sim_vendor:/opt/ros/jazzy/opt/gz_sensors_vendor:/opt/ros/jazzy/opt/gz_physics_vendor:/opt/ros/jazzy/opt/sdformat_vendor:/opt/ros/jazzy/opt/gz_gui_vendor:/opt/ros/jazzy/opt/gz_transport_vendor:/opt/ros/jazzy/opt/gz_rendering_vendor:/opt/ros/jazzy/opt/gz_plugin_vendor:/opt/ros/jazzy/opt/gz_fuel_tools_vendor:/opt/ros/jazzy/opt/gz_msgs_vendor:/opt/ros/jazzy/opt/gz_common_vendor:/opt/ros/jazzy/opt/gz_math_vendor:/opt/ros/jazzy/opt/gz_utils_vendor:/opt/ros/jazzy/opt/gz_tools_vendor:/opt/ros/jazzy/opt/gz_ogre_next_vendor:/opt/ros/jazzy/opt/gz_dartsim_vendor:/opt/ros/jazzy/opt/gz_cmake_vendor:/opt/ros/jazzy LD_LIBRARY_PATH=/root/ros2_ws/install/moveit_setup_framework/lib:/root/ros2_ws/install/moveit_ros_visualization/lib:/root/ros2_ws/install/moveit_ros_planning_interface/lib:/root/ros2_ws/install/moveit_ros_move_group/lib:/root/ros2_ws/install/moveit_ros_warehouse/lib:/root/ros2_ws/install/moveit_ros_robot_interaction/lib:/root/ros2_ws/install/moveit_kinematics/lib:/root/ros2_ws/install/moveit_ros_planning/lib:/root/ros2_ws/install/moveit_simple_controller_manager/lib:/root/ros2_ws/install/moveit_ros_occupancy_map_monitor/lib:/root/ros2_ws/install/moveit_core/lib:/root/ros2_ws/install/moveit_msgs/lib:${LD_LIBRARY_PATH} PATH=/root/ros2_ws/install/moveit_core/bin:${PATH} PYTHONPATH=/root/ros2_ws/install/moveit_msgs/lib/python3.12/site-packages:/root/ros2_ws/install/moveit_configs_utils/lib/python3.12/site-packages:${PYTHONPATH} /usr/bin/cmake /root/ros2_ws/src/moveit2/moveit_setup_assistant/moveit_setup_srdf_plugins -DCMAKE_INSTALL_PREFIX=/root/ros2_ws/install/moveit_setup_srdf_plugins
[6.482s] Invoking command in '/root/ros2_ws/build/moveit_setup_srdf_plugins': AMENT_PREFIX_PATH=/root/ros2_ws/install/moveit_setup_framework:/root/ros2_ws/install/moveit_ros_visualization:/root/ros2_ws/install/moveit_ros_planning_interface:/root/ros2_ws/install/moveit_ros_move_group:/root/ros2_ws/install/moveit_ros_warehouse:/root/ros2_ws/install/moveit_ros_robot_interaction:/root/ros2_ws/install/moveit_kinematics:/root/ros2_ws/install/moveit_ros_planning:/root/ros2_ws/install/moveit_simple_controller_manager:/root/ros2_ws/install/moveit_ros_occupancy_map_monitor:/root/ros2_ws/install/moveit_core:/root/ros2_ws/install/moveit_resources_panda_moveit_config:/root/ros2_ws/install/moveit_resources_fanuc_moveit_config:/root/ros2_ws/install/moveit_resources_pr2_description:/root/ros2_ws/install/moveit_resources_panda_description:/root/ros2_ws/install/moveit_resources_fanuc_description:/root/ros2_ws/install/moveit_msgs:/root/ros2_ws/install/moveit_configs_utils:/root/ros2_ws/install/moveit_common:${AMENT_PREFIX_PATH} CMAKE_PREFIX_PATH=/root/ros2_ws/install/moveit_setup_framework:/root/ros2_ws/install/moveit_ros_visualization:/root/ros2_ws/install/moveit_ros_planning_interface:/root/ros2_ws/install/moveit_ros_move_group:/root/ros2_ws/install/moveit_ros_warehouse:/root/ros2_ws/install/moveit_ros_robot_interaction:/root/ros2_ws/install/moveit_kinematics:/root/ros2_ws/install/moveit_ros_planning:/root/ros2_ws/install/moveit_simple_controller_manager:/root/ros2_ws/install/moveit_ros_occupancy_map_monitor:/root/ros2_ws/install/moveit_core:/root/ros2_ws/install/moveit_resources_panda_moveit_config:/root/ros2_ws/install/moveit_resources_fanuc_moveit_config:/root/ros2_ws/install/moveit_resources_pr2_description:/root/ros2_ws/install/moveit_resources_panda_description:/root/ros2_ws/install/moveit_resources_fanuc_description:/root/ros2_ws/install/moveit_msgs:/root/ros2_ws/install/moveit_common:/opt/ros/jazzy/opt/gz_sim_vendor:/opt/ros/jazzy/opt/gz_sensors_vendor:/opt/ros/jazzy/opt/gz_physics_vendor:/opt/ros/jazzy/opt/sdformat_vendor:/opt/ros/jazzy/opt/gz_gui_vendor:/opt/ros/jazzy/opt/gz_transport_vendor:/opt/ros/jazzy/opt/gz_rendering_vendor:/opt/ros/jazzy/opt/gz_plugin_vendor:/opt/ros/jazzy/opt/gz_fuel_tools_vendor:/opt/ros/jazzy/opt/gz_msgs_vendor:/opt/ros/jazzy/opt/gz_common_vendor:/opt/ros/jazzy/opt/gz_math_vendor:/opt/ros/jazzy/opt/gz_utils_vendor:/opt/ros/jazzy/opt/gz_tools_vendor:/opt/ros/jazzy/opt/gz_ogre_next_vendor:/opt/ros/jazzy/opt/gz_dartsim_vendor:/opt/ros/jazzy/opt/gz_cmake_vendor:/opt/ros/jazzy LD_LIBRARY_PATH=/root/ros2_ws/install/moveit_setup_framework/lib:/root/ros2_ws/install/moveit_ros_visualization/lib:/root/ros2_ws/install/moveit_ros_planning_interface/lib:/root/ros2_ws/install/moveit_ros_move_group/lib:/root/ros2_ws/install/moveit_ros_warehouse/lib:/root/ros2_ws/install/moveit_ros_robot_interaction/lib:/root/ros2_ws/install/moveit_kinematics/lib:/root/ros2_ws/install/moveit_ros_planning/lib:/root/ros2_ws/install/moveit_simple_controller_manager/lib:/root/ros2_ws/install/moveit_ros_occupancy_map_monitor/lib:/root/ros2_ws/install/moveit_core/lib:/root/ros2_ws/install/moveit_msgs/lib:${LD_LIBRARY_PATH} PATH=/root/ros2_ws/install/moveit_core/bin:${PATH} PYTHONPATH=/root/ros2_ws/install/moveit_msgs/lib/python3.12/site-packages:/root/ros2_ws/install/moveit_configs_utils/lib/python3.12/site-packages:${PYTHONPATH} /usr/bin/cmake --build /root/ros2_ws/build/moveit_setup_srdf_plugins -- -j20 -l20
[6.595s] [  2%] [34m[1mGenerating include/moveit_setup_srdf_plugins/moc_virtual_joints_widget.cpp[0m
[6.596s] [  4%] [34m[1mGenerating include/moveit_setup_srdf_plugins/moc_collision_linear_model.cpp[0m
[6.598s] [  6%] [34m[1mGenerating include/moveit_setup_srdf_plugins/moc_collision_matrix_model.cpp[0m
[6.600s] [  8%] [34m[1mGenerating include/moveit_setup_srdf_plugins/moc_group_edit_widget.cpp[0m
[6.602s] [ 10%] [34m[1mGenerating include/moveit_setup_srdf_plugins/moc_end_effectors_widget.cpp[0m
[6.607s] [ 12%] [34m[1mGenerating include/moveit_setup_srdf_plugins/moc_default_collisions_widget.cpp[0m
[6.617s] [ 14%] [32mBuilding CXX object gtest/CMakeFiles/gtest_main.dir/src/gtest_main.cc.o[0m
[6.621s] [ 16%] [32mBuilding CXX object gtest/CMakeFiles/gtest.dir/src/gtest-all.cc.o[0m
[6.624s] [ 18%] [34m[1mGenerating include/moveit_setup_srdf_plugins/moc_passive_joints_widget.cpp[0m
[6.627s] [ 20%] [34m[1mGenerating include/moveit_setup_srdf_plugins/moc_rotated_header_view.cpp[0m
[6.627s] [ 22%] [34m[1mGenerating include/moveit_setup_srdf_plugins/moc_planning_groups_widget.cpp[0m
[6.634s] /root/ros2_ws/src/moveit2/moveit_setup_assistant/moveit_setup_srdf_plugins/include/moveit_setup_srdf_plugins/rotated_header_view.hpp:0: Note: No relevant classes found. No output generated.
[6.636s] [ 25%] [34m[1mGenerating include/moveit_setup_srdf_plugins/moc_robot_poses_widget.cpp[0m
[6.644s] [ 27%] [34m[1mGenerating include/moveit_setup_srdf_plugins/moc_kinematic_chain_widget.cpp[0m
[6.698s] [ 29%] [32mBuilding CXX object CMakeFiles/moveit_setup_srdf_plugins.dir/src/end_effectors.cpp.o[0m
[6.698s] [ 31%] [32mBuilding CXX object CMakeFiles/moveit_setup_srdf_plugins.dir/src/collision_matrix_model.cpp.o[0m
[6.700s] [ 33%] [32mBuilding CXX object CMakeFiles/moveit_setup_srdf_plugins.dir/src/default_collisions_widget.cpp.o[0m
[6.701s] [ 35%] [32mBuilding CXX object CMakeFiles/moveit_setup_srdf_plugins.dir/src/default_collisions.cpp.o[0m
[6.702s] [ 37%] [32mBuilding CXX object CMakeFiles/moveit_setup_srdf_plugins.dir/src/collision_linear_model.cpp.o[0m
[6.714s] [ 39%] [32mBuilding CXX object CMakeFiles/moveit_setup_srdf_plugins.dir/src/compute_default_collisions.cpp.o[0m
[7.779s] [ 41%] [32mBuilding CXX object CMakeFiles/moveit_setup_srdf_plugins.dir/src/virtual_joints.cpp.o[0m
[7.781s] [ 43%] [32mBuilding CXX object CMakeFiles/moveit_setup_srdf_plugins.dir/src/rotated_header_view.cpp.o[0m
[8.395s] [ 45%] [32m[1mLinking CXX static library libgtest_main.a[0m
[8.694s] [ 45%] Built target gtest_main
[8.722s] [ 47%] [32mBuilding CXX object CMakeFiles/moveit_setup_srdf_plugins.dir/src/virtual_joints_widget.cpp.o[0m
[8.733s] [ 50%] [32mBuilding CXX object CMakeFiles/moveit_setup_srdf_plugins.dir/src/robot_poses_widget.cpp.o[0m
[8.783s] [ 52%] [32mBuilding CXX object CMakeFiles/moveit_setup_srdf_plugins.dir/src/robot_poses.cpp.o[0m
[9.851s] [ 54%] [32mBuilding CXX object CMakeFiles/moveit_setup_srdf_plugins.dir/src/planning_groups_widget.cpp.o[0m
[9.859s] [ 56%] [32mBuilding CXX object CMakeFiles/moveit_setup_srdf_plugins.dir/src/planning_groups.cpp.o[0m
[9.859s] [ 58%] [32mBuilding CXX object CMakeFiles/moveit_setup_srdf_plugins.dir/src/passive_joints_widget.cpp.o[0m
[10.926s] [ 60%] [32mBuilding CXX object CMakeFiles/moveit_setup_srdf_plugins.dir/src/passive_joints.cpp.o[0m
[10.926s] [ 62%] [32mBuilding CXX object CMakeFiles/moveit_setup_srdf_plugins.dir/src/kinematic_chain_widget.cpp.o[0m
[10.962s] [ 64%] [32mBuilding CXX object CMakeFiles/moveit_setup_srdf_plugins.dir/src/group_meta_config.cpp.o[0m
[12.074s] [ 66%] [32mBuilding CXX object CMakeFiles/moveit_setup_srdf_plugins.dir/src/end_effectors_widget.cpp.o[0m
[12.074s] [ 68%] [32mBuilding CXX object CMakeFiles/moveit_setup_srdf_plugins.dir/src/group_edit_widget.cpp.o[0m
[45.399s] [ 70%] [32m[1mLinking CXX static library libgtest.a[0m
[45.795s] [ 70%] Built target gtest
[72.826s] [ 72%] [32mBuilding CXX object CMakeFiles/moveit_setup_srdf_plugins.dir/include/moveit_setup_srdf_plugins/moc_virtual_joints_widget.cpp.o[0m
[85.169s] [ 75%] [32mBuilding CXX object CMakeFiles/moveit_setup_srdf_plugins.dir/include/moveit_setup_srdf_plugins/moc_rotated_header_view.cpp.o[0m
[85.206s] [ 77%] [32mBuilding CXX object CMakeFiles/moveit_setup_srdf_plugins.dir/include/moveit_setup_srdf_plugins/moc_robot_poses_widget.cpp.o[0m
[97.440s] [ 79%] [32mBuilding CXX object CMakeFiles/moveit_setup_srdf_plugins.dir/include/moveit_setup_srdf_plugins/moc_group_edit_widget.cpp.o[0m
[97.447s] [ 81%] [32mBuilding CXX object CMakeFiles/moveit_setup_srdf_plugins.dir/include/moveit_setup_srdf_plugins/moc_planning_groups_widget.cpp.o[0m
[97.451s] [ 87%] [32mBuilding CXX object CMakeFiles/moveit_setup_srdf_plugins.dir/include/moveit_setup_srdf_plugins/moc_kinematic_chain_widget.cpp.o[0m
[97.451s] [ 87%] [32mBuilding CXX object CMakeFiles/moveit_setup_srdf_plugins.dir/include/moveit_setup_srdf_plugins/moc_end_effectors_widget.cpp.o[0m
[97.451s] [ 87%] [32mBuilding CXX object CMakeFiles/moveit_setup_srdf_plugins.dir/include/moveit_setup_srdf_plugins/moc_passive_joints_widget.cpp.o[0m
[122.334s] [ 89%] [32mBuilding CXX object CMakeFiles/moveit_setup_srdf_plugins.dir/include/moveit_setup_srdf_plugins/moc_collision_matrix_model.cpp.o[0m
[122.347s] [ 91%] [32mBuilding CXX object CMakeFiles/moveit_setup_srdf_plugins.dir/include/moveit_setup_srdf_plugins/moc_default_collisions_widget.cpp.o[0m
[124.989s] [ 93%] [32mBuilding CXX object CMakeFiles/moveit_setup_srdf_plugins.dir/include/moveit_setup_srdf_plugins/moc_collision_linear_model.cpp.o[0m
[139.105s] [ 95%] [32m[1mLinking CXX shared library libmoveit_setup_srdf_plugins.so[0m
[140.157s] [ 95%] Built target moveit_setup_srdf_plugins
[140.190s] [ 97%] [32mBuilding CXX object CMakeFiles/test_srdf.dir/test/test_srdf.cpp.o[0m
[158.167s] [100%] [32m[1mLinking CXX executable test_srdf[0m
[159.519s] [100%] Built target test_srdf
[159.543s] Invoked command in '/root/ros2_ws/build/moveit_setup_srdf_plugins' returned '0': AMENT_PREFIX_PATH=/root/ros2_ws/install/moveit_setup_framework:/root/ros2_ws/install/moveit_ros_visualization:/root/ros2_ws/install/moveit_ros_planning_interface:/root/ros2_ws/install/moveit_ros_move_group:/root/ros2_ws/install/moveit_ros_warehouse:/root/ros2_ws/install/moveit_ros_robot_interaction:/root/ros2_ws/install/moveit_kinematics:/root/ros2_ws/install/moveit_ros_planning:/root/ros2_ws/install/moveit_simple_controller_manager:/root/ros2_ws/install/moveit_ros_occupancy_map_monitor:/root/ros2_ws/install/moveit_core:/root/ros2_ws/install/moveit_resources_panda_moveit_config:/root/ros2_ws/install/moveit_resources_fanuc_moveit_config:/root/ros2_ws/install/moveit_resources_pr2_description:/root/ros2_ws/install/moveit_resources_panda_description:/root/ros2_ws/install/moveit_resources_fanuc_description:/root/ros2_ws/install/moveit_msgs:/root/ros2_ws/install/moveit_configs_utils:/root/ros2_ws/install/moveit_common:${AMENT_PREFIX_PATH} CMAKE_PREFIX_PATH=/root/ros2_ws/install/moveit_setup_framework:/root/ros2_ws/install/moveit_ros_visualization:/root/ros2_ws/install/moveit_ros_planning_interface:/root/ros2_ws/install/moveit_ros_move_group:/root/ros2_ws/install/moveit_ros_warehouse:/root/ros2_ws/install/moveit_ros_robot_interaction:/root/ros2_ws/install/moveit_kinematics:/root/ros2_ws/install/moveit_ros_planning:/root/ros2_ws/install/moveit_simple_controller_manager:/root/ros2_ws/install/moveit_ros_occupancy_map_monitor:/root/ros2_ws/install/moveit_core:/root/ros2_ws/install/moveit_resources_panda_moveit_config:/root/ros2_ws/install/moveit_resources_fanuc_moveit_config:/root/ros2_ws/install/moveit_resources_pr2_description:/root/ros2_ws/install/moveit_resources_panda_description:/root/ros2_ws/install/moveit_resources_fanuc_description:/root/ros2_ws/install/moveit_msgs:/root/ros2_ws/install/moveit_common:/opt/ros/jazzy/opt/gz_sim_vendor:/opt/ros/jazzy/opt/gz_sensors_vendor:/opt/ros/jazzy/opt/gz_physics_vendor:/opt/ros/jazzy/opt/sdformat_vendor:/opt/ros/jazzy/opt/gz_gui_vendor:/opt/ros/jazzy/opt/gz_transport_vendor:/opt/ros/jazzy/opt/gz_rendering_vendor:/opt/ros/jazzy/opt/gz_plugin_vendor:/opt/ros/jazzy/opt/gz_fuel_tools_vendor:/opt/ros/jazzy/opt/gz_msgs_vendor:/opt/ros/jazzy/opt/gz_common_vendor:/opt/ros/jazzy/opt/gz_math_vendor:/opt/ros/jazzy/opt/gz_utils_vendor:/opt/ros/jazzy/opt/gz_tools_vendor:/opt/ros/jazzy/opt/gz_ogre_next_vendor:/opt/ros/jazzy/opt/gz_dartsim_vendor:/opt/ros/jazzy/opt/gz_cmake_vendor:/opt/ros/jazzy LD_LIBRARY_PATH=/root/ros2_ws/install/moveit_setup_framework/lib:/root/ros2_ws/install/moveit_ros_visualization/lib:/root/ros2_ws/install/moveit_ros_planning_interface/lib:/root/ros2_ws/install/moveit_ros_move_group/lib:/root/ros2_ws/install/moveit_ros_warehouse/lib:/root/ros2_ws/install/moveit_ros_robot_interaction/lib:/root/ros2_ws/install/moveit_kinematics/lib:/root/ros2_ws/install/moveit_ros_planning/lib:/root/ros2_ws/install/moveit_simple_controller_manager/lib:/root/ros2_ws/install/moveit_ros_occupancy_map_monitor/lib:/root/ros2_ws/install/moveit_core/lib:/root/ros2_ws/install/moveit_msgs/lib:${LD_LIBRARY_PATH} PATH=/root/ros2_ws/install/moveit_core/bin:${PATH} PYTHONPATH=/root/ros2_ws/install/moveit_msgs/lib/python3.12/site-packages:/root/ros2_ws/install/moveit_configs_utils/lib/python3.12/site-packages:${PYTHONPATH} /usr/bin/cmake --build /root/ros2_ws/build/moveit_setup_srdf_plugins -- -j20 -l20
[159.546s] Invoking command in '/root/ros2_ws/build/moveit_setup_srdf_plugins': AMENT_PREFIX_PATH=/root/ros2_ws/install/moveit_setup_framework:/root/ros2_ws/install/moveit_ros_visualization:/root/ros2_ws/install/moveit_ros_planning_interface:/root/ros2_ws/install/moveit_ros_move_group:/root/ros2_ws/install/moveit_ros_warehouse:/root/ros2_ws/install/moveit_ros_robot_interaction:/root/ros2_ws/install/moveit_kinematics:/root/ros2_ws/install/moveit_ros_planning:/root/ros2_ws/install/moveit_simple_controller_manager:/root/ros2_ws/install/moveit_ros_occupancy_map_monitor:/root/ros2_ws/install/moveit_core:/root/ros2_ws/install/moveit_resources_panda_moveit_config:/root/ros2_ws/install/moveit_resources_fanuc_moveit_config:/root/ros2_ws/install/moveit_resources_pr2_description:/root/ros2_ws/install/moveit_resources_panda_description:/root/ros2_ws/install/moveit_resources_fanuc_description:/root/ros2_ws/install/moveit_msgs:/root/ros2_ws/install/moveit_configs_utils:/root/ros2_ws/install/moveit_common:${AMENT_PREFIX_PATH} CMAKE_PREFIX_PATH=/root/ros2_ws/install/moveit_setup_framework:/root/ros2_ws/install/moveit_ros_visualization:/root/ros2_ws/install/moveit_ros_planning_interface:/root/ros2_ws/install/moveit_ros_move_group:/root/ros2_ws/install/moveit_ros_warehouse:/root/ros2_ws/install/moveit_ros_robot_interaction:/root/ros2_ws/install/moveit_kinematics:/root/ros2_ws/install/moveit_ros_planning:/root/ros2_ws/install/moveit_simple_controller_manager:/root/ros2_ws/install/moveit_ros_occupancy_map_monitor:/root/ros2_ws/install/moveit_core:/root/ros2_ws/install/moveit_resources_panda_moveit_config:/root/ros2_ws/install/moveit_resources_fanuc_moveit_config:/root/ros2_ws/install/moveit_resources_pr2_description:/root/ros2_ws/install/moveit_resources_panda_description:/root/ros2_ws/install/moveit_resources_fanuc_description:/root/ros2_ws/install/moveit_msgs:/root/ros2_ws/install/moveit_common:/opt/ros/jazzy/opt/gz_sim_vendor:/opt/ros/jazzy/opt/gz_sensors_vendor:/opt/ros/jazzy/opt/gz_physics_vendor:/opt/ros/jazzy/opt/sdformat_vendor:/opt/ros/jazzy/opt/gz_gui_vendor:/opt/ros/jazzy/opt/gz_transport_vendor:/opt/ros/jazzy/opt/gz_rendering_vendor:/opt/ros/jazzy/opt/gz_plugin_vendor:/opt/ros/jazzy/opt/gz_fuel_tools_vendor:/opt/ros/jazzy/opt/gz_msgs_vendor:/opt/ros/jazzy/opt/gz_common_vendor:/opt/ros/jazzy/opt/gz_math_vendor:/opt/ros/jazzy/opt/gz_utils_vendor:/opt/ros/jazzy/opt/gz_tools_vendor:/opt/ros/jazzy/opt/gz_ogre_next_vendor:/opt/ros/jazzy/opt/gz_dartsim_vendor:/opt/ros/jazzy/opt/gz_cmake_vendor:/opt/ros/jazzy LD_LIBRARY_PATH=/root/ros2_ws/install/moveit_setup_framework/lib:/root/ros2_ws/install/moveit_ros_visualization/lib:/root/ros2_ws/install/moveit_ros_planning_interface/lib:/root/ros2_ws/install/moveit_ros_move_group/lib:/root/ros2_ws/install/moveit_ros_warehouse/lib:/root/ros2_ws/install/moveit_ros_robot_interaction/lib:/root/ros2_ws/install/moveit_kinematics/lib:/root/ros2_ws/install/moveit_ros_planning/lib:/root/ros2_ws/install/moveit_simple_controller_manager/lib:/root/ros2_ws/install/moveit_ros_occupancy_map_monitor/lib:/root/ros2_ws/install/moveit_core/lib:/root/ros2_ws/install/moveit_msgs/lib:${LD_LIBRARY_PATH} PATH=/root/ros2_ws/install/moveit_core/bin:${PATH} PYTHONPATH=/root/ros2_ws/install/moveit_msgs/lib/python3.12/site-packages:/root/ros2_ws/install/moveit_configs_utils/lib/python3.12/site-packages:${PYTHONPATH} /usr/bin/cmake --install /root/ros2_ws/build/moveit_setup_srdf_plugins
[159.562s] -- Install configuration: "Release"
[159.562s] -- Installing: /root/ros2_ws/install/moveit_setup_srdf_plugins/lib/libmoveit_setup_srdf_plugins.so
[159.565s] -- Set non-toolchain portion of runtime path of "/root/ros2_ws/install/moveit_setup_srdf_plugins/lib/libmoveit_setup_srdf_plugins.so" to ""
[159.566s] -- Installing: /root/ros2_ws/install/moveit_setup_srdf_plugins/share/moveit_setup_srdf_plugins/moveit_setup_framework_plugins.xml
[159.566s] -- Installing: /root/ros2_ws/install/moveit_setup_srdf_plugins/include/moveit_setup_srdf_plugins
[159.566s] -- Installing: /root/ros2_ws/install/moveit_setup_srdf_plugins/include/moveit_setup_srdf_plugins/moveit_setup_srdf_plugins
[159.567s] -- Installing: /root/ros2_ws/install/moveit_setup_srdf_plugins/include/moveit_setup_srdf_plugins/moveit_setup_srdf_plugins/end_effectors.hpp
[159.567s] -- Installing: /root/ros2_ws/install/moveit_setup_srdf_plugins/include/moveit_setup_srdf_plugins/moveit_setup_srdf_plugins/virtual_joints.h
[159.568s] -- Installing: /root/ros2_ws/install/moveit_setup_srdf_plugins/include/moveit_setup_srdf_plugins/moveit_setup_srdf_plugins/group_meta_config.hpp
[159.568s] -- Installing: /root/ros2_ws/install/moveit_setup_srdf_plugins/include/moveit_setup_srdf_plugins/moveit_setup_srdf_plugins/compute_default_collisions.h
[159.568s] -- Installing: /root/ros2_ws/install/moveit_setup_srdf_plugins/include/moveit_setup_srdf_plugins/moveit_setup_srdf_plugins/compute_default_collisions.hpp
[159.569s] -- Installing: /root/ros2_ws/install/moveit_setup_srdf_plugins/include/moveit_setup_srdf_plugins/moveit_setup_srdf_plugins/robot_poses_widget.h
[159.569s] -- Installing: /root/ros2_ws/install/moveit_setup_srdf_plugins/include/moveit_setup_srdf_plugins/moveit_setup_srdf_plugins/end_effectors_widget.hpp
[159.569s] -- Installing: /root/ros2_ws/install/moveit_setup_srdf_plugins/include/moveit_setup_srdf_plugins/moveit_setup_srdf_plugins/default_collisions.hpp
[159.569s] -- Installing: /root/ros2_ws/install/moveit_setup_srdf_plugins/include/moveit_setup_srdf_plugins/moveit_setup_srdf_plugins/group_edit_widget.hpp
[159.569s] -- Installing: /root/ros2_ws/install/moveit_setup_srdf_plugins/include/moveit_setup_srdf_plugins/moveit_setup_srdf_plugins/group_meta_config.h
[159.570s] -- Installing: /root/ros2_ws/install/moveit_setup_srdf_plugins/include/moveit_setup_srdf_plugins/moveit_setup_srdf_plugins/default_collisions.h
[159.570s] -- Installing: /root/ros2_ws/install/moveit_setup_srdf_plugins/include/moveit_setup_srdf_plugins/moveit_setup_srdf_plugins/collision_matrix_model.hpp
[159.570s] -- Installing: /root/ros2_ws/install/moveit_setup_srdf_plugins/include/moveit_setup_srdf_plugins/moveit_setup_srdf_plugins/virtual_joints_widget.hpp
[159.570s] -- Installing: /root/ros2_ws/install/moveit_setup_srdf_plugins/include/moveit_setup_srdf_plugins/moveit_setup_srdf_plugins/kinematic_chain_widget.hpp
[159.571s] -- Installing: /root/ros2_ws/install/moveit_setup_srdf_plugins/include/moveit_setup_srdf_plugins/moveit_setup_srdf_plugins/planning_groups_widget.hpp
[159.571s] -- Installing: /root/ros2_ws/install/moveit_setup_srdf_plugins/include/moveit_setup_srdf_plugins/moveit_setup_srdf_plugins/srdf_step.hpp
[159.571s] -- Installing: /root/ros2_ws/install/moveit_setup_srdf_plugins/include/moveit_setup_srdf_plugins/moveit_setup_srdf_plugins/passive_joints_widget.hpp
[159.571s] -- Installing: /root/ros2_ws/install/moveit_setup_srdf_plugins/include/moveit_setup_srdf_plugins/moveit_setup_srdf_plugins/robot_poses.hpp
[159.571s] -- Installing: /root/ros2_ws/install/moveit_setup_srdf_plugins/include/moveit_setup_srdf_plugins/moveit_setup_srdf_plugins/collision_linear_model.hpp
[159.571s] -- Installing: /root/ros2_ws/install/moveit_setup_srdf_plugins/include/moveit_setup_srdf_plugins/moveit_setup_srdf_plugins/collision_linear_model.h
[159.572s] -- Installing: /root/ros2_ws/install/moveit_setup_srdf_plugins/include/moveit_setup_srdf_plugins/moveit_setup_srdf_plugins/passive_joints.hpp
[159.572s] -- Installing: /root/ros2_ws/install/moveit_setup_srdf_plugins/include/moveit_setup_srdf_plugins/moveit_setup_srdf_plugins/kinematic_chain_widget.h
[159.572s] -- Installing: /root/ros2_ws/install/moveit_setup_srdf_plugins/include/moveit_setup_srdf_plugins/moveit_setup_srdf_plugins/passive_joints_widget.h
[159.572s] -- Installing: /root/ros2_ws/install/moveit_setup_srdf_plugins/include/moveit_setup_srdf_plugins/moveit_setup_srdf_plugins/group_edit_widget.h
[159.572s] -- Installing: /root/ros2_ws/install/moveit_setup_srdf_plugins/include/moveit_setup_srdf_plugins/moveit_setup_srdf_plugins/collision_matrix_model.h
[159.572s] -- Installing: /root/ros2_ws/install/moveit_setup_srdf_plugins/include/moveit_setup_srdf_plugins/moveit_setup_srdf_plugins/robot_poses_widget.hpp
[159.573s] -- Installing: /root/ros2_ws/install/moveit_setup_srdf_plugins/include/moveit_setup_srdf_plugins/moveit_setup_srdf_plugins/default_collisions_widget.hpp
[159.573s] -- Installing: /root/ros2_ws/install/moveit_setup_srdf_plugins/include/moveit_setup_srdf_plugins/moveit_setup_srdf_plugins/passive_joints.h
[159.573s] -- Installing: /root/ros2_ws/install/moveit_setup_srdf_plugins/include/moveit_setup_srdf_plugins/moveit_setup_srdf_plugins/srdf_step.h
[159.573s] -- Installing: /root/ros2_ws/install/moveit_setup_srdf_plugins/include/moveit_setup_srdf_plugins/moveit_setup_srdf_plugins/planning_groups.hpp
[159.573s] -- Installing: /root/ros2_ws/install/moveit_setup_srdf_plugins/include/moveit_setup_srdf_plugins/moveit_setup_srdf_plugins/end_effectors.h
[159.573s] -- Installing: /root/ros2_ws/install/moveit_setup_srdf_plugins/include/moveit_setup_srdf_plugins/moveit_setup_srdf_plugins/planning_groups_widget.h
[159.574s] -- Installing: /root/ros2_ws/install/moveit_setup_srdf_plugins/include/moveit_setup_srdf_plugins/moveit_setup_srdf_plugins/robot_poses.h
[159.574s] -- Installing: /root/ros2_ws/install/moveit_setup_srdf_plugins/include/moveit_setup_srdf_plugins/moveit_setup_srdf_plugins/planning_groups.h
[159.574s] -- Installing: /root/ros2_ws/install/moveit_setup_srdf_plugins/include/moveit_setup_srdf_plugins/moveit_setup_srdf_plugins/default_collisions_widget.h
[159.574s] -- Installing: /root/ros2_ws/install/moveit_setup_srdf_plugins/include/moveit_setup_srdf_plugins/moveit_setup_srdf_plugins/virtual_joints.hpp
[159.574s] -- Installing: /root/ros2_ws/install/moveit_setup_srdf_plugins/include/moveit_setup_srdf_plugins/moveit_setup_srdf_plugins/end_effectors_widget.h
[159.574s] -- Installing: /root/ros2_ws/install/moveit_setup_srdf_plugins/include/moveit_setup_srdf_plugins/moveit_setup_srdf_plugins/rotated_header_view.hpp
[159.574s] -- Installing: /root/ros2_ws/install/moveit_setup_srdf_plugins/include/moveit_setup_srdf_plugins/moveit_setup_srdf_plugins/virtual_joints_widget.h
[159.575s] -- Installing: /root/ros2_ws/install/moveit_setup_srdf_plugins/include/moveit_setup_srdf_plugins/moveit_setup_srdf_plugins/rotated_header_view.h
[159.575s] -- Installing: /root/ros2_ws/install/moveit_setup_srdf_plugins/share/moveit_setup_srdf_plugins/environment/library_path.sh
[159.575s] -- Installing: /root/ros2_ws/install/moveit_setup_srdf_plugins/share/moveit_setup_srdf_plugins/environment/library_path.dsv
[159.575s] -- Up-to-date: /root/ros2_ws/install/moveit_setup_srdf_plugins/share/moveit_setup_srdf_plugins/moveit_setup_framework_plugins.xml
[159.575s] -- Installing: /root/ros2_ws/install/moveit_setup_srdf_plugins/share/ament_index/resource_index/package_run_dependencies/moveit_setup_srdf_plugins
[159.575s] -- Installing: /root/ros2_ws/install/moveit_setup_srdf_plugins/share/ament_index/resource_index/parent_prefix_path/moveit_setup_srdf_plugins
[159.576s] -- Installing: /root/ros2_ws/install/moveit_setup_srdf_plugins/share/moveit_setup_srdf_plugins/environment/ament_prefix_path.sh
[159.576s] -- Installing: /root/ros2_ws/install/moveit_setup_srdf_plugins/share/moveit_setup_srdf_plugins/environment/ament_prefix_path.dsv
[159.576s] -- Installing: /root/ros2_ws/install/moveit_setup_srdf_plugins/share/moveit_setup_srdf_plugins/environment/path.sh
[159.576s] -- Installing: /root/ros2_ws/install/moveit_setup_srdf_plugins/share/moveit_setup_srdf_plugins/environment/path.dsv
[159.576s] -- Installing: /root/ros2_ws/install/moveit_setup_srdf_plugins/share/moveit_setup_srdf_plugins/local_setup.bash
[159.576s] -- Installing: /root/ros2_ws/install/moveit_setup_srdf_plugins/share/moveit_setup_srdf_plugins/local_setup.sh
[159.577s] -- Installing: /root/ros2_ws/install/moveit_setup_srdf_plugins/share/moveit_setup_srdf_plugins/local_setup.zsh
[159.577s] -- Installing: /root/ros2_ws/install/moveit_setup_srdf_plugins/share/moveit_setup_srdf_plugins/local_setup.dsv
[159.577s] -- Installing: /root/ros2_ws/install/moveit_setup_srdf_plugins/share/moveit_setup_srdf_plugins/package.dsv
[159.577s] -- Installing: /root/ros2_ws/install/moveit_setup_srdf_plugins/share/ament_index/resource_index/packages/moveit_setup_srdf_plugins
[159.577s] -- Installing: /root/ros2_ws/install/moveit_setup_srdf_plugins/share/ament_index/resource_index/moveit_setup_framework__pluginlib__plugin/moveit_setup_srdf_plugins
[159.578s] -- Installing: /root/ros2_ws/install/moveit_setup_srdf_plugins/share/moveit_setup_srdf_plugins/cmake/moveit_setup_srdf_pluginsTargetsExport.cmake
[159.578s] -- Installing: /root/ros2_ws/install/moveit_setup_srdf_plugins/share/moveit_setup_srdf_plugins/cmake/moveit_setup_srdf_pluginsTargetsExport-release.cmake
[159.578s] -- Installing: /root/ros2_ws/install/moveit_setup_srdf_plugins/share/moveit_setup_srdf_plugins/cmake/ament_cmake_export_targets-extras.cmake
[159.578s] -- Installing: /root/ros2_ws/install/moveit_setup_srdf_plugins/share/moveit_setup_srdf_plugins/cmake/moveit_setup_srdf_pluginsConfig.cmake
[159.579s] -- Installing: /root/ros2_ws/install/moveit_setup_srdf_plugins/share/moveit_setup_srdf_plugins/cmake/moveit_setup_srdf_pluginsConfig-version.cmake
[159.579s] -- Installing: /root/ros2_ws/install/moveit_setup_srdf_plugins/share/moveit_setup_srdf_plugins/package.xml
[159.583s] Invoked command in '/root/ros2_ws/build/moveit_setup_srdf_plugins' returned '0': AMENT_PREFIX_PATH=/root/ros2_ws/install/moveit_setup_framework:/root/ros2_ws/install/moveit_ros_visualization:/root/ros2_ws/install/moveit_ros_planning_interface:/root/ros2_ws/install/moveit_ros_move_group:/root/ros2_ws/install/moveit_ros_warehouse:/root/ros2_ws/install/moveit_ros_robot_interaction:/root/ros2_ws/install/moveit_kinematics:/root/ros2_ws/install/moveit_ros_planning:/root/ros2_ws/install/moveit_simple_controller_manager:/root/ros2_ws/install/moveit_ros_occupancy_map_monitor:/root/ros2_ws/install/moveit_core:/root/ros2_ws/install/moveit_resources_panda_moveit_config:/root/ros2_ws/install/moveit_resources_fanuc_moveit_config:/root/ros2_ws/install/moveit_resources_pr2_description:/root/ros2_ws/install/moveit_resources_panda_description:/root/ros2_ws/install/moveit_resources_fanuc_description:/root/ros2_ws/install/moveit_msgs:/root/ros2_ws/install/moveit_configs_utils:/root/ros2_ws/install/moveit_common:${AMENT_PREFIX_PATH} CMAKE_PREFIX_PATH=/root/ros2_ws/install/moveit_setup_framework:/root/ros2_ws/install/moveit_ros_visualization:/root/ros2_ws/install/moveit_ros_planning_interface:/root/ros2_ws/install/moveit_ros_move_group:/root/ros2_ws/install/moveit_ros_warehouse:/root/ros2_ws/install/moveit_ros_robot_interaction:/root/ros2_ws/install/moveit_kinematics:/root/ros2_ws/install/moveit_ros_planning:/root/ros2_ws/install/moveit_simple_controller_manager:/root/ros2_ws/install/moveit_ros_occupancy_map_monitor:/root/ros2_ws/install/moveit_core:/root/ros2_ws/install/moveit_resources_panda_moveit_config:/root/ros2_ws/install/moveit_resources_fanuc_moveit_config:/root/ros2_ws/install/moveit_resources_pr2_description:/root/ros2_ws/install/moveit_resources_panda_description:/root/ros2_ws/install/moveit_resources_fanuc_description:/root/ros2_ws/install/moveit_msgs:/root/ros2_ws/install/moveit_common:/opt/ros/jazzy/opt/gz_sim_vendor:/opt/ros/jazzy/opt/gz_sensors_vendor:/opt/ros/jazzy/opt/gz_physics_vendor:/opt/ros/jazzy/opt/sdformat_vendor:/opt/ros/jazzy/opt/gz_gui_vendor:/opt/ros/jazzy/opt/gz_transport_vendor:/opt/ros/jazzy/opt/gz_rendering_vendor:/opt/ros/jazzy/opt/gz_plugin_vendor:/opt/ros/jazzy/opt/gz_fuel_tools_vendor:/opt/ros/jazzy/opt/gz_msgs_vendor:/opt/ros/jazzy/opt/gz_common_vendor:/opt/ros/jazzy/opt/gz_math_vendor:/opt/ros/jazzy/opt/gz_utils_vendor:/opt/ros/jazzy/opt/gz_tools_vendor:/opt/ros/jazzy/opt/gz_ogre_next_vendor:/opt/ros/jazzy/opt/gz_dartsim_vendor:/opt/ros/jazzy/opt/gz_cmake_vendor:/opt/ros/jazzy LD_LIBRARY_PATH=/root/ros2_ws/install/moveit_setup_framework/lib:/root/ros2_ws/install/moveit_ros_visualization/lib:/root/ros2_ws/install/moveit_ros_planning_interface/lib:/root/ros2_ws/install/moveit_ros_move_group/lib:/root/ros2_ws/install/moveit_ros_warehouse/lib:/root/ros2_ws/install/moveit_ros_robot_interaction/lib:/root/ros2_ws/install/moveit_kinematics/lib:/root/ros2_ws/install/moveit_ros_planning/lib:/root/ros2_ws/install/moveit_simple_controller_manager/lib:/root/ros2_ws/install/moveit_ros_occupancy_map_monitor/lib:/root/ros2_ws/install/moveit_core/lib:/root/ros2_ws/install/moveit_msgs/lib:${LD_LIBRARY_PATH} PATH=/root/ros2_ws/install/moveit_core/bin:${PATH} PYTHONPATH=/root/ros2_ws/install/moveit_msgs/lib/python3.12/site-packages:/root/ros2_ws/install/moveit_configs_utils/lib/python3.12/site-packages:${PYTHONPATH} /usr/bin/cmake --install /root/ros2_ws/build/moveit_setup_srdf_plugins
