[0.013s] Invoking command in '/root/ros2_ws/build/moveit_core': AMENT_PREFIX_PATH=/root/ros2_ws/install/moveit_resources_panda_moveit_config:/root/ros2_ws/install/moveit_resources_pr2_description:/root/ros2_ws/install/moveit_resources_panda_description:/root/ros2_ws/install/moveit_msgs:/root/ros2_ws/install/moveit_common:${AMENT_PREFIX_PATH} CMAKE_PREFIX_PATH=/root/ros2_ws/install/moveit_resources_panda_moveit_config:/root/ros2_ws/install/moveit_resources_pr2_description:/root/ros2_ws/install/moveit_resources_panda_description:/root/ros2_ws/install/moveit_msgs:/root/ros2_ws/install/moveit_common:/opt/ros/jazzy/opt/gz_sim_vendor:/opt/ros/jazzy/opt/gz_sensors_vendor:/opt/ros/jazzy/opt/gz_physics_vendor:/opt/ros/jazzy/opt/sdformat_vendor:/opt/ros/jazzy/opt/gz_gui_vendor:/opt/ros/jazzy/opt/gz_transport_vendor:/opt/ros/jazzy/opt/gz_rendering_vendor:/opt/ros/jazzy/opt/gz_plugin_vendor:/opt/ros/jazzy/opt/gz_fuel_tools_vendor:/opt/ros/jazzy/opt/gz_msgs_vendor:/opt/ros/jazzy/opt/gz_common_vendor:/opt/ros/jazzy/opt/gz_math_vendor:/opt/ros/jazzy/opt/gz_utils_vendor:/opt/ros/jazzy/opt/gz_tools_vendor:/opt/ros/jazzy/opt/gz_ogre_next_vendor:/opt/ros/jazzy/opt/gz_dartsim_vendor:/opt/ros/jazzy/opt/gz_cmake_vendor:/opt/ros/jazzy LD_LIBRARY_PATH=/root/ros2_ws/install/moveit_msgs/lib:${LD_LIBRARY_PATH} PYTHONPATH=/root/ros2_ws/install/moveit_msgs/lib/python3.12/site-packages:${PYTHONPATH} /usr/bin/cmake /root/ros2_ws/src/moveit2/moveit_core -DCMAKE_INSTALL_PREFIX=/root/ros2_ws/install/moveit_core
[0.068s] -- The CXX compiler identification is GNU 13.3.0
[0.084s] -- Detecting CXX compiler ABI info
[0.172s] -- Detecting CXX compiler ABI info - done
[0.178s] -- Check for working CXX compiler: /usr/bin/c++ - skipped
[0.178s] -- Detecting CXX compile features
[0.178s] -- Detecting CXX compile features - done
[0.179s] -- Found moveit_common: 2.12.0 (/root/ros2_ws/install/moveit_common/share/moveit_common/cmake)
[0.183s] -- Found ament_cmake: 2.5.2 (/opt/ros/jazzy/share/ament_cmake/cmake)
[0.316s] -- Found Python3: /usr/bin/python3 (found version "3.12.3") found components: Interpreter 
[0.488s] [0mmoveit_core: You did not request a specific build type: Choosing 'Release' for maximum performance[0m
[0.492s] -- Found angles: 1.16.0 (/opt/ros/jazzy/share/angles/cmake)
[0.513s] -- Found Bullet: /usr/lib/x86_64-linux-gnu/libBulletDynamics.so (Required is at least version "2.87") 
[0.517s] -- Found common_interfaces: 5.3.5 (/opt/ros/jazzy/share/common_interfaces/cmake)
[0.520s] -- Found eigen_stl_containers: 1.0.0 (/opt/ros/jazzy/share/eigen_stl_containers/cmake)
[0.531s] -- Found eigen3_cmake_module: 0.3.0 (/opt/ros/jazzy/share/eigen3_cmake_module/cmake)
[0.541s] -- Found Eigen3: TRUE (found version "3.4.0") 
[0.550s] -- Found generate_parameter_library: 0.4.0 (/opt/ros/jazzy/share/generate_parameter_library/cmake)
[0.556s] -- Found parameter_traits: 0.4.0 (/opt/ros/jazzy/share/parameter_traits/cmake)
[0.599s] -- Found rosidl_generator_c: 4.6.4 (/opt/ros/jazzy/share/rosidl_generator_c/cmake)
[0.614s] -- Found rosidl_generator_cpp: 4.6.4 (/opt/ros/jazzy/share/rosidl_generator_cpp/cmake)
[0.631s] -- Using all available rosidl_typesupport_c: rosidl_typesupport_fastrtps_c;rosidl_typesupport_introspection_c
[0.649s] -- Using all available rosidl_typesupport_cpp: rosidl_typesupport_fastrtps_cpp;rosidl_typesupport_introspection_cpp
[0.724s] -- Found rmw_implementation_cmake: 7.3.1 (/opt/ros/jazzy/share/rmw_implementation_cmake/cmake)
[0.728s] -- Found rmw_fastrtps_cpp: 8.4.1 (/opt/ros/jazzy/share/rmw_fastrtps_cpp/cmake)
[0.808s] -- Found OpenSSL: /usr/lib/x86_64-linux-gnu/libcrypto.so (found version "3.0.13")  
[0.822s] -- Found FastRTPS: /opt/ros/jazzy/include (Required is at least version "2.13") 
[0.841s] -- Using RMW implementation 'rmw_fastrtps_cpp' as default
[0.920s] -- Found rclcpp_lifecycle: 28.1.5 (/opt/ros/jazzy/share/rclcpp_lifecycle/cmake)
[0.951s] -- Found geometric_shapes: 2.3.1 (/opt/ros/jazzy/share/geometric_shapes/cmake)
[0.967s] -- Found Boost: /usr/lib/x86_64-linux-gnu/cmake/Boost-1.83.0/BoostConfig.cmake (found version "1.83.0") found components: filesystem 
[1.081s] -- Found kdl_parser: 2.11.0 (/opt/ros/jazzy/share/kdl_parser/cmake)
[1.091s] -- Ensuring Eigen3 include directory is part of orocos-kdl CMake target
[1.095s] -- Found moveit_msgs: 2.6.0 (/root/ros2_ws/install/moveit_msgs/share/moveit_msgs/cmake)
[1.247s] -- Found pluginlib: 5.4.2 (/opt/ros/jazzy/share/pluginlib/cmake)
[1.261s] -- Found srdfdom: 2.0.5 (/opt/ros/jazzy/share/srdfdom/cmake)
[1.276s] -- Found tf2_eigen: 0.36.4 (/opt/ros/jazzy/share/tf2_eigen/cmake)
[1.362s] -- Found tf2_geometry_msgs: 0.36.4 (/opt/ros/jazzy/share/tf2_geometry_msgs/cmake)
[1.368s] -- Found tf2_kdl: 0.36.4 (/opt/ros/jazzy/share/tf2_kdl/cmake)
[1.505s] -- Found Boost: /usr/lib/x86_64-linux-gnu/cmake/Boost-1.83.0/BoostConfig.cmake (found version "1.83.0") found components: chrono date_time filesystem iostreams program_options regex serialization system thread 
[1.509s] -- Performing Test COMPILER_HAS_HIDDEN_VISIBILITY
[1.605s] -- Performing Test COMPILER_HAS_HIDDEN_VISIBILITY - Success
[1.605s] -- Performing Test COMPILER_HAS_HIDDEN_INLINE_VISIBILITY
[1.708s] -- Performing Test COMPILER_HAS_HIDDEN_INLINE_VISIBILITY - Success
[1.708s] -- Performing Test COMPILER_HAS_DEPRECATED_ATTR
[1.800s] -- Performing Test COMPILER_HAS_DEPRECATED_ATTR - Success
[1.808s] -- Found ament_cmake_gtest: 2.5.2 (/opt/ros/jazzy/share/ament_cmake_gtest/cmake)
[1.812s] -- Found gtest sources under '/opt/ros/jazzy/src/gtest_vendor': C++ tests using 'Google Test' will be built
[1.847s] -- The C compiler identification is GNU 13.3.0
[1.858s] -- Detecting C compiler ABI info
[1.950s] -- Detecting C compiler ABI info - done
[1.960s] -- Check for working C compiler: /usr/bin/cc - skipped
[1.960s] -- Detecting C compile features
[1.961s] -- Detecting C compile features - done
[1.964s] -- Found Threads: TRUE  
[1.972s] -- Found gtest sources under '/opt/ros/jazzy/src/gtest_vendor': C++ tests using 'Google Test' will be built
[1.980s] -- Found gtest sources under '/opt/ros/jazzy/src/gtest_vendor': C++ tests using 'Google Test' will be built
[1.987s] -- Found ament_cmake_gtest: 2.5.2 (/opt/ros/jazzy/share/ament_cmake_gtest/cmake)
[1.988s] -- Found gtest sources under '/opt/ros/jazzy/src/gtest_vendor': C++ tests using 'Google Test' will be built
[1.996s] -- Found ament_cmake_gmock: 2.5.2 (/opt/ros/jazzy/share/ament_cmake_gmock/cmake)
[2.002s] -- Found gmock sources under '/opt/ros/jazzy/src/gmock_vendor': C++ tests using 'Google Mock' will be built
[2.005s] -- Found ament_cmake_gtest: 2.5.2 (/opt/ros/jazzy/share/ament_cmake_gtest/cmake)
[2.005s] -- Found gtest sources under '/opt/ros/jazzy/src/gtest_vendor': C++ tests using 'Google Test' will be built
[2.011s] -- Found ament_cmake_gtest: 2.5.2 (/opt/ros/jazzy/share/ament_cmake_gtest/cmake)
[2.012s] -- Found gtest sources under '/opt/ros/jazzy/src/gtest_vendor': C++ tests using 'Google Test' will be built
[2.023s] -- Found ament_cmake_gtest: 2.5.2 (/opt/ros/jazzy/share/ament_cmake_gtest/cmake)
[2.024s] -- Found gtest sources under '/opt/ros/jazzy/src/gtest_vendor': C++ tests using 'Google Test' will be built
[2.041s] -- Found ament_cmake_gtest: 2.5.2 (/opt/ros/jazzy/share/ament_cmake_gtest/cmake)
[2.042s] -- Found gtest sources under '/opt/ros/jazzy/src/gtest_vendor': C++ tests using 'Google Test' will be built
[2.051s] -- Found ament_cmake_gtest: 2.5.2 (/opt/ros/jazzy/share/ament_cmake_gtest/cmake)
[2.052s] -- Found gtest sources under '/opt/ros/jazzy/src/gtest_vendor': C++ tests using 'Google Test' will be built
[2.060s] -- Found ament_cmake_gtest: 2.5.2 (/opt/ros/jazzy/share/ament_cmake_gtest/cmake)
[2.060s] -- Found gtest sources under '/opt/ros/jazzy/src/gtest_vendor': C++ tests using 'Google Test' will be built
[2.069s] -- Found ament_cmake_google_benchmark: 2.5.3 (/opt/ros/jazzy/share/ament_cmake_google_benchmark/cmake)
[2.070s] -- Found ament_cmake_gtest: 2.5.2 (/opt/ros/jazzy/share/ament_cmake_gtest/cmake)
[2.073s] -- Found gtest sources under '/opt/ros/jazzy/src/gtest_vendor': C++ tests using 'Google Test' will be built
[2.080s] -- Performance tests are disabled by default, so Google Benchmark tests will be skipped. To enable these tests, set the CMake variable 'AMENT_RUN_PERFORMANCE_TESTS'.
[2.082s] -- Found gtest sources under '/opt/ros/jazzy/src/gtest_vendor': C++ tests using 'Google Test' will be built
[2.088s] -- Found ament_cmake_google_benchmark: 2.5.3 (/opt/ros/jazzy/share/ament_cmake_google_benchmark/cmake)
[2.088s] -- Found ament_cmake_gtest: 2.5.2 (/opt/ros/jazzy/share/ament_cmake_gtest/cmake)
[2.090s] -- Found gtest sources under '/opt/ros/jazzy/src/gtest_vendor': C++ tests using 'Google Test' will be built
[2.094s] -- Performance tests are disabled by default, so Google Benchmark tests will be skipped. To enable these tests, set the CMake variable 'AMENT_RUN_PERFORMANCE_TESTS'.
[2.098s] -- Found ament_cmake_gtest: 2.5.2 (/opt/ros/jazzy/share/ament_cmake_gtest/cmake)
[2.099s] -- Found gtest sources under '/opt/ros/jazzy/src/gtest_vendor': C++ tests using 'Google Test' will be built
[2.112s] -- Found launch_testing_ament_cmake: 3.4.2 (/opt/ros/jazzy/share/launch_testing_ament_cmake/cmake)
[2.115s] -- Found python_cmake_module: 0.11.1 (/opt/ros/jazzy/share/python_cmake_module/cmake)
[2.219s] -- Found PythonExtra: /usr/bin/python3  
[2.222s] --  *** Building MoveIt 2.12.0 devel ***
[2.227s] -- Configuring done (2.2s)
[2.672s] -- Generating done (0.4s)
[2.785s] -- Build files have been written to: /root/ros2_ws/build/moveit_core
[2.816s] Invoked command in '/root/ros2_ws/build/moveit_core' returned '0': AMENT_PREFIX_PATH=/root/ros2_ws/install/moveit_resources_panda_moveit_config:/root/ros2_ws/install/moveit_resources_pr2_description:/root/ros2_ws/install/moveit_resources_panda_description:/root/ros2_ws/install/moveit_msgs:/root/ros2_ws/install/moveit_common:${AMENT_PREFIX_PATH} CMAKE_PREFIX_PATH=/root/ros2_ws/install/moveit_resources_panda_moveit_config:/root/ros2_ws/install/moveit_resources_pr2_description:/root/ros2_ws/install/moveit_resources_panda_description:/root/ros2_ws/install/moveit_msgs:/root/ros2_ws/install/moveit_common:/opt/ros/jazzy/opt/gz_sim_vendor:/opt/ros/jazzy/opt/gz_sensors_vendor:/opt/ros/jazzy/opt/gz_physics_vendor:/opt/ros/jazzy/opt/sdformat_vendor:/opt/ros/jazzy/opt/gz_gui_vendor:/opt/ros/jazzy/opt/gz_transport_vendor:/opt/ros/jazzy/opt/gz_rendering_vendor:/opt/ros/jazzy/opt/gz_plugin_vendor:/opt/ros/jazzy/opt/gz_fuel_tools_vendor:/opt/ros/jazzy/opt/gz_msgs_vendor:/opt/ros/jazzy/opt/gz_common_vendor:/opt/ros/jazzy/opt/gz_math_vendor:/opt/ros/jazzy/opt/gz_utils_vendor:/opt/ros/jazzy/opt/gz_tools_vendor:/opt/ros/jazzy/opt/gz_ogre_next_vendor:/opt/ros/jazzy/opt/gz_dartsim_vendor:/opt/ros/jazzy/opt/gz_cmake_vendor:/opt/ros/jazzy LD_LIBRARY_PATH=/root/ros2_ws/install/moveit_msgs/lib:${LD_LIBRARY_PATH} PYTHONPATH=/root/ros2_ws/install/moveit_msgs/lib/python3.12/site-packages:${PYTHONPATH} /usr/bin/cmake /root/ros2_ws/src/moveit2/moveit_core -DCMAKE_INSTALL_PREFIX=/root/ros2_ws/install/moveit_core
[2.817s] Invoking command in '/root/ros2_ws/build/moveit_core': AMENT_PREFIX_PATH=/root/ros2_ws/install/moveit_resources_panda_moveit_config:/root/ros2_ws/install/moveit_resources_pr2_description:/root/ros2_ws/install/moveit_resources_panda_description:/root/ros2_ws/install/moveit_msgs:/root/ros2_ws/install/moveit_common:${AMENT_PREFIX_PATH} CMAKE_PREFIX_PATH=/root/ros2_ws/install/moveit_resources_panda_moveit_config:/root/ros2_ws/install/moveit_resources_pr2_description:/root/ros2_ws/install/moveit_resources_panda_description:/root/ros2_ws/install/moveit_msgs:/root/ros2_ws/install/moveit_common:/opt/ros/jazzy/opt/gz_sim_vendor:/opt/ros/jazzy/opt/gz_sensors_vendor:/opt/ros/jazzy/opt/gz_physics_vendor:/opt/ros/jazzy/opt/sdformat_vendor:/opt/ros/jazzy/opt/gz_gui_vendor:/opt/ros/jazzy/opt/gz_transport_vendor:/opt/ros/jazzy/opt/gz_rendering_vendor:/opt/ros/jazzy/opt/gz_plugin_vendor:/opt/ros/jazzy/opt/gz_fuel_tools_vendor:/opt/ros/jazzy/opt/gz_msgs_vendor:/opt/ros/jazzy/opt/gz_common_vendor:/opt/ros/jazzy/opt/gz_math_vendor:/opt/ros/jazzy/opt/gz_utils_vendor:/opt/ros/jazzy/opt/gz_tools_vendor:/opt/ros/jazzy/opt/gz_ogre_next_vendor:/opt/ros/jazzy/opt/gz_dartsim_vendor:/opt/ros/jazzy/opt/gz_cmake_vendor:/opt/ros/jazzy LD_LIBRARY_PATH=/root/ros2_ws/install/moveit_msgs/lib:${LD_LIBRARY_PATH} PYTHONPATH=/root/ros2_ws/install/moveit_msgs/lib/python3.12/site-packages:${PYTHONPATH} /usr/bin/cmake --build /root/ros2_ws/build/moveit_core -- -j20 -l20
[2.880s] [  1%] [32mBuilding CXX object gmock/CMakeFiles/gmock.dir/src/gmock-all.cc.o[0m
[2.880s] [  2%] [34m[1mRunning `/opt/ros/jazzy/bin/generate_parameter_library_cpp /root/ros2_ws/build/moveit_core/online_signal_smoothing/include/moveit_core/moveit_acceleration_filter_parameters.hpp /root/ros2_ws/src/moveit2/moveit_core/online_signal_smoothing/src/acceleration_filter_parameters.yaml `[0m
[2.880s] [  3%] [32mBuilding CXX object utils/CMakeFiles/moveit_utils.dir/src/lexical_casts.cpp.o[0m
[2.880s] [  4%] [32mBuilding CXX object utils/CMakeFiles/moveit_utils.dir/src/rclcpp_utils.cpp.o[0m
[2.883s] [  4%] [32mBuilding CXX object utils/CMakeFiles/moveit_utils.dir/src/logger.cpp.o[0m
[2.885s] [  4%] [32mBuilding CXX object gmock/CMakeFiles/gmock.dir/opt/ros/jazzy/src/gtest_vendor/src/gtest-all.cc.o[0m
[2.885s] [  4%] [32mBuilding CXX object utils/CMakeFiles/moveit_utils.dir/src/message_checks.cpp.o[0m
[2.887s] [  5%] [32mBuilding CXX object gmock/CMakeFiles/gmock_main.dir/src/gmock_main.cc.o[0m
[2.888s] [  5%] [32mBuilding CXX object gtest/CMakeFiles/gtest.dir/src/gtest-all.cc.o[0m
[2.888s] [  5%] [32mBuilding CXX object gtest/CMakeFiles/gtest_main.dir/src/gtest_main.cc.o[0m
[2.889s] [  6%] [32mBuilding CXX object online_signal_smoothing/CMakeFiles/moveit_smoothing_base.dir/src/smoothing_base_class.cpp.o[0m
[2.890s] [  7%] [34m[1mRunning `/opt/ros/jazzy/bin/generate_parameter_library_cpp /root/ros2_ws/build/moveit_core/online_signal_smoothing/include/moveit_core/moveit_butterworth_filter_parameters.hpp /root/ros2_ws/src/moveit2/moveit_core/online_signal_smoothing/src/butterworth_parameters.yaml `[0m
[2.893s] [  8%] [34m[1mRunning `/opt/ros/jazzy/bin/generate_parameter_library_cpp /root/ros2_ws/build/moveit_core/online_signal_smoothing/include/moveit_core/moveit_ruckig_filter_parameters.hpp /root/ros2_ws/src/moveit2/moveit_core/online_signal_smoothing/src/ruckig_filter_parameters.yaml `[0m
[2.895s] [  9%] [34m[1mGenerate version header[0m
[2.968s] [ 10%] [34m[1mGenerating version.hpp[0m
[2.986s] [ 10%] Built target version_hpp
[3.028s] [ 10%] [32mBuilding CXX object version/CMakeFiles/moveit_version.dir/version.cpp.o[0m
[3.622s] [ 11%] [32m[1mLinking CXX executable moveit_version[0m
[3.641s] [ 11%] [34m[1mCreating deprecated header file /root/ros2_ws/build/moveit_core/online_signal_smoothing/include/moveit_acceleration_filter_parameters.hpp[0m
[3.726s] [ 11%] Built target moveit_acceleration_filter_parameters
[3.734s] [ 11%] Built target moveit_version
[3.814s] [ 11%] [34m[1mCreating deprecated header file /root/ros2_ws/build/moveit_core/online_signal_smoothing/include/moveit_ruckig_filter_parameters.hpp[0m
[3.877s] [ 11%] Built target moveit_ruckig_filter_parameters
[3.982s] [ 11%] [34m[1mCreating deprecated header file /root/ros2_ws/build/moveit_core/online_signal_smoothing/include/moveit_butterworth_filter_parameters.hpp[0m
[4.066s] [ 11%] Built target moveit_butterworth_filter_parameters
[4.604s] [ 12%] [32m[1mLinking CXX static library libgtest_main.a[0m
[4.701s] [ 12%] Built target gtest_main
[4.794s] [ 13%] [32m[1mLinking CXX static library libgmock_main.a[0m
[4.884s] [ 13%] Built target gmock_main
[6.536s] [ 14%] [32m[1mLinking CXX shared library libmoveit_utils.so[0m
[6.674s] [ 15%] [32m[1mLinking CXX shared library libmoveit_smoothing_base.so[0m
[6.896s] [ 15%] Built target moveit_utils
[6.924s] [ 15%] [32mBuilding CXX object transforms/CMakeFiles/moveit_transforms.dir/src/transforms.cpp.o[0m
[6.925s] [ 15%] [32mBuilding CXX object utils/test/CMakeFiles/logger_dut.dir/logger_dut.cpp.o[0m
[6.925s] [ 16%] [32mBuilding CXX object distance_field/CMakeFiles/moveit_distance_field.dir/src/propagation_distance_field.cpp.o[0m
[6.929s] [ 16%] [32mBuilding CXX object distance_field/CMakeFiles/moveit_distance_field.dir/src/find_internal_points.cpp.o[0m
[6.929s] [ 17%] [32mBuilding CXX object exceptions/CMakeFiles/moveit_exceptions.dir/src/exceptions.cpp.o[0m
[6.930s] [ 18%] [32mBuilding CXX object distance_field/CMakeFiles/moveit_distance_field.dir/src/distance_field.cpp.o[0m
[7.760s] [ 18%] Built target moveit_smoothing_base
[7.777s] [ 19%] [32m[1mLinking CXX shared library libmoveit_exceptions.so[0m
[7.937s] [ 19%] Built target moveit_exceptions
[7.974s] [ 20%] [32mBuilding CXX object robot_model/CMakeFiles/moveit_robot_model.dir/src/floating_joint_model.cpp.o[0m
[7.974s] [ 20%] [32mBuilding CXX object robot_model/CMakeFiles/moveit_robot_model.dir/src/fixed_joint_model.cpp.o[0m
[7.974s] [ 20%] [32mBuilding CXX object robot_model/CMakeFiles/moveit_robot_model.dir/src/joint_model.cpp.o[0m
[7.975s] [ 21%] [32mBuilding CXX object robot_model/CMakeFiles/moveit_robot_model.dir/src/link_model.cpp.o[0m
[7.975s] [ 22%] [32mBuilding CXX object robot_model/CMakeFiles/moveit_robot_model.dir/src/aabb.cpp.o[0m
[7.975s] [ 23%] [32mBuilding CXX object robot_model/CMakeFiles/moveit_robot_model.dir/src/joint_model_group.cpp.o[0m
[7.976s] [ 23%] [32mBuilding CXX object robot_model/CMakeFiles/moveit_robot_model.dir/src/planar_joint_model.cpp.o[0m
[7.984s] [ 24%] [32mBuilding CXX object robot_model/CMakeFiles/moveit_robot_model.dir/src/prismatic_joint_model.cpp.o[0m
[7.988s] [ 25%] [32mBuilding CXX object robot_model/CMakeFiles/moveit_robot_model.dir/src/robot_model.cpp.o[0m
[7.988s] [ 25%] [32mBuilding CXX object robot_model/CMakeFiles/moveit_robot_model.dir/src/revolute_joint_model.cpp.o[0m
[14.668s] [ 26%] [32m[1mLinking CXX executable logger_dut[0m
[15.077s] [ 26%] Built target logger_dut
[17.532s] [ 27%] [32m[1mLinking CXX static library libgtest.a[0m
[17.629s] [ 27%] Built target gtest
[18.116s] [ 28%] [32m[1mLinking CXX shared library libmoveit_transforms.so[0m
[18.282s] [ 28%] Built target moveit_transforms
[18.310s] [ 29%] [32mBuilding CXX object transforms/CMakeFiles/test_transforms.dir/test/test_transforms.cpp.o[0m
[18.435s] [ 29%] [32m[1mLinking CXX static library libgmock.a[0m
[18.523s] [ 29%] Built target gmock
[20.717s] [ 29%] [32m[1mLinking CXX executable test_transforms[0m
[20.846s] [ 29%] Built target test_transforms
[20.908s] [ 29%] [32m[1mLinking CXX shared library libmoveit_distance_field.so[0m
[21.043s] [ 29%] Built target moveit_distance_field
[21.063s] [ 29%] [32mBuilding CXX object distance_field/CMakeFiles/test_distance_field.dir/test/test_distance_field.cpp.o[0m
[21.064s] [ 30%] [32mBuilding CXX object distance_field/CMakeFiles/test_voxel_grid.dir/test/test_voxel_grid.cpp.o[0m
[22.567s] [ 30%] [32m[1mLinking CXX shared library libmoveit_robot_model.so[0m
[22.703s] [ 30%] Built target moveit_robot_model
[22.730s] [ 32%] [32mBuilding CXX object kinematics_base/CMakeFiles/moveit_kinematics_base.dir/src/kinematics_base.cpp.o[0m
[22.730s] [ 32%] [32mBuilding CXX object online_signal_smoothing/CMakeFiles/moveit_butterworth_filter.dir/src/butterworth_filter.cpp.o[0m
[23.589s] [ 32%] [32m[1mLinking CXX executable test_voxel_grid[0m
[24.077s] [ 32%] Built target test_voxel_grid
[25.942s] [ 32%] [32m[1mLinking CXX shared library libmoveit_kinematics_base.so[0m
[26.044s] [ 32%] Built target moveit_kinematics_base
[26.069s] [ 34%] [32mBuilding CXX object robot_state/CMakeFiles/moveit_robot_state.dir/src/robot_state.cpp.o[0m
[26.069s] [ 34%] [32mBuilding CXX object robot_state/CMakeFiles/moveit_robot_state.dir/src/cartesian_interpolator.cpp.o[0m
[26.072s] [ 34%] [32mBuilding CXX object utils/CMakeFiles/moveit_test_utils.dir/src/robot_model_test_utils.cpp.o[0m
[26.072s] [ 35%] [32mBuilding CXX object robot_state/CMakeFiles/moveit_robot_state.dir/src/attached_body.cpp.o[0m
[26.072s] [ 35%] [32mBuilding CXX object robot_state/CMakeFiles/moveit_robot_state.dir/src/conversions.cpp.o[0m
[27.399s] [ 35%] [32m[1mLinking CXX shared library libmoveit_butterworth_filter.so[0m
[27.618s] [ 35%] Built target moveit_butterworth_filter
[27.655s] [ 35%] [32mBuilding CXX object online_signal_smoothing/CMakeFiles/test_butterworth_filter.dir/test/test_butterworth_filter.cpp.o[0m
[28.146s] [ 36%] [32m[1mLinking CXX executable test_distance_field[0m
[28.411s] [ 36%] Built target test_distance_field
[32.325s] [ 37%] [32m[1mLinking CXX executable test_butterworth_filter[0m
[32.505s] [ 37%] Built target test_butterworth_filter
[39.188s] [ 38%] [32m[1mLinking CXX shared library libmoveit_test_utils.so[0m
[39.310s] [ 38%] Built target moveit_test_utils
[39.329s] [ 39%] [32mBuilding CXX object robot_model/CMakeFiles/test_robot_model.dir/test/test.cpp.o[0m
[41.773s] [ 39%] [32m[1mLinking CXX shared library libmoveit_robot_state.so[0m
[41.931s] [ 39%] Built target moveit_robot_state
[41.967s] [ 40%] [32mBuilding CXX object robot_state/CMakeFiles/test_robot_state.dir/test/robot_state_test.cpp.o[0m
[41.972s] [ 41%] [32mBuilding CXX object robot_state/CMakeFiles/test_aabb.dir/test/test_aabb.cpp.o[0m
[41.972s] [ 41%] [32mBuilding CXX object robot_state/CMakeFiles/robot_state_benchmark.dir/test/robot_state_benchmark.cpp.o[0m
[41.974s] [ 41%] [32mBuilding CXX object online_signal_smoothing/CMakeFiles/moveit_acceleration_filter.dir/src/acceleration_filter.cpp.o[0m
[41.982s] [ 41%] [32mBuilding CXX object robot_state/CMakeFiles/test_robot_state_complex.dir/test/test_kinematic_complex.cpp.o[0m
[41.984s] [ 42%] [32mBuilding CXX object collision_detection/CMakeFiles/moveit_collision_detection.dir/src/allvalid/collision_env_allvalid.cpp.o[0m
[41.985s] [ 42%] [32mBuilding CXX object collision_detection/CMakeFiles/moveit_collision_detection.dir/src/collision_tools.cpp.o[0m
[41.985s] [ 43%] [32mBuilding CXX object collision_detection/CMakeFiles/moveit_collision_detection.dir/src/collision_matrix.cpp.o[0m
[41.985s] [ 43%] [32mBuilding CXX object collision_detection/CMakeFiles/moveit_collision_detection.dir/src/collision_common.cpp.o[0m
[41.986s] [ 44%] [32mBuilding CXX object robot_trajectory/CMakeFiles/moveit_robot_trajectory.dir/src/robot_trajectory.cpp.o[0m
[41.986s] [ 45%] [32mBuilding CXX object collision_detection/CMakeFiles/moveit_collision_detection.dir/src/world.cpp.o[0m
[41.987s] [ 46%] [32mBuilding CXX object dynamics_solver/CMakeFiles/moveit_dynamics_solver.dir/src/dynamics_solver.cpp.o[0m
[41.989s] [ 46%] [32mBuilding CXX object collision_detection/CMakeFiles/moveit_collision_detection.dir/src/world_diff.cpp.o[0m
[41.992s] [ 46%] [32mBuilding CXX object collision_detection/CMakeFiles/moveit_collision_detection.dir/src/collision_plugin_cache.cpp.o[0m
[41.993s] [ 47%] [32mBuilding CXX object online_signal_smoothing/CMakeFiles/moveit_ruckig_filter.dir/src/ruckig_filter.cpp.o[0m
[41.993s] [ 48%] [32mBuilding CXX object collision_detection/CMakeFiles/moveit_collision_detection.dir/src/collision_octomap_filter.cpp.o[0m
[41.995s] [ 49%] [32mBuilding CXX object kinematics_metrics/CMakeFiles/moveit_kinematics_metrics.dir/src/kinematics_metrics.cpp.o[0m
[41.995s] [ 49%] [32mBuilding CXX object robot_state/CMakeFiles/test_cartesian_interpolator.dir/test/test_cartesian_interpolator.cpp.o[0m
[41.996s] [ 50%] [32mBuilding CXX object collision_detection/CMakeFiles/moveit_collision_detection.dir/src/collision_env.cpp.o[0m
[43.945s] [ 50%] [32m[1mLinking CXX executable test_robot_model[0m
[44.449s] [ 50%] Built target test_robot_model
[55.401s] [ 50%] [32m[1mLinking CXX shared library libmoveit_dynamics_solver.so[0m
[55.668s] [ 50%] Built target moveit_dynamics_solver
[56.562s] [ 51%] [32m[1mLinking CXX executable robot_state_benchmark[0m
[57.135s] [ 51%] Built target robot_state_benchmark
[57.160s] [ 52%] [32m[1mLinking CXX executable test_robot_state_complex[0m
[57.554s] [ 52%] Built target test_robot_state_complex
[57.587s] [ 53%] [32m[1mLinking CXX executable test_cartesian_interpolator[0m
[58.009s] [ 53%] Built target test_cartesian_interpolator
[58.244s] [ 53%] [32m[1mLinking CXX executable test_aabb[0m
[58.632s] [ 53%] Built target test_aabb
[60.579s] [ 54%] [32m[1mLinking CXX shared library libmoveit_acceleration_filter.so[0m
[60.725s] [ 54%] [32m[1mLinking CXX shared library libmoveit_ruckig_filter.so[0m
[60.801s] [ 54%] Built target moveit_acceleration_filter
[60.837s] [ 55%] [32mBuilding CXX object online_signal_smoothing/CMakeFiles/test_acceleration_filter.dir/test/test_acceleration_filter.cpp.o[0m
[60.985s] [ 55%] Built target moveit_ruckig_filter
[61.650s] [ 55%] [32m[1mLinking CXX shared library libmoveit_robot_trajectory.so[0m
[61.899s] [ 55%] Built target moveit_robot_trajectory
[61.931s] [ 55%] [32mBuilding CXX object robot_trajectory/CMakeFiles/test_robot_trajectory.dir/test/test_robot_trajectory.cpp.o[0m
[61.935s] [ 55%] [32mBuilding CXX object trajectory_processing/CMakeFiles/moveit_trajectory_processing.dir/src/ruckig_traj_smoothing.cpp.o[0m
[61.942s] [ 56%] [32mBuilding CXX object trajectory_processing/CMakeFiles/moveit_trajectory_processing.dir/src/trajectory_tools.cpp.o[0m
[61.942s] [ 56%] [32mBuilding CXX object trajectory_processing/CMakeFiles/moveit_trajectory_processing.dir/src/time_optimal_trajectory_generation.cpp.o[0m
[62.609s] [ 57%] [32m[1mLinking CXX executable test_robot_state[0m
[63.187s] [ 57%] Built target test_robot_state
[63.689s] [ 58%] [32m[1mLinking CXX shared library libmoveit_collision_detection.so[0m
[63.953s] [ 58%] Built target moveit_collision_detection
[63.986s] [ 59%] [32mBuilding CXX object collision_detection/CMakeFiles/test_world.dir/test/test_world.cpp.o[0m
[64.008s] [ 59%] [32mBuilding CXX object collision_detection_bullet/CMakeFiles/moveit_collision_detection_bullet.dir/src/bullet_integration/bullet_utils.cpp.o[0m
[64.008s] [ 60%] [32mBuilding CXX object collision_detection_bullet/CMakeFiles/moveit_collision_detection_bullet.dir/src/bullet_integration/ros_bullet_utils.cpp.o[0m
[64.009s] [ 60%] [32mBuilding CXX object collision_detection_fcl/CMakeFiles/moveit_collision_detection_fcl.dir/src/collision_env_fcl.cpp.o[0m
[64.010s] [ 62%] [32mBuilding CXX object collision_detection_bullet/CMakeFiles/moveit_collision_detection_bullet.dir/src/bullet_integration/bullet_discrete_bvh_manager.cpp.o[0m
[64.010s] [ 62%] [32mBuilding CXX object collision_detection_bullet/CMakeFiles/moveit_collision_detection_bullet.dir/src/bullet_integration/bullet_cast_bvh_manager.cpp.o[0m
[64.010s] [ 62%] [32mBuilding CXX object collision_detection_bullet/CMakeFiles/moveit_collision_detection_bullet.dir/src/bullet_integration/contact_checker_common.cpp.o[0m
[64.011s] [ 62%] [32mBuilding CXX object collision_detection_bullet/CMakeFiles/moveit_collision_detection_bullet.dir/src/collision_env_bullet.cpp.o[0m
[64.013s] [ 63%] [32mBuilding CXX object collision_detection_fcl/CMakeFiles/moveit_collision_detection_fcl.dir/src/collision_common.cpp.o[0m
[64.015s] [ 64%] [32mBuilding CXX object collision_detection/CMakeFiles/test_all_valid.dir/test/test_all_valid.cpp.o[0m
[64.018s] [ 65%] [32mBuilding CXX object collision_detection/CMakeFiles/test_world_diff.dir/test/test_world_diff.cpp.o[0m
[64.018s] [ 66%] [32mBuilding CXX object collision_detection_bullet/CMakeFiles/moveit_collision_detection_bullet.dir/src/bullet_integration/bullet_bvh_manager.cpp.o[0m
[75.524s] [ 66%] [32m[1mLinking CXX executable test_acceleration_filter[0m
[76.179s] [ 66%] Built target test_acceleration_filter
[76.276s] [ 66%] [32m[1mLinking CXX shared library libmoveit_kinematics_metrics.so[0m
[76.764s] [ 66%] Built target moveit_kinematics_metrics
[78.020s] [ 66%] [32m[1mLinking CXX executable test_world_diff[0m
[78.501s] [ 66%] Built target test_world_diff
[79.644s] [ 67%] [32m[1mLinking CXX shared library libmoveit_trajectory_processing.so[0m
[79.876s] [ 67%] [32m[1mLinking CXX executable test_world[0m
[79.934s] [ 67%] Built target moveit_trajectory_processing
[79.967s] [ 67%] [32mBuilding CXX object trajectory_processing/CMakeFiles/test_time_optimal_trajectory_generation.dir/test/test_time_optimal_trajectory_generation.cpp.o[0m
[79.974s] [ 68%] [32mBuilding CXX object trajectory_processing/CMakeFiles/robot_trajectory_benchmark.dir/test/robot_trajectory_benchmark.cpp.o[0m
[79.981s] [ 68%] [32mBuilding CXX object trajectory_processing/CMakeFiles/test_ruckig_traj_smoothing.dir/test/test_ruckig_traj_smoothing.cpp.o[0m
[80.139s] [ 68%] [32m[1mLinking CXX executable test_all_valid[0m
[80.242s] [ 68%] Built target test_world
[80.454s] [ 68%] Built target test_all_valid
[81.752s] [ 69%] [32m[1mLinking CXX shared library libmoveit_collision_detection_fcl.so[0m
[82.006s] [ 69%] Built target moveit_collision_detection_fcl
[82.044s] [ 69%] [32mBuilding CXX object collision_detection_fcl/CMakeFiles/test_fcl_collision_detection.dir/test/test_fcl_collision_detection_pr2.cpp.o[0m
[82.048s] [ 69%] [32mBuilding CXX object collision_detection_fcl/CMakeFiles/test_fcl_collision_detection_panda.dir/test/test_fcl_collision_detection_panda.cpp.o[0m
[82.050s] [ 69%] [32mBuilding CXX object collision_detection_fcl/CMakeFiles/test_fcl_collision_env.dir/test/test_fcl_env.cpp.o[0m
[82.058s] [ 70%] [32mBuilding CXX object kinematic_constraints/CMakeFiles/moveit_kinematic_constraints.dir/src/utils.cpp.o[0m
[82.058s] [ 70%] [32mBuilding CXX object kinematic_constraints/CMakeFiles/moveit_kinematic_constraints.dir/src/kinematic_constraint.cpp.o[0m
[82.921s] [ 70%] [32m[1mLinking CXX shared library libmoveit_collision_detection_bullet.so[0m
[83.181s] [ 70%] Built target moveit_collision_detection_bullet
[83.212s] [ 70%] [32mBuilding CXX object collision_detection_bullet/CMakeFiles/test_bullet_continuous_collision_checking.dir/test/test_bullet_continuous_collision_checking.cpp.o[0m
[83.224s] [ 70%] [32mBuilding CXX object collision_detection_bullet/CMakeFiles/test_bullet_collision_detection_panda.dir/test/test_bullet_collision_detection_panda.cpp.o[0m
[83.224s] [ 71%] [32mBuilding CXX object collision_detection_bullet/CMakeFiles/test_bullet_collision_detection.dir/test/test_bullet_collision_detection_pr2.cpp.o[0m
[84.149s] [ 72%] [32m[1mLinking CXX executable test_robot_trajectory[0m
[84.727s] [ 72%] Built target test_robot_trajectory
[88.343s] [ 73%] [32m[1mLinking CXX executable test_ruckig_traj_smoothing[0m
[88.889s] [ 73%] Built target test_ruckig_traj_smoothing
[90.288s] [ 74%] [32m[1mLinking CXX executable test_time_optimal_trajectory_generation[0m
[90.670s] [ 74%] Built target test_time_optimal_trajectory_generation
[91.532s] [ 74%] [32m[1mLinking CXX executable robot_trajectory_benchmark[0m
[91.897s] [ 74%] Built target robot_trajectory_benchmark
[93.527s] [ 75%] [32m[1mLinking CXX executable test_fcl_collision_detection[0m
[93.909s] [ 75%] Built target test_fcl_collision_detection
[94.044s] [ 76%] [32m[1mLinking CXX executable test_bullet_continuous_collision_checking[0m
[94.403s] [ 76%] Built target test_bullet_continuous_collision_checking
[94.439s] [ 77%] [32m[1mLinking CXX executable test_fcl_collision_env[0m
[94.733s] [ 77%] Built target test_fcl_collision_env
[94.960s] [ 78%] [32m[1mLinking CXX executable test_bullet_collision_detection[0m
[95.316s] [ 78%] Built target test_bullet_collision_detection
[96.103s] [ 79%] [32m[1mLinking CXX executable test_bullet_collision_detection_panda[0m
[96.339s] [ 79%] Built target test_bullet_collision_detection_panda
[96.608s] [ 80%] [32m[1mLinking CXX executable test_fcl_collision_detection_panda[0m
[96.803s] [ 80%] Built target test_fcl_collision_detection_panda
[98.209s] [ 80%] [32m[1mLinking CXX shared library libmoveit_kinematic_constraints.so[0m
[98.388s] [ 80%] Built target moveit_kinematic_constraints
[98.413s] [ 81%] [32mBuilding CXX object kinematic_constraints/CMakeFiles/test_orientation_constraints.dir/test/test_orientation_constraints.cpp.o[0m
[98.418s] [ 82%] [32mBuilding CXX object kinematic_constraints/CMakeFiles/test_constraints.dir/test/test_constraints.cpp.o[0m
[98.419s] [ 83%] [32mBuilding CXX object planning_scene/CMakeFiles/moveit_planning_scene.dir/src/planning_scene.cpp.o[0m
[104.946s] [ 83%] [32m[1mLinking CXX executable test_orientation_constraints[0m
[105.236s] [ 83%] Built target test_orientation_constraints
[105.655s] [ 84%] [32m[1mLinking CXX executable test_constraints[0m
[105.852s] [ 84%] Built target test_constraints
[110.559s] [ 84%] [32m[1mLinking CXX shared library libmoveit_planning_scene.so[0m
[110.681s] [ 84%] Built target moveit_planning_scene
[110.713s] [ 85%] [32mBuilding CXX object planning_scene/CMakeFiles/test_multi_threaded.dir/test/test_multi_threaded.cpp.o[0m
[110.715s] [ 86%] [32mBuilding CXX object constraint_samplers/CMakeFiles/moveit_constraint_samplers.dir/src/constraint_sampler_tools.cpp.o[0m
[110.715s] [ 86%] [32mBuilding CXX object collision_distance_field/CMakeFiles/moveit_collision_distance_field.dir/src/collision_distance_field_types.cpp.o[0m
[110.715s] [ 86%] [32mBuilding CXX object collision_distance_field/CMakeFiles/moveit_collision_distance_field.dir/src/collision_common_distance_field.cpp.o[0m
[110.717s] [ 87%] [32mBuilding CXX object planning_interface/CMakeFiles/moveit_planning_interface.dir/src/planning_interface.cpp.o[0m
[110.719s] [ 88%] [32mBuilding CXX object collision_distance_field/CMakeFiles/moveit_collision_distance_field.dir/src/collision_env_distance_field.cpp.o[0m
[110.719s] [ 89%] [32mBuilding CXX object collision_detection_bullet/CMakeFiles/collision_detector_bullet_plugin.dir/src/collision_detector_bullet_plugin_loader.cpp.o[0m
[110.719s] [ 89%] [32mBuilding CXX object constraint_samplers/CMakeFiles/moveit_constraint_samplers.dir/src/union_constraint_sampler.cpp.o[0m
[110.720s] [ 89%] [32mBuilding CXX object collision_distance_field/CMakeFiles/moveit_collision_distance_field.dir/src/collision_env_hybrid.cpp.o[0m
[110.724s] [ 90%] [32mBuilding CXX object planning_scene/CMakeFiles/test_collision_objects.dir/test/test_collision_objects.cpp.o[0m
[110.724s] [ 92%] [32mBuilding CXX object constraint_samplers/CMakeFiles/moveit_constraint_samplers.dir/src/constraint_sampler_manager.cpp.o[0m
[110.724s] [ 92%] [32mBuilding CXX object constraint_samplers/CMakeFiles/moveit_constraint_samplers.dir/src/default_constraint_samplers.cpp.o[0m
[110.726s] [ 92%] [32mBuilding CXX object constraint_samplers/CMakeFiles/moveit_constraint_samplers.dir/src/constraint_sampler.cpp.o[0m
[110.728s] [ 93%] [32mBuilding CXX object collision_detection_fcl/CMakeFiles/collision_detector_fcl_plugin.dir/src/collision_detector_fcl_plugin_loader.cpp.o[0m
[110.728s] [ 93%] [32mBuilding CXX object planning_interface/CMakeFiles/moveit_planning_interface.dir/src/planning_response.cpp.o[0m
[110.730s] [ 94%] [32mBuilding CXX object planning_scene/CMakeFiles/test_planning_scene.dir/test/test_planning_scene.cpp.o[0m
[123.488s] [ 95%] [32m[1mLinking CXX shared library libcollision_detector_bullet_plugin.so[0m
[123.720s] [ 95%] Built target collision_detector_bullet_plugin
[126.220s] [ 95%] [32m[1mLinking CXX shared library libmoveit_planning_interface.so[0m
[126.405s] [ 95%] Built target moveit_planning_interface
[126.596s] [ 96%] [32m[1mLinking CXX shared library libcollision_detector_fcl_plugin.so[0m
[126.820s] [ 96%] Built target collision_detector_fcl_plugin
[127.295s] [ 96%] [32m[1mLinking CXX executable test_multi_threaded[0m
[127.590s] [ 96%] Built target test_multi_threaded
[128.753s] [ 97%] [32m[1mLinking CXX shared library libmoveit_collision_distance_field.so[0m
[128.961s] [ 97%] Built target moveit_collision_distance_field
[128.987s] [ 98%] [32mBuilding CXX object collision_distance_field/CMakeFiles/test_collision_distance_field.dir/test/test_collision_distance_field.cpp.o[0m
[129.065s] [ 98%] [32m[1mLinking CXX shared library libmoveit_constraint_samplers.so[0m
[129.152s] [ 98%] [32m[1mLinking CXX executable test_collision_objects[0m
[129.251s] [ 98%] Built target moveit_constraint_samplers
[129.281s] [ 99%] [32mBuilding CXX object constraint_samplers/CMakeFiles/test_constraint_samplers.dir/test/test_constraint_samplers.cpp.o[0m
[129.281s] [ 99%] [32mBuilding CXX object constraint_samplers/CMakeFiles/test_constraint_samplers.dir/test/pr2_arm_kinematics_plugin.cpp.o[0m
[129.283s] [100%] [32mBuilding CXX object constraint_samplers/CMakeFiles/test_constraint_samplers.dir/test/pr2_arm_ik.cpp.o[0m
[129.426s] [100%] Built target test_collision_objects
[131.760s] [100%] [32m[1mLinking CXX executable test_planning_scene[0m
[132.060s] [100%] Built target test_planning_scene
[136.614s] [100%] [32m[1mLinking CXX executable test_collision_distance_field[0m
[136.819s] [100%] Built target test_collision_distance_field
[138.583s] [100%] [32m[1mLinking CXX executable test_constraint_samplers[0m
[138.779s] [100%] Built target test_constraint_samplers
[138.788s] Invoked command in '/root/ros2_ws/build/moveit_core' returned '0': AMENT_PREFIX_PATH=/root/ros2_ws/install/moveit_resources_panda_moveit_config:/root/ros2_ws/install/moveit_resources_pr2_description:/root/ros2_ws/install/moveit_resources_panda_description:/root/ros2_ws/install/moveit_msgs:/root/ros2_ws/install/moveit_common:${AMENT_PREFIX_PATH} CMAKE_PREFIX_PATH=/root/ros2_ws/install/moveit_resources_panda_moveit_config:/root/ros2_ws/install/moveit_resources_pr2_description:/root/ros2_ws/install/moveit_resources_panda_description:/root/ros2_ws/install/moveit_msgs:/root/ros2_ws/install/moveit_common:/opt/ros/jazzy/opt/gz_sim_vendor:/opt/ros/jazzy/opt/gz_sensors_vendor:/opt/ros/jazzy/opt/gz_physics_vendor:/opt/ros/jazzy/opt/sdformat_vendor:/opt/ros/jazzy/opt/gz_gui_vendor:/opt/ros/jazzy/opt/gz_transport_vendor:/opt/ros/jazzy/opt/gz_rendering_vendor:/opt/ros/jazzy/opt/gz_plugin_vendor:/opt/ros/jazzy/opt/gz_fuel_tools_vendor:/opt/ros/jazzy/opt/gz_msgs_vendor:/opt/ros/jazzy/opt/gz_common_vendor:/opt/ros/jazzy/opt/gz_math_vendor:/opt/ros/jazzy/opt/gz_utils_vendor:/opt/ros/jazzy/opt/gz_tools_vendor:/opt/ros/jazzy/opt/gz_ogre_next_vendor:/opt/ros/jazzy/opt/gz_dartsim_vendor:/opt/ros/jazzy/opt/gz_cmake_vendor:/opt/ros/jazzy LD_LIBRARY_PATH=/root/ros2_ws/install/moveit_msgs/lib:${LD_LIBRARY_PATH} PYTHONPATH=/root/ros2_ws/install/moveit_msgs/lib/python3.12/site-packages:${PYTHONPATH} /usr/bin/cmake --build /root/ros2_ws/build/moveit_core -- -j20 -l20
[138.790s] Invoking command in '/root/ros2_ws/build/moveit_core': AMENT_PREFIX_PATH=/root/ros2_ws/install/moveit_resources_panda_moveit_config:/root/ros2_ws/install/moveit_resources_pr2_description:/root/ros2_ws/install/moveit_resources_panda_description:/root/ros2_ws/install/moveit_msgs:/root/ros2_ws/install/moveit_common:${AMENT_PREFIX_PATH} CMAKE_PREFIX_PATH=/root/ros2_ws/install/moveit_resources_panda_moveit_config:/root/ros2_ws/install/moveit_resources_pr2_description:/root/ros2_ws/install/moveit_resources_panda_description:/root/ros2_ws/install/moveit_msgs:/root/ros2_ws/install/moveit_common:/opt/ros/jazzy/opt/gz_sim_vendor:/opt/ros/jazzy/opt/gz_sensors_vendor:/opt/ros/jazzy/opt/gz_physics_vendor:/opt/ros/jazzy/opt/sdformat_vendor:/opt/ros/jazzy/opt/gz_gui_vendor:/opt/ros/jazzy/opt/gz_transport_vendor:/opt/ros/jazzy/opt/gz_rendering_vendor:/opt/ros/jazzy/opt/gz_plugin_vendor:/opt/ros/jazzy/opt/gz_fuel_tools_vendor:/opt/ros/jazzy/opt/gz_msgs_vendor:/opt/ros/jazzy/opt/gz_common_vendor:/opt/ros/jazzy/opt/gz_math_vendor:/opt/ros/jazzy/opt/gz_utils_vendor:/opt/ros/jazzy/opt/gz_tools_vendor:/opt/ros/jazzy/opt/gz_ogre_next_vendor:/opt/ros/jazzy/opt/gz_dartsim_vendor:/opt/ros/jazzy/opt/gz_cmake_vendor:/opt/ros/jazzy LD_LIBRARY_PATH=/root/ros2_ws/install/moveit_msgs/lib:${LD_LIBRARY_PATH} PYTHONPATH=/root/ros2_ws/install/moveit_msgs/lib/python3.12/site-packages:${PYTHONPATH} /usr/bin/cmake --install /root/ros2_ws/build/moveit_core
[138.798s] -- Install configuration: "Release"
[138.798s] -- Installing: /root/ros2_ws/install/moveit_core/include/moveit_core
[138.798s] -- Installing: /root/ros2_ws/install/moveit_core/include/moveit_core/moveit
[138.798s] -- Installing: /root/ros2_ws/install/moveit_core/include/moveit_core/moveit/collision_detection_bullet
[138.798s] -- Installing: /root/ros2_ws/install/moveit_core/include/moveit_core/moveit/collision_detection_bullet/collision_detector_allocator_bullet.h
[138.798s] -- Installing: /root/ros2_ws/install/moveit_core/include/moveit_core/moveit/collision_detection_bullet/collision_detector_allocator_bullet.hpp
[138.798s] -- Installing: /root/ros2_ws/install/moveit_core/include/moveit_core/moveit/collision_detection_bullet/collision_env_bullet.h
[138.799s] -- Installing: /root/ros2_ws/install/moveit_core/include/moveit_core/moveit/collision_detection_bullet/collision_detector_bullet_plugin_loader.h
[138.799s] -- Installing: /root/ros2_ws/install/moveit_core/include/moveit_core/moveit/collision_detection_bullet/bullet_integration
[138.799s] -- Installing: /root/ros2_ws/install/moveit_core/include/moveit_core/moveit/collision_detection_bullet/bullet_integration/basic_types.h
[138.799s] -- Installing: /root/ros2_ws/install/moveit_core/include/moveit_core/moveit/collision_detection_bullet/bullet_integration/ros_bullet_utils.h
[138.799s] -- Installing: /root/ros2_ws/install/moveit_core/include/moveit_core/moveit/collision_detection_bullet/bullet_integration/contact_checker_common.h
[138.799s] -- Installing: /root/ros2_ws/install/moveit_core/include/moveit_core/moveit/collision_detection_bullet/bullet_integration/bullet_utils.hpp
[138.799s] -- Installing: /root/ros2_ws/install/moveit_core/include/moveit_core/moveit/collision_detection_bullet/bullet_integration/bullet_bvh_manager.h
[138.799s] -- Installing: /root/ros2_ws/install/moveit_core/include/moveit_core/moveit/collision_detection_bullet/bullet_integration/bullet_utils.h
[138.799s] -- Installing: /root/ros2_ws/install/moveit_core/include/moveit_core/moveit/collision_detection_bullet/bullet_integration/bullet_cast_bvh_manager.hpp
[138.799s] -- Installing: /root/ros2_ws/install/moveit_core/include/moveit_core/moveit/collision_detection_bullet/bullet_integration/bullet_discrete_bvh_manager.hpp
[138.799s] -- Installing: /root/ros2_ws/install/moveit_core/include/moveit_core/moveit/collision_detection_bullet/bullet_integration/bullet_discrete_bvh_manager.h
[138.799s] -- Installing: /root/ros2_ws/install/moveit_core/include/moveit_core/moveit/collision_detection_bullet/bullet_integration/bullet_cast_bvh_manager.h
[138.799s] -- Installing: /root/ros2_ws/install/moveit_core/include/moveit_core/moveit/collision_detection_bullet/bullet_integration/basic_types.hpp
[138.799s] -- Installing: /root/ros2_ws/install/moveit_core/include/moveit_core/moveit/collision_detection_bullet/bullet_integration/bullet_bvh_manager.hpp
[138.799s] -- Installing: /root/ros2_ws/install/moveit_core/include/moveit_core/moveit/collision_detection_bullet/bullet_integration/contact_checker_common.hpp
[138.799s] -- Installing: /root/ros2_ws/install/moveit_core/include/moveit_core/moveit/collision_detection_bullet/bullet_integration/ros_bullet_utils.hpp
[138.799s] -- Installing: /root/ros2_ws/install/moveit_core/include/moveit_core/moveit/collision_detection_bullet/collision_env_bullet.hpp
[138.799s] -- Installing: /root/ros2_ws/install/moveit_core/include/moveit_core/moveit/collision_detection_bullet/collision_detector_bullet_plugin_loader.hpp
[138.799s] -- Installing: /root/ros2_ws/install/moveit_core/include/moveit_core/moveit_collision_detection_bullet_export.h
[138.799s] -- Up-to-date: /root/ros2_ws/install/moveit_core/include/moveit_core
[138.799s] -- Up-to-date: /root/ros2_ws/install/moveit_core/include/moveit_core/moveit
[138.800s] -- Installing: /root/ros2_ws/install/moveit_core/include/moveit_core/moveit/collision_detection_fcl
[138.800s] -- Installing: /root/ros2_ws/install/moveit_core/include/moveit_core/moveit/collision_detection_fcl/collision_detector_allocator_fcl.hpp
[138.800s] -- Installing: /root/ros2_ws/install/moveit_core/include/moveit_core/moveit/collision_detection_fcl/collision_common.hpp
[138.800s] -- Installing: /root/ros2_ws/install/moveit_core/include/moveit_core/moveit/collision_detection_fcl/collision_detector_fcl_plugin_loader.h
[138.800s] -- Installing: /root/ros2_ws/install/moveit_core/include/moveit_core/moveit/collision_detection_fcl/fcl_compat.hpp
[138.800s] -- Installing: /root/ros2_ws/install/moveit_core/include/moveit_core/moveit/collision_detection_fcl/fcl_compat.h
[138.800s] -- Installing: /root/ros2_ws/install/moveit_core/include/moveit_core/moveit/collision_detection_fcl/collision_common.h
[138.800s] -- Installing: /root/ros2_ws/install/moveit_core/include/moveit_core/moveit/collision_detection_fcl/collision_env_fcl.hpp
[138.800s] -- Installing: /root/ros2_ws/install/moveit_core/include/moveit_core/moveit/collision_detection_fcl/collision_detector_allocator_fcl.h
[138.800s] -- Installing: /root/ros2_ws/install/moveit_core/include/moveit_core/moveit/collision_detection_fcl/collision_detector_fcl_plugin_loader.hpp
[138.800s] -- Installing: /root/ros2_ws/install/moveit_core/include/moveit_core/moveit/collision_detection_fcl/collision_env_fcl.h
[138.800s] -- Installing: /root/ros2_ws/install/moveit_core/include/moveit_core/moveit_collision_detection_fcl_export.h
[138.800s] -- Up-to-date: /root/ros2_ws/install/moveit_core/include/moveit_core
[138.800s] -- Up-to-date: /root/ros2_ws/install/moveit_core/include/moveit_core/moveit
[138.800s] -- Installing: /root/ros2_ws/install/moveit_core/include/moveit_core/moveit/collision_detection
[138.800s] -- Installing: /root/ros2_ws/install/moveit_core/include/moveit_core/moveit/collision_detection/world_diff.hpp
[138.800s] -- Installing: /root/ros2_ws/install/moveit_core/include/moveit_core/moveit/collision_detection/collision_octomap_filter.h
[138.800s] -- Installing: /root/ros2_ws/install/moveit_core/include/moveit_core/moveit/collision_detection/occupancy_map.hpp
[138.800s] -- Installing: /root/ros2_ws/install/moveit_core/include/moveit_core/moveit/collision_detection/collision_common.hpp
[138.800s] -- Installing: /root/ros2_ws/install/moveit_core/include/moveit_core/moveit/collision_detection/collision_plugin.hpp
[138.800s] -- Installing: /root/ros2_ws/install/moveit_core/include/moveit_core/moveit/collision_detection/world_diff.h
[138.801s] -- Installing: /root/ros2_ws/install/moveit_core/include/moveit_core/moveit/collision_detection/collision_detector_allocator.hpp
[138.801s] -- Installing: /root/ros2_ws/install/moveit_core/include/moveit_core/moveit/collision_detection/test_collision_common_panda.hpp
[138.801s] -- Installing: /root/ros2_ws/install/moveit_core/include/moveit_core/moveit/collision_detection/test_collision_common_pr2.h
[138.801s] -- Installing: /root/ros2_ws/install/moveit_core/include/moveit_core/moveit/collision_detection/collision_env.h
[138.801s] -- Installing: /root/ros2_ws/install/moveit_core/include/moveit_core/moveit/collision_detection/test_collision_common_panda.h
[138.801s] -- Installing: /root/ros2_ws/install/moveit_core/include/moveit_core/moveit/collision_detection/collision_plugin_cache.hpp
[138.801s] -- Installing: /root/ros2_ws/install/moveit_core/include/moveit_core/moveit/collision_detection/world.h
[138.801s] -- Installing: /root/ros2_ws/install/moveit_core/include/moveit_core/moveit/collision_detection/collision_plugin_cache.h
[138.801s] -- Installing: /root/ros2_ws/install/moveit_core/include/moveit_core/moveit/collision_detection/occupancy_map.h
[138.801s] -- Installing: /root/ros2_ws/install/moveit_core/include/moveit_core/moveit/collision_detection/collision_detector_allocator.h
[138.801s] -- Installing: /root/ros2_ws/install/moveit_core/include/moveit_core/moveit/collision_detection/collision_matrix.hpp
[138.801s] -- Installing: /root/ros2_ws/install/moveit_core/include/moveit_core/moveit/collision_detection/collision_matrix.h
[138.801s] -- Installing: /root/ros2_ws/install/moveit_core/include/moveit_core/moveit/collision_detection/collision_plugin.h
[138.801s] -- Installing: /root/ros2_ws/install/moveit_core/include/moveit_core/moveit/collision_detection/test_collision_common_pr2.hpp
[138.801s] -- Installing: /root/ros2_ws/install/moveit_core/include/moveit_core/moveit/collision_detection/collision_common.h
[138.801s] -- Installing: /root/ros2_ws/install/moveit_core/include/moveit_core/moveit/collision_detection/world.hpp
[138.801s] -- Installing: /root/ros2_ws/install/moveit_core/include/moveit_core/moveit/collision_detection/allvalid
[138.801s] -- Installing: /root/ros2_ws/install/moveit_core/include/moveit_core/moveit/collision_detection/allvalid/collision_detector_allocator_allvalid.hpp
[138.801s] -- Installing: /root/ros2_ws/install/moveit_core/include/moveit_core/moveit/collision_detection/allvalid/collision_detector_allocator_allvalid.h
[138.802s] -- Installing: /root/ros2_ws/install/moveit_core/include/moveit_core/moveit/collision_detection/allvalid/collision_env_allvalid.hpp
[138.802s] -- Installing: /root/ros2_ws/install/moveit_core/include/moveit_core/moveit/collision_detection/allvalid/collision_env_allvalid.h
[138.802s] -- Installing: /root/ros2_ws/install/moveit_core/include/moveit_core/moveit/collision_detection/collision_octomap_filter.hpp
[138.802s] -- Installing: /root/ros2_ws/install/moveit_core/include/moveit_core/moveit/collision_detection/collision_env.hpp
[138.802s] -- Installing: /root/ros2_ws/install/moveit_core/include/moveit_core/moveit/collision_detection/collision_tools.hpp
[138.802s] -- Installing: /root/ros2_ws/install/moveit_core/include/moveit_core/moveit/collision_detection/collision_tools.h
[138.802s] -- Installing: /root/ros2_ws/install/moveit_core/include/moveit_core/moveit_collision_detection_export.h
[138.802s] -- Up-to-date: /root/ros2_ws/install/moveit_core/include/moveit_core
[138.802s] -- Up-to-date: /root/ros2_ws/install/moveit_core/include/moveit_core/moveit
[138.802s] -- Installing: /root/ros2_ws/install/moveit_core/include/moveit_core/moveit/collision_distance_field
[138.802s] -- Installing: /root/ros2_ws/install/moveit_core/include/moveit_core/moveit/collision_distance_field/collision_env_hybrid.hpp
[138.802s] -- Installing: /root/ros2_ws/install/moveit_core/include/moveit_core/moveit/collision_distance_field/collision_detector_allocator_hybrid.h
[138.802s] -- Installing: /root/ros2_ws/install/moveit_core/include/moveit_core/moveit/collision_distance_field/collision_common_distance_field.hpp
[138.802s] -- Installing: /root/ros2_ws/install/moveit_core/include/moveit_core/moveit/collision_distance_field/collision_distance_field_types.h
[138.803s] -- Installing: /root/ros2_ws/install/moveit_core/include/moveit_core/moveit/collision_distance_field/collision_distance_field_types.hpp
[138.803s] -- Installing: /root/ros2_ws/install/moveit_core/include/moveit_core/moveit/collision_distance_field/collision_detector_allocator_hybrid.hpp
[138.803s] -- Installing: /root/ros2_ws/install/moveit_core/include/moveit_core/moveit/collision_distance_field/collision_detector_allocator_distance_field.hpp
[138.803s] -- Installing: /root/ros2_ws/install/moveit_core/include/moveit_core/moveit/collision_distance_field/collision_detector_allocator_distance_field.h
[138.803s] -- Installing: /root/ros2_ws/install/moveit_core/include/moveit_core/moveit/collision_distance_field/collision_common_distance_field.h
[138.803s] -- Installing: /root/ros2_ws/install/moveit_core/include/moveit_core/moveit/collision_distance_field/collision_env_hybrid.h
[138.803s] -- Installing: /root/ros2_ws/install/moveit_core/include/moveit_core/moveit/collision_distance_field/collision_env_distance_field.hpp
[138.803s] -- Installing: /root/ros2_ws/install/moveit_core/include/moveit_core/moveit/collision_distance_field/collision_env_distance_field.h
[138.803s] -- Installing: /root/ros2_ws/install/moveit_core/include/moveit_core/moveit_collision_distance_field_export.h
[138.803s] -- Up-to-date: /root/ros2_ws/install/moveit_core/include/moveit_core
[138.803s] -- Up-to-date: /root/ros2_ws/install/moveit_core/include/moveit_core/moveit
[138.803s] -- Installing: /root/ros2_ws/install/moveit_core/include/moveit_core/moveit/constraint_samplers
[138.803s] -- Installing: /root/ros2_ws/install/moveit_core/include/moveit_core/moveit/constraint_samplers/constraint_sampler_manager.h
[138.804s] -- Installing: /root/ros2_ws/install/moveit_core/include/moveit_core/moveit/constraint_samplers/constraint_sampler.h
[138.804s] -- Installing: /root/ros2_ws/install/moveit_core/include/moveit_core/moveit/constraint_samplers/union_constraint_sampler.h
[138.804s] -- Installing: /root/ros2_ws/install/moveit_core/include/moveit_core/moveit/constraint_samplers/constraint_sampler_allocator.h
[138.804s] -- Installing: /root/ros2_ws/install/moveit_core/include/moveit_core/moveit/constraint_samplers/constraint_sampler.hpp
[138.804s] -- Installing: /root/ros2_ws/install/moveit_core/include/moveit_core/moveit/constraint_samplers/union_constraint_sampler.hpp
[138.804s] -- Installing: /root/ros2_ws/install/moveit_core/include/moveit_core/moveit/constraint_samplers/constraint_sampler_manager.hpp
[138.804s] -- Installing: /root/ros2_ws/install/moveit_core/include/moveit_core/moveit/constraint_samplers/constraint_sampler_tools.h
[138.804s] -- Installing: /root/ros2_ws/install/moveit_core/include/moveit_core/moveit/constraint_samplers/default_constraint_samplers.hpp
[138.804s] -- Installing: /root/ros2_ws/install/moveit_core/include/moveit_core/moveit/constraint_samplers/default_constraint_samplers.h
[138.804s] -- Installing: /root/ros2_ws/install/moveit_core/include/moveit_core/moveit/constraint_samplers/constraint_sampler_allocator.hpp
[138.804s] -- Installing: /root/ros2_ws/install/moveit_core/include/moveit_core/moveit/constraint_samplers/constraint_sampler_tools.hpp
[138.804s] -- Up-to-date: /root/ros2_ws/install/moveit_core/include/moveit_core
[138.804s] -- Up-to-date: /root/ros2_ws/install/moveit_core/include/moveit_core/moveit
[138.804s] -- Installing: /root/ros2_ws/install/moveit_core/include/moveit_core/moveit/controller_manager
[138.804s] -- Installing: /root/ros2_ws/install/moveit_core/include/moveit_core/moveit/controller_manager/controller_manager.hpp
[138.804s] -- Installing: /root/ros2_ws/install/moveit_core/include/moveit_core/moveit/controller_manager/controller_manager.h
[138.805s] -- Up-to-date: /root/ros2_ws/install/moveit_core/include/moveit_core
[138.805s] -- Up-to-date: /root/ros2_ws/install/moveit_core/include/moveit_core/moveit
[138.805s] -- Installing: /root/ros2_ws/install/moveit_core/include/moveit_core/moveit/distance_field
[138.805s] -- Installing: /root/ros2_ws/install/moveit_core/include/moveit_core/moveit/distance_field/distance_field.hpp
[138.805s] -- Installing: /root/ros2_ws/install/moveit_core/include/moveit_core/moveit/distance_field/find_internal_points.h
[138.805s] -- Installing: /root/ros2_ws/install/moveit_core/include/moveit_core/moveit/distance_field/voxel_grid.hpp
[138.805s] -- Installing: /root/ros2_ws/install/moveit_core/include/moveit_core/moveit/distance_field/find_internal_points.hpp
[138.805s] -- Installing: /root/ros2_ws/install/moveit_core/include/moveit_core/moveit/distance_field/propagation_distance_field.hpp
[138.805s] -- Installing: /root/ros2_ws/install/moveit_core/include/moveit_core/moveit/distance_field/voxel_grid.h
[138.805s] -- Installing: /root/ros2_ws/install/moveit_core/include/moveit_core/moveit/distance_field/distance_field.h
[138.805s] -- Installing: /root/ros2_ws/install/moveit_core/include/moveit_core/moveit/distance_field/propagation_distance_field.h
[138.805s] -- Up-to-date: /root/ros2_ws/install/moveit_core/include/moveit_core
[138.805s] -- Up-to-date: /root/ros2_ws/install/moveit_core/include/moveit_core/moveit
[138.805s] -- Installing: /root/ros2_ws/install/moveit_core/include/moveit_core/moveit/dynamics_solver
[138.805s] -- Installing: /root/ros2_ws/install/moveit_core/include/moveit_core/moveit/dynamics_solver/dynamics_solver.hpp
[138.805s] -- Installing: /root/ros2_ws/install/moveit_core/include/moveit_core/moveit/dynamics_solver/dynamics_solver.h
[138.805s] -- Up-to-date: /root/ros2_ws/install/moveit_core/include/moveit_core
[138.805s] -- Up-to-date: /root/ros2_ws/install/moveit_core/include/moveit_core/moveit
[138.805s] -- Installing: /root/ros2_ws/install/moveit_core/include/moveit_core/moveit/exceptions
[138.805s] -- Installing: /root/ros2_ws/install/moveit_core/include/moveit_core/moveit/exceptions/exceptions.h
[138.805s] -- Installing: /root/ros2_ws/install/moveit_core/include/moveit_core/moveit/exceptions/exceptions.hpp
[138.805s] -- Up-to-date: /root/ros2_ws/install/moveit_core/include/moveit_core
[138.806s] -- Up-to-date: /root/ros2_ws/install/moveit_core/include/moveit_core/moveit
[138.806s] -- Installing: /root/ros2_ws/install/moveit_core/include/moveit_core/moveit/kinematic_constraints
[138.806s] -- Installing: /root/ros2_ws/install/moveit_core/include/moveit_core/moveit/kinematic_constraints/utils.hpp
[138.806s] -- Installing: /root/ros2_ws/install/moveit_core/include/moveit_core/moveit/kinematic_constraints/utils.h
[138.806s] -- Installing: /root/ros2_ws/install/moveit_core/include/moveit_core/moveit/kinematic_constraints/kinematic_constraint.h
[138.806s] -- Installing: /root/ros2_ws/install/moveit_core/include/moveit_core/moveit/kinematic_constraints/kinematic_constraint.hpp
[138.806s] -- Up-to-date: /root/ros2_ws/install/moveit_core/include/moveit_core
[138.806s] -- Up-to-date: /root/ros2_ws/install/moveit_core/include/moveit_core/moveit
[138.806s] -- Installing: /root/ros2_ws/install/moveit_core/include/moveit_core/moveit/kinematics_base
[138.806s] -- Installing: /root/ros2_ws/install/moveit_core/include/moveit_core/moveit/kinematics_base/kinematics_base.h
[138.806s] -- Installing: /root/ros2_ws/install/moveit_core/include/moveit_core/moveit/kinematics_base/kinematics_base.hpp
[138.806s] -- Installing: /root/ros2_ws/install/moveit_core/include/moveit_core/moveit_kinematics_base_export.h
[138.806s] -- Up-to-date: /root/ros2_ws/install/moveit_core/include/moveit_core
[138.806s] -- Up-to-date: /root/ros2_ws/install/moveit_core/include/moveit_core/moveit
[138.806s] -- Installing: /root/ros2_ws/install/moveit_core/include/moveit_core/moveit/kinematics_metrics
[138.806s] -- Installing: /root/ros2_ws/install/moveit_core/include/moveit_core/moveit/kinematics_metrics/kinematics_metrics.h
[138.806s] -- Installing: /root/ros2_ws/install/moveit_core/include/moveit_core/moveit/kinematics_metrics/kinematics_metrics.hpp
[138.806s] -- Up-to-date: /root/ros2_ws/install/moveit_core/include/moveit_core
[138.806s] -- Up-to-date: /root/ros2_ws/install/moveit_core/include/moveit_core/moveit
[138.806s] -- Installing: /root/ros2_ws/install/moveit_core/include/moveit_core/moveit/macros
[138.807s] -- Installing: /root/ros2_ws/install/moveit_core/include/moveit_core/moveit/macros/declare_ptr.h
[138.807s] -- Installing: /root/ros2_ws/install/moveit_core/include/moveit_core/moveit/macros/class_forward.hpp
[138.807s] -- Installing: /root/ros2_ws/install/moveit_core/include/moveit_core/moveit/macros/class_forward.h
[138.807s] -- Installing: /root/ros2_ws/install/moveit_core/include/moveit_core/moveit/macros/console_colors.h
[138.807s] -- Installing: /root/ros2_ws/install/moveit_core/include/moveit_core/moveit/macros/declare_ptr.hpp
[138.807s] -- Installing: /root/ros2_ws/install/moveit_core/include/moveit_core/moveit/macros/console_colors.hpp
[138.807s] -- Up-to-date: /root/ros2_ws/install/moveit_core/include/moveit_core
[138.807s] -- Installing: /root/ros2_ws/install/moveit_core/include/moveit_core/moveit_butterworth_filter_parameters.hpp
[138.807s] -- Installing: /root/ros2_ws/install/moveit_core/include/moveit_core/moveit_ruckig_filter_parameters.hpp
[138.807s] -- Installing: /root/ros2_ws/install/moveit_core/include/moveit_core/moveit_acceleration_filter_parameters.hpp
[138.807s] -- Up-to-date: /root/ros2_ws/install/moveit_core/include/moveit_core
[138.807s] -- Up-to-date: /root/ros2_ws/install/moveit_core/include/moveit_core/moveit_butterworth_filter_parameters.hpp
[138.807s] -- Up-to-date: /root/ros2_ws/install/moveit_core/include/moveit_core/moveit_ruckig_filter_parameters.hpp
[138.807s] -- Up-to-date: /root/ros2_ws/install/moveit_core/include/moveit_core/moveit_acceleration_filter_parameters.hpp
[138.807s] -- Up-to-date: /root/ros2_ws/install/moveit_core/include/moveit_core
[138.807s] -- Up-to-date: /root/ros2_ws/install/moveit_core/include/moveit_core/moveit_butterworth_filter_parameters.hpp
[138.807s] -- Up-to-date: /root/ros2_ws/install/moveit_core/include/moveit_core/moveit_ruckig_filter_parameters.hpp
[138.807s] -- Up-to-date: /root/ros2_ws/install/moveit_core/include/moveit_core/moveit_acceleration_filter_parameters.hpp
[138.807s] -- Up-to-date: /root/ros2_ws/install/moveit_core/include/moveit_core
[138.807s] -- Up-to-date: /root/ros2_ws/install/moveit_core/include/moveit_core/moveit
[138.807s] -- Installing: /root/ros2_ws/install/moveit_core/include/moveit_core/moveit/online_signal_smoothing
[138.807s] -- Installing: /root/ros2_ws/install/moveit_core/include/moveit_core/moveit/online_signal_smoothing/smoothing_base_class.hpp
[138.808s] -- Installing: /root/ros2_ws/install/moveit_core/include/moveit_core/moveit/online_signal_smoothing/acceleration_filter.hpp
[138.808s] -- Installing: /root/ros2_ws/install/moveit_core/include/moveit_core/moveit/online_signal_smoothing/ruckig_filter.hpp
[138.808s] -- Installing: /root/ros2_ws/install/moveit_core/include/moveit_core/moveit/online_signal_smoothing/ruckig_filter.h
[138.808s] -- Installing: /root/ros2_ws/install/moveit_core/include/moveit_core/moveit/online_signal_smoothing/butterworth_filter.h
[138.808s] -- Installing: /root/ros2_ws/install/moveit_core/include/moveit_core/moveit/online_signal_smoothing/smoothing_base_class.h
[138.808s] -- Installing: /root/ros2_ws/install/moveit_core/include/moveit_core/moveit/online_signal_smoothing/acceleration_filter.h
[138.808s] -- Installing: /root/ros2_ws/install/moveit_core/include/moveit_core/moveit/online_signal_smoothing/butterworth_filter.hpp
[138.808s] -- Installing: /root/ros2_ws/install/moveit_core/include/moveit_core/moveit_smoothing_base_export.h
[138.808s] -- Installing: /root/ros2_ws/install/moveit_core/include/moveit_core/moveit_acceleration_filter_export.h
[138.808s] -- Installing: /root/ros2_ws/install/moveit_core/include/moveit_core/moveit_butterworth_filter_export.h
[138.808s] -- Installing: /root/ros2_ws/install/moveit_core/include/moveit_core/moveit_ruckig_filter_export.h
[138.808s] -- Up-to-date: /root/ros2_ws/install/moveit_core/include/moveit_core
[138.808s] -- Up-to-date: /root/ros2_ws/install/moveit_core/include/moveit_core/moveit
[138.808s] -- Installing: /root/ros2_ws/install/moveit_core/include/moveit_core/moveit/planning_interface
[138.808s] -- Installing: /root/ros2_ws/install/moveit_core/include/moveit_core/moveit/planning_interface/planning_request.h
[138.808s] -- Installing: /root/ros2_ws/install/moveit_core/include/moveit_core/moveit/planning_interface/planning_response.hpp
[138.808s] -- Installing: /root/ros2_ws/install/moveit_core/include/moveit_core/moveit/planning_interface/planning_response.h
[138.808s] -- Installing: /root/ros2_ws/install/moveit_core/include/moveit_core/moveit/planning_interface/planning_interface.hpp
[138.808s] -- Installing: /root/ros2_ws/install/moveit_core/include/moveit_core/moveit/planning_interface/planning_request.hpp
[138.808s] -- Installing: /root/ros2_ws/install/moveit_core/include/moveit_core/moveit/planning_interface/planning_request_adapter.hpp
[138.808s] -- Installing: /root/ros2_ws/install/moveit_core/include/moveit_core/moveit/planning_interface/planning_interface.h
[138.808s] -- Installing: /root/ros2_ws/install/moveit_core/include/moveit_core/moveit/planning_interface/planning_response_adapter.hpp
[138.808s] -- Installing: /root/ros2_ws/install/moveit_core/include/moveit_core/moveit/planning_interface/planning_response_adapter.h
[138.809s] -- Installing: /root/ros2_ws/install/moveit_core/include/moveit_core/moveit/planning_interface/planning_request_adapter.h
[138.809s] -- Up-to-date: /root/ros2_ws/install/moveit_core/include/moveit_core
[138.809s] -- Up-to-date: /root/ros2_ws/install/moveit_core/include/moveit_core/moveit
[138.809s] -- Installing: /root/ros2_ws/install/moveit_core/include/moveit_core/moveit/planning_scene
[138.809s] -- Installing: /root/ros2_ws/install/moveit_core/include/moveit_core/moveit/planning_scene/planning_scene.h
[138.809s] -- Installing: /root/ros2_ws/install/moveit_core/include/moveit_core/moveit/planning_scene/planning_scene.hpp
[138.809s] -- Installing: /root/ros2_ws/install/moveit_core/include/moveit_core/moveit_planning_scene_export.h
[138.809s] -- Up-to-date: /root/ros2_ws/install/moveit_core/include/moveit_core
[138.809s] -- Up-to-date: /root/ros2_ws/install/moveit_core/include/moveit_core/moveit
[138.809s] -- Installing: /root/ros2_ws/install/moveit_core/include/moveit_core/moveit/robot_model
[138.809s] -- Installing: /root/ros2_ws/install/moveit_core/include/moveit_core/moveit/robot_model/joint_model_group.hpp
[138.809s] -- Installing: /root/ros2_ws/install/moveit_core/include/moveit_core/moveit/robot_model/link_model.hpp
[138.809s] -- Installing: /root/ros2_ws/install/moveit_core/include/moveit_core/moveit/robot_model/fixed_joint_model.h
[138.809s] -- Installing: /root/ros2_ws/install/moveit_core/include/moveit_core/moveit/robot_model/revolute_joint_model.h
[138.809s] -- Installing: /root/ros2_ws/install/moveit_core/include/moveit_core/moveit/robot_model/aabb.hpp
[138.809s] -- Installing: /root/ros2_ws/install/moveit_core/include/moveit_core/moveit/robot_model/robot_model.h
[138.809s] -- Installing: /root/ros2_ws/install/moveit_core/include/moveit_core/moveit/robot_model/planar_joint_model.h
[138.809s] -- Installing: /root/ros2_ws/install/moveit_core/include/moveit_core/moveit/robot_model/revolute_joint_model.hpp
[138.809s] -- Installing: /root/ros2_ws/install/moveit_core/include/moveit_core/moveit/robot_model/floating_joint_model.hpp
[138.809s] -- Installing: /root/ros2_ws/install/moveit_core/include/moveit_core/moveit/robot_model/fixed_joint_model.hpp
[138.809s] -- Installing: /root/ros2_ws/install/moveit_core/include/moveit_core/moveit/robot_model/joint_model_group.h
[138.809s] -- Installing: /root/ros2_ws/install/moveit_core/include/moveit_core/moveit/robot_model/prismatic_joint_model.h
[138.810s] -- Installing: /root/ros2_ws/install/moveit_core/include/moveit_core/moveit/robot_model/joint_model.h
[138.810s] -- Installing: /root/ros2_ws/install/moveit_core/include/moveit_core/moveit/robot_model/aabb.h
[138.810s] -- Installing: /root/ros2_ws/install/moveit_core/include/moveit_core/moveit/robot_model/link_model.h
[138.810s] -- Installing: /root/ros2_ws/install/moveit_core/include/moveit_core/moveit/robot_model/floating_joint_model.h
[138.810s] -- Installing: /root/ros2_ws/install/moveit_core/include/moveit_core/moveit/robot_model/planar_joint_model.hpp
[138.810s] -- Installing: /root/ros2_ws/install/moveit_core/include/moveit_core/moveit/robot_model/prismatic_joint_model.hpp
[138.810s] -- Installing: /root/ros2_ws/install/moveit_core/include/moveit_core/moveit/robot_model/joint_model.hpp
[138.810s] -- Installing: /root/ros2_ws/install/moveit_core/include/moveit_core/moveit/robot_model/robot_model.hpp
[138.810s] -- Up-to-date: /root/ros2_ws/install/moveit_core/include/moveit_core
[138.810s] -- Up-to-date: /root/ros2_ws/install/moveit_core/include/moveit_core/moveit
[138.810s] -- Installing: /root/ros2_ws/install/moveit_core/include/moveit_core/moveit/robot_state
[138.810s] -- Installing: /root/ros2_ws/install/moveit_core/include/moveit_core/moveit/robot_state/attached_body.hpp
[138.810s] -- Installing: /root/ros2_ws/install/moveit_core/include/moveit_core/moveit/robot_state/attached_body.h
[138.810s] -- Installing: /root/ros2_ws/install/moveit_core/include/moveit_core/moveit/robot_state/conversions.h
[138.810s] -- Installing: /root/ros2_ws/install/moveit_core/include/moveit_core/moveit/robot_state/robot_state.h
[138.810s] -- Installing: /root/ros2_ws/install/moveit_core/include/moveit_core/moveit/robot_state/cartesian_interpolator.hpp
[138.810s] -- Installing: /root/ros2_ws/install/moveit_core/include/moveit_core/moveit/robot_state/conversions.hpp
[138.810s] -- Installing: /root/ros2_ws/install/moveit_core/include/moveit_core/moveit/robot_state/cartesian_interpolator.h
[138.810s] -- Installing: /root/ros2_ws/install/moveit_core/include/moveit_core/moveit/robot_state/robot_state.hpp
[138.810s] -- Up-to-date: /root/ros2_ws/install/moveit_core/include/moveit_core
[138.810s] -- Up-to-date: /root/ros2_ws/install/moveit_core/include/moveit_core/moveit
[138.811s] -- Installing: /root/ros2_ws/install/moveit_core/include/moveit_core/moveit/robot_trajectory
[138.811s] -- Installing: /root/ros2_ws/install/moveit_core/include/moveit_core/moveit/robot_trajectory/robot_trajectory.h
[138.811s] -- Installing: /root/ros2_ws/install/moveit_core/include/moveit_core/moveit/robot_trajectory/robot_trajectory.hpp
[138.811s] -- Up-to-date: /root/ros2_ws/install/moveit_core/include/moveit_core
[138.811s] -- Up-to-date: /root/ros2_ws/install/moveit_core/include/moveit_core/moveit
[138.811s] -- Installing: /root/ros2_ws/install/moveit_core/include/moveit_core/moveit/trajectory_processing
[138.811s] -- Installing: /root/ros2_ws/install/moveit_core/include/moveit_core/moveit/trajectory_processing/time_optimal_trajectory_generation.h
[138.811s] -- Installing: /root/ros2_ws/install/moveit_core/include/moveit_core/moveit/trajectory_processing/time_optimal_trajectory_generation.hpp
[138.811s] -- Installing: /root/ros2_ws/install/moveit_core/include/moveit_core/moveit/trajectory_processing/trajectory_tools.h
[138.811s] -- Installing: /root/ros2_ws/install/moveit_core/include/moveit_core/moveit/trajectory_processing/time_parameterization.h
[138.811s] -- Installing: /root/ros2_ws/install/moveit_core/include/moveit_core/moveit/trajectory_processing/ruckig_traj_smoothing.h
[138.811s] -- Installing: /root/ros2_ws/install/moveit_core/include/moveit_core/moveit/trajectory_processing/ruckig_traj_smoothing.hpp
[138.811s] -- Installing: /root/ros2_ws/install/moveit_core/include/moveit_core/moveit/trajectory_processing/time_parameterization.hpp
[138.811s] -- Installing: /root/ros2_ws/install/moveit_core/include/moveit_core/moveit/trajectory_processing/trajectory_tools.hpp
[138.811s] -- Up-to-date: /root/ros2_ws/install/moveit_core/include/moveit_core
[138.811s] -- Up-to-date: /root/ros2_ws/install/moveit_core/include/moveit_core/moveit
[138.811s] -- Installing: /root/ros2_ws/install/moveit_core/include/moveit_core/moveit/transforms
[138.811s] -- Installing: /root/ros2_ws/install/moveit_core/include/moveit_core/moveit/transforms/transforms.h
[138.811s] -- Installing: /root/ros2_ws/install/moveit_core/include/moveit_core/moveit/transforms/transforms.hpp
[138.811s] -- Up-to-date: /root/ros2_ws/install/moveit_core/include/moveit_core
[138.811s] -- Up-to-date: /root/ros2_ws/install/moveit_core/include/moveit_core/moveit
[138.811s] -- Installing: /root/ros2_ws/install/moveit_core/include/moveit_core/moveit/utils
[138.811s] -- Installing: /root/ros2_ws/install/moveit_core/include/moveit_core/moveit/utils/robot_model_test_utils.hpp
[138.811s] -- Installing: /root/ros2_ws/install/moveit_core/include/moveit_core/moveit/utils/moveit_error_code.h
[138.812s] -- Installing: /root/ros2_ws/install/moveit_core/include/moveit_core/moveit/utils/lexical_casts.h
[138.812s] -- Installing: /root/ros2_ws/install/moveit_core/include/moveit_core/moveit/utils/robot_model_test_utils.h
[138.812s] -- Installing: /root/ros2_ws/install/moveit_core/include/moveit_core/moveit/utils/message_checks.h
[138.812s] -- Installing: /root/ros2_ws/install/moveit_core/include/moveit_core/moveit/utils/eigen_test_utils.h
[138.812s] -- Installing: /root/ros2_ws/install/moveit_core/include/moveit_core/moveit/utils/logger.h
[138.812s] -- Installing: /root/ros2_ws/install/moveit_core/include/moveit_core/moveit/utils/message_checks.hpp
[138.812s] -- Installing: /root/ros2_ws/install/moveit_core/include/moveit_core/moveit/utils/rclcpp_utils.h
[138.812s] -- Installing: /root/ros2_ws/install/moveit_core/include/moveit_core/moveit/utils/eigen_test_utils.hpp
[138.812s] -- Installing: /root/ros2_ws/install/moveit_core/include/moveit_core/moveit/utils/moveit_error_code.hpp
[138.812s] -- Installing: /root/ros2_ws/install/moveit_core/include/moveit_core/moveit/utils/logger.hpp
[138.812s] -- Installing: /root/ros2_ws/install/moveit_core/include/moveit_core/moveit/utils/rclcpp_utils.hpp
[138.812s] -- Installing: /root/ros2_ws/install/moveit_core/include/moveit_core/moveit/utils/lexical_casts.hpp
[138.812s] -- Installing: /root/ros2_ws/install/moveit_core/lib/moveit_core/logger_dut
[138.812s] -- Set non-toolchain portion of runtime path of "/root/ros2_ws/install/moveit_core/lib/moveit_core/logger_dut" to ""
[138.812s] -- Installing: /root/ros2_ws/install/moveit_core/include/moveit_core/moveit/version.hpp
[138.812s] -- Installing: /root/ros2_ws/install/moveit_core/bin/moveit_version
[138.812s] -- Installing: /root/ros2_ws/install/moveit_core/lib/libmoveit_collision_detection.so.2.12.0
[138.812s] -- Set non-toolchain portion of runtime path of "/root/ros2_ws/install/moveit_core/lib/libmoveit_collision_detection.so.2.12.0" to ""
[138.812s] -- Installing: /root/ros2_ws/install/moveit_core/lib/libmoveit_collision_detection.so
[138.812s] -- Installing: /root/ros2_ws/install/moveit_core/lib/libmoveit_collision_detection_bullet.so.2.12.0
[138.813s] -- Set non-toolchain portion of runtime path of "/root/ros2_ws/install/moveit_core/lib/libmoveit_collision_detection_bullet.so.2.12.0" to ""
[138.813s] -- Installing: /root/ros2_ws/install/moveit_core/lib/libmoveit_collision_detection_bullet.so
[138.813s] -- Installing: /root/ros2_ws/install/moveit_core/lib/libmoveit_collision_detection_fcl.so.2.12.0
[138.813s] -- Set non-toolchain portion of runtime path of "/root/ros2_ws/install/moveit_core/lib/libmoveit_collision_detection_fcl.so.2.12.0" to ""
[138.813s] -- Installing: /root/ros2_ws/install/moveit_core/lib/libmoveit_collision_detection_fcl.so
[138.813s] -- Installing: /root/ros2_ws/install/moveit_core/lib/libmoveit_collision_distance_field.so.2.12.0
[138.814s] -- Set non-toolchain portion of runtime path of "/root/ros2_ws/install/moveit_core/lib/libmoveit_collision_distance_field.so.2.12.0" to ""
[138.814s] -- Installing: /root/ros2_ws/install/moveit_core/lib/libmoveit_collision_distance_field.so
[138.814s] -- Installing: /root/ros2_ws/install/moveit_core/lib/libmoveit_constraint_samplers.so.2.12.0
[138.814s] -- Set non-toolchain portion of runtime path of "/root/ros2_ws/install/moveit_core/lib/libmoveit_constraint_samplers.so.2.12.0" to ""
[138.814s] -- Installing: /root/ros2_ws/install/moveit_core/lib/libmoveit_constraint_samplers.so
[138.814s] -- Installing: /root/ros2_ws/install/moveit_core/lib/libmoveit_distance_field.so.2.12.0
[138.814s] -- Set non-toolchain portion of runtime path of "/root/ros2_ws/install/moveit_core/lib/libmoveit_distance_field.so.2.12.0" to ""
[138.814s] -- Installing: /root/ros2_ws/install/moveit_core/lib/libmoveit_distance_field.so
[138.815s] -- Installing: /root/ros2_ws/install/moveit_core/lib/libmoveit_dynamics_solver.so.2.12.0
[138.815s] -- Set non-toolchain portion of runtime path of "/root/ros2_ws/install/moveit_core/lib/libmoveit_dynamics_solver.so.2.12.0" to ""
[138.815s] -- Installing: /root/ros2_ws/install/moveit_core/lib/libmoveit_dynamics_solver.so
[138.815s] -- Installing: /root/ros2_ws/install/moveit_core/lib/libmoveit_exceptions.so.2.12.0
[138.815s] -- Set non-toolchain portion of runtime path of "/root/ros2_ws/install/moveit_core/lib/libmoveit_exceptions.so.2.12.0" to ""
[138.815s] -- Installing: /root/ros2_ws/install/moveit_core/lib/libmoveit_exceptions.so
[138.815s] -- Installing: /root/ros2_ws/install/moveit_core/lib/libmoveit_kinematic_constraints.so.2.12.0
[138.815s] -- Set non-toolchain portion of runtime path of "/root/ros2_ws/install/moveit_core/lib/libmoveit_kinematic_constraints.so.2.12.0" to ""
[138.815s] -- Installing: /root/ros2_ws/install/moveit_core/lib/libmoveit_kinematic_constraints.so
[138.815s] -- Installing: /root/ros2_ws/install/moveit_core/lib/libmoveit_kinematics_base.so
[138.815s] -- Set non-toolchain portion of runtime path of "/root/ros2_ws/install/moveit_core/lib/libmoveit_kinematics_base.so" to ""
[138.815s] -- Installing: /root/ros2_ws/install/moveit_core/lib/libmoveit_kinematics_metrics.so.2.12.0
[138.816s] -- Set non-toolchain portion of runtime path of "/root/ros2_ws/install/moveit_core/lib/libmoveit_kinematics_metrics.so.2.12.0" to ""
[138.816s] -- Installing: /root/ros2_ws/install/moveit_core/lib/libmoveit_kinematics_metrics.so
[138.816s] -- Installing: /root/ros2_ws/install/moveit_core/lib/libmoveit_planning_interface.so.2.12.0
[138.816s] -- Set non-toolchain portion of runtime path of "/root/ros2_ws/install/moveit_core/lib/libmoveit_planning_interface.so.2.12.0" to ""
[138.816s] -- Installing: /root/ros2_ws/install/moveit_core/lib/libmoveit_planning_interface.so
[138.816s] -- Installing: /root/ros2_ws/install/moveit_core/lib/libmoveit_planning_scene.so.2.12.0
[138.816s] -- Set non-toolchain portion of runtime path of "/root/ros2_ws/install/moveit_core/lib/libmoveit_planning_scene.so.2.12.0" to ""
[138.817s] -- Installing: /root/ros2_ws/install/moveit_core/lib/libmoveit_planning_scene.so
[138.817s] -- Installing: /root/ros2_ws/install/moveit_core/lib/libmoveit_robot_model.so.2.12.0
[138.817s] -- Set non-toolchain portion of runtime path of "/root/ros2_ws/install/moveit_core/lib/libmoveit_robot_model.so.2.12.0" to ""
[138.817s] -- Installing: /root/ros2_ws/install/moveit_core/lib/libmoveit_robot_model.so
[138.817s] -- Installing: /root/ros2_ws/install/moveit_core/lib/libmoveit_robot_state.so.2.12.0
[138.817s] -- Set non-toolchain portion of runtime path of "/root/ros2_ws/install/moveit_core/lib/libmoveit_robot_state.so.2.12.0" to ""
[138.817s] -- Installing: /root/ros2_ws/install/moveit_core/lib/libmoveit_robot_state.so
[138.817s] -- Installing: /root/ros2_ws/install/moveit_core/lib/libmoveit_robot_trajectory.so.2.12.0
[138.817s] -- Set non-toolchain portion of runtime path of "/root/ros2_ws/install/moveit_core/lib/libmoveit_robot_trajectory.so.2.12.0" to ""
[138.817s] -- Installing: /root/ros2_ws/install/moveit_core/lib/libmoveit_robot_trajectory.so
[138.818s] -- Installing: /root/ros2_ws/install/moveit_core/lib/libmoveit_smoothing_base.so.2.12.0
[138.818s] -- Set non-toolchain portion of runtime path of "/root/ros2_ws/install/moveit_core/lib/libmoveit_smoothing_base.so.2.12.0" to ""
[138.818s] -- Installing: /root/ros2_ws/install/moveit_core/lib/libmoveit_smoothing_base.so
[138.818s] -- Installing: /root/ros2_ws/install/moveit_core/lib/libmoveit_test_utils.so.2.12.0
[138.818s] -- Set non-toolchain portion of runtime path of "/root/ros2_ws/install/moveit_core/lib/libmoveit_test_utils.so.2.12.0" to ""
[138.818s] -- Installing: /root/ros2_ws/install/moveit_core/lib/libmoveit_test_utils.so
[138.818s] -- Installing: /root/ros2_ws/install/moveit_core/lib/libmoveit_trajectory_processing.so.2.12.0
[138.819s] -- Set non-toolchain portion of runtime path of "/root/ros2_ws/install/moveit_core/lib/libmoveit_trajectory_processing.so.2.12.0" to ""
[138.819s] -- Installing: /root/ros2_ws/install/moveit_core/lib/libmoveit_trajectory_processing.so
[138.819s] -- Installing: /root/ros2_ws/install/moveit_core/lib/libmoveit_transforms.so.2.12.0
[138.819s] -- Set non-toolchain portion of runtime path of "/root/ros2_ws/install/moveit_core/lib/libmoveit_transforms.so.2.12.0" to ""
[138.819s] -- Installing: /root/ros2_ws/install/moveit_core/lib/libmoveit_transforms.so
[138.819s] -- Installing: /root/ros2_ws/install/moveit_core/lib/libmoveit_utils.so.2.12.0
[138.819s] -- Set non-toolchain portion of runtime path of "/root/ros2_ws/install/moveit_core/lib/libmoveit_utils.so.2.12.0" to ""
[138.819s] -- Installing: /root/ros2_ws/install/moveit_core/lib/libmoveit_utils.so
[138.819s] -- Installing: /root/ros2_ws/install/moveit_core/lib/libcollision_detector_bullet_plugin.so.2.12.0
[138.819s] -- Set non-toolchain portion of runtime path of "/root/ros2_ws/install/moveit_core/lib/libcollision_detector_bullet_plugin.so.2.12.0" to ""
[138.819s] -- Installing: /root/ros2_ws/install/moveit_core/lib/libcollision_detector_bullet_plugin.so
[138.820s] -- Installing: /root/ros2_ws/install/moveit_core/lib/libcollision_detector_fcl_plugin.so.2.12.0
[138.820s] -- Set non-toolchain portion of runtime path of "/root/ros2_ws/install/moveit_core/lib/libcollision_detector_fcl_plugin.so.2.12.0" to ""
[138.820s] -- Installing: /root/ros2_ws/install/moveit_core/lib/libcollision_detector_fcl_plugin.so
[138.820s] -- Installing: /root/ros2_ws/install/moveit_core/lib/libmoveit_acceleration_filter.so.2.12.0
[138.820s] -- Set non-toolchain portion of runtime path of "/root/ros2_ws/install/moveit_core/lib/libmoveit_acceleration_filter.so.2.12.0" to ""
[138.820s] -- Installing: /root/ros2_ws/install/moveit_core/lib/libmoveit_acceleration_filter.so
[138.820s] -- Installing: /root/ros2_ws/install/moveit_core/lib/libmoveit_butterworth_filter.so.2.12.0
[138.820s] -- Set non-toolchain portion of runtime path of "/root/ros2_ws/install/moveit_core/lib/libmoveit_butterworth_filter.so.2.12.0" to ""
[138.820s] -- Installing: /root/ros2_ws/install/moveit_core/lib/libmoveit_butterworth_filter.so
[138.820s] -- Installing: /root/ros2_ws/install/moveit_core/lib/libmoveit_ruckig_filter.so.2.12.0
[138.820s] -- Set non-toolchain portion of runtime path of "/root/ros2_ws/install/moveit_core/lib/libmoveit_ruckig_filter.so.2.12.0" to ""
[138.820s] -- Installing: /root/ros2_ws/install/moveit_core/lib/libmoveit_ruckig_filter.so
[138.821s] -- Installing: /root/ros2_ws/install/moveit_core/share/moveit_core/environment/library_path.sh
[138.821s] -- Installing: /root/ros2_ws/install/moveit_core/share/moveit_core/environment/library_path.dsv
[138.821s] -- Installing: /root/ros2_ws/install/moveit_core/share/moveit_core/collision_detector_fcl_description.xml
[138.821s] -- Installing: /root/ros2_ws/install/moveit_core/share/moveit_core/collision_detector_bullet_description.xml
[138.821s] -- Installing: /root/ros2_ws/install/moveit_core/share/moveit_core/filter_plugin_acceleration.xml
[138.821s] -- Installing: /root/ros2_ws/install/moveit_core/share/moveit_core/filter_plugin_butterworth.xml
[138.821s] -- Installing: /root/ros2_ws/install/moveit_core/share/moveit_core/filter_plugin_ruckig.xml
[138.821s] -- Installing: /root/ros2_ws/install/moveit_core/share/ament_index/resource_index/package_run_dependencies/moveit_core
[138.821s] -- Installing: /root/ros2_ws/install/moveit_core/share/ament_index/resource_index/parent_prefix_path/moveit_core
[138.821s] -- Installing: /root/ros2_ws/install/moveit_core/share/moveit_core/environment/ament_prefix_path.sh
[138.821s] -- Installing: /root/ros2_ws/install/moveit_core/share/moveit_core/environment/ament_prefix_path.dsv
[138.821s] -- Installing: /root/ros2_ws/install/moveit_core/share/moveit_core/environment/path.sh
[138.821s] -- Installing: /root/ros2_ws/install/moveit_core/share/moveit_core/environment/path.dsv
[138.821s] -- Installing: /root/ros2_ws/install/moveit_core/share/moveit_core/local_setup.bash
[138.821s] -- Installing: /root/ros2_ws/install/moveit_core/share/moveit_core/local_setup.sh
[138.821s] -- Installing: /root/ros2_ws/install/moveit_core/share/moveit_core/local_setup.zsh
[138.822s] -- Installing: /root/ros2_ws/install/moveit_core/share/moveit_core/local_setup.dsv
[138.822s] -- Installing: /root/ros2_ws/install/moveit_core/share/moveit_core/package.dsv
[138.822s] -- Installing: /root/ros2_ws/install/moveit_core/share/ament_index/resource_index/packages/moveit_core
[138.822s] -- Installing: /root/ros2_ws/install/moveit_core/share/ament_index/resource_index/moveit_core__pluginlib__plugin/moveit_core
[138.822s] -- Installing: /root/ros2_ws/install/moveit_core/share/moveit_core/cmake/moveit_coreTargetsExport.cmake
[138.822s] -- Installing: /root/ros2_ws/install/moveit_core/share/moveit_core/cmake/moveit_coreTargetsExport-release.cmake
[138.822s] -- Installing: /root/ros2_ws/install/moveit_core/share/moveit_core/cmake/ConfigExtras.cmake
[138.822s] -- Installing: /root/ros2_ws/install/moveit_core/share/moveit_core/cmake/ament_cmake_export_targets-extras.cmake
[138.822s] -- Installing: /root/ros2_ws/install/moveit_core/share/moveit_core/cmake/ament_cmake_export_dependencies-extras.cmake
[138.822s] -- Installing: /root/ros2_ws/install/moveit_core/share/moveit_core/cmake/moveit_coreConfig.cmake
[138.822s] -- Installing: /root/ros2_ws/install/moveit_core/share/moveit_core/cmake/moveit_coreConfig-version.cmake
[138.822s] -- Installing: /root/ros2_ws/install/moveit_core/share/moveit_core/package.xml
[138.824s] Invoked command in '/root/ros2_ws/build/moveit_core' returned '0': AMENT_PREFIX_PATH=/root/ros2_ws/install/moveit_resources_panda_moveit_config:/root/ros2_ws/install/moveit_resources_pr2_description:/root/ros2_ws/install/moveit_resources_panda_description:/root/ros2_ws/install/moveit_msgs:/root/ros2_ws/install/moveit_common:${AMENT_PREFIX_PATH} CMAKE_PREFIX_PATH=/root/ros2_ws/install/moveit_resources_panda_moveit_config:/root/ros2_ws/install/moveit_resources_pr2_description:/root/ros2_ws/install/moveit_resources_panda_description:/root/ros2_ws/install/moveit_msgs:/root/ros2_ws/install/moveit_common:/opt/ros/jazzy/opt/gz_sim_vendor:/opt/ros/jazzy/opt/gz_sensors_vendor:/opt/ros/jazzy/opt/gz_physics_vendor:/opt/ros/jazzy/opt/sdformat_vendor:/opt/ros/jazzy/opt/gz_gui_vendor:/opt/ros/jazzy/opt/gz_transport_vendor:/opt/ros/jazzy/opt/gz_rendering_vendor:/opt/ros/jazzy/opt/gz_plugin_vendor:/opt/ros/jazzy/opt/gz_fuel_tools_vendor:/opt/ros/jazzy/opt/gz_msgs_vendor:/opt/ros/jazzy/opt/gz_common_vendor:/opt/ros/jazzy/opt/gz_math_vendor:/opt/ros/jazzy/opt/gz_utils_vendor:/opt/ros/jazzy/opt/gz_tools_vendor:/opt/ros/jazzy/opt/gz_ogre_next_vendor:/opt/ros/jazzy/opt/gz_dartsim_vendor:/opt/ros/jazzy/opt/gz_cmake_vendor:/opt/ros/jazzy LD_LIBRARY_PATH=/root/ros2_ws/install/moveit_msgs/lib:${LD_LIBRARY_PATH} PYTHONPATH=/root/ros2_ws/install/moveit_msgs/lib/python3.12/site-packages:${PYTHONPATH} /usr/bin/cmake --install /root/ros2_ws/build/moveit_core
