[0.287s] Invoking command in '/root/ros2_ws/build/serial': CMAKE_PREFIX_PATH=${CMAKE_PREFIX_PATH}:/opt/ros/jazzy /usr/bin/cmake /root/ros2_ws/src/serial -DCMAKE_INSTALL_PREFIX=/root/ros2_ws/install/serial
[0.384s] -- The C compiler identification is GNU 13.3.0
[0.471s] -- The CXX compiler identification is GNU 13.3.0
[0.497s] -- Detecting C compiler ABI info
[0.639s] -- Detecting C compiler ABI info - done
[0.652s] -- Check for working C compiler: /usr/bin/cc - skipped
[0.653s] -- Detecting C compile features
[0.653s] -- Detecting C compile features - done
[0.664s] -- Detecting CXX compiler ABI info
[0.805s] -- Detecting CXX compiler ABI info - done
[0.828s] -- Check for working CXX compiler: /usr/bin/c++ - skipped
[0.829s] -- Detecting CXX compile features
[0.830s] -- Detecting CXX compile features - done
[0.846s] -- Found ament_cmake: 2.5.2 (/opt/ros/jazzy/share/ament_cmake/cmake)
[1.133s] -- Found Python3: /usr/bin/python3 (found version "3.12.3") found components: Interpreter 
[1.552s] -- Configuring done (1.2s)
[1.558s] -- Generating done (0.0s)
[1.563s] -- Build files have been written to: /root/ros2_ws/build/serial
[1.568s] Invoked command in '/root/ros2_ws/build/serial' returned '0': CMAKE_PREFIX_PATH=${CMAKE_PREFIX_PATH}:/opt/ros/jazzy /usr/bin/cmake /root/ros2_ws/src/serial -DCMAKE_INSTALL_PREFIX=/root/ros2_ws/install/serial
[1.569s] Invoking command in '/root/ros2_ws/build/serial': CMAKE_PREFIX_PATH=${CMAKE_PREFIX_PATH}:/opt/ros/jazzy /usr/bin/cmake --build /root/ros2_ws/build/serial -- -j20 -l20
[1.640s] [ 25%] [32mBuilding CXX object CMakeFiles/serial.dir/src/serial.cc.o[0m
[1.641s] [ 50%] [32mBuilding CXX object CMakeFiles/serial.dir/src/impl/list_ports/list_ports_linux.cc.o[0m
[1.647s] [ 75%] [32mBuilding CXX object CMakeFiles/serial.dir/src/impl/unix.cc.o[0m
[2.581s] [100%] [32m[1mLinking CXX static library libserial.a[0m
[2.689s] [100%] Built target serial
[2.708s] Invoked command in '/root/ros2_ws/build/serial' returned '0': CMAKE_PREFIX_PATH=${CMAKE_PREFIX_PATH}:/opt/ros/jazzy /usr/bin/cmake --build /root/ros2_ws/build/serial -- -j20 -l20
[2.710s] Invoking command in '/root/ros2_ws/build/serial': CMAKE_PREFIX_PATH=${CMAKE_PREFIX_PATH}:/opt/ros/jazzy /usr/bin/cmake --install /root/ros2_ws/build/serial
[2.724s] -- Install configuration: ""
[2.725s] -- Installing: /root/ros2_ws/install/serial/lib/libserial.a
[2.725s] -- Installing: /root/ros2_ws/install/serial/include
[2.725s] -- Installing: /root/ros2_ws/install/serial/include/serial
[2.725s] -- Installing: /root/ros2_ws/install/serial/include/serial/serial.h
[2.725s] -- Installing: /root/ros2_ws/install/serial/include/serial/v8stdint.h
[2.725s] -- Installing: /root/ros2_ws/install/serial/include/serial/impl
[2.726s] -- Installing: /root/ros2_ws/install/serial/include/serial/impl/win.h
[2.726s] -- Installing: /root/ros2_ws/install/serial/include/serial/impl/unix.h
[2.726s] -- Installing: /root/ros2_ws/install/serial/share/serial/environment/library_path.sh
[2.726s] -- Installing: /root/ros2_ws/install/serial/share/serial/environment/library_path.dsv
[2.726s] -- Installing: /root/ros2_ws/install/serial/share/ament_index/resource_index/package_run_dependencies/serial
[2.726s] -- Installing: /root/ros2_ws/install/serial/share/ament_index/resource_index/parent_prefix_path/serial
[2.726s] -- Installing: /root/ros2_ws/install/serial/share/serial/environment/ament_prefix_path.sh
[2.727s] -- Installing: /root/ros2_ws/install/serial/share/serial/environment/ament_prefix_path.dsv
[2.727s] -- Installing: /root/ros2_ws/install/serial/share/serial/environment/path.sh
[2.727s] -- Installing: /root/ros2_ws/install/serial/share/serial/environment/path.dsv
[2.727s] -- Installing: /root/ros2_ws/install/serial/share/serial/local_setup.bash
[2.727s] -- Installing: /root/ros2_ws/install/serial/share/serial/local_setup.sh
[2.727s] -- Installing: /root/ros2_ws/install/serial/share/serial/local_setup.zsh
[2.727s] -- Installing: /root/ros2_ws/install/serial/share/serial/local_setup.dsv
[2.727s] -- Installing: /root/ros2_ws/install/serial/share/serial/package.dsv
[2.728s] -- Installing: /root/ros2_ws/install/serial/share/ament_index/resource_index/packages/serial
[2.728s] -- Installing: /root/ros2_ws/install/serial/share/serial/cmake/export_serialExport.cmake
[2.728s] -- Installing: /root/ros2_ws/install/serial/share/serial/cmake/export_serialExport-noconfig.cmake
[2.728s] -- Installing: /root/ros2_ws/install/serial/share/serial/cmake/ament_cmake_export_include_directories-extras.cmake
[2.728s] -- Installing: /root/ros2_ws/install/serial/share/serial/cmake/ament_cmake_export_libraries-extras.cmake
[2.728s] -- Installing: /root/ros2_ws/install/serial/share/serial/cmake/ament_cmake_export_targets-extras.cmake
[2.728s] -- Installing: /root/ros2_ws/install/serial/share/serial/cmake/serialConfig.cmake
[2.728s] -- Installing: /root/ros2_ws/install/serial/share/serial/cmake/serialConfig-version.cmake
[2.728s] -- Installing: /root/ros2_ws/install/serial/share/serial/package.xml
[2.730s] Invoked command in '/root/ros2_ws/build/serial' returned '0': CMAKE_PREFIX_PATH=${CMAKE_PREFIX_PATH}:/opt/ros/jazzy /usr/bin/cmake --install /root/ros2_ws/build/serial
