[0.246s] Invoking command in '/root/ros2_ws/build/rviz_visual_tools': CMAKE_PREFIX_PATH=${CMAKE_PREFIX_PATH}:/root/ros2_ws/install/moveit_configs_utils:/opt/ros/jazzy /usr/bin/cmake --build /root/ros2_ws/build/rviz_visual_tools -- -j20 -l20
[0.374s] [  0%] Built target gtest_autogen_timestamp_deps
[0.376s] [  0%] Built target rviz_visual_tools_remote_control_autogen_timestamp_deps
[0.379s] [  0%] Built target rviz_visual_tools_gui_autogen_timestamp_deps
[0.383s] [  0%] Built target gtest_main_autogen_timestamp_deps
[0.413s] [  2%] Built target gtest_autogen
[0.421s] [  4%] Built target gtest_main_autogen
[0.432s] [  6%] Built target rviz_visual_tools_remote_control_autogen
[0.457s] [  8%] Built target rviz_visual_tools_gui_autogen
[0.470s] [ 16%] Built target gtest_main
[0.472s] [ 25%] Built target gtest
[0.540s] [ 33%] Built target rviz_visual_tools_remote_control
[0.581s] [ 45%] Built target rviz_visual_tools_gui
[0.584s] [ 45%] Built target rviz_visual_tools_autogen_timestamp_deps
[0.637s] [ 47%] Built target rviz_visual_tools_autogen
[0.738s] [ 58%] Built target rviz_visual_tools
[0.776s] [ 58%] Built target rviz_visual_tools_demo_autogen_timestamp_deps
[0.776s] [ 58%] Built target rviz_visual_tools_rvt_test_autogen_timestamp_deps
[0.791s] [ 58%] Built target rviz_visual_tools_imarker_simple_autogen_timestamp_deps
[0.848s] [ 60%] Built target rviz_visual_tools_demo_autogen
[0.848s] [ 62%] Built target rviz_visual_tools_rvt_test_autogen
[0.854s] [ 64%] Built target rviz_visual_tools_imarker_simple_autogen
[0.932s] [ 72%] Built target rviz_visual_tools_rvt_test
[0.941s] [ 81%] Built target rviz_visual_tools_demo
[0.943s] [ 89%] Built target rviz_visual_tools_imarker_simple
[0.996s] [ 89%] Built target rviz_visual_tools_imarker_simple_demo_autogen_timestamp_deps
[1.039s] [ 91%] Built target rviz_visual_tools_imarker_simple_demo_autogen
[1.108s] [100%] Built target rviz_visual_tools_imarker_simple_demo
[1.149s] Invoked command in '/root/ros2_ws/build/rviz_visual_tools' returned '0': CMAKE_PREFIX_PATH=${CMAKE_PREFIX_PATH}:/root/ros2_ws/install/moveit_configs_utils:/opt/ros/jazzy /usr/bin/cmake --build /root/ros2_ws/build/rviz_visual_tools -- -j20 -l20
[1.202s] Invoking command in '/root/ros2_ws/build/rviz_visual_tools': CMAKE_PREFIX_PATH=${CMAKE_PREFIX_PATH}:/root/ros2_ws/install/moveit_configs_utils:/opt/ros/jazzy /usr/bin/cmake --install /root/ros2_ws/build/rviz_visual_tools
[1.281s] -- Install configuration: ""
[1.281s] -- Up-to-date: /root/ros2_ws/install/rviz_visual_tools/share/rviz_visual_tools/plugin_description.xml
[1.281s] -- Up-to-date: /root/ros2_ws/install/rviz_visual_tools/lib/librviz_visual_tools.so
[1.281s] -- Up-to-date: /root/ros2_ws/install/rviz_visual_tools/lib/librviz_visual_tools_remote_control.so
[1.281s] -- Up-to-date: /root/ros2_ws/install/rviz_visual_tools/lib/librviz_visual_tools_gui.so
[1.281s] -- Up-to-date: /root/ros2_ws/install/rviz_visual_tools/lib/librviz_visual_tools_imarker_simple.so
[1.281s] -- Up-to-date: /root/ros2_ws/install/rviz_visual_tools/lib/rviz_visual_tools/rviz_visual_tools_demo
[1.281s] -- Up-to-date: /root/ros2_ws/install/rviz_visual_tools/lib/rviz_visual_tools/rviz_visual_tools_imarker_simple_demo
[1.281s] -- Up-to-date: /root/ros2_ws/install/rviz_visual_tools/include
[1.282s] -- Up-to-date: /root/ros2_ws/install/rviz_visual_tools/include/rviz_visual_tools
[1.282s] -- Up-to-date: /root/ros2_ws/install/rviz_visual_tools/include/rviz_visual_tools/rviz_visual_tools_gui.hpp
[1.282s] -- Up-to-date: /root/ros2_ws/install/rviz_visual_tools/include/rviz_visual_tools/rviz_visual_tools.hpp
[1.282s] -- Up-to-date: /root/ros2_ws/install/rviz_visual_tools/include/rviz_visual_tools/tf_visual_tools.hpp
[1.282s] -- Up-to-date: /root/ros2_ws/install/rviz_visual_tools/include/rviz_visual_tools/remote_control.hpp
[1.282s] -- Up-to-date: /root/ros2_ws/install/rviz_visual_tools/include/rviz_visual_tools/key_tool.hpp
[1.282s] -- Up-to-date: /root/ros2_ws/install/rviz_visual_tools/include/rviz_visual_tools/imarker_simple.hpp
[1.282s] -- Up-to-date: /root/ros2_ws/install/rviz_visual_tools/include/rviz_visual_tools/remote_reciever.hpp
[1.282s] -- Up-to-date: /root/ros2_ws/install/rviz_visual_tools/share/rviz_visual_tools/launch
[1.282s] -- Up-to-date: /root/ros2_ws/install/rviz_visual_tools/share/rviz_visual_tools/launch/demo.rviz
[1.282s] -- Up-to-date: /root/ros2_ws/install/rviz_visual_tools/share/rviz_visual_tools/launch/demo_combined.launch.py
[1.282s] -- Up-to-date: /root/ros2_ws/install/rviz_visual_tools/share/rviz_visual_tools/launch/rvt_test.launch
[1.282s] -- Up-to-date: /root/ros2_ws/install/rviz_visual_tools/share/rviz_visual_tools/launch/demo_rviz.launch.py
[1.282s] -- Up-to-date: /root/ros2_ws/install/rviz_visual_tools/share/rviz_visual_tools/environment/library_path.sh
[1.282s] -- Up-to-date: /root/ros2_ws/install/rviz_visual_tools/share/rviz_visual_tools/environment/library_path.dsv
[1.282s] -- Up-to-date: /root/ros2_ws/install/rviz_visual_tools/share/ament_index/resource_index/package_run_dependencies/rviz_visual_tools
[1.282s] -- Up-to-date: /root/ros2_ws/install/rviz_visual_tools/share/ament_index/resource_index/parent_prefix_path/rviz_visual_tools
[1.283s] -- Up-to-date: /root/ros2_ws/install/rviz_visual_tools/share/rviz_visual_tools/environment/ament_prefix_path.sh
[1.283s] -- Up-to-date: /root/ros2_ws/install/rviz_visual_tools/share/rviz_visual_tools/environment/ament_prefix_path.dsv
[1.283s] -- Up-to-date: /root/ros2_ws/install/rviz_visual_tools/share/rviz_visual_tools/environment/path.sh
[1.283s] -- Up-to-date: /root/ros2_ws/install/rviz_visual_tools/share/rviz_visual_tools/environment/path.dsv
[1.283s] -- Up-to-date: /root/ros2_ws/install/rviz_visual_tools/share/rviz_visual_tools/local_setup.bash
[1.283s] -- Up-to-date: /root/ros2_ws/install/rviz_visual_tools/share/rviz_visual_tools/local_setup.sh
[1.283s] -- Up-to-date: /root/ros2_ws/install/rviz_visual_tools/share/rviz_visual_tools/local_setup.zsh
[1.283s] -- Up-to-date: /root/ros2_ws/install/rviz_visual_tools/share/rviz_visual_tools/local_setup.dsv
[1.283s] -- Installing: /root/ros2_ws/install/rviz_visual_tools/share/rviz_visual_tools/package.dsv
[1.283s] -- Up-to-date: /root/ros2_ws/install/rviz_visual_tools/share/ament_index/resource_index/packages/rviz_visual_tools
[1.283s] -- Up-to-date: /root/ros2_ws/install/rviz_visual_tools/share/ament_index/resource_index/rviz_common__pluginlib__plugin/rviz_visual_tools
[1.283s] -- Up-to-date: /root/ros2_ws/install/rviz_visual_tools/share/rviz_visual_tools/cmake/export_rviz_visual_toolsExport.cmake
[1.283s] -- Up-to-date: /root/ros2_ws/install/rviz_visual_tools/share/rviz_visual_tools/cmake/export_rviz_visual_toolsExport-noconfig.cmake
[1.283s] -- Up-to-date: /root/ros2_ws/install/rviz_visual_tools/share/rviz_visual_tools/cmake/ament_cmake_export_targets-extras.cmake
[1.283s] -- Up-to-date: /root/ros2_ws/install/rviz_visual_tools/share/rviz_visual_tools/cmake/ament_cmake_export_dependencies-extras.cmake
[1.283s] -- Up-to-date: /root/ros2_ws/install/rviz_visual_tools/share/rviz_visual_tools/cmake/ament_cmake_export_include_directories-extras.cmake
[1.283s] -- Up-to-date: /root/ros2_ws/install/rviz_visual_tools/share/rviz_visual_tools/cmake/ament_cmake_export_libraries-extras.cmake
[1.283s] -- Up-to-date: /root/ros2_ws/install/rviz_visual_tools/share/rviz_visual_tools/cmake/rviz_visual_toolsConfig.cmake
[1.283s] -- Up-to-date: /root/ros2_ws/install/rviz_visual_tools/share/rviz_visual_tools/cmake/rviz_visual_toolsConfig-version.cmake
[1.283s] -- Up-to-date: /root/ros2_ws/install/rviz_visual_tools/share/rviz_visual_tools/package.xml
[1.290s] Invoked command in '/root/ros2_ws/build/rviz_visual_tools' returned '0': CMAKE_PREFIX_PATH=${CMAKE_PREFIX_PATH}:/root/ros2_ws/install/moveit_configs_utils:/opt/ros/jazzy /usr/bin/cmake --install /root/ros2_ws/build/rviz_visual_tools
