[0.098s] Invoking command in '/root/ros2_ws/build/moveit_core': CMAKE_PREFIX_PATH=/root/ros2_ws/install/moveit_resources_panda_moveit_config:/root/ros2_ws/install/moveit_resources_pr2_description:/root/ros2_ws/install/moveit_resources_panda_description:/root/ros2_ws/install/moveit_msgs:/root/ros2_ws/install/moveit_common:/root/ros2_ws/install/unnamed:/root/ros2_ws/install/robotiq_hardware_tests:/root/ros2_ws/install/robotiq_driver:/root/ros2_ws/install/serial:/root/ros2_ws/install/moveit2_tutorials:/root/ros2_ws/install/moveit_visual_tools:/root/ros2_ws/install/rviz_visual_tools:/root/ros2_ws/install/moveit_task_constructor_visualization:/root/ros2_ws/install/moveit_task_constructor_demo:/root/ros2_ws/install/moveit_task_constructor_capabilities:/root/ros2_ws/install/moveit_task_constructor_core:/root/ros2_ws/install/rviz_marker_tools:/root/ros2_ws/install/kortex_bringup:/root/ros2_ws/install/kinova_gen3_lite_moveit_config:/root/ros2_ws/install/kinova_gen3_7dof_robotiq_2f_85_moveit_config:/root/ros2_ws/install/kinova_gen3_6dof_robotiq_2f_85_moveit_config:/root/ros2_ws/install/kortex_description:/root/ros2_ws/install/robotiq_description:/root/ros2_ws/install/robotiq_controllers:/root/ros2_ws/install/pilz_industrial_motion_planner_testutils:/root/ros2_ws/install/moveit_runtime:/root/ros2_ws/install/moveit:/root/ros2_ws/install/moveit_planners:/root/ros2_ws/install/pilz_industrial_motion_planner:/root/ros2_ws/install/moveit_task_constructor_msgs:/root/ros2_ws/install/moveit_ros_control_interface:/root/ros2_ws/install/moveit_plugins:/root/ros2_ws/install/moveit_simple_controller_manager:/root/ros2_ws/install/moveit_setup_assistant:/root/ros2_ws/install/moveit_setup_srdf_plugins:/root/ros2_ws/install/moveit_setup_core_plugins:/root/ros2_ws/install/moveit_setup_controllers:/root/ros2_ws/install/moveit_setup_app_plugins:/root/ros2_ws/install/moveit_setup_framework:/root/ros2_ws/install/moveit_servo:/root/ros2_ws/install/moveit_ros_trajectory_cache:/root/ros2_ws/install/moveit_ros:/root/ros2_ws/install/moveit_ros_visualization:/root/ros2_ws/install/moveit_py:/root/ros2_ws/install/moveit_hybrid_planning:/root/ros2_ws/install/moveit_ros_planning_interface:/root/ros2_ws/install/moveit_ros_benchmarks:/root/ros2_ws/install/moveit_ros_warehouse:/root/ros2_ws/install/moveit_ros_robot_interaction:/root/ros2_ws/install/moveit_ros_perception:/root/ros2_ws/install/moveit_resources_prbt_pg70_support:/root/ros2_ws/install/moveit_resources_prbt_moveit_config:/root/ros2_ws/install/moveit_ros_move_group:/root/ros2_ws/install/moveit_planners_ompl:/root/ros2_ws/install/moveit_kinematics:/root/ros2_ws/install/moveit_ros_planning:/root/ros2_ws/install/moveit_ros_occupancy_map_monitor:/root/ros2_ws/install/moveit_resources_prbt_support:/root/ros2_ws/install/moveit_resources_prbt_ikfast_manipulator_plugin:/root/ros2_ws/install/moveit_resources:/root/ros2_ws/install/dual_arm_panda_moveit_config:/root/ros2_ws/install/moveit_resources_fanuc_moveit_config:/root/ros2_ws/install/moveit_resources_fanuc_description:/root/ros2_ws/install/moveit_planners_stomp:/root/ros2_ws/install/moveit_planners_chomp:/root/ros2_ws/install/chomp_motion_planner:/root/ros2_ws/install/moveit_core:/root/ros2_ws/install/kortex_driver:/root/ros2_ws/install/kortex_api:/root/ros2_ws/install/gz_ros2_control_tests:/root/ros2_ws/install/gz_ros2_control_demos:/root/ros2_ws/install/gz_ros2_control:/opt/ros/jazzy/opt/gz_sim_vendor:/opt/ros/jazzy/opt/gz_sensors_vendor:/opt/ros/jazzy/opt/gz_physics_vendor:/opt/ros/jazzy/opt/sdformat_vendor:/opt/ros/jazzy/opt/gz_gui_vendor:/opt/ros/jazzy/opt/gz_transport_vendor:/opt/ros/jazzy/opt/gz_rendering_vendor:/opt/ros/jazzy/opt/gz_plugin_vendor:/opt/ros/jazzy/opt/gz_fuel_tools_vendor:/opt/ros/jazzy/opt/gz_msgs_vendor:/opt/ros/jazzy/opt/gz_common_vendor:/opt/ros/jazzy/opt/gz_math_vendor:/opt/ros/jazzy/opt/gz_utils_vendor:/opt/ros/jazzy/opt/gz_tools_vendor:/opt/ros/jazzy/opt/gz_ogre_next_vendor:/opt/ros/jazzy/opt/gz_dartsim_vendor:/opt/ros/jazzy/opt/gz_cmake_vendor:/root/ros2_ws/install/moveit_configs_utils:/opt/ros/jazzy LD_LIBRARY_PATH=/root/ros2_ws/install/moveit_msgs/lib:/root/ros2_ws/install/robotiq_driver/lib:/root/ros2_ws/install/serial/lib:/root/ros2_ws/install/moveit_visual_tools/lib:/root/ros2_ws/install/rviz_visual_tools/lib:/root/ros2_ws/install/moveit_task_constructor_visualization/lib:/root/ros2_ws/install/moveit_task_constructor_demo/lib:/root/ros2_ws/install/moveit_task_constructor_capabilities/lib:/root/ros2_ws/install/moveit_task_constructor_core/lib:/root/ros2_ws/install/rviz_marker_tools/lib:/root/ros2_ws/install/robotiq_controllers/lib:/root/ros2_ws/install/pilz_industrial_motion_planner_testutils/lib:/root/ros2_ws/install/pilz_industrial_motion_planner/lib:/root/ros2_ws/install/moveit_task_constructor_msgs/lib:/root/ros2_ws/install/moveit_ros_control_interface/lib:/root/ros2_ws/install/moveit_simple_controller_manager/lib:/root/ros2_ws/install/moveit_setup_assistant/lib:/root/ros2_ws/install/moveit_setup_srdf_plugins/lib:/root/ros2_ws/install/moveit_setup_core_plugins/lib:/root/ros2_ws/install/moveit_setup_controllers/lib:/root/ros2_ws/install/moveit_setup_app_plugins/lib:/root/ros2_ws/install/moveit_setup_framework/lib:/root/ros2_ws/install/moveit_servo/lib:/root/ros2_ws/install/moveit_ros_trajectory_cache/lib:/root/ros2_ws/install/moveit_ros_visualization/lib:/root/ros2_ws/install/moveit_py/lib:/root/ros2_ws/install/moveit_hybrid_planning/lib:/root/ros2_ws/install/moveit_ros_planning_interface/lib:/root/ros2_ws/install/moveit_ros_benchmarks/lib:/root/ros2_ws/install/moveit_ros_warehouse/lib:/root/ros2_ws/install/moveit_ros_robot_interaction/lib:/root/ros2_ws/install/moveit_ros_perception/lib:/root/ros2_ws/install/moveit_ros_move_group/lib:/root/ros2_ws/install/moveit_planners_ompl/lib:/root/ros2_ws/install/moveit_kinematics/lib:/root/ros2_ws/install/moveit_ros_planning/lib:/root/ros2_ws/install/moveit_ros_occupancy_map_monitor/lib:/root/ros2_ws/install/moveit_resources_prbt_ikfast_manipulator_plugin/lib:/root/ros2_ws/install/moveit_planners_stomp/lib:/root/ros2_ws/install/moveit_planners_chomp/lib:/root/ros2_ws/install/chomp_motion_planner/lib:/root/ros2_ws/install/moveit_core/lib:/root/ros2_ws/install/kortex_driver/lib:/root/ros2_ws/install/gz_ros2_control/lib:/opt/ros/jazzy/opt/gz_sim_vendor/lib:/opt/ros/jazzy/opt/gz_sensors_vendor/lib:/opt/ros/jazzy/opt/gz_physics_vendor/lib:/opt/ros/jazzy/opt/sdformat_vendor/lib:/opt/ros/jazzy/opt/rviz_ogre_vendor/lib:/opt/ros/jazzy/lib/x86_64-linux-gnu:/opt/ros/jazzy/opt/gz_gui_vendor/lib:/opt/ros/jazzy/opt/gz_transport_vendor/lib:/opt/ros/jazzy/opt/gz_rendering_vendor/lib:/opt/ros/jazzy/opt/gz_plugin_vendor/lib:/opt/ros/jazzy/opt/gz_fuel_tools_vendor/lib:/opt/ros/jazzy/opt/gz_msgs_vendor/lib:/opt/ros/jazzy/opt/gz_common_vendor/lib:/opt/ros/jazzy/opt/gz_math_vendor/lib:/opt/ros/jazzy/opt/gz_utils_vendor/lib:/opt/ros/jazzy/opt/gz_tools_vendor/lib:/opt/ros/jazzy/opt/gz_ogre_next_vendor/lib:/opt/ros/jazzy/opt/gz_dartsim_vendor/lib:/opt/ros/jazzy/opt/gz_cmake_vendor/lib:/opt/ros/jazzy/lib PYTHONPATH=/root/ros2_ws/install/moveit_msgs/lib/python3.12/site-packages:/root/ros2_ws/install/moveit_task_constructor_core/lib/python3.12/site-packages:/root/ros2_ws/install/moveit_task_constructor_msgs/lib/python3.12/site-packages:/root/ros2_ws/install/moveit_py/lib/python3.12/site-packages:/root/ros2_ws/install/moveit_configs_utils/lib/python3.12/site-packages:/opt/ros/jazzy/lib/python3.12/site-packages /usr/bin/cmake --build /root/ros2_ws/build/moveit_core -- -j20 -l20
[0.229s] [  1%] Built target gmock
[0.233s] [  2%] Built target gtest_main
[0.238s] [  3%] Built target moveit_acceleration_filter_parameters
[0.238s] [  4%] Built target moveit_ruckig_filter_parameters
[0.242s] [  5%] Built target moveit_butterworth_filter_parameters
[0.245s] [  7%] Built target gmock_main
[0.247s] [  9%] Built target moveit_smoothing_base
[0.249s] [ 10%] [34m[1mGenerate version header[0m
[0.252s] [ 11%] Built target gtest
[0.254s] [ 14%] Built target moveit_utils
[0.297s] [ 16%] Built target moveit_exceptions
[0.318s] [ 17%] Built target logger_dut
[0.332s] [ 18%] Built target moveit_transforms
[0.333s] [ 19%] [34m[1mGenerating version.hpp[0m
[0.335s] [ 21%] Built target moveit_distance_field
[0.357s] [ 21%] Built target version_hpp
[0.378s] [ 27%] Built target moveit_robot_model
[0.386s] [ 28%] Built target test_distance_field
[0.386s] [ 29%] Built target test_transforms
[0.386s] [ 30%] Built target moveit_version
[0.387s] [ 31%] Built target test_voxel_grid
[0.420s] [ 32%] Built target moveit_butterworth_filter
[0.425s] [ 33%] Built target moveit_kinematics_base
[0.470s] [ 34%] Built target test_butterworth_filter
[0.478s] [ 35%] Built target moveit_test_utils
[0.485s] [ 38%] Built target moveit_robot_state
[0.539s] [ 39%] Built target test_robot_model
[0.562s] [ 40%] Built target moveit_robot_trajectory
[0.566s] [ 41%] Built target moveit_ruckig_filter
[0.571s] [ 42%] Built target test_cartesian_interpolator
[0.572s] [ 43%] Built target moveit_kinematics_metrics
[0.573s] [ 49%] Built target moveit_collision_detection
[0.578s] [ 50%] Built target test_robot_state_complex
[0.582s] [ 51%] Built target test_aabb
[0.587s] [ 53%] Built target test_robot_state
[0.587s] [ 54%] Built target robot_state_benchmark
[0.590s] [ 55%] Built target moveit_dynamics_solver
[0.592s] [ 56%] Built target moveit_acceleration_filter
[0.620s] [ 57%] Built target test_robot_trajectory
[0.623s] [ 58%] Built target test_all_valid
[0.627s] [ 59%] Built target test_world
[0.630s] [ 61%] Built target moveit_trajectory_processing
[0.634s] [ 62%] Built target test_world_diff
[0.647s] [ 63%] Built target test_acceleration_filter
[0.655s] [ 65%] Built target moveit_collision_detection_fcl
[0.664s] [ 69%] Built target moveit_collision_detection_bullet
[0.686s] [ 70%] Built target test_time_optimal_trajectory_generation
[0.696s] [ 71%] Built target robot_trajectory_benchmark
[0.709s] [ 72%] Built target test_ruckig_traj_smoothing
[0.719s] [ 73%] Built target test_fcl_collision_detection_panda
[0.728s] [ 74%] Built target test_fcl_collision_env
[0.728s] [ 76%] Built target test_bullet_collision_detection
[0.733s] [ 78%] Built target test_bullet_continuous_collision_checking
[0.733s] [ 78%] Built target test_fcl_collision_detection
[0.741s] [ 79%] Built target test_bullet_collision_detection_panda
[0.742s] [ 80%] Built target moveit_kinematic_constraints
[0.798s] [ 82%] Built target test_constraints
[0.798s] [ 83%] Built target test_orientation_constraints
[0.801s] [ 84%] Built target moveit_planning_scene
[0.852s] [ 86%] Built target collision_detector_bullet_plugin
[0.852s] [ 86%] Built target test_collision_objects
[0.863s] [ 88%] Built target moveit_planning_interface
[0.864s] [ 89%] Built target test_multi_threaded
[0.866s] [ 90%] Built target collision_detector_fcl_plugin
[0.871s] [ 92%] Built target test_planning_scene
[0.871s] [ 94%] Built target moveit_collision_distance_field
[0.883s] [ 97%] Built target moveit_constraint_samplers
[0.919s] [ 98%] Built target test_collision_distance_field
[0.931s] [100%] Built target test_constraint_samplers
[0.945s] Invoked command in '/root/ros2_ws/build/moveit_core' returned '0': CMAKE_PREFIX_PATH=/root/ros2_ws/install/moveit_resources_panda_moveit_config:/root/ros2_ws/install/moveit_resources_pr2_description:/root/ros2_ws/install/moveit_resources_panda_description:/root/ros2_ws/install/moveit_msgs:/root/ros2_ws/install/moveit_common:/root/ros2_ws/install/unnamed:/root/ros2_ws/install/robotiq_hardware_tests:/root/ros2_ws/install/robotiq_driver:/root/ros2_ws/install/serial:/root/ros2_ws/install/moveit2_tutorials:/root/ros2_ws/install/moveit_visual_tools:/root/ros2_ws/install/rviz_visual_tools:/root/ros2_ws/install/moveit_task_constructor_visualization:/root/ros2_ws/install/moveit_task_constructor_demo:/root/ros2_ws/install/moveit_task_constructor_capabilities:/root/ros2_ws/install/moveit_task_constructor_core:/root/ros2_ws/install/rviz_marker_tools:/root/ros2_ws/install/kortex_bringup:/root/ros2_ws/install/kinova_gen3_lite_moveit_config:/root/ros2_ws/install/kinova_gen3_7dof_robotiq_2f_85_moveit_config:/root/ros2_ws/install/kinova_gen3_6dof_robotiq_2f_85_moveit_config:/root/ros2_ws/install/kortex_description:/root/ros2_ws/install/robotiq_description:/root/ros2_ws/install/robotiq_controllers:/root/ros2_ws/install/pilz_industrial_motion_planner_testutils:/root/ros2_ws/install/moveit_runtime:/root/ros2_ws/install/moveit:/root/ros2_ws/install/moveit_planners:/root/ros2_ws/install/pilz_industrial_motion_planner:/root/ros2_ws/install/moveit_task_constructor_msgs:/root/ros2_ws/install/moveit_ros_control_interface:/root/ros2_ws/install/moveit_plugins:/root/ros2_ws/install/moveit_simple_controller_manager:/root/ros2_ws/install/moveit_setup_assistant:/root/ros2_ws/install/moveit_setup_srdf_plugins:/root/ros2_ws/install/moveit_setup_core_plugins:/root/ros2_ws/install/moveit_setup_controllers:/root/ros2_ws/install/moveit_setup_app_plugins:/root/ros2_ws/install/moveit_setup_framework:/root/ros2_ws/install/moveit_servo:/root/ros2_ws/install/moveit_ros_trajectory_cache:/root/ros2_ws/install/moveit_ros:/root/ros2_ws/install/moveit_ros_visualization:/root/ros2_ws/install/moveit_py:/root/ros2_ws/install/moveit_hybrid_planning:/root/ros2_ws/install/moveit_ros_planning_interface:/root/ros2_ws/install/moveit_ros_benchmarks:/root/ros2_ws/install/moveit_ros_warehouse:/root/ros2_ws/install/moveit_ros_robot_interaction:/root/ros2_ws/install/moveit_ros_perception:/root/ros2_ws/install/moveit_resources_prbt_pg70_support:/root/ros2_ws/install/moveit_resources_prbt_moveit_config:/root/ros2_ws/install/moveit_ros_move_group:/root/ros2_ws/install/moveit_planners_ompl:/root/ros2_ws/install/moveit_kinematics:/root/ros2_ws/install/moveit_ros_planning:/root/ros2_ws/install/moveit_ros_occupancy_map_monitor:/root/ros2_ws/install/moveit_resources_prbt_support:/root/ros2_ws/install/moveit_resources_prbt_ikfast_manipulator_plugin:/root/ros2_ws/install/moveit_resources:/root/ros2_ws/install/dual_arm_panda_moveit_config:/root/ros2_ws/install/moveit_resources_fanuc_moveit_config:/root/ros2_ws/install/moveit_resources_fanuc_description:/root/ros2_ws/install/moveit_planners_stomp:/root/ros2_ws/install/moveit_planners_chomp:/root/ros2_ws/install/chomp_motion_planner:/root/ros2_ws/install/moveit_core:/root/ros2_ws/install/kortex_driver:/root/ros2_ws/install/kortex_api:/root/ros2_ws/install/gz_ros2_control_tests:/root/ros2_ws/install/gz_ros2_control_demos:/root/ros2_ws/install/gz_ros2_control:/opt/ros/jazzy/opt/gz_sim_vendor:/opt/ros/jazzy/opt/gz_sensors_vendor:/opt/ros/jazzy/opt/gz_physics_vendor:/opt/ros/jazzy/opt/sdformat_vendor:/opt/ros/jazzy/opt/gz_gui_vendor:/opt/ros/jazzy/opt/gz_transport_vendor:/opt/ros/jazzy/opt/gz_rendering_vendor:/opt/ros/jazzy/opt/gz_plugin_vendor:/opt/ros/jazzy/opt/gz_fuel_tools_vendor:/opt/ros/jazzy/opt/gz_msgs_vendor:/opt/ros/jazzy/opt/gz_common_vendor:/opt/ros/jazzy/opt/gz_math_vendor:/opt/ros/jazzy/opt/gz_utils_vendor:/opt/ros/jazzy/opt/gz_tools_vendor:/opt/ros/jazzy/opt/gz_ogre_next_vendor:/opt/ros/jazzy/opt/gz_dartsim_vendor:/opt/ros/jazzy/opt/gz_cmake_vendor:/root/ros2_ws/install/moveit_configs_utils:/opt/ros/jazzy LD_LIBRARY_PATH=/root/ros2_ws/install/moveit_msgs/lib:/root/ros2_ws/install/robotiq_driver/lib:/root/ros2_ws/install/serial/lib:/root/ros2_ws/install/moveit_visual_tools/lib:/root/ros2_ws/install/rviz_visual_tools/lib:/root/ros2_ws/install/moveit_task_constructor_visualization/lib:/root/ros2_ws/install/moveit_task_constructor_demo/lib:/root/ros2_ws/install/moveit_task_constructor_capabilities/lib:/root/ros2_ws/install/moveit_task_constructor_core/lib:/root/ros2_ws/install/rviz_marker_tools/lib:/root/ros2_ws/install/robotiq_controllers/lib:/root/ros2_ws/install/pilz_industrial_motion_planner_testutils/lib:/root/ros2_ws/install/pilz_industrial_motion_planner/lib:/root/ros2_ws/install/moveit_task_constructor_msgs/lib:/root/ros2_ws/install/moveit_ros_control_interface/lib:/root/ros2_ws/install/moveit_simple_controller_manager/lib:/root/ros2_ws/install/moveit_setup_assistant/lib:/root/ros2_ws/install/moveit_setup_srdf_plugins/lib:/root/ros2_ws/install/moveit_setup_core_plugins/lib:/root/ros2_ws/install/moveit_setup_controllers/lib:/root/ros2_ws/install/moveit_setup_app_plugins/lib:/root/ros2_ws/install/moveit_setup_framework/lib:/root/ros2_ws/install/moveit_servo/lib:/root/ros2_ws/install/moveit_ros_trajectory_cache/lib:/root/ros2_ws/install/moveit_ros_visualization/lib:/root/ros2_ws/install/moveit_py/lib:/root/ros2_ws/install/moveit_hybrid_planning/lib:/root/ros2_ws/install/moveit_ros_planning_interface/lib:/root/ros2_ws/install/moveit_ros_benchmarks/lib:/root/ros2_ws/install/moveit_ros_warehouse/lib:/root/ros2_ws/install/moveit_ros_robot_interaction/lib:/root/ros2_ws/install/moveit_ros_perception/lib:/root/ros2_ws/install/moveit_ros_move_group/lib:/root/ros2_ws/install/moveit_planners_ompl/lib:/root/ros2_ws/install/moveit_kinematics/lib:/root/ros2_ws/install/moveit_ros_planning/lib:/root/ros2_ws/install/moveit_ros_occupancy_map_monitor/lib:/root/ros2_ws/install/moveit_resources_prbt_ikfast_manipulator_plugin/lib:/root/ros2_ws/install/moveit_planners_stomp/lib:/root/ros2_ws/install/moveit_planners_chomp/lib:/root/ros2_ws/install/chomp_motion_planner/lib:/root/ros2_ws/install/moveit_core/lib:/root/ros2_ws/install/kortex_driver/lib:/root/ros2_ws/install/gz_ros2_control/lib:/opt/ros/jazzy/opt/gz_sim_vendor/lib:/opt/ros/jazzy/opt/gz_sensors_vendor/lib:/opt/ros/jazzy/opt/gz_physics_vendor/lib:/opt/ros/jazzy/opt/sdformat_vendor/lib:/opt/ros/jazzy/opt/rviz_ogre_vendor/lib:/opt/ros/jazzy/lib/x86_64-linux-gnu:/opt/ros/jazzy/opt/gz_gui_vendor/lib:/opt/ros/jazzy/opt/gz_transport_vendor/lib:/opt/ros/jazzy/opt/gz_rendering_vendor/lib:/opt/ros/jazzy/opt/gz_plugin_vendor/lib:/opt/ros/jazzy/opt/gz_fuel_tools_vendor/lib:/opt/ros/jazzy/opt/gz_msgs_vendor/lib:/opt/ros/jazzy/opt/gz_common_vendor/lib:/opt/ros/jazzy/opt/gz_math_vendor/lib:/opt/ros/jazzy/opt/gz_utils_vendor/lib:/opt/ros/jazzy/opt/gz_tools_vendor/lib:/opt/ros/jazzy/opt/gz_ogre_next_vendor/lib:/opt/ros/jazzy/opt/gz_dartsim_vendor/lib:/opt/ros/jazzy/opt/gz_cmake_vendor/lib:/opt/ros/jazzy/lib PYTHONPATH=/root/ros2_ws/install/moveit_msgs/lib/python3.12/site-packages:/root/ros2_ws/install/moveit_task_constructor_core/lib/python3.12/site-packages:/root/ros2_ws/install/moveit_task_constructor_msgs/lib/python3.12/site-packages:/root/ros2_ws/install/moveit_py/lib/python3.12/site-packages:/root/ros2_ws/install/moveit_configs_utils/lib/python3.12/site-packages:/opt/ros/jazzy/lib/python3.12/site-packages /usr/bin/cmake --build /root/ros2_ws/build/moveit_core -- -j20 -l20
[0.946s] Invoking command in '/root/ros2_ws/build/moveit_core': CMAKE_PREFIX_PATH=/root/ros2_ws/install/moveit_resources_panda_moveit_config:/root/ros2_ws/install/moveit_resources_pr2_description:/root/ros2_ws/install/moveit_resources_panda_description:/root/ros2_ws/install/moveit_msgs:/root/ros2_ws/install/moveit_common:/root/ros2_ws/install/unnamed:/root/ros2_ws/install/robotiq_hardware_tests:/root/ros2_ws/install/robotiq_driver:/root/ros2_ws/install/serial:/root/ros2_ws/install/moveit2_tutorials:/root/ros2_ws/install/moveit_visual_tools:/root/ros2_ws/install/rviz_visual_tools:/root/ros2_ws/install/moveit_task_constructor_visualization:/root/ros2_ws/install/moveit_task_constructor_demo:/root/ros2_ws/install/moveit_task_constructor_capabilities:/root/ros2_ws/install/moveit_task_constructor_core:/root/ros2_ws/install/rviz_marker_tools:/root/ros2_ws/install/kortex_bringup:/root/ros2_ws/install/kinova_gen3_lite_moveit_config:/root/ros2_ws/install/kinova_gen3_7dof_robotiq_2f_85_moveit_config:/root/ros2_ws/install/kinova_gen3_6dof_robotiq_2f_85_moveit_config:/root/ros2_ws/install/kortex_description:/root/ros2_ws/install/robotiq_description:/root/ros2_ws/install/robotiq_controllers:/root/ros2_ws/install/pilz_industrial_motion_planner_testutils:/root/ros2_ws/install/moveit_runtime:/root/ros2_ws/install/moveit:/root/ros2_ws/install/moveit_planners:/root/ros2_ws/install/pilz_industrial_motion_planner:/root/ros2_ws/install/moveit_task_constructor_msgs:/root/ros2_ws/install/moveit_ros_control_interface:/root/ros2_ws/install/moveit_plugins:/root/ros2_ws/install/moveit_simple_controller_manager:/root/ros2_ws/install/moveit_setup_assistant:/root/ros2_ws/install/moveit_setup_srdf_plugins:/root/ros2_ws/install/moveit_setup_core_plugins:/root/ros2_ws/install/moveit_setup_controllers:/root/ros2_ws/install/moveit_setup_app_plugins:/root/ros2_ws/install/moveit_setup_framework:/root/ros2_ws/install/moveit_servo:/root/ros2_ws/install/moveit_ros_trajectory_cache:/root/ros2_ws/install/moveit_ros:/root/ros2_ws/install/moveit_ros_visualization:/root/ros2_ws/install/moveit_py:/root/ros2_ws/install/moveit_hybrid_planning:/root/ros2_ws/install/moveit_ros_planning_interface:/root/ros2_ws/install/moveit_ros_benchmarks:/root/ros2_ws/install/moveit_ros_warehouse:/root/ros2_ws/install/moveit_ros_robot_interaction:/root/ros2_ws/install/moveit_ros_perception:/root/ros2_ws/install/moveit_resources_prbt_pg70_support:/root/ros2_ws/install/moveit_resources_prbt_moveit_config:/root/ros2_ws/install/moveit_ros_move_group:/root/ros2_ws/install/moveit_planners_ompl:/root/ros2_ws/install/moveit_kinematics:/root/ros2_ws/install/moveit_ros_planning:/root/ros2_ws/install/moveit_ros_occupancy_map_monitor:/root/ros2_ws/install/moveit_resources_prbt_support:/root/ros2_ws/install/moveit_resources_prbt_ikfast_manipulator_plugin:/root/ros2_ws/install/moveit_resources:/root/ros2_ws/install/dual_arm_panda_moveit_config:/root/ros2_ws/install/moveit_resources_fanuc_moveit_config:/root/ros2_ws/install/moveit_resources_fanuc_description:/root/ros2_ws/install/moveit_planners_stomp:/root/ros2_ws/install/moveit_planners_chomp:/root/ros2_ws/install/chomp_motion_planner:/root/ros2_ws/install/moveit_core:/root/ros2_ws/install/kortex_driver:/root/ros2_ws/install/kortex_api:/root/ros2_ws/install/gz_ros2_control_tests:/root/ros2_ws/install/gz_ros2_control_demos:/root/ros2_ws/install/gz_ros2_control:/opt/ros/jazzy/opt/gz_sim_vendor:/opt/ros/jazzy/opt/gz_sensors_vendor:/opt/ros/jazzy/opt/gz_physics_vendor:/opt/ros/jazzy/opt/sdformat_vendor:/opt/ros/jazzy/opt/gz_gui_vendor:/opt/ros/jazzy/opt/gz_transport_vendor:/opt/ros/jazzy/opt/gz_rendering_vendor:/opt/ros/jazzy/opt/gz_plugin_vendor:/opt/ros/jazzy/opt/gz_fuel_tools_vendor:/opt/ros/jazzy/opt/gz_msgs_vendor:/opt/ros/jazzy/opt/gz_common_vendor:/opt/ros/jazzy/opt/gz_math_vendor:/opt/ros/jazzy/opt/gz_utils_vendor:/opt/ros/jazzy/opt/gz_tools_vendor:/opt/ros/jazzy/opt/gz_ogre_next_vendor:/opt/ros/jazzy/opt/gz_dartsim_vendor:/opt/ros/jazzy/opt/gz_cmake_vendor:/root/ros2_ws/install/moveit_configs_utils:/opt/ros/jazzy LD_LIBRARY_PATH=/root/ros2_ws/install/moveit_msgs/lib:/root/ros2_ws/install/robotiq_driver/lib:/root/ros2_ws/install/serial/lib:/root/ros2_ws/install/moveit_visual_tools/lib:/root/ros2_ws/install/rviz_visual_tools/lib:/root/ros2_ws/install/moveit_task_constructor_visualization/lib:/root/ros2_ws/install/moveit_task_constructor_demo/lib:/root/ros2_ws/install/moveit_task_constructor_capabilities/lib:/root/ros2_ws/install/moveit_task_constructor_core/lib:/root/ros2_ws/install/rviz_marker_tools/lib:/root/ros2_ws/install/robotiq_controllers/lib:/root/ros2_ws/install/pilz_industrial_motion_planner_testutils/lib:/root/ros2_ws/install/pilz_industrial_motion_planner/lib:/root/ros2_ws/install/moveit_task_constructor_msgs/lib:/root/ros2_ws/install/moveit_ros_control_interface/lib:/root/ros2_ws/install/moveit_simple_controller_manager/lib:/root/ros2_ws/install/moveit_setup_assistant/lib:/root/ros2_ws/install/moveit_setup_srdf_plugins/lib:/root/ros2_ws/install/moveit_setup_core_plugins/lib:/root/ros2_ws/install/moveit_setup_controllers/lib:/root/ros2_ws/install/moveit_setup_app_plugins/lib:/root/ros2_ws/install/moveit_setup_framework/lib:/root/ros2_ws/install/moveit_servo/lib:/root/ros2_ws/install/moveit_ros_trajectory_cache/lib:/root/ros2_ws/install/moveit_ros_visualization/lib:/root/ros2_ws/install/moveit_py/lib:/root/ros2_ws/install/moveit_hybrid_planning/lib:/root/ros2_ws/install/moveit_ros_planning_interface/lib:/root/ros2_ws/install/moveit_ros_benchmarks/lib:/root/ros2_ws/install/moveit_ros_warehouse/lib:/root/ros2_ws/install/moveit_ros_robot_interaction/lib:/root/ros2_ws/install/moveit_ros_perception/lib:/root/ros2_ws/install/moveit_ros_move_group/lib:/root/ros2_ws/install/moveit_planners_ompl/lib:/root/ros2_ws/install/moveit_kinematics/lib:/root/ros2_ws/install/moveit_ros_planning/lib:/root/ros2_ws/install/moveit_ros_occupancy_map_monitor/lib:/root/ros2_ws/install/moveit_resources_prbt_ikfast_manipulator_plugin/lib:/root/ros2_ws/install/moveit_planners_stomp/lib:/root/ros2_ws/install/moveit_planners_chomp/lib:/root/ros2_ws/install/chomp_motion_planner/lib:/root/ros2_ws/install/moveit_core/lib:/root/ros2_ws/install/kortex_driver/lib:/root/ros2_ws/install/gz_ros2_control/lib:/opt/ros/jazzy/opt/gz_sim_vendor/lib:/opt/ros/jazzy/opt/gz_sensors_vendor/lib:/opt/ros/jazzy/opt/gz_physics_vendor/lib:/opt/ros/jazzy/opt/sdformat_vendor/lib:/opt/ros/jazzy/opt/rviz_ogre_vendor/lib:/opt/ros/jazzy/lib/x86_64-linux-gnu:/opt/ros/jazzy/opt/gz_gui_vendor/lib:/opt/ros/jazzy/opt/gz_transport_vendor/lib:/opt/ros/jazzy/opt/gz_rendering_vendor/lib:/opt/ros/jazzy/opt/gz_plugin_vendor/lib:/opt/ros/jazzy/opt/gz_fuel_tools_vendor/lib:/opt/ros/jazzy/opt/gz_msgs_vendor/lib:/opt/ros/jazzy/opt/gz_common_vendor/lib:/opt/ros/jazzy/opt/gz_math_vendor/lib:/opt/ros/jazzy/opt/gz_utils_vendor/lib:/opt/ros/jazzy/opt/gz_tools_vendor/lib:/opt/ros/jazzy/opt/gz_ogre_next_vendor/lib:/opt/ros/jazzy/opt/gz_dartsim_vendor/lib:/opt/ros/jazzy/opt/gz_cmake_vendor/lib:/opt/ros/jazzy/lib PYTHONPATH=/root/ros2_ws/install/moveit_msgs/lib/python3.12/site-packages:/root/ros2_ws/install/moveit_task_constructor_core/lib/python3.12/site-packages:/root/ros2_ws/install/moveit_task_constructor_msgs/lib/python3.12/site-packages:/root/ros2_ws/install/moveit_py/lib/python3.12/site-packages:/root/ros2_ws/install/moveit_configs_utils/lib/python3.12/site-packages:/opt/ros/jazzy/lib/python3.12/site-packages /usr/bin/cmake --install /root/ros2_ws/build/moveit_core
[0.955s] -- Install configuration: "Release"
[0.955s] -- Up-to-date: /root/ros2_ws/install/moveit_core/include/moveit_core
[0.955s] -- Up-to-date: /root/ros2_ws/install/moveit_core/include/moveit_core/moveit
[0.955s] -- Up-to-date: /root/ros2_ws/install/moveit_core/include/moveit_core/moveit/collision_detection_bullet
[0.955s] -- Up-to-date: /root/ros2_ws/install/moveit_core/include/moveit_core/moveit/collision_detection_bullet/collision_detector_allocator_bullet.h
[0.956s] -- Up-to-date: /root/ros2_ws/install/moveit_core/include/moveit_core/moveit/collision_detection_bullet/collision_detector_allocator_bullet.hpp
[0.956s] -- Up-to-date: /root/ros2_ws/install/moveit_core/include/moveit_core/moveit/collision_detection_bullet/collision_env_bullet.h
[0.956s] -- Up-to-date: /root/ros2_ws/install/moveit_core/include/moveit_core/moveit/collision_detection_bullet/collision_detector_bullet_plugin_loader.h
[0.956s] -- Up-to-date: /root/ros2_ws/install/moveit_core/include/moveit_core/moveit/collision_detection_bullet/bullet_integration
[0.956s] -- Up-to-date: /root/ros2_ws/install/moveit_core/include/moveit_core/moveit/collision_detection_bullet/bullet_integration/basic_types.h
[0.956s] -- Up-to-date: /root/ros2_ws/install/moveit_core/include/moveit_core/moveit/collision_detection_bullet/bullet_integration/ros_bullet_utils.h
[0.956s] -- Up-to-date: /root/ros2_ws/install/moveit_core/include/moveit_core/moveit/collision_detection_bullet/bullet_integration/contact_checker_common.h
[0.957s] -- Up-to-date: /root/ros2_ws/install/moveit_core/include/moveit_core/moveit/collision_detection_bullet/bullet_integration/bullet_utils.hpp
[0.957s] -- Up-to-date: /root/ros2_ws/install/moveit_core/include/moveit_core/moveit/collision_detection_bullet/bullet_integration/bullet_bvh_manager.h
[0.957s] -- Up-to-date: /root/ros2_ws/install/moveit_core/include/moveit_core/moveit/collision_detection_bullet/bullet_integration/bullet_utils.h
[0.957s] -- Up-to-date: /root/ros2_ws/install/moveit_core/include/moveit_core/moveit/collision_detection_bullet/bullet_integration/bullet_cast_bvh_manager.hpp
[0.957s] -- Up-to-date: /root/ros2_ws/install/moveit_core/include/moveit_core/moveit/collision_detection_bullet/bullet_integration/bullet_discrete_bvh_manager.hpp
[0.957s] -- Up-to-date: /root/ros2_ws/install/moveit_core/include/moveit_core/moveit/collision_detection_bullet/bullet_integration/bullet_discrete_bvh_manager.h
[0.957s] -- Up-to-date: /root/ros2_ws/install/moveit_core/include/moveit_core/moveit/collision_detection_bullet/bullet_integration/bullet_cast_bvh_manager.h
[0.957s] -- Up-to-date: /root/ros2_ws/install/moveit_core/include/moveit_core/moveit/collision_detection_bullet/bullet_integration/basic_types.hpp
[0.957s] -- Up-to-date: /root/ros2_ws/install/moveit_core/include/moveit_core/moveit/collision_detection_bullet/bullet_integration/bullet_bvh_manager.hpp
[0.958s] -- Up-to-date: /root/ros2_ws/install/moveit_core/include/moveit_core/moveit/collision_detection_bullet/bullet_integration/contact_checker_common.hpp
[0.958s] -- Up-to-date: /root/ros2_ws/install/moveit_core/include/moveit_core/moveit/collision_detection_bullet/bullet_integration/ros_bullet_utils.hpp
[0.958s] -- Up-to-date: /root/ros2_ws/install/moveit_core/include/moveit_core/moveit/collision_detection_bullet/collision_env_bullet.hpp
[0.958s] -- Up-to-date: /root/ros2_ws/install/moveit_core/include/moveit_core/moveit/collision_detection_bullet/collision_detector_bullet_plugin_loader.hpp
[0.958s] -- Up-to-date: /root/ros2_ws/install/moveit_core/include/moveit_core/moveit_collision_detection_bullet_export.h
[0.958s] -- Up-to-date: /root/ros2_ws/install/moveit_core/include/moveit_core
[0.958s] -- Up-to-date: /root/ros2_ws/install/moveit_core/include/moveit_core/moveit
[0.958s] -- Up-to-date: /root/ros2_ws/install/moveit_core/include/moveit_core/moveit/collision_detection_fcl
[0.959s] -- Up-to-date: /root/ros2_ws/install/moveit_core/include/moveit_core/moveit/collision_detection_fcl/collision_detector_allocator_fcl.hpp
[0.959s] -- Up-to-date: /root/ros2_ws/install/moveit_core/include/moveit_core/moveit/collision_detection_fcl/collision_common.hpp
[0.959s] -- Up-to-date: /root/ros2_ws/install/moveit_core/include/moveit_core/moveit/collision_detection_fcl/collision_detector_fcl_plugin_loader.h
[0.959s] -- Up-to-date: /root/ros2_ws/install/moveit_core/include/moveit_core/moveit/collision_detection_fcl/fcl_compat.hpp
[0.959s] -- Up-to-date: /root/ros2_ws/install/moveit_core/include/moveit_core/moveit/collision_detection_fcl/fcl_compat.h
[0.959s] -- Up-to-date: /root/ros2_ws/install/moveit_core/include/moveit_core/moveit/collision_detection_fcl/collision_common.h
[0.959s] -- Up-to-date: /root/ros2_ws/install/moveit_core/include/moveit_core/moveit/collision_detection_fcl/collision_env_fcl.hpp
[0.959s] -- Up-to-date: /root/ros2_ws/install/moveit_core/include/moveit_core/moveit/collision_detection_fcl/collision_detector_allocator_fcl.h
[0.959s] -- Up-to-date: /root/ros2_ws/install/moveit_core/include/moveit_core/moveit/collision_detection_fcl/collision_detector_fcl_plugin_loader.hpp
[0.959s] -- Up-to-date: /root/ros2_ws/install/moveit_core/include/moveit_core/moveit/collision_detection_fcl/collision_env_fcl.h
[0.960s] -- Up-to-date: /root/ros2_ws/install/moveit_core/include/moveit_core/moveit_collision_detection_fcl_export.h
[0.960s] -- Up-to-date: /root/ros2_ws/install/moveit_core/include/moveit_core
[0.960s] -- Up-to-date: /root/ros2_ws/install/moveit_core/include/moveit_core/moveit
[0.960s] -- Up-to-date: /root/ros2_ws/install/moveit_core/include/moveit_core/moveit/collision_detection
[0.960s] -- Up-to-date: /root/ros2_ws/install/moveit_core/include/moveit_core/moveit/collision_detection/world_diff.hpp
[0.960s] -- Up-to-date: /root/ros2_ws/install/moveit_core/include/moveit_core/moveit/collision_detection/collision_octomap_filter.h
[0.960s] -- Up-to-date: /root/ros2_ws/install/moveit_core/include/moveit_core/moveit/collision_detection/occupancy_map.hpp
[0.960s] -- Up-to-date: /root/ros2_ws/install/moveit_core/include/moveit_core/moveit/collision_detection/collision_common.hpp
[0.960s] -- Up-to-date: /root/ros2_ws/install/moveit_core/include/moveit_core/moveit/collision_detection/collision_plugin.hpp
[0.961s] -- Up-to-date: /root/ros2_ws/install/moveit_core/include/moveit_core/moveit/collision_detection/world_diff.h
[0.961s] -- Up-to-date: /root/ros2_ws/install/moveit_core/include/moveit_core/moveit/collision_detection/collision_detector_allocator.hpp
[0.961s] -- Up-to-date: /root/ros2_ws/install/moveit_core/include/moveit_core/moveit/collision_detection/test_collision_common_panda.hpp
[0.961s] -- Up-to-date: /root/ros2_ws/install/moveit_core/include/moveit_core/moveit/collision_detection/test_collision_common_pr2.h
[0.961s] -- Up-to-date: /root/ros2_ws/install/moveit_core/include/moveit_core/moveit/collision_detection/collision_env.h
[0.961s] -- Up-to-date: /root/ros2_ws/install/moveit_core/include/moveit_core/moveit/collision_detection/test_collision_common_panda.h
[0.961s] -- Up-to-date: /root/ros2_ws/install/moveit_core/include/moveit_core/moveit/collision_detection/collision_plugin_cache.hpp
[0.961s] -- Up-to-date: /root/ros2_ws/install/moveit_core/include/moveit_core/moveit/collision_detection/world.h
[0.961s] -- Up-to-date: /root/ros2_ws/install/moveit_core/include/moveit_core/moveit/collision_detection/collision_plugin_cache.h
[0.961s] -- Up-to-date: /root/ros2_ws/install/moveit_core/include/moveit_core/moveit/collision_detection/occupancy_map.h
[0.961s] -- Up-to-date: /root/ros2_ws/install/moveit_core/include/moveit_core/moveit/collision_detection/collision_detector_allocator.h
[0.961s] -- Up-to-date: /root/ros2_ws/install/moveit_core/include/moveit_core/moveit/collision_detection/collision_matrix.hpp
[0.961s] -- Up-to-date: /root/ros2_ws/install/moveit_core/include/moveit_core/moveit/collision_detection/collision_matrix.h
[0.961s] -- Up-to-date: /root/ros2_ws/install/moveit_core/include/moveit_core/moveit/collision_detection/collision_plugin.h
[0.961s] -- Up-to-date: /root/ros2_ws/install/moveit_core/include/moveit_core/moveit/collision_detection/test_collision_common_pr2.hpp
[0.961s] -- Up-to-date: /root/ros2_ws/install/moveit_core/include/moveit_core/moveit/collision_detection/collision_common.h
[0.961s] -- Up-to-date: /root/ros2_ws/install/moveit_core/include/moveit_core/moveit/collision_detection/world.hpp
[0.961s] -- Up-to-date: /root/ros2_ws/install/moveit_core/include/moveit_core/moveit/collision_detection/allvalid
[0.961s] -- Up-to-date: /root/ros2_ws/install/moveit_core/include/moveit_core/moveit/collision_detection/allvalid/collision_detector_allocator_allvalid.hpp
[0.961s] -- Up-to-date: /root/ros2_ws/install/moveit_core/include/moveit_core/moveit/collision_detection/allvalid/collision_detector_allocator_allvalid.h
[0.962s] -- Up-to-date: /root/ros2_ws/install/moveit_core/include/moveit_core/moveit/collision_detection/allvalid/collision_env_allvalid.hpp
[0.962s] -- Up-to-date: /root/ros2_ws/install/moveit_core/include/moveit_core/moveit/collision_detection/allvalid/collision_env_allvalid.h
[0.962s] -- Up-to-date: /root/ros2_ws/install/moveit_core/include/moveit_core/moveit/collision_detection/collision_octomap_filter.hpp
[0.962s] -- Up-to-date: /root/ros2_ws/install/moveit_core/include/moveit_core/moveit/collision_detection/collision_env.hpp
[0.962s] -- Up-to-date: /root/ros2_ws/install/moveit_core/include/moveit_core/moveit/collision_detection/collision_tools.hpp
[0.962s] -- Up-to-date: /root/ros2_ws/install/moveit_core/include/moveit_core/moveit/collision_detection/collision_tools.h
[0.962s] -- Up-to-date: /root/ros2_ws/install/moveit_core/include/moveit_core/moveit_collision_detection_export.h
[0.962s] -- Up-to-date: /root/ros2_ws/install/moveit_core/include/moveit_core
[0.962s] -- Up-to-date: /root/ros2_ws/install/moveit_core/include/moveit_core/moveit
[0.962s] -- Up-to-date: /root/ros2_ws/install/moveit_core/include/moveit_core/moveit/collision_distance_field
[0.962s] -- Up-to-date: /root/ros2_ws/install/moveit_core/include/moveit_core/moveit/collision_distance_field/collision_env_hybrid.hpp
[0.962s] -- Up-to-date: /root/ros2_ws/install/moveit_core/include/moveit_core/moveit/collision_distance_field/collision_detector_allocator_hybrid.h
[0.962s] -- Up-to-date: /root/ros2_ws/install/moveit_core/include/moveit_core/moveit/collision_distance_field/collision_common_distance_field.hpp
[0.962s] -- Up-to-date: /root/ros2_ws/install/moveit_core/include/moveit_core/moveit/collision_distance_field/collision_distance_field_types.h
[0.962s] -- Up-to-date: /root/ros2_ws/install/moveit_core/include/moveit_core/moveit/collision_distance_field/collision_distance_field_types.hpp
[0.962s] -- Up-to-date: /root/ros2_ws/install/moveit_core/include/moveit_core/moveit/collision_distance_field/collision_detector_allocator_hybrid.hpp
[0.962s] -- Up-to-date: /root/ros2_ws/install/moveit_core/include/moveit_core/moveit/collision_distance_field/collision_detector_allocator_distance_field.hpp
[0.962s] -- Up-to-date: /root/ros2_ws/install/moveit_core/include/moveit_core/moveit/collision_distance_field/collision_detector_allocator_distance_field.h
[0.962s] -- Up-to-date: /root/ros2_ws/install/moveit_core/include/moveit_core/moveit/collision_distance_field/collision_common_distance_field.h
[0.962s] -- Up-to-date: /root/ros2_ws/install/moveit_core/include/moveit_core/moveit/collision_distance_field/collision_env_hybrid.h
[0.963s] -- Up-to-date: /root/ros2_ws/install/moveit_core/include/moveit_core/moveit/collision_distance_field/collision_env_distance_field.hpp
[0.963s] -- Up-to-date: /root/ros2_ws/install/moveit_core/include/moveit_core/moveit/collision_distance_field/collision_env_distance_field.h
[0.963s] -- Up-to-date: /root/ros2_ws/install/moveit_core/include/moveit_core/moveit_collision_distance_field_export.h
[0.963s] -- Up-to-date: /root/ros2_ws/install/moveit_core/include/moveit_core
[0.963s] -- Up-to-date: /root/ros2_ws/install/moveit_core/include/moveit_core/moveit
[0.963s] -- Up-to-date: /root/ros2_ws/install/moveit_core/include/moveit_core/moveit/constraint_samplers
[0.963s] -- Up-to-date: /root/ros2_ws/install/moveit_core/include/moveit_core/moveit/constraint_samplers/constraint_sampler_manager.h
[0.963s] -- Up-to-date: /root/ros2_ws/install/moveit_core/include/moveit_core/moveit/constraint_samplers/constraint_sampler.h
[0.963s] -- Up-to-date: /root/ros2_ws/install/moveit_core/include/moveit_core/moveit/constraint_samplers/union_constraint_sampler.h
[0.963s] -- Up-to-date: /root/ros2_ws/install/moveit_core/include/moveit_core/moveit/constraint_samplers/constraint_sampler_allocator.h
[0.963s] -- Up-to-date: /root/ros2_ws/install/moveit_core/include/moveit_core/moveit/constraint_samplers/constraint_sampler.hpp
[0.963s] -- Up-to-date: /root/ros2_ws/install/moveit_core/include/moveit_core/moveit/constraint_samplers/union_constraint_sampler.hpp
[0.963s] -- Up-to-date: /root/ros2_ws/install/moveit_core/include/moveit_core/moveit/constraint_samplers/constraint_sampler_manager.hpp
[0.963s] -- Up-to-date: /root/ros2_ws/install/moveit_core/include/moveit_core/moveit/constraint_samplers/constraint_sampler_tools.h
[0.963s] -- Up-to-date: /root/ros2_ws/install/moveit_core/include/moveit_core/moveit/constraint_samplers/default_constraint_samplers.hpp
[0.963s] -- Up-to-date: /root/ros2_ws/install/moveit_core/include/moveit_core/moveit/constraint_samplers/default_constraint_samplers.h
[0.963s] -- Up-to-date: /root/ros2_ws/install/moveit_core/include/moveit_core/moveit/constraint_samplers/constraint_sampler_allocator.hpp
[0.963s] -- Up-to-date: /root/ros2_ws/install/moveit_core/include/moveit_core/moveit/constraint_samplers/constraint_sampler_tools.hpp
[0.963s] -- Up-to-date: /root/ros2_ws/install/moveit_core/include/moveit_core
[0.963s] -- Up-to-date: /root/ros2_ws/install/moveit_core/include/moveit_core/moveit
[0.963s] -- Up-to-date: /root/ros2_ws/install/moveit_core/include/moveit_core/moveit/controller_manager
[0.963s] -- Up-to-date: /root/ros2_ws/install/moveit_core/include/moveit_core/moveit/controller_manager/controller_manager.hpp
[0.963s] -- Up-to-date: /root/ros2_ws/install/moveit_core/include/moveit_core/moveit/controller_manager/controller_manager.h
[0.963s] -- Up-to-date: /root/ros2_ws/install/moveit_core/include/moveit_core
[0.963s] -- Up-to-date: /root/ros2_ws/install/moveit_core/include/moveit_core/moveit
[0.964s] -- Up-to-date: /root/ros2_ws/install/moveit_core/include/moveit_core/moveit/distance_field
[0.964s] -- Up-to-date: /root/ros2_ws/install/moveit_core/include/moveit_core/moveit/distance_field/distance_field.hpp
[0.964s] -- Up-to-date: /root/ros2_ws/install/moveit_core/include/moveit_core/moveit/distance_field/find_internal_points.h
[0.964s] -- Up-to-date: /root/ros2_ws/install/moveit_core/include/moveit_core/moveit/distance_field/voxel_grid.hpp
[0.964s] -- Up-to-date: /root/ros2_ws/install/moveit_core/include/moveit_core/moveit/distance_field/find_internal_points.hpp
[0.964s] -- Up-to-date: /root/ros2_ws/install/moveit_core/include/moveit_core/moveit/distance_field/propagation_distance_field.hpp
[0.964s] -- Up-to-date: /root/ros2_ws/install/moveit_core/include/moveit_core/moveit/distance_field/voxel_grid.h
[0.964s] -- Up-to-date: /root/ros2_ws/install/moveit_core/include/moveit_core/moveit/distance_field/distance_field.h
[0.964s] -- Up-to-date: /root/ros2_ws/install/moveit_core/include/moveit_core/moveit/distance_field/propagation_distance_field.h
[0.964s] -- Up-to-date: /root/ros2_ws/install/moveit_core/include/moveit_core
[0.964s] -- Up-to-date: /root/ros2_ws/install/moveit_core/include/moveit_core/moveit
[0.964s] -- Up-to-date: /root/ros2_ws/install/moveit_core/include/moveit_core/moveit/dynamics_solver
[0.964s] -- Up-to-date: /root/ros2_ws/install/moveit_core/include/moveit_core/moveit/dynamics_solver/dynamics_solver.hpp
[0.964s] -- Up-to-date: /root/ros2_ws/install/moveit_core/include/moveit_core/moveit/dynamics_solver/dynamics_solver.h
[0.964s] -- Up-to-date: /root/ros2_ws/install/moveit_core/include/moveit_core
[0.964s] -- Up-to-date: /root/ros2_ws/install/moveit_core/include/moveit_core/moveit
[0.964s] -- Up-to-date: /root/ros2_ws/install/moveit_core/include/moveit_core/moveit/exceptions
[0.964s] -- Up-to-date: /root/ros2_ws/install/moveit_core/include/moveit_core/moveit/exceptions/exceptions.h
[0.964s] -- Up-to-date: /root/ros2_ws/install/moveit_core/include/moveit_core/moveit/exceptions/exceptions.hpp
[0.964s] -- Up-to-date: /root/ros2_ws/install/moveit_core/include/moveit_core
[0.964s] -- Up-to-date: /root/ros2_ws/install/moveit_core/include/moveit_core/moveit
[0.964s] -- Up-to-date: /root/ros2_ws/install/moveit_core/include/moveit_core/moveit/kinematic_constraints
[0.965s] -- Up-to-date: /root/ros2_ws/install/moveit_core/include/moveit_core/moveit/kinematic_constraints/utils.hpp
[0.965s] -- Up-to-date: /root/ros2_ws/install/moveit_core/include/moveit_core/moveit/kinematic_constraints/utils.h
[0.965s] -- Up-to-date: /root/ros2_ws/install/moveit_core/include/moveit_core/moveit/kinematic_constraints/kinematic_constraint.h
[0.965s] -- Up-to-date: /root/ros2_ws/install/moveit_core/include/moveit_core/moveit/kinematic_constraints/kinematic_constraint.hpp
[0.965s] -- Up-to-date: /root/ros2_ws/install/moveit_core/include/moveit_core
[0.965s] -- Up-to-date: /root/ros2_ws/install/moveit_core/include/moveit_core/moveit
[0.965s] -- Up-to-date: /root/ros2_ws/install/moveit_core/include/moveit_core/moveit/kinematics_base
[0.965s] -- Up-to-date: /root/ros2_ws/install/moveit_core/include/moveit_core/moveit/kinematics_base/kinematics_base.h
[0.965s] -- Up-to-date: /root/ros2_ws/install/moveit_core/include/moveit_core/moveit/kinematics_base/kinematics_base.hpp
[0.965s] -- Up-to-date: /root/ros2_ws/install/moveit_core/include/moveit_core/moveit_kinematics_base_export.h
[0.965s] -- Up-to-date: /root/ros2_ws/install/moveit_core/include/moveit_core
[0.965s] -- Up-to-date: /root/ros2_ws/install/moveit_core/include/moveit_core/moveit
[0.965s] -- Up-to-date: /root/ros2_ws/install/moveit_core/include/moveit_core/moveit/kinematics_metrics
[0.965s] -- Up-to-date: /root/ros2_ws/install/moveit_core/include/moveit_core/moveit/kinematics_metrics/kinematics_metrics.h
[0.965s] -- Up-to-date: /root/ros2_ws/install/moveit_core/include/moveit_core/moveit/kinematics_metrics/kinematics_metrics.hpp
[0.965s] -- Up-to-date: /root/ros2_ws/install/moveit_core/include/moveit_core
[0.965s] -- Up-to-date: /root/ros2_ws/install/moveit_core/include/moveit_core/moveit
[0.965s] -- Up-to-date: /root/ros2_ws/install/moveit_core/include/moveit_core/moveit/macros
[0.965s] -- Up-to-date: /root/ros2_ws/install/moveit_core/include/moveit_core/moveit/macros/declare_ptr.h
[0.965s] -- Up-to-date: /root/ros2_ws/install/moveit_core/include/moveit_core/moveit/macros/class_forward.hpp
[0.965s] -- Up-to-date: /root/ros2_ws/install/moveit_core/include/moveit_core/moveit/macros/class_forward.h
[0.965s] -- Up-to-date: /root/ros2_ws/install/moveit_core/include/moveit_core/moveit/macros/console_colors.h
[0.965s] -- Up-to-date: /root/ros2_ws/install/moveit_core/include/moveit_core/moveit/macros/declare_ptr.hpp
[0.965s] -- Up-to-date: /root/ros2_ws/install/moveit_core/include/moveit_core/moveit/macros/console_colors.hpp
[0.965s] -- Up-to-date: /root/ros2_ws/install/moveit_core/include/moveit_core
[0.966s] -- Up-to-date: /root/ros2_ws/install/moveit_core/include/moveit_core/moveit_butterworth_filter_parameters.hpp
[0.966s] -- Up-to-date: /root/ros2_ws/install/moveit_core/include/moveit_core/moveit_ruckig_filter_parameters.hpp
[0.966s] -- Up-to-date: /root/ros2_ws/install/moveit_core/include/moveit_core/moveit_acceleration_filter_parameters.hpp
[0.966s] -- Up-to-date: /root/ros2_ws/install/moveit_core/include/moveit_core
[0.966s] -- Up-to-date: /root/ros2_ws/install/moveit_core/include/moveit_core/moveit_butterworth_filter_parameters.hpp
[0.966s] -- Up-to-date: /root/ros2_ws/install/moveit_core/include/moveit_core/moveit_ruckig_filter_parameters.hpp
[0.966s] -- Up-to-date: /root/ros2_ws/install/moveit_core/include/moveit_core/moveit_acceleration_filter_parameters.hpp
[0.966s] -- Up-to-date: /root/ros2_ws/install/moveit_core/include/moveit_core
[0.966s] -- Up-to-date: /root/ros2_ws/install/moveit_core/include/moveit_core/moveit_butterworth_filter_parameters.hpp
[0.966s] -- Up-to-date: /root/ros2_ws/install/moveit_core/include/moveit_core/moveit_ruckig_filter_parameters.hpp
[0.966s] -- Up-to-date: /root/ros2_ws/install/moveit_core/include/moveit_core/moveit_acceleration_filter_parameters.hpp
[0.966s] -- Up-to-date: /root/ros2_ws/install/moveit_core/include/moveit_core
[0.966s] -- Up-to-date: /root/ros2_ws/install/moveit_core/include/moveit_core/moveit
[0.966s] -- Up-to-date: /root/ros2_ws/install/moveit_core/include/moveit_core/moveit/online_signal_smoothing
[0.966s] -- Up-to-date: /root/ros2_ws/install/moveit_core/include/moveit_core/moveit/online_signal_smoothing/smoothing_base_class.hpp
[0.966s] -- Up-to-date: /root/ros2_ws/install/moveit_core/include/moveit_core/moveit/online_signal_smoothing/acceleration_filter.hpp
[0.966s] -- Up-to-date: /root/ros2_ws/install/moveit_core/include/moveit_core/moveit/online_signal_smoothing/ruckig_filter.hpp
[0.966s] -- Up-to-date: /root/ros2_ws/install/moveit_core/include/moveit_core/moveit/online_signal_smoothing/ruckig_filter.h
[0.966s] -- Up-to-date: /root/ros2_ws/install/moveit_core/include/moveit_core/moveit/online_signal_smoothing/butterworth_filter.h
[0.966s] -- Up-to-date: /root/ros2_ws/install/moveit_core/include/moveit_core/moveit/online_signal_smoothing/smoothing_base_class.h
[0.966s] -- Up-to-date: /root/ros2_ws/install/moveit_core/include/moveit_core/moveit/online_signal_smoothing/acceleration_filter.h
[0.966s] -- Up-to-date: /root/ros2_ws/install/moveit_core/include/moveit_core/moveit/online_signal_smoothing/butterworth_filter.hpp
[0.967s] -- Up-to-date: /root/ros2_ws/install/moveit_core/include/moveit_core/moveit_smoothing_base_export.h
[0.967s] -- Up-to-date: /root/ros2_ws/install/moveit_core/include/moveit_core/moveit_acceleration_filter_export.h
[0.967s] -- Up-to-date: /root/ros2_ws/install/moveit_core/include/moveit_core/moveit_butterworth_filter_export.h
[0.967s] -- Up-to-date: /root/ros2_ws/install/moveit_core/include/moveit_core/moveit_ruckig_filter_export.h
[0.967s] -- Up-to-date: /root/ros2_ws/install/moveit_core/include/moveit_core
[0.967s] -- Up-to-date: /root/ros2_ws/install/moveit_core/include/moveit_core/moveit
[0.967s] -- Up-to-date: /root/ros2_ws/install/moveit_core/include/moveit_core/moveit/planning_interface
[0.967s] -- Up-to-date: /root/ros2_ws/install/moveit_core/include/moveit_core/moveit/planning_interface/planning_request.h
[0.967s] -- Up-to-date: /root/ros2_ws/install/moveit_core/include/moveit_core/moveit/planning_interface/planning_response.hpp
[0.967s] -- Up-to-date: /root/ros2_ws/install/moveit_core/include/moveit_core/moveit/planning_interface/planning_response.h
[0.967s] -- Up-to-date: /root/ros2_ws/install/moveit_core/include/moveit_core/moveit/planning_interface/planning_interface.hpp
[0.967s] -- Up-to-date: /root/ros2_ws/install/moveit_core/include/moveit_core/moveit/planning_interface/planning_request.hpp
[0.967s] -- Up-to-date: /root/ros2_ws/install/moveit_core/include/moveit_core/moveit/planning_interface/planning_request_adapter.hpp
[0.967s] -- Up-to-date: /root/ros2_ws/install/moveit_core/include/moveit_core/moveit/planning_interface/planning_interface.h
[0.967s] -- Up-to-date: /root/ros2_ws/install/moveit_core/include/moveit_core/moveit/planning_interface/planning_response_adapter.hpp
[0.967s] -- Up-to-date: /root/ros2_ws/install/moveit_core/include/moveit_core/moveit/planning_interface/planning_response_adapter.h
[0.967s] -- Up-to-date: /root/ros2_ws/install/moveit_core/include/moveit_core/moveit/planning_interface/planning_request_adapter.h
[0.967s] -- Up-to-date: /root/ros2_ws/install/moveit_core/include/moveit_core
[0.967s] -- Up-to-date: /root/ros2_ws/install/moveit_core/include/moveit_core/moveit
[0.967s] -- Up-to-date: /root/ros2_ws/install/moveit_core/include/moveit_core/moveit/planning_scene
[0.967s] -- Up-to-date: /root/ros2_ws/install/moveit_core/include/moveit_core/moveit/planning_scene/planning_scene.h
[0.967s] -- Up-to-date: /root/ros2_ws/install/moveit_core/include/moveit_core/moveit/planning_scene/planning_scene.hpp
[0.967s] -- Up-to-date: /root/ros2_ws/install/moveit_core/include/moveit_core/moveit_planning_scene_export.h
[0.967s] -- Up-to-date: /root/ros2_ws/install/moveit_core/include/moveit_core
[0.967s] -- Up-to-date: /root/ros2_ws/install/moveit_core/include/moveit_core/moveit
[0.967s] -- Up-to-date: /root/ros2_ws/install/moveit_core/include/moveit_core/moveit/robot_model
[0.968s] -- Up-to-date: /root/ros2_ws/install/moveit_core/include/moveit_core/moveit/robot_model/joint_model_group.hpp
[0.968s] -- Up-to-date: /root/ros2_ws/install/moveit_core/include/moveit_core/moveit/robot_model/link_model.hpp
[0.968s] -- Up-to-date: /root/ros2_ws/install/moveit_core/include/moveit_core/moveit/robot_model/fixed_joint_model.h
[0.968s] -- Up-to-date: /root/ros2_ws/install/moveit_core/include/moveit_core/moveit/robot_model/revolute_joint_model.h
[0.968s] -- Up-to-date: /root/ros2_ws/install/moveit_core/include/moveit_core/moveit/robot_model/aabb.hpp
[0.968s] -- Up-to-date: /root/ros2_ws/install/moveit_core/include/moveit_core/moveit/robot_model/robot_model.h
[0.968s] -- Up-to-date: /root/ros2_ws/install/moveit_core/include/moveit_core/moveit/robot_model/planar_joint_model.h
[0.968s] -- Up-to-date: /root/ros2_ws/install/moveit_core/include/moveit_core/moveit/robot_model/revolute_joint_model.hpp
[0.968s] -- Up-to-date: /root/ros2_ws/install/moveit_core/include/moveit_core/moveit/robot_model/floating_joint_model.hpp
[0.968s] -- Up-to-date: /root/ros2_ws/install/moveit_core/include/moveit_core/moveit/robot_model/fixed_joint_model.hpp
[0.968s] -- Up-to-date: /root/ros2_ws/install/moveit_core/include/moveit_core/moveit/robot_model/joint_model_group.h
[0.968s] -- Up-to-date: /root/ros2_ws/install/moveit_core/include/moveit_core/moveit/robot_model/prismatic_joint_model.h
[0.968s] -- Up-to-date: /root/ros2_ws/install/moveit_core/include/moveit_core/moveit/robot_model/joint_model.h
[0.968s] -- Up-to-date: /root/ros2_ws/install/moveit_core/include/moveit_core/moveit/robot_model/aabb.h
[0.968s] -- Up-to-date: /root/ros2_ws/install/moveit_core/include/moveit_core/moveit/robot_model/link_model.h
[0.968s] -- Up-to-date: /root/ros2_ws/install/moveit_core/include/moveit_core/moveit/robot_model/floating_joint_model.h
[0.968s] -- Up-to-date: /root/ros2_ws/install/moveit_core/include/moveit_core/moveit/robot_model/planar_joint_model.hpp
[0.968s] -- Up-to-date: /root/ros2_ws/install/moveit_core/include/moveit_core/moveit/robot_model/prismatic_joint_model.hpp
[0.968s] -- Up-to-date: /root/ros2_ws/install/moveit_core/include/moveit_core/moveit/robot_model/joint_model.hpp
[0.968s] -- Up-to-date: /root/ros2_ws/install/moveit_core/include/moveit_core/moveit/robot_model/robot_model.hpp
[0.968s] -- Up-to-date: /root/ros2_ws/install/moveit_core/include/moveit_core
[0.968s] -- Up-to-date: /root/ros2_ws/install/moveit_core/include/moveit_core/moveit
[0.968s] -- Up-to-date: /root/ros2_ws/install/moveit_core/include/moveit_core/moveit/robot_state
[0.968s] -- Up-to-date: /root/ros2_ws/install/moveit_core/include/moveit_core/moveit/robot_state/attached_body.hpp
[0.968s] -- Up-to-date: /root/ros2_ws/install/moveit_core/include/moveit_core/moveit/robot_state/attached_body.h
[0.969s] -- Up-to-date: /root/ros2_ws/install/moveit_core/include/moveit_core/moveit/robot_state/conversions.h
[0.969s] -- Up-to-date: /root/ros2_ws/install/moveit_core/include/moveit_core/moveit/robot_state/robot_state.h
[0.969s] -- Up-to-date: /root/ros2_ws/install/moveit_core/include/moveit_core/moveit/robot_state/cartesian_interpolator.hpp
[0.969s] -- Up-to-date: /root/ros2_ws/install/moveit_core/include/moveit_core/moveit/robot_state/conversions.hpp
[0.969s] -- Up-to-date: /root/ros2_ws/install/moveit_core/include/moveit_core/moveit/robot_state/cartesian_interpolator.h
[0.969s] -- Up-to-date: /root/ros2_ws/install/moveit_core/include/moveit_core/moveit/robot_state/robot_state.hpp
[0.969s] -- Up-to-date: /root/ros2_ws/install/moveit_core/include/moveit_core
[0.969s] -- Up-to-date: /root/ros2_ws/install/moveit_core/include/moveit_core/moveit
[0.969s] -- Up-to-date: /root/ros2_ws/install/moveit_core/include/moveit_core/moveit/robot_trajectory
[0.970s] -- Up-to-date: /root/ros2_ws/install/moveit_core/include/moveit_core/moveit/robot_trajectory/robot_trajectory.h
[0.970s] -- Up-to-date: /root/ros2_ws/install/moveit_core/include/moveit_core/moveit/robot_trajectory/robot_trajectory.hpp
[0.970s] -- Up-to-date: /root/ros2_ws/install/moveit_core/include/moveit_core
[0.970s] -- Up-to-date: /root/ros2_ws/install/moveit_core/include/moveit_core/moveit
[0.970s] -- Up-to-date: /root/ros2_ws/install/moveit_core/include/moveit_core/moveit/trajectory_processing
[0.970s] -- Up-to-date: /root/ros2_ws/install/moveit_core/include/moveit_core/moveit/trajectory_processing/time_optimal_trajectory_generation.h
[0.970s] -- Up-to-date: /root/ros2_ws/install/moveit_core/include/moveit_core/moveit/trajectory_processing/time_optimal_trajectory_generation.hpp
[0.970s] -- Up-to-date: /root/ros2_ws/install/moveit_core/include/moveit_core/moveit/trajectory_processing/trajectory_tools.h
[0.970s] -- Up-to-date: /root/ros2_ws/install/moveit_core/include/moveit_core/moveit/trajectory_processing/time_parameterization.h
[0.971s] -- Up-to-date: /root/ros2_ws/install/moveit_core/include/moveit_core/moveit/trajectory_processing/ruckig_traj_smoothing.h
[0.971s] -- Up-to-date: /root/ros2_ws/install/moveit_core/include/moveit_core/moveit/trajectory_processing/ruckig_traj_smoothing.hpp
[0.971s] -- Up-to-date: /root/ros2_ws/install/moveit_core/include/moveit_core/moveit/trajectory_processing/time_parameterization.hpp
[0.971s] -- Up-to-date: /root/ros2_ws/install/moveit_core/include/moveit_core/moveit/trajectory_processing/trajectory_tools.hpp
[0.971s] -- Up-to-date: /root/ros2_ws/install/moveit_core/include/moveit_core
[0.971s] -- Up-to-date: /root/ros2_ws/install/moveit_core/include/moveit_core/moveit
[0.971s] -- Up-to-date: /root/ros2_ws/install/moveit_core/include/moveit_core/moveit/transforms
[0.971s] -- Up-to-date: /root/ros2_ws/install/moveit_core/include/moveit_core/moveit/transforms/transforms.h
[0.971s] -- Up-to-date: /root/ros2_ws/install/moveit_core/include/moveit_core/moveit/transforms/transforms.hpp
[0.971s] -- Up-to-date: /root/ros2_ws/install/moveit_core/include/moveit_core
[0.971s] -- Up-to-date: /root/ros2_ws/install/moveit_core/include/moveit_core/moveit
[0.971s] -- Up-to-date: /root/ros2_ws/install/moveit_core/include/moveit_core/moveit/utils
[0.971s] -- Up-to-date: /root/ros2_ws/install/moveit_core/include/moveit_core/moveit/utils/robot_model_test_utils.hpp
[0.971s] -- Up-to-date: /root/ros2_ws/install/moveit_core/include/moveit_core/moveit/utils/moveit_error_code.h
[0.971s] -- Up-to-date: /root/ros2_ws/install/moveit_core/include/moveit_core/moveit/utils/lexical_casts.h
[0.971s] -- Up-to-date: /root/ros2_ws/install/moveit_core/include/moveit_core/moveit/utils/robot_model_test_utils.h
[0.971s] -- Up-to-date: /root/ros2_ws/install/moveit_core/include/moveit_core/moveit/utils/message_checks.h
[0.971s] -- Up-to-date: /root/ros2_ws/install/moveit_core/include/moveit_core/moveit/utils/eigen_test_utils.h
[0.971s] -- Up-to-date: /root/ros2_ws/install/moveit_core/include/moveit_core/moveit/utils/logger.h
[0.971s] -- Up-to-date: /root/ros2_ws/install/moveit_core/include/moveit_core/moveit/utils/message_checks.hpp
[0.971s] -- Up-to-date: /root/ros2_ws/install/moveit_core/include/moveit_core/moveit/utils/rclcpp_utils.h
[0.971s] -- Up-to-date: /root/ros2_ws/install/moveit_core/include/moveit_core/moveit/utils/eigen_test_utils.hpp
[0.971s] -- Up-to-date: /root/ros2_ws/install/moveit_core/include/moveit_core/moveit/utils/moveit_error_code.hpp
[0.971s] -- Up-to-date: /root/ros2_ws/install/moveit_core/include/moveit_core/moveit/utils/logger.hpp
[0.971s] -- Up-to-date: /root/ros2_ws/install/moveit_core/include/moveit_core/moveit/utils/rclcpp_utils.hpp
[0.971s] -- Up-to-date: /root/ros2_ws/install/moveit_core/include/moveit_core/moveit/utils/lexical_casts.hpp
[0.971s] -- Up-to-date: /root/ros2_ws/install/moveit_core/lib/moveit_core/logger_dut
[0.971s] -- Up-to-date: /root/ros2_ws/install/moveit_core/include/moveit_core/moveit/version.hpp
[0.971s] -- Up-to-date: /root/ros2_ws/install/moveit_core/bin/moveit_version
[0.972s] -- Up-to-date: /root/ros2_ws/install/moveit_core/lib/libmoveit_collision_detection.so.2.12.0
[0.972s] -- Up-to-date: /root/ros2_ws/install/moveit_core/lib/libmoveit_collision_detection.so
[0.972s] -- Up-to-date: /root/ros2_ws/install/moveit_core/lib/libmoveit_collision_detection_bullet.so.2.12.0
[0.972s] -- Up-to-date: /root/ros2_ws/install/moveit_core/lib/libmoveit_collision_detection_bullet.so
[0.972s] -- Up-to-date: /root/ros2_ws/install/moveit_core/lib/libmoveit_collision_detection_fcl.so.2.12.0
[0.972s] -- Up-to-date: /root/ros2_ws/install/moveit_core/lib/libmoveit_collision_detection_fcl.so
[0.972s] -- Up-to-date: /root/ros2_ws/install/moveit_core/lib/libmoveit_collision_distance_field.so.2.12.0
[0.972s] -- Up-to-date: /root/ros2_ws/install/moveit_core/lib/libmoveit_collision_distance_field.so
[0.972s] -- Up-to-date: /root/ros2_ws/install/moveit_core/lib/libmoveit_constraint_samplers.so.2.12.0
[0.972s] -- Up-to-date: /root/ros2_ws/install/moveit_core/lib/libmoveit_constraint_samplers.so
[0.972s] -- Up-to-date: /root/ros2_ws/install/moveit_core/lib/libmoveit_distance_field.so.2.12.0
[0.972s] -- Up-to-date: /root/ros2_ws/install/moveit_core/lib/libmoveit_distance_field.so
[0.972s] -- Up-to-date: /root/ros2_ws/install/moveit_core/lib/libmoveit_dynamics_solver.so.2.12.0
[0.972s] -- Up-to-date: /root/ros2_ws/install/moveit_core/lib/libmoveit_dynamics_solver.so
[0.972s] -- Up-to-date: /root/ros2_ws/install/moveit_core/lib/libmoveit_exceptions.so.2.12.0
[0.972s] -- Up-to-date: /root/ros2_ws/install/moveit_core/lib/libmoveit_exceptions.so
[0.972s] -- Up-to-date: /root/ros2_ws/install/moveit_core/lib/libmoveit_kinematic_constraints.so.2.12.0
[0.972s] -- Up-to-date: /root/ros2_ws/install/moveit_core/lib/libmoveit_kinematic_constraints.so
[0.972s] -- Up-to-date: /root/ros2_ws/install/moveit_core/lib/libmoveit_kinematics_base.so
[0.972s] -- Up-to-date: /root/ros2_ws/install/moveit_core/lib/libmoveit_kinematics_metrics.so.2.12.0
[0.972s] -- Up-to-date: /root/ros2_ws/install/moveit_core/lib/libmoveit_kinematics_metrics.so
[0.972s] -- Up-to-date: /root/ros2_ws/install/moveit_core/lib/libmoveit_planning_interface.so.2.12.0
[0.972s] -- Up-to-date: /root/ros2_ws/install/moveit_core/lib/libmoveit_planning_interface.so
[0.972s] -- Up-to-date: /root/ros2_ws/install/moveit_core/lib/libmoveit_planning_scene.so.2.12.0
[0.973s] -- Up-to-date: /root/ros2_ws/install/moveit_core/lib/libmoveit_planning_scene.so
[0.973s] -- Up-to-date: /root/ros2_ws/install/moveit_core/lib/libmoveit_robot_model.so.2.12.0
[0.973s] -- Up-to-date: /root/ros2_ws/install/moveit_core/lib/libmoveit_robot_model.so
[0.973s] -- Up-to-date: /root/ros2_ws/install/moveit_core/lib/libmoveit_robot_state.so.2.12.0
[0.973s] -- Up-to-date: /root/ros2_ws/install/moveit_core/lib/libmoveit_robot_state.so
[0.973s] -- Up-to-date: /root/ros2_ws/install/moveit_core/lib/libmoveit_robot_trajectory.so.2.12.0
[0.973s] -- Up-to-date: /root/ros2_ws/install/moveit_core/lib/libmoveit_robot_trajectory.so
[0.973s] -- Up-to-date: /root/ros2_ws/install/moveit_core/lib/libmoveit_smoothing_base.so.2.12.0
[0.973s] -- Up-to-date: /root/ros2_ws/install/moveit_core/lib/libmoveit_smoothing_base.so
[0.973s] -- Up-to-date: /root/ros2_ws/install/moveit_core/lib/libmoveit_test_utils.so.2.12.0
[0.973s] -- Up-to-date: /root/ros2_ws/install/moveit_core/lib/libmoveit_test_utils.so
[0.973s] -- Up-to-date: /root/ros2_ws/install/moveit_core/lib/libmoveit_trajectory_processing.so.2.12.0
[0.973s] -- Up-to-date: /root/ros2_ws/install/moveit_core/lib/libmoveit_trajectory_processing.so
[0.973s] -- Up-to-date: /root/ros2_ws/install/moveit_core/lib/libmoveit_transforms.so.2.12.0
[0.973s] -- Up-to-date: /root/ros2_ws/install/moveit_core/lib/libmoveit_transforms.so
[0.973s] -- Up-to-date: /root/ros2_ws/install/moveit_core/lib/libmoveit_utils.so.2.12.0
[0.973s] -- Up-to-date: /root/ros2_ws/install/moveit_core/lib/libmoveit_utils.so
[0.973s] -- Up-to-date: /root/ros2_ws/install/moveit_core/lib/libcollision_detector_bullet_plugin.so.2.12.0
[0.973s] -- Up-to-date: /root/ros2_ws/install/moveit_core/lib/libcollision_detector_bullet_plugin.so
[0.973s] -- Up-to-date: /root/ros2_ws/install/moveit_core/lib/libcollision_detector_fcl_plugin.so.2.12.0
[0.973s] -- Up-to-date: /root/ros2_ws/install/moveit_core/lib/libcollision_detector_fcl_plugin.so
[0.973s] -- Up-to-date: /root/ros2_ws/install/moveit_core/lib/libmoveit_acceleration_filter.so.2.12.0
[0.973s] -- Up-to-date: /root/ros2_ws/install/moveit_core/lib/libmoveit_acceleration_filter.so
[0.973s] -- Up-to-date: /root/ros2_ws/install/moveit_core/lib/libmoveit_butterworth_filter.so.2.12.0
[0.973s] -- Up-to-date: /root/ros2_ws/install/moveit_core/lib/libmoveit_butterworth_filter.so
[0.973s] -- Up-to-date: /root/ros2_ws/install/moveit_core/lib/libmoveit_ruckig_filter.so.2.12.0
[0.974s] -- Up-to-date: /root/ros2_ws/install/moveit_core/lib/libmoveit_ruckig_filter.so
[0.974s] -- Up-to-date: /root/ros2_ws/install/moveit_core/share/moveit_core/environment/library_path.sh
[0.974s] -- Up-to-date: /root/ros2_ws/install/moveit_core/share/moveit_core/environment/library_path.dsv
[0.974s] -- Up-to-date: /root/ros2_ws/install/moveit_core/share/moveit_core/collision_detector_fcl_description.xml
[0.974s] -- Up-to-date: /root/ros2_ws/install/moveit_core/share/moveit_core/collision_detector_bullet_description.xml
[0.974s] -- Up-to-date: /root/ros2_ws/install/moveit_core/share/moveit_core/filter_plugin_acceleration.xml
[0.974s] -- Up-to-date: /root/ros2_ws/install/moveit_core/share/moveit_core/filter_plugin_butterworth.xml
[0.974s] -- Up-to-date: /root/ros2_ws/install/moveit_core/share/moveit_core/filter_plugin_ruckig.xml
[0.974s] -- Up-to-date: /root/ros2_ws/install/moveit_core/share/ament_index/resource_index/package_run_dependencies/moveit_core
[0.974s] -- Up-to-date: /root/ros2_ws/install/moveit_core/share/ament_index/resource_index/parent_prefix_path/moveit_core
[0.974s] -- Up-to-date: /root/ros2_ws/install/moveit_core/share/moveit_core/environment/ament_prefix_path.sh
[0.974s] -- Up-to-date: /root/ros2_ws/install/moveit_core/share/moveit_core/environment/ament_prefix_path.dsv
[0.974s] -- Up-to-date: /root/ros2_ws/install/moveit_core/share/moveit_core/environment/path.sh
[0.974s] -- Up-to-date: /root/ros2_ws/install/moveit_core/share/moveit_core/environment/path.dsv
[0.974s] -- Up-to-date: /root/ros2_ws/install/moveit_core/share/moveit_core/local_setup.bash
[0.974s] -- Up-to-date: /root/ros2_ws/install/moveit_core/share/moveit_core/local_setup.sh
[0.974s] -- Up-to-date: /root/ros2_ws/install/moveit_core/share/moveit_core/local_setup.zsh
[0.974s] -- Up-to-date: /root/ros2_ws/install/moveit_core/share/moveit_core/local_setup.dsv
[0.974s] -- Installing: /root/ros2_ws/install/moveit_core/share/moveit_core/package.dsv
[0.974s] -- Up-to-date: /root/ros2_ws/install/moveit_core/share/ament_index/resource_index/packages/moveit_core
[0.974s] -- Up-to-date: /root/ros2_ws/install/moveit_core/share/ament_index/resource_index/moveit_core__pluginlib__plugin/moveit_core
[0.974s] -- Up-to-date: /root/ros2_ws/install/moveit_core/share/moveit_core/cmake/moveit_coreTargetsExport.cmake
[0.974s] -- Up-to-date: /root/ros2_ws/install/moveit_core/share/moveit_core/cmake/moveit_coreTargetsExport-release.cmake
[0.974s] -- Up-to-date: /root/ros2_ws/install/moveit_core/share/moveit_core/cmake/ConfigExtras.cmake
[0.974s] -- Up-to-date: /root/ros2_ws/install/moveit_core/share/moveit_core/cmake/ament_cmake_export_targets-extras.cmake
[0.974s] -- Up-to-date: /root/ros2_ws/install/moveit_core/share/moveit_core/cmake/ament_cmake_export_dependencies-extras.cmake
[0.974s] -- Up-to-date: /root/ros2_ws/install/moveit_core/share/moveit_core/cmake/moveit_coreConfig.cmake
[0.975s] -- Up-to-date: /root/ros2_ws/install/moveit_core/share/moveit_core/cmake/moveit_coreConfig-version.cmake
[0.975s] -- Up-to-date: /root/ros2_ws/install/moveit_core/share/moveit_core/package.xml
[0.975s] Invoked command in '/root/ros2_ws/build/moveit_core' returned '0': CMAKE_PREFIX_PATH=/root/ros2_ws/install/moveit_resources_panda_moveit_config:/root/ros2_ws/install/moveit_resources_pr2_description:/root/ros2_ws/install/moveit_resources_panda_description:/root/ros2_ws/install/moveit_msgs:/root/ros2_ws/install/moveit_common:/root/ros2_ws/install/unnamed:/root/ros2_ws/install/robotiq_hardware_tests:/root/ros2_ws/install/robotiq_driver:/root/ros2_ws/install/serial:/root/ros2_ws/install/moveit2_tutorials:/root/ros2_ws/install/moveit_visual_tools:/root/ros2_ws/install/rviz_visual_tools:/root/ros2_ws/install/moveit_task_constructor_visualization:/root/ros2_ws/install/moveit_task_constructor_demo:/root/ros2_ws/install/moveit_task_constructor_capabilities:/root/ros2_ws/install/moveit_task_constructor_core:/root/ros2_ws/install/rviz_marker_tools:/root/ros2_ws/install/kortex_bringup:/root/ros2_ws/install/kinova_gen3_lite_moveit_config:/root/ros2_ws/install/kinova_gen3_7dof_robotiq_2f_85_moveit_config:/root/ros2_ws/install/kinova_gen3_6dof_robotiq_2f_85_moveit_config:/root/ros2_ws/install/kortex_description:/root/ros2_ws/install/robotiq_description:/root/ros2_ws/install/robotiq_controllers:/root/ros2_ws/install/pilz_industrial_motion_planner_testutils:/root/ros2_ws/install/moveit_runtime:/root/ros2_ws/install/moveit:/root/ros2_ws/install/moveit_planners:/root/ros2_ws/install/pilz_industrial_motion_planner:/root/ros2_ws/install/moveit_task_constructor_msgs:/root/ros2_ws/install/moveit_ros_control_interface:/root/ros2_ws/install/moveit_plugins:/root/ros2_ws/install/moveit_simple_controller_manager:/root/ros2_ws/install/moveit_setup_assistant:/root/ros2_ws/install/moveit_setup_srdf_plugins:/root/ros2_ws/install/moveit_setup_core_plugins:/root/ros2_ws/install/moveit_setup_controllers:/root/ros2_ws/install/moveit_setup_app_plugins:/root/ros2_ws/install/moveit_setup_framework:/root/ros2_ws/install/moveit_servo:/root/ros2_ws/install/moveit_ros_trajectory_cache:/root/ros2_ws/install/moveit_ros:/root/ros2_ws/install/moveit_ros_visualization:/root/ros2_ws/install/moveit_py:/root/ros2_ws/install/moveit_hybrid_planning:/root/ros2_ws/install/moveit_ros_planning_interface:/root/ros2_ws/install/moveit_ros_benchmarks:/root/ros2_ws/install/moveit_ros_warehouse:/root/ros2_ws/install/moveit_ros_robot_interaction:/root/ros2_ws/install/moveit_ros_perception:/root/ros2_ws/install/moveit_resources_prbt_pg70_support:/root/ros2_ws/install/moveit_resources_prbt_moveit_config:/root/ros2_ws/install/moveit_ros_move_group:/root/ros2_ws/install/moveit_planners_ompl:/root/ros2_ws/install/moveit_kinematics:/root/ros2_ws/install/moveit_ros_planning:/root/ros2_ws/install/moveit_ros_occupancy_map_monitor:/root/ros2_ws/install/moveit_resources_prbt_support:/root/ros2_ws/install/moveit_resources_prbt_ikfast_manipulator_plugin:/root/ros2_ws/install/moveit_resources:/root/ros2_ws/install/dual_arm_panda_moveit_config:/root/ros2_ws/install/moveit_resources_fanuc_moveit_config:/root/ros2_ws/install/moveit_resources_fanuc_description:/root/ros2_ws/install/moveit_planners_stomp:/root/ros2_ws/install/moveit_planners_chomp:/root/ros2_ws/install/chomp_motion_planner:/root/ros2_ws/install/moveit_core:/root/ros2_ws/install/kortex_driver:/root/ros2_ws/install/kortex_api:/root/ros2_ws/install/gz_ros2_control_tests:/root/ros2_ws/install/gz_ros2_control_demos:/root/ros2_ws/install/gz_ros2_control:/opt/ros/jazzy/opt/gz_sim_vendor:/opt/ros/jazzy/opt/gz_sensors_vendor:/opt/ros/jazzy/opt/gz_physics_vendor:/opt/ros/jazzy/opt/sdformat_vendor:/opt/ros/jazzy/opt/gz_gui_vendor:/opt/ros/jazzy/opt/gz_transport_vendor:/opt/ros/jazzy/opt/gz_rendering_vendor:/opt/ros/jazzy/opt/gz_plugin_vendor:/opt/ros/jazzy/opt/gz_fuel_tools_vendor:/opt/ros/jazzy/opt/gz_msgs_vendor:/opt/ros/jazzy/opt/gz_common_vendor:/opt/ros/jazzy/opt/gz_math_vendor:/opt/ros/jazzy/opt/gz_utils_vendor:/opt/ros/jazzy/opt/gz_tools_vendor:/opt/ros/jazzy/opt/gz_ogre_next_vendor:/opt/ros/jazzy/opt/gz_dartsim_vendor:/opt/ros/jazzy/opt/gz_cmake_vendor:/root/ros2_ws/install/moveit_configs_utils:/opt/ros/jazzy LD_LIBRARY_PATH=/root/ros2_ws/install/moveit_msgs/lib:/root/ros2_ws/install/robotiq_driver/lib:/root/ros2_ws/install/serial/lib:/root/ros2_ws/install/moveit_visual_tools/lib:/root/ros2_ws/install/rviz_visual_tools/lib:/root/ros2_ws/install/moveit_task_constructor_visualization/lib:/root/ros2_ws/install/moveit_task_constructor_demo/lib:/root/ros2_ws/install/moveit_task_constructor_capabilities/lib:/root/ros2_ws/install/moveit_task_constructor_core/lib:/root/ros2_ws/install/rviz_marker_tools/lib:/root/ros2_ws/install/robotiq_controllers/lib:/root/ros2_ws/install/pilz_industrial_motion_planner_testutils/lib:/root/ros2_ws/install/pilz_industrial_motion_planner/lib:/root/ros2_ws/install/moveit_task_constructor_msgs/lib:/root/ros2_ws/install/moveit_ros_control_interface/lib:/root/ros2_ws/install/moveit_simple_controller_manager/lib:/root/ros2_ws/install/moveit_setup_assistant/lib:/root/ros2_ws/install/moveit_setup_srdf_plugins/lib:/root/ros2_ws/install/moveit_setup_core_plugins/lib:/root/ros2_ws/install/moveit_setup_controllers/lib:/root/ros2_ws/install/moveit_setup_app_plugins/lib:/root/ros2_ws/install/moveit_setup_framework/lib:/root/ros2_ws/install/moveit_servo/lib:/root/ros2_ws/install/moveit_ros_trajectory_cache/lib:/root/ros2_ws/install/moveit_ros_visualization/lib:/root/ros2_ws/install/moveit_py/lib:/root/ros2_ws/install/moveit_hybrid_planning/lib:/root/ros2_ws/install/moveit_ros_planning_interface/lib:/root/ros2_ws/install/moveit_ros_benchmarks/lib:/root/ros2_ws/install/moveit_ros_warehouse/lib:/root/ros2_ws/install/moveit_ros_robot_interaction/lib:/root/ros2_ws/install/moveit_ros_perception/lib:/root/ros2_ws/install/moveit_ros_move_group/lib:/root/ros2_ws/install/moveit_planners_ompl/lib:/root/ros2_ws/install/moveit_kinematics/lib:/root/ros2_ws/install/moveit_ros_planning/lib:/root/ros2_ws/install/moveit_ros_occupancy_map_monitor/lib:/root/ros2_ws/install/moveit_resources_prbt_ikfast_manipulator_plugin/lib:/root/ros2_ws/install/moveit_planners_stomp/lib:/root/ros2_ws/install/moveit_planners_chomp/lib:/root/ros2_ws/install/chomp_motion_planner/lib:/root/ros2_ws/install/moveit_core/lib:/root/ros2_ws/install/kortex_driver/lib:/root/ros2_ws/install/gz_ros2_control/lib:/opt/ros/jazzy/opt/gz_sim_vendor/lib:/opt/ros/jazzy/opt/gz_sensors_vendor/lib:/opt/ros/jazzy/opt/gz_physics_vendor/lib:/opt/ros/jazzy/opt/sdformat_vendor/lib:/opt/ros/jazzy/opt/rviz_ogre_vendor/lib:/opt/ros/jazzy/lib/x86_64-linux-gnu:/opt/ros/jazzy/opt/gz_gui_vendor/lib:/opt/ros/jazzy/opt/gz_transport_vendor/lib:/opt/ros/jazzy/opt/gz_rendering_vendor/lib:/opt/ros/jazzy/opt/gz_plugin_vendor/lib:/opt/ros/jazzy/opt/gz_fuel_tools_vendor/lib:/opt/ros/jazzy/opt/gz_msgs_vendor/lib:/opt/ros/jazzy/opt/gz_common_vendor/lib:/opt/ros/jazzy/opt/gz_math_vendor/lib:/opt/ros/jazzy/opt/gz_utils_vendor/lib:/opt/ros/jazzy/opt/gz_tools_vendor/lib:/opt/ros/jazzy/opt/gz_ogre_next_vendor/lib:/opt/ros/jazzy/opt/gz_dartsim_vendor/lib:/opt/ros/jazzy/opt/gz_cmake_vendor/lib:/opt/ros/jazzy/lib PYTHONPATH=/root/ros2_ws/install/moveit_msgs/lib/python3.12/site-packages:/root/ros2_ws/install/moveit_task_constructor_core/lib/python3.12/site-packages:/root/ros2_ws/install/moveit_task_constructor_msgs/lib/python3.12/site-packages:/root/ros2_ws/install/moveit_py/lib/python3.12/site-packages:/root/ros2_ws/install/moveit_configs_utils/lib/python3.12/site-packages:/opt/ros/jazzy/lib/python3.12/site-packages /usr/bin/cmake --install /root/ros2_ws/build/moveit_core
