-- The C compiler identification is GNU 13.3.0
-- The CXX compiler identification is GNU 13.3.0
-- Detecting C compiler ABI info
-- Detecting C compiler ABI info - done
-- Check for working C compiler: /usr/bin/cc - skipped
-- Detecting C compile features
-- Detecting C compile features - done
-- Detecting CXX compiler ABI info
-- Detecting CXX compiler ABI info - done
-- Check for working CXX compiler: /usr/bin/c++ - skipped
-- Detecting CXX compile features
-- Detecting CXX compile features - done
-- Found moveit_common: 2.12.0 (/root/ros2_ws/install/moveit_common/share/moveit_common/cmake)
-- Found ament_cmake: 2.5.2 (/opt/ros/jazzy/share/ament_cmake/cmake)
-- Found Python3: /usr/bin/python3 (found version "3.12.3") found components: Interpreter 
-- Found Boost: /usr/lib/x86_64-linux-gnu/cmake/Boost-1.83.0/BoostConfig.cmake (found version "1.83.0")  
-- Found control_msgs: 5.3.0 (/opt/ros/jazzy/share/control_msgs/cmake)
-- Found rosidl_generator_c: 4.6.4 (/opt/ros/jazzy/share/rosidl_generator_c/cmake)
-- Found rosidl_generator_cpp: 4.6.4 (/opt/ros/jazzy/share/rosidl_generator_cpp/cmake)
-- Using all available rosidl_typesupport_c: rosidl_typesupport_fastrtps_c;rosidl_typesupport_introspection_c
-- Using all available rosidl_typesupport_cpp: rosidl_typesupport_fastrtps_cpp;rosidl_typesupport_introspection_cpp
-- Found interactive_markers: 2.5.4 (/opt/ros/jazzy/share/interactive_markers/cmake)
-- Found rmw_implementation_cmake: 7.3.1 (/opt/ros/jazzy/share/rmw_implementation_cmake/cmake)
-- Found rmw_fastrtps_cpp: 8.4.1 (/opt/ros/jazzy/share/rmw_fastrtps_cpp/cmake)
-- Found OpenSSL: /usr/lib/x86_64-linux-gnu/libcrypto.so (found version "3.0.13")  
-- Found FastRTPS: /opt/ros/jazzy/include (Required is at least version "2.13") 
-- Using RMW implementation 'rmw_fastrtps_cpp' as default
-- Found moveit_core: 2.12.0 (/root/ros2_ws/install/moveit_core/share/moveit_core/cmake)
-- Found Boost: /usr/lib/x86_64-linux-gnu/cmake/Boost-1.83.0/BoostConfig.cmake (found version "1.83.0") found components: chrono date_time filesystem iostreams program_options regex serialization system thread 
-- Found parameter_traits: 0.4.0 (/opt/ros/jazzy/share/parameter_traits/cmake)
-- Found rclcpp_lifecycle: 28.1.5 (/opt/ros/jazzy/share/rclcpp_lifecycle/cmake)
-- Found Boost: /usr/lib/x86_64-linux-gnu/cmake/Boost-1.83.0/BoostConfig.cmake (found version "1.83.0") found components: filesystem 
-- Found Eigen3: TRUE (found version "3.4.0") 
-- Ensuring Eigen3 include directory is part of orocos-kdl CMake target
-- Found moveit_ros_planning: 2.12.0 (/root/ros2_ws/install/moveit_ros_planning/share/moveit_ros_planning/cmake)
-- Found Boost: /usr/lib/x86_64-linux-gnu/cmake/Boost-1.83.0/BoostConfig.cmake (found version "1.83.0") found components: system filesystem date_time program_options thread chrono 
-- Found moveit_ros_planning_interface: 2.12.0 (/root/ros2_ws/install/moveit_ros_planning_interface/share/moveit_ros_planning_interface/cmake)
-- Found Boost: /usr/lib/x86_64-linux-gnu/cmake/Boost-1.83.0/BoostConfig.cmake (found version "1.83.0") found components: date_time filesystem program_options system thread 
-- Found Boost: /usr/lib/x86_64-linux-gnu/cmake/Boost-1.83.0/BoostConfig.cmake (found version "1.83.0") found components: thread system filesystem regex date_time program_options 
-- Found Boost: /usr/lib/x86_64-linux-gnu/cmake/Boost-1.83.0/BoostConfig.cmake (found version "1.83.0") found components: system filesystem date_time program_options thread 
-- Found moveit_servo: 2.12.0 (/root/ros2_ws/install/moveit_servo/share/moveit_servo/cmake)
-- Found moveit_task_constructor_core: 0.1.3 (/root/ros2_ws/install/moveit_task_constructor_core/share/moveit_task_constructor_core/cmake)
-- Found moveit_visual_tools: 4.1.1 (/root/ros2_ws/install/moveit_visual_tools/share/moveit_visual_tools/cmake)
-- Setting OGRE_DIR to: '/opt/ros/jazzy/share/rviz_ogre_vendor/cmake/../../../opt/rviz_ogre_vendor/lib/OGRE/cmake'
-- Found OGRE
--   static     : OFF
--   components : MeshLodGenerator;Overlay;Paging;Property;RTShaderSystem;Terrain;Volume
--   plugins    : Plugin_BSPSceneManager;Plugin_OctreeSceneManager;Plugin_PCZSceneManager;Plugin_ParticleFX;RenderSystem_GL;RenderSystem_GL3Plus;Codec_STBI
--   media      : /opt/ros/jazzy/opt/rviz_ogre_vendor/share/OGRE/Media
-- OGRE_LIBRARIES: OgreMeshLodGenerator;OgreOverlay;OgrePaging;OgreProperty;OgreRTShaderSystem;OgreTerrain;OgreVolume;OgreMain
-- OGRE_LIBRARY_DIRS: /opt/ros/jazzy/opt/rviz_ogre_vendor/lib
-- OGRE_PLUGINS: Plugin_BSPSceneManager;Plugin_OctreeSceneManager;Plugin_PCZSceneManager;Plugin_ParticleFX;RenderSystem_GL;RenderSystem_GL3Plus;Codec_STBI
-- OGRE_PLUGIN_DIR: /opt/ros/jazzy/opt/rviz_ogre_vendor/lib/OGRE
-- rviz_ogre_vendor::OgreOverlay for IMPORTED_LOCATION_RELEASE: /opt/ros/jazzy/opt/rviz_ogre_vendor/lib/libOgreOverlay.so
-- rviz_ogre_vendor::OgreOverlay for IMPORTED_LOCATION_DEBUG: /opt/ros/jazzy/opt/rviz_ogre_vendor/lib/libOgreOverlay.so
-- rviz_ogre_vendor::OgreMain for IMPORTED_LOCATION_RELEASE: /opt/ros/jazzy/opt/rviz_ogre_vendor/lib/libOgreMain.so
-- rviz_ogre_vendor::OgreMain for IMPORTED_LOCATION_DEBUG: /opt/ros/jazzy/opt/rviz_ogre_vendor/lib/libOgreMain.so
-- Found ZLIB: /usr/lib/x86_64-linux-gnu/libz.so (found version "1.3")  
-- Found OpenGL: /usr/lib/x86_64-linux-gnu/libOpenGL.so   
-- Found X11: /usr/include   
-- Looking for XOpenDisplay in /usr/lib/x86_64-linux-gnu/libX11.so;/usr/lib/x86_64-linux-gnu/libXext.so
-- Looking for XOpenDisplay in /usr/lib/x86_64-linux-gnu/libX11.so;/usr/lib/x86_64-linux-gnu/libXext.so - found
-- Looking for gethostbyname
-- Looking for gethostbyname - found
-- Looking for connect
-- Looking for connect - found
-- Looking for remove
-- Looking for remove - found
-- Looking for shmat
-- Looking for shmat - found
-- Looking for IceConnectionNumber in ICE
-- Looking for IceConnectionNumber in ICE - found
-- Setting yaml-cpp_DIR to: '/opt/ros/jazzy/share/yaml_cpp_vendor/cmake/../../../opt/yaml_cpp_vendor/share/cmake/yaml-cpp'
-- Found ament_lint_auto: 0.17.1 (/opt/ros/jazzy/share/ament_lint_auto/cmake)
-- Found ament_cmake_gtest: 2.5.2 (/opt/ros/jazzy/share/ament_cmake_gtest/cmake)
-- Found ros_testing: 0.6.0 (/opt/ros/jazzy/share/ros_testing/cmake)
-- Found launch_testing_ament_cmake: 3.4.2 (/opt/ros/jazzy/share/launch_testing_ament_cmake/cmake)
-- Found python_cmake_module: 0.11.1 (/opt/ros/jazzy/share/python_cmake_module/cmake)
-- Found PythonExtra: /usr/bin/python3  
-- Found Boost: /usr/lib/x86_64-linux-gnu/cmake/Boost-1.83.0/BoostConfig.cmake (found version "1.83.0") found components: filesystem 
-- Found gtest sources under '/opt/ros/jazzy/src/gtest_vendor': C++ tests using 'Google Test' will be built
-- Found Threads: TRUE  
-- Configuring done (3.8s)
-- Generating done (0.3s)
-- Build files have been written to: /root/ros2_ws/build/moveit2_tutorials
[  2%] [32mBuilding CXX object doc/examples/motion_planning_api/CMakeFiles/motion_planning_api_tutorial.dir/src/motion_planning_api_tutorial.cpp.o[0m
[  5%] [32mBuilding CXX object doc/how_to_guides/using_ompl_constrained_planning/CMakeFiles/ompl_constrained_planning.dir/src/ompl_constrained_planning_tutorial.cpp.o[0m
[  7%] [32mBuilding CXX object doc/examples/move_group_interface/CMakeFiles/move_group_interface_tutorial.dir/src/move_group_interface_tutorial.cpp.o[0m
[ 10%] [32mBuilding CXX object doc/examples/realtime_servo/CMakeFiles/pose_tracking_tutorial.dir/src/pose_tracking_tutorial.cpp.o[0m
[ 12%] [32mBuilding CXX object doc/examples/robot_model_and_robot_state/CMakeFiles/robot_model_and_robot_state_tutorial.dir/src/robot_model_and_robot_state_tutorial.cpp.o[0m
[ 15%] [32mBuilding CXX object doc/how_to_guides/pilz_industrial_motion_planner/CMakeFiles/pilz_mtc.dir/src/pilz_mtc.cpp.o[0m
[ 17%] [32mBuilding CXX object doc/how_to_guides/kinematics_cost_function/CMakeFiles/kinematics_cost_function_tutorial.dir/src/kinematics_cost_function_tutorial.cpp.o[0m
[ 20%] [32mBuilding CXX object doc/examples/moveit_cpp/CMakeFiles/moveit_cpp_tutorial.dir/src/moveit_cpp_tutorial.cpp.o[0m
[ 22%] [32mBuilding CXX object doc/how_to_guides/pilz_industrial_motion_planner/CMakeFiles/pilz_sequence.dir/src/pilz_sequence.cpp.o[0m
[ 25%] [32mBuilding CXX object gtest/CMakeFiles/gtest.dir/src/gtest-all.cc.o[0m
[ 27%] [32mBuilding CXX object gtest/CMakeFiles/gtest_main.dir/src/gtest_main.cc.o[0m
[ 30%] [32mBuilding CXX object doc/how_to_guides/pilz_industrial_motion_planner/CMakeFiles/pilz_move_group.dir/src/pilz_move_group.cpp.o[0m
[ 32%] [32mBuilding CXX object doc/tutorials/pick_and_place_with_moveit_task_constructor/CMakeFiles/minimal_mtc_tutorial.dir/src/minimal.cpp.o[0m
[ 35%] [32mBuilding CXX object doc/examples/motion_planning_pipeline/CMakeFiles/motion_planning_pipeline_tutorial.dir/src/motion_planning_pipeline_tutorial.cpp.o[0m
[ 37%] [32mBuilding CXX object doc/examples/collision_environments/CMakeFiles/collision_scene_example.dir/src/collision_scene_example.cpp.o[0m
[ 40%] [32mBuilding CXX object doc/examples/planning_scene/CMakeFiles/planning_scene_tutorial.dir/src/planning_scene_tutorial.cpp.o[0m
[ 42%] [32mBuilding CXX object doc/how_to_guides/parallel_planning/CMakeFiles/parallel_planning_example.dir/src/parallel_planning_main.cpp.o[0m
[ 45%] [32mBuilding CXX object doc/tutorials/pick_and_place_with_moveit_task_constructor/CMakeFiles/mtc_tutorial.dir/src/mtc_node.cpp.o[0m
[ 47%] [32mBuilding CXX object doc/examples/planning_scene_ros_api/CMakeFiles/planning_scene_ros_api_tutorial.dir/src/planning_scene_ros_api_tutorial.cpp.o[0m
[ 50%] [32m[1mLinking CXX static library libgtest_main.a[0m
[ 50%] Built target gtest_main
[ 52%] [32m[1mLinking CXX static library libgtest.a[0m
[ 52%] Built target gtest
[ 55%] [32mBuilding CXX object doc/tutorials/quickstart_in_rviz/CMakeFiles/bringup_test.dir/test/bringup_test.cpp.o[0m
[ 57%] [32m[1mLinking CXX executable pilz_mtc[0m
[ 60%] [32m[1mLinking CXX executable robot_model_and_robot_state_tutorial[0m
[ 60%] Built target robot_model_and_robot_state_tutorial
[ 60%] Built target pilz_mtc
[ 62%] [32m[1mLinking CXX executable moveit_cpp_tutorial[0m
[ 65%] [32m[1mLinking CXX executable planning_scene_tutorial[0m
[ 67%] [32m[1mLinking CXX executable collision_scene_example[0m
[ 70%] [32m[1mLinking CXX executable move_group_interface_tutorial[0m
[ 70%] Built target planning_scene_tutorial
[ 70%] Built target moveit_cpp_tutorial
[ 70%] Built target collision_scene_example
[ 72%] [32m[1mLinking CXX executable minimal_mtc_tutorial[0m
[ 75%] [32m[1mLinking CXX executable kinematics_cost_function_tutorial[0m
[ 75%] Built target minimal_mtc_tutorial
[ 75%] Built target kinematics_cost_function_tutorial
[ 75%] Built target move_group_interface_tutorial
[ 77%] [32m[1mLinking CXX executable planning_scene_ros_api_tutorial[0m
[ 80%] [32m[1mLinking CXX executable pilz_move_group[0m
[ 80%] Built target pilz_move_group
[ 82%] [32m[1mLinking CXX executable mtc_tutorial[0m
[ 82%] Built target planning_scene_ros_api_tutorial
[ 82%] Built target mtc_tutorial
[ 85%] [32m[1mLinking CXX executable ompl_constrained_planning[0m
[ 87%] [32m[1mLinking CXX executable pilz_sequence[0m
[ 90%] [32m[1mLinking CXX executable motion_planning_pipeline_tutorial[0m
[ 92%] [32m[1mLinking CXX executable bringup_test[0m
[ 92%] Built target ompl_constrained_planning
[ 95%] [32m[1mLinking CXX executable pose_tracking_tutorial[0m
[ 95%] Built target bringup_test
[ 95%] Built target pilz_sequence
[ 95%] Built target motion_planning_pipeline_tutorial
[ 95%] Built target pose_tracking_tutorial
[ 97%] [32m[1mLinking CXX executable parallel_planning_example[0m
[ 97%] Built target parallel_planning_example
[100%] [32m[1mLinking CXX executable motion_planning_api_tutorial[0m
[100%] Built target motion_planning_api_tutorial
-- Install configuration: "Release"
-- Installing: /root/ros2_ws/install/moveit2_tutorials/lib/moveit2_tutorials/collision_scene_example
-- Set non-toolchain portion of runtime path of "/root/ros2_ws/install/moveit2_tutorials/lib/moveit2_tutorials/collision_scene_example" to ""
-- Installing: /root/ros2_ws/install/moveit2_tutorials/share/moveit2_tutorials/urdf
-- Installing: /root/ros2_ws/install/moveit2_tutorials/share/moveit2_tutorials/urdf/realsense_d435
-- Installing: /root/ros2_ws/install/moveit2_tutorials/share/moveit2_tutorials/urdf/realsense_d435/camera.urdf.xacro
-- Installing: /root/ros2_ws/install/moveit2_tutorials/share/moveit2_tutorials/urdf/realsense_d435/macros.xacro
-- Installing: /root/ros2_ws/install/moveit2_tutorials/share/moveit2_tutorials/launch
-- Installing: /root/ros2_ws/install/moveit2_tutorials/share/moveit2_tutorials/launch/depth_camera_environment.launch.py
-- Installing: /root/ros2_ws/install/moveit2_tutorials/share/moveit2_tutorials/launch/perception_pipeline_demo.launch.py
-- Installing: /root/ros2_ws/install/moveit2_tutorials/share/moveit2_tutorials/meshes
-- Installing: /root/ros2_ws/install/moveit2_tutorials/share/moveit2_tutorials/meshes/d435.dae
-- Installing: /root/ros2_ws/install/moveit2_tutorials/share/moveit2_tutorials/config
-- Installing: /root/ros2_ws/install/moveit2_tutorials/share/moveit2_tutorials/config/sensors_3d.yaml
-- Installing: /root/ros2_ws/install/moveit2_tutorials/share/moveit2_tutorials/worlds
-- Installing: /root/ros2_ws/install/moveit2_tutorials/share/moveit2_tutorials/worlds/perception_pipeline_demo.world
-- Installing: /root/ros2_ws/install/moveit2_tutorials/share/moveit2_tutorials/rviz2
-- Installing: /root/ros2_ws/install/moveit2_tutorials/share/moveit2_tutorials/rviz2/depth_camera_environment.rviz
-- Up-to-date: /root/ros2_ws/install/moveit2_tutorials/share/moveit2_tutorials/config
-- Installing: /root/ros2_ws/install/moveit2_tutorials/share/moveit2_tutorials/config/jupyter_notebook_prototyping.yaml
-- Installing: /root/ros2_ws/install/moveit2_tutorials/share/moveit2_tutorials/config/jupyter_notebook_prototyping.rviz
-- Up-to-date: /root/ros2_ws/install/moveit2_tutorials/share/moveit2_tutorials/launch
-- Installing: /root/ros2_ws/install/moveit2_tutorials/share/moveit2_tutorials/launch/jupyter_notebook_prototyping.launch.py
-- Installing: /root/ros2_ws/install/moveit2_tutorials/share/moveit2_tutorials/src
-- Installing: /root/ros2_ws/install/moveit2_tutorials/share/moveit2_tutorials/src/moveit_notebook_tutorial.ipynb
-- Installing: /root/ros2_ws/install/moveit2_tutorials/lib/moveit2_tutorials/motion_planning_api_tutorial
-- Set non-toolchain portion of runtime path of "/root/ros2_ws/install/moveit2_tutorials/lib/moveit2_tutorials/motion_planning_api_tutorial" to ""
-- Up-to-date: /root/ros2_ws/install/moveit2_tutorials/share/moveit2_tutorials/launch
-- Installing: /root/ros2_ws/install/moveit2_tutorials/share/moveit2_tutorials/launch/motion_planning_api_tutorial.launch.py
-- Installing: /root/ros2_ws/install/moveit2_tutorials/lib/moveit2_tutorials/motion_planning_pipeline_tutorial
-- Set non-toolchain portion of runtime path of "/root/ros2_ws/install/moveit2_tutorials/lib/moveit2_tutorials/motion_planning_pipeline_tutorial" to ""
-- Up-to-date: /root/ros2_ws/install/moveit2_tutorials/share/moveit2_tutorials/launch
-- Installing: /root/ros2_ws/install/moveit2_tutorials/share/moveit2_tutorials/launch/motion_planning_pipeline_tutorial.launch.py
-- Installing: /root/ros2_ws/install/moveit2_tutorials/lib/moveit2_tutorials/motion_planning_python_api_tutorial.py
-- Installing: /root/ros2_ws/install/moveit2_tutorials/lib/moveit2_tutorials/motion_planning_python_api_planning_scene.py
-- Up-to-date: /root/ros2_ws/install/moveit2_tutorials/share/moveit2_tutorials/config
-- Installing: /root/ros2_ws/install/moveit2_tutorials/share/moveit2_tutorials/config/motion_planning_python_api_tutorial.rviz
-- Installing: /root/ros2_ws/install/moveit2_tutorials/share/moveit2_tutorials/config/motion_planning_python_api_tutorial.yaml
-- Up-to-date: /root/ros2_ws/install/moveit2_tutorials/share/moveit2_tutorials/launch
-- Installing: /root/ros2_ws/install/moveit2_tutorials/share/moveit2_tutorials/launch/motion_planning_python_api_tutorial.launch.py
-- Installing: /root/ros2_ws/install/moveit2_tutorials/lib/moveit2_tutorials/move_group_interface_tutorial
-- Set non-toolchain portion of runtime path of "/root/ros2_ws/install/moveit2_tutorials/lib/moveit2_tutorials/move_group_interface_tutorial" to ""
-- Up-to-date: /root/ros2_ws/install/moveit2_tutorials/share/moveit2_tutorials/launch
-- Installing: /root/ros2_ws/install/moveit2_tutorials/share/moveit2_tutorials/launch/move_group_interface_tutorial.launch.py
-- Installing: /root/ros2_ws/install/moveit2_tutorials/share/moveit2_tutorials/launch/move_group.launch.py
-- Installing: /root/ros2_ws/install/moveit2_tutorials/share/moveit2_tutorials/launch/move_group.rviz
-- Installing: /root/ros2_ws/install/moveit2_tutorials/lib/moveit2_tutorials/moveit_cpp_tutorial
-- Set non-toolchain portion of runtime path of "/root/ros2_ws/install/moveit2_tutorials/lib/moveit2_tutorials/moveit_cpp_tutorial" to ""
-- Up-to-date: /root/ros2_ws/install/moveit2_tutorials/share/moveit2_tutorials/launch
-- Installing: /root/ros2_ws/install/moveit2_tutorials/share/moveit2_tutorials/launch/moveit_cpp_tutorial.rviz
-- Installing: /root/ros2_ws/install/moveit2_tutorials/share/moveit2_tutorials/launch/moveit_cpp_tutorial.launch.py
-- Up-to-date: /root/ros2_ws/install/moveit2_tutorials/share/moveit2_tutorials/config
-- Installing: /root/ros2_ws/install/moveit2_tutorials/share/moveit2_tutorials/config/moveit_cpp.yaml
-- Installing: /root/ros2_ws/install/moveit2_tutorials/lib/moveit2_tutorials/planning_scene_tutorial
-- Set non-toolchain portion of runtime path of "/root/ros2_ws/install/moveit2_tutorials/lib/moveit2_tutorials/planning_scene_tutorial" to ""
-- Up-to-date: /root/ros2_ws/install/moveit2_tutorials/share/moveit2_tutorials/launch
-- Installing: /root/ros2_ws/install/moveit2_tutorials/share/moveit2_tutorials/launch/planning_scene_tutorial.launch.py
-- Installing: /root/ros2_ws/install/moveit2_tutorials/lib/moveit2_tutorials/planning_scene_ros_api_tutorial
-- Set non-toolchain portion of runtime path of "/root/ros2_ws/install/moveit2_tutorials/lib/moveit2_tutorials/planning_scene_ros_api_tutorial" to ""
-- Up-to-date: /root/ros2_ws/install/moveit2_tutorials/share/moveit2_tutorials/launch
-- Installing: /root/ros2_ws/install/moveit2_tutorials/share/moveit2_tutorials/launch/planning_scene_ros_api_tutorial.launch.py
-- Installing: /root/ros2_ws/install/moveit2_tutorials/lib/moveit2_tutorials/pose_tracking_tutorial
-- Set non-toolchain portion of runtime path of "/root/ros2_ws/install/moveit2_tutorials/lib/moveit2_tutorials/pose_tracking_tutorial" to ""
-- Up-to-date: /root/ros2_ws/install/moveit2_tutorials/share/moveit2_tutorials/launch
-- Installing: /root/ros2_ws/install/moveit2_tutorials/share/moveit2_tutorials/launch/pose_tracking_tutorial.launch.py
-- Up-to-date: /root/ros2_ws/install/moveit2_tutorials/share/moveit2_tutorials/config
-- Installing: /root/ros2_ws/install/moveit2_tutorials/share/moveit2_tutorials/config/demo_rviz_config.rviz
-- Installing: /root/ros2_ws/install/moveit2_tutorials/share/moveit2_tutorials/config/panda_simulated_config.yaml
-- Installing: /root/ros2_ws/install/moveit2_tutorials/lib/moveit2_tutorials/robot_model_and_robot_state_tutorial
-- Set non-toolchain portion of runtime path of "/root/ros2_ws/install/moveit2_tutorials/lib/moveit2_tutorials/robot_model_and_robot_state_tutorial" to ""
-- Up-to-date: /root/ros2_ws/install/moveit2_tutorials/share/moveit2_tutorials/launch
-- Installing: /root/ros2_ws/install/moveit2_tutorials/share/moveit2_tutorials/launch/robot_model_and_robot_state_tutorial.launch.py
-- Up-to-date: /root/ros2_ws/install/moveit2_tutorials/share/moveit2_tutorials/launch
-- Installing: /root/ros2_ws/install/moveit2_tutorials/share/moveit2_tutorials/launch/run_benchmarks.launch.py
-- Up-to-date: /root/ros2_ws/install/moveit2_tutorials/share/moveit2_tutorials/config
-- Installing: /root/ros2_ws/install/moveit2_tutorials/share/moveit2_tutorials/config/benchmarking_moveit_cpp.yaml
-- Installing: /root/ros2_ws/install/moveit2_tutorials/share/moveit2_tutorials/config/benchmarks.yaml
-- Up-to-date: /root/ros2_ws/install/moveit2_tutorials/share/moveit2_tutorials/launch
-- Installing: /root/ros2_ws/install/moveit2_tutorials/share/moveit2_tutorials/launch/isaac_moveit.py
-- Installing: /root/ros2_ws/install/moveit2_tutorials/share/moveit2_tutorials/launch/isaac_demo.launch.py
-- Installing: /root/ros2_ws/install/moveit2_tutorials/share/moveit2_tutorials/launch/python.sh
-- Up-to-date: /root/ros2_ws/install/moveit2_tutorials/share/moveit2_tutorials/config
-- Installing: /root/ros2_ws/install/moveit2_tutorials/share/moveit2_tutorials/config/panda_moveit_config.rviz
-- Installing: /root/ros2_ws/install/moveit2_tutorials/lib/moveit2_tutorials/kinematics_cost_function_tutorial
-- Set non-toolchain portion of runtime path of "/root/ros2_ws/install/moveit2_tutorials/lib/moveit2_tutorials/kinematics_cost_function_tutorial" to ""
-- Up-to-date: /root/ros2_ws/install/moveit2_tutorials/share/moveit2_tutorials/launch
-- Installing: /root/ros2_ws/install/moveit2_tutorials/share/moveit2_tutorials/launch/kinematics_cost_function_tutorial.launch.py
-- Installing: /root/ros2_ws/install/moveit2_tutorials/lib/moveit2_tutorials/parallel_planning_example
-- Set non-toolchain portion of runtime path of "/root/ros2_ws/install/moveit2_tutorials/lib/moveit2_tutorials/parallel_planning_example" to ""
-- Up-to-date: /root/ros2_ws/install/moveit2_tutorials/share/moveit2_tutorials/launch
-- Installing: /root/ros2_ws/install/moveit2_tutorials/share/moveit2_tutorials/launch/parallel_planning_example.launch.py
-- Up-to-date: /root/ros2_ws/install/moveit2_tutorials/share/moveit2_tutorials/config
-- Installing: /root/ros2_ws/install/moveit2_tutorials/share/moveit2_tutorials/config/parallel_planning_config.rviz
-- Installing: /root/ros2_ws/install/moveit2_tutorials/share/moveit2_tutorials/config/panda_test_db.sqlite
-- Installing: /root/ros2_ws/install/moveit2_tutorials/share/moveit2_tutorials/config/parallel_planning_moveit_cpp.yaml
-- Up-to-date: /root/ros2_ws/install/moveit2_tutorials/share/moveit2_tutorials/launch
-- Installing: /root/ros2_ws/install/moveit2_tutorials/share/moveit2_tutorials/launch/chomp_demo.launch.py
-- Up-to-date: /root/ros2_ws/install/moveit2_tutorials/share/moveit2_tutorials/config
-- Installing: /root/ros2_ws/install/moveit2_tutorials/share/moveit2_tutorials/config/moveit_chomp.rviz
-- Up-to-date: /root/ros2_ws/install/moveit2_tutorials/share/moveit2_tutorials/launch
-- Installing: /root/ros2_ws/install/moveit2_tutorials/share/moveit2_tutorials/launch/persistent_scenes_demo.launch.py
-- Installing: /root/ros2_ws/install/moveit2_tutorials/lib/moveit2_tutorials/pilz_move_group
-- Set non-toolchain portion of runtime path of "/root/ros2_ws/install/moveit2_tutorials/lib/moveit2_tutorials/pilz_move_group" to ""
-- Installing: /root/ros2_ws/install/moveit2_tutorials/lib/moveit2_tutorials/pilz_mtc
-- Set non-toolchain portion of runtime path of "/root/ros2_ws/install/moveit2_tutorials/lib/moveit2_tutorials/pilz_mtc" to ""
-- Installing: /root/ros2_ws/install/moveit2_tutorials/lib/moveit2_tutorials/pilz_sequence
-- Set non-toolchain portion of runtime path of "/root/ros2_ws/install/moveit2_tutorials/lib/moveit2_tutorials/pilz_sequence" to ""
-- Up-to-date: /root/ros2_ws/install/moveit2_tutorials/share/moveit2_tutorials/launch
-- Installing: /root/ros2_ws/install/moveit2_tutorials/share/moveit2_tutorials/launch/pilz_moveit.launch.py
-- Installing: /root/ros2_ws/install/moveit2_tutorials/share/moveit2_tutorials/launch/pilz_mtc.launch.py
-- Installing: /root/ros2_ws/install/moveit2_tutorials/lib/moveit2_tutorials/ompl_constrained_planning
-- Set non-toolchain portion of runtime path of "/root/ros2_ws/install/moveit2_tutorials/lib/moveit2_tutorials/ompl_constrained_planning" to ""
-- Up-to-date: /root/ros2_ws/install/moveit2_tutorials/share/moveit2_tutorials/launch
-- Installing: /root/ros2_ws/install/moveit2_tutorials/share/moveit2_tutorials/launch/ompl_constrained_planning.launch.py
-- Installing: /root/ros2_ws/install/moveit2_tutorials/share/moveit2_tutorials/launch/ompl_constrained_planning.rviz
-- Installing: /root/ros2_ws/install/moveit2_tutorials/lib/moveit2_tutorials/mtc_tutorial
-- Set non-toolchain portion of runtime path of "/root/ros2_ws/install/moveit2_tutorials/lib/moveit2_tutorials/mtc_tutorial" to ""
-- Installing: /root/ros2_ws/install/moveit2_tutorials/lib/moveit2_tutorials/minimal_mtc_tutorial
-- Set non-toolchain portion of runtime path of "/root/ros2_ws/install/moveit2_tutorials/lib/moveit2_tutorials/minimal_mtc_tutorial" to ""
-- Up-to-date: /root/ros2_ws/install/moveit2_tutorials/share/moveit2_tutorials/launch
-- Installing: /root/ros2_ws/install/moveit2_tutorials/share/moveit2_tutorials/launch/mtc_demo_minimal.launch.py
-- Installing: /root/ros2_ws/install/moveit2_tutorials/share/moveit2_tutorials/launch/mtc_demo.launch.py
-- Installing: /root/ros2_ws/install/moveit2_tutorials/share/moveit2_tutorials/launch/pick_place_demo.launch.py
-- Installing: /root/ros2_ws/install/moveit2_tutorials/share/moveit2_tutorials/launch/mtc.rviz
-- Up-to-date: /root/ros2_ws/install/moveit2_tutorials/share/moveit2_tutorials/launch
-- Installing: /root/ros2_ws/install/moveit2_tutorials/share/moveit2_tutorials/launch/kinova_moveit_config_demo_empty.rviz
-- Installing: /root/ros2_ws/install/moveit2_tutorials/share/moveit2_tutorials/launch/kinova_hello_moveit.rviz
-- Installing: /root/ros2_ws/install/moveit2_tutorials/share/moveit2_tutorials/launch/demo.launch.py
-- Installing: /root/ros2_ws/install/moveit2_tutorials/share/moveit2_tutorials/launch/kinova_moveit_config_demo.rviz
-- Up-to-date: /root/ros2_ws/install/moveit2_tutorials/share/moveit2_tutorials/launch
-- Installing: /root/ros2_ws/install/moveit2_tutorials/share/moveit2_tutorials/launch/demo_pick_ik.launch.py
-- Up-to-date: /root/ros2_ws/install/moveit2_tutorials/share/moveit2_tutorials/config
-- Installing: /root/ros2_ws/install/moveit2_tutorials/share/moveit2_tutorials/config/kinematics_pick_ik.yaml
-- Installing: /root/ros2_ws/install/moveit2_tutorials/share/ament_index/resource_index/package_run_dependencies/moveit2_tutorials
-- Installing: /root/ros2_ws/install/moveit2_tutorials/share/ament_index/resource_index/parent_prefix_path/moveit2_tutorials
-- Installing: /root/ros2_ws/install/moveit2_tutorials/share/moveit2_tutorials/environment/ament_prefix_path.sh
-- Installing: /root/ros2_ws/install/moveit2_tutorials/share/moveit2_tutorials/environment/ament_prefix_path.dsv
-- Installing: /root/ros2_ws/install/moveit2_tutorials/share/moveit2_tutorials/environment/path.sh
-- Installing: /root/ros2_ws/install/moveit2_tutorials/share/moveit2_tutorials/environment/path.dsv
-- Installing: /root/ros2_ws/install/moveit2_tutorials/share/moveit2_tutorials/local_setup.bash
-- Installing: /root/ros2_ws/install/moveit2_tutorials/share/moveit2_tutorials/local_setup.sh
-- Installing: /root/ros2_ws/install/moveit2_tutorials/share/moveit2_tutorials/local_setup.zsh
-- Installing: /root/ros2_ws/install/moveit2_tutorials/share/moveit2_tutorials/local_setup.dsv
-- Installing: /root/ros2_ws/install/moveit2_tutorials/share/moveit2_tutorials/package.dsv
-- Installing: /root/ros2_ws/install/moveit2_tutorials/share/ament_index/resource_index/packages/moveit2_tutorials
-- Installing: /root/ros2_ws/install/moveit2_tutorials/share/moveit2_tutorials/cmake/ament_cmake_export_dependencies-extras.cmake
-- Installing: /root/ros2_ws/install/moveit2_tutorials/share/moveit2_tutorials/cmake/ament_cmake_export_include_directories-extras.cmake
-- Installing: /root/ros2_ws/install/moveit2_tutorials/share/moveit2_tutorials/cmake/moveit2_tutorialsConfig.cmake
-- Installing: /root/ros2_ws/install/moveit2_tutorials/share/moveit2_tutorials/cmake/moveit2_tutorialsConfig-version.cmake
-- Installing: /root/ros2_ws/install/moveit2_tutorials/share/moveit2_tutorials/package.xml
