[0.118s] Invoking command in '/root/ros2_ws/build/moveit2_tutorials': AMENT_PREFIX_PATH=/root/ros2_ws/install/moveit:/root/ros2_ws/install/kinova_gen3_7dof_robotiq_2f_85_moveit_config:/root/ros2_ws/install/moveit_task_constructor_core:/root/ros2_ws/install/moveit_setup_assistant:/root/ros2_ws/install/moveit_setup_srdf_plugins:/root/ros2_ws/install/moveit_setup_core_plugins:/root/ros2_ws/install/moveit_setup_controllers:/root/ros2_ws/install/moveit_setup_app_plugins:/root/ros2_ws/install/moveit_planners:/root/ros2_ws/install/pilz_industrial_motion_planner:/root/ros2_ws/install/moveit_setup_framework:/root/ros2_ws/install/moveit_servo:/root/ros2_ws/install/moveit_ros:/root/ros2_ws/install/moveit_ros_visualization:/root/ros2_ws/install/moveit_resources_prbt_pg70_support:/root/ros2_ws/install/moveit_py:/root/ros2_ws/install/moveit_hybrid_planning:/root/ros2_ws/install/moveit_ros_planning_interface:/root/ros2_ws/install/moveit_resources_prbt_moveit_config:/root/ros2_ws/install/moveit_ros_move_group:/root/ros2_ws/install/moveit_ros_benchmarks:/root/ros2_ws/install/moveit_visual_tools:/root/ros2_ws/install/moveit_ros_warehouse:/root/ros2_ws/install/moveit_ros_robot_interaction:/root/ros2_ws/install/moveit_ros_perception:/root/ros2_ws/install/moveit_planners_ompl:/root/ros2_ws/install/moveit_kinematics:/root/ros2_ws/install/moveit_ros_planning:/root/ros2_ws/install/moveit_plugins:/root/ros2_ws/install/moveit_planners_chomp:/root/ros2_ws/install/pilz_industrial_motion_planner_testutils:/root/ros2_ws/install/moveit_simple_controller_manager:/root/ros2_ws/install/moveit_ros_occupancy_map_monitor:/root/ros2_ws/install/moveit_resources_prbt_ikfast_manipulator_plugin:/root/ros2_ws/install/moveit_planners_stomp:/root/ros2_ws/install/chomp_motion_planner:/root/ros2_ws/install/moveit_core:/root/ros2_ws/install/rviz_marker_tools:/root/ros2_ws/install/moveit_task_constructor_msgs:/root/ros2_ws/install/moveit_resources_panda_moveit_config:/root/ros2_ws/install/moveit_resources_fanuc_moveit_config:/root/ros2_ws/install/kortex_description:/root/ros2_ws/install/rviz_visual_tools:/root/ros2_ws/install/robotiq_description:/root/ros2_ws/install/moveit_resources_prbt_support:/root/ros2_ws/install/moveit_resources_pr2_description:/root/ros2_ws/install/moveit_resources_panda_description:/root/ros2_ws/install/moveit_resources_fanuc_description:/root/ros2_ws/install/moveit_msgs:/root/ros2_ws/install/moveit_configs_utils:/root/ros2_ws/install/moveit_common:/root/ros2_ws/install/gz_ros2_control:${AMENT_PREFIX_PATH} CMAKE_MODULE_PATH=/root/ros2_ws/install/moveit_task_constructor_core/share/moveit_task_constructor_core/cmake CMAKE_PREFIX_PATH=/root/ros2_ws/install/moveit:/root/ros2_ws/install/kinova_gen3_7dof_robotiq_2f_85_moveit_config:/root/ros2_ws/install/moveit_task_constructor_core:/root/ros2_ws/install/moveit_setup_assistant:/root/ros2_ws/install/moveit_setup_srdf_plugins:/root/ros2_ws/install/moveit_setup_core_plugins:/root/ros2_ws/install/moveit_setup_controllers:/root/ros2_ws/install/moveit_setup_app_plugins:/root/ros2_ws/install/moveit_planners:/root/ros2_ws/install/pilz_industrial_motion_planner:/root/ros2_ws/install/moveit_setup_framework:/root/ros2_ws/install/moveit_servo:/root/ros2_ws/install/moveit_ros:/root/ros2_ws/install/moveit_ros_visualization:/root/ros2_ws/install/moveit_resources_prbt_pg70_support:/root/ros2_ws/install/moveit_py:/root/ros2_ws/install/moveit_hybrid_planning:/root/ros2_ws/install/moveit_ros_planning_interface:/root/ros2_ws/install/moveit_resources_prbt_moveit_config:/root/ros2_ws/install/moveit_ros_move_group:/root/ros2_ws/install/moveit_ros_benchmarks:/root/ros2_ws/install/moveit_visual_tools:/root/ros2_ws/install/moveit_ros_warehouse:/root/ros2_ws/install/moveit_ros_robot_interaction:/root/ros2_ws/install/moveit_ros_perception:/root/ros2_ws/install/moveit_planners_ompl:/root/ros2_ws/install/moveit_kinematics:/root/ros2_ws/install/moveit_ros_planning:/root/ros2_ws/install/moveit_plugins:/root/ros2_ws/install/moveit_planners_chomp:/root/ros2_ws/install/pilz_industrial_motion_planner_testutils:/root/ros2_ws/install/moveit_simple_controller_manager:/root/ros2_ws/install/moveit_ros_occupancy_map_monitor:/root/ros2_ws/install/moveit_resources_prbt_ikfast_manipulator_plugin:/root/ros2_ws/install/moveit_planners_stomp:/root/ros2_ws/install/chomp_motion_planner:/root/ros2_ws/install/moveit_core:/root/ros2_ws/install/rviz_marker_tools:/root/ros2_ws/install/moveit_task_constructor_msgs:/root/ros2_ws/install/moveit_resources_panda_moveit_config:/root/ros2_ws/install/moveit_resources_fanuc_moveit_config:/root/ros2_ws/install/kortex_description:/root/ros2_ws/install/rviz_visual_tools:/root/ros2_ws/install/robotiq_description:/root/ros2_ws/install/moveit_resources_prbt_support:/root/ros2_ws/install/moveit_resources_pr2_description:/root/ros2_ws/install/moveit_resources_panda_description:/root/ros2_ws/install/moveit_resources_fanuc_description:/root/ros2_ws/install/moveit_msgs:/root/ros2_ws/install/moveit_common:/root/ros2_ws/install/gz_ros2_control:/opt/ros/jazzy/opt/gz_sim_vendor:/opt/ros/jazzy/opt/gz_sensors_vendor:/opt/ros/jazzy/opt/gz_physics_vendor:/opt/ros/jazzy/opt/sdformat_vendor:/opt/ros/jazzy/opt/gz_gui_vendor:/opt/ros/jazzy/opt/gz_transport_vendor:/opt/ros/jazzy/opt/gz_rendering_vendor:/opt/ros/jazzy/opt/gz_plugin_vendor:/opt/ros/jazzy/opt/gz_fuel_tools_vendor:/opt/ros/jazzy/opt/gz_msgs_vendor:/opt/ros/jazzy/opt/gz_common_vendor:/opt/ros/jazzy/opt/gz_math_vendor:/opt/ros/jazzy/opt/gz_utils_vendor:/opt/ros/jazzy/opt/gz_tools_vendor:/opt/ros/jazzy/opt/gz_ogre_next_vendor:/opt/ros/jazzy/opt/gz_dartsim_vendor:/opt/ros/jazzy/opt/gz_cmake_vendor:/opt/ros/jazzy LD_LIBRARY_PATH=/root/ros2_ws/install/moveit_task_constructor_core/lib:/root/ros2_ws/install/moveit_setup_assistant/lib:/root/ros2_ws/install/moveit_setup_srdf_plugins/lib:/root/ros2_ws/install/moveit_setup_core_plugins/lib:/root/ros2_ws/install/moveit_setup_controllers/lib:/root/ros2_ws/install/moveit_setup_app_plugins/lib:/root/ros2_ws/install/pilz_industrial_motion_planner/lib:/root/ros2_ws/install/moveit_setup_framework/lib:/root/ros2_ws/install/moveit_servo/lib:/root/ros2_ws/install/moveit_ros_visualization/lib:/root/ros2_ws/install/moveit_py/lib:/root/ros2_ws/install/moveit_hybrid_planning/lib:/root/ros2_ws/install/moveit_ros_planning_interface/lib:/root/ros2_ws/install/moveit_ros_move_group/lib:/root/ros2_ws/install/moveit_ros_benchmarks/lib:/root/ros2_ws/install/moveit_visual_tools/lib:/root/ros2_ws/install/moveit_ros_warehouse/lib:/root/ros2_ws/install/moveit_ros_robot_interaction/lib:/root/ros2_ws/install/moveit_ros_perception/lib:/root/ros2_ws/install/moveit_planners_ompl/lib:/root/ros2_ws/install/moveit_kinematics/lib:/root/ros2_ws/install/moveit_ros_planning/lib:/root/ros2_ws/install/moveit_planners_chomp/lib:/root/ros2_ws/install/pilz_industrial_motion_planner_testutils/lib:/root/ros2_ws/install/moveit_simple_controller_manager/lib:/root/ros2_ws/install/moveit_ros_occupancy_map_monitor/lib:/root/ros2_ws/install/moveit_resources_prbt_ikfast_manipulator_plugin/lib:/root/ros2_ws/install/moveit_planners_stomp/lib:/root/ros2_ws/install/chomp_motion_planner/lib:/root/ros2_ws/install/moveit_core/lib:/root/ros2_ws/install/rviz_marker_tools/lib:/root/ros2_ws/install/moveit_task_constructor_msgs/lib:/root/ros2_ws/install/rviz_visual_tools/lib:/root/ros2_ws/install/moveit_msgs/lib:/root/ros2_ws/install/gz_ros2_control/lib:${LD_LIBRARY_PATH} PATH=/root/ros2_ws/install/moveit_core/bin:${PATH} PYTHONPATH=/root/ros2_ws/install/moveit_task_constructor_core/lib/python3.12/site-packages:/root/ros2_ws/install/moveit_py/lib/python3.12/site-packages:/root/ros2_ws/install/moveit_task_constructor_msgs/lib/python3.12/site-packages:/root/ros2_ws/install/moveit_msgs/lib/python3.12/site-packages:/root/ros2_ws/install/moveit_configs_utils/lib/python3.12/site-packages:${PYTHONPATH} /usr/bin/cmake /root/ros2_ws/src/moveit2_tutorials -DCMAKE_INSTALL_PREFIX=/root/ros2_ws/install/moveit2_tutorials
[0.164s] -- The C compiler identification is GNU 13.3.0
[0.209s] -- The CXX compiler identification is GNU 13.3.0
[0.223s] -- Detecting C compiler ABI info
[0.297s] -- Detecting C compiler ABI info - done
[0.306s] -- Check for working C compiler: /usr/bin/cc - skipped
[0.307s] -- Detecting C compile features
[0.307s] -- Detecting C compile features - done
[0.315s] -- Detecting CXX compiler ABI info
[0.397s] -- Detecting CXX compiler ABI info - done
[0.403s] -- Check for working CXX compiler: /usr/bin/c++ - skipped
[0.403s] -- Detecting CXX compile features
[0.404s] -- Detecting CXX compile features - done
[0.406s] -- Found moveit_common: 2.12.0 (/root/ros2_ws/install/moveit_common/share/moveit_common/cmake)
[0.410s] -- Found ament_cmake: 2.5.2 (/opt/ros/jazzy/share/ament_cmake/cmake)
[0.531s] -- Found Python3: /usr/bin/python3 (found version "3.12.3") found components: Interpreter 
[0.696s] [0mmoveit2_tutorials: You did not request a specific build type: Choosing 'Release' for maximum performance[0m
[0.707s] -- Found Boost: /usr/lib/x86_64-linux-gnu/cmake/Boost-1.83.0/BoostConfig.cmake (found version "1.83.0")  
[0.711s] -- Found control_msgs: 5.3.0 (/opt/ros/jazzy/share/control_msgs/cmake)
[0.764s] -- Found rosidl_generator_c: 4.6.4 (/opt/ros/jazzy/share/rosidl_generator_c/cmake)
[0.781s] -- Found rosidl_generator_cpp: 4.6.4 (/opt/ros/jazzy/share/rosidl_generator_cpp/cmake)
[0.800s] -- Using all available rosidl_typesupport_c: rosidl_typesupport_fastrtps_c;rosidl_typesupport_introspection_c
[0.820s] -- Using all available rosidl_typesupport_cpp: rosidl_typesupport_fastrtps_cpp;rosidl_typesupport_introspection_cpp
[0.965s] -- Found interactive_markers: 2.5.4 (/opt/ros/jazzy/share/interactive_markers/cmake)
[1.017s] -- Found rmw_implementation_cmake: 7.3.1 (/opt/ros/jazzy/share/rmw_implementation_cmake/cmake)
[1.023s] -- Found rmw_fastrtps_cpp: 8.4.1 (/opt/ros/jazzy/share/rmw_fastrtps_cpp/cmake)
[1.109s] -- Found OpenSSL: /usr/lib/x86_64-linux-gnu/libcrypto.so (found version "3.0.13")  
[1.123s] -- Found FastRTPS: /opt/ros/jazzy/include (Required is at least version "2.13") 
[1.143s] -- Using RMW implementation 'rmw_fastrtps_cpp' as default
[1.279s] -- Found moveit_core: 2.12.0 (/root/ros2_ws/install/moveit_core/share/moveit_core/cmake)
[1.473s] -- Found Boost: /usr/lib/x86_64-linux-gnu/cmake/Boost-1.83.0/BoostConfig.cmake (found version "1.83.0") found components: chrono date_time filesystem iostreams program_options regex serialization system thread 
[1.572s] -- Found parameter_traits: 0.4.0 (/opt/ros/jazzy/share/parameter_traits/cmake)
[1.596s] -- Found rclcpp_lifecycle: 28.1.5 (/opt/ros/jazzy/share/rclcpp_lifecycle/cmake)
[1.630s] -- Found Boost: /usr/lib/x86_64-linux-gnu/cmake/Boost-1.83.0/BoostConfig.cmake (found version "1.83.0") found components: filesystem 
[1.685s] -- Found Eigen3: TRUE (found version "3.4.0") 
[1.685s] -- Ensuring Eigen3 include directory is part of orocos-kdl CMake target
[2.002s] -- Found moveit_ros_planning: 2.12.0 (/root/ros2_ws/install/moveit_ros_planning/share/moveit_ros_planning/cmake)
[2.007s] -- Found Boost: /usr/lib/x86_64-linux-gnu/cmake/Boost-1.83.0/BoostConfig.cmake (found version "1.83.0") found components: system filesystem date_time program_options thread chrono 
[2.049s] -- Found moveit_ros_planning_interface: 2.12.0 (/root/ros2_ws/install/moveit_ros_planning_interface/share/moveit_ros_planning_interface/cmake)
[2.055s] -- Found Boost: /usr/lib/x86_64-linux-gnu/cmake/Boost-1.83.0/BoostConfig.cmake (found version "1.83.0") found components: date_time filesystem program_options system thread 
[2.072s] -- Found Boost: /usr/lib/x86_64-linux-gnu/cmake/Boost-1.83.0/BoostConfig.cmake (found version "1.83.0") found components: thread system filesystem regex date_time program_options 
[2.114s] -- Found Boost: /usr/lib/x86_64-linux-gnu/cmake/Boost-1.83.0/BoostConfig.cmake (found version "1.83.0") found components: system filesystem date_time program_options thread 
[2.161s] -- Found moveit_servo: 2.12.0 (/root/ros2_ws/install/moveit_servo/share/moveit_servo/cmake)
[2.203s] -- Found moveit_task_constructor_core: 0.1.3 (/root/ros2_ws/install/moveit_task_constructor_core/share/moveit_task_constructor_core/cmake)
[2.256s] -- Found moveit_visual_tools: 4.1.1 (/root/ros2_ws/install/moveit_visual_tools/share/moveit_visual_tools/cmake)
[2.309s] -- Setting OGRE_DIR to: '/opt/ros/jazzy/share/rviz_ogre_vendor/cmake/../../../opt/rviz_ogre_vendor/lib/OGRE/cmake'
[2.310s] -- Found OGRE
[2.310s] --   static     : OFF
[2.310s] --   components : MeshLodGenerator;Overlay;Paging;Property;RTShaderSystem;Terrain;Volume
[2.311s] --   plugins    : Plugin_BSPSceneManager;Plugin_OctreeSceneManager;Plugin_PCZSceneManager;Plugin_ParticleFX;RenderSystem_GL;RenderSystem_GL3Plus;Codec_STBI
[2.311s] --   media      : /opt/ros/jazzy/opt/rviz_ogre_vendor/share/OGRE/Media
[2.311s] -- OGRE_LIBRARIES: OgreMeshLodGenerator;OgreOverlay;OgrePaging;OgreProperty;OgreRTShaderSystem;OgreTerrain;OgreVolume;OgreMain
[2.311s] -- OGRE_LIBRARY_DIRS: /opt/ros/jazzy/opt/rviz_ogre_vendor/lib
[2.311s] -- OGRE_PLUGINS: Plugin_BSPSceneManager;Plugin_OctreeSceneManager;Plugin_PCZSceneManager;Plugin_ParticleFX;RenderSystem_GL;RenderSystem_GL3Plus;Codec_STBI
[2.311s] -- OGRE_PLUGIN_DIR: /opt/ros/jazzy/opt/rviz_ogre_vendor/lib/OGRE
[2.311s] -- rviz_ogre_vendor::OgreOverlay for IMPORTED_LOCATION_RELEASE: /opt/ros/jazzy/opt/rviz_ogre_vendor/lib/libOgreOverlay.so
[2.311s] -- rviz_ogre_vendor::OgreOverlay for IMPORTED_LOCATION_DEBUG: /opt/ros/jazzy/opt/rviz_ogre_vendor/lib/libOgreOverlay.so
[2.311s] -- rviz_ogre_vendor::OgreMain for IMPORTED_LOCATION_RELEASE: /opt/ros/jazzy/opt/rviz_ogre_vendor/lib/libOgreMain.so
[2.311s] -- rviz_ogre_vendor::OgreMain for IMPORTED_LOCATION_DEBUG: /opt/ros/jazzy/opt/rviz_ogre_vendor/lib/libOgreMain.so
[2.333s] -- Found ZLIB: /usr/lib/x86_64-linux-gnu/libz.so (found version "1.3")  
[2.342s] -- Found OpenGL: /usr/lib/x86_64-linux-gnu/libOpenGL.so   
[2.491s] -- Found X11: /usr/include   
[2.491s] -- Looking for XOpenDisplay in /usr/lib/x86_64-linux-gnu/libX11.so;/usr/lib/x86_64-linux-gnu/libXext.so
[2.585s] -- Looking for XOpenDisplay in /usr/lib/x86_64-linux-gnu/libX11.so;/usr/lib/x86_64-linux-gnu/libXext.so - found
[2.585s] -- Looking for gethostbyname
[2.679s] -- Looking for gethostbyname - found
[2.679s] -- Looking for connect
[2.765s] -- Looking for connect - found
[2.765s] -- Looking for remove
[2.852s] -- Looking for remove - found
[2.852s] -- Looking for shmat
[2.951s] -- Looking for shmat - found
[2.951s] -- Looking for IceConnectionNumber in ICE
[3.074s] -- Looking for IceConnectionNumber in ICE - found
[3.097s] -- Setting yaml-cpp_DIR to: '/opt/ros/jazzy/share/yaml_cpp_vendor/cmake/../../../opt/yaml_cpp_vendor/share/cmake/yaml-cpp'
[3.770s] -- Found ament_lint_auto: 0.17.1 (/opt/ros/jazzy/share/ament_lint_auto/cmake)
[3.775s] -- Found ament_cmake_gtest: 2.5.2 (/opt/ros/jazzy/share/ament_cmake_gtest/cmake)
[3.779s] -- Found ros_testing: 0.6.0 (/opt/ros/jazzy/share/ros_testing/cmake)
[3.783s] -- Found launch_testing_ament_cmake: 3.4.2 (/opt/ros/jazzy/share/launch_testing_ament_cmake/cmake)
[3.787s] -- Found python_cmake_module: 0.11.1 (/opt/ros/jazzy/share/python_cmake_module/cmake)
[3.883s] -- Found PythonExtra: /usr/bin/python3  
[3.886s] -- Found Boost: /usr/lib/x86_64-linux-gnu/cmake/Boost-1.83.0/BoostConfig.cmake (found version "1.83.0") found components: filesystem 
[3.891s] -- Found gtest sources under '/opt/ros/jazzy/src/gtest_vendor': C++ tests using 'Google Test' will be built
[3.894s] -- Found Threads: TRUE  
[3.917s] -- Configuring done (3.8s)
[4.229s] -- Generating done (0.3s)
[4.284s] -- Build files have been written to: /root/ros2_ws/build/moveit2_tutorials
[4.303s] Invoked command in '/root/ros2_ws/build/moveit2_tutorials' returned '0': AMENT_PREFIX_PATH=/root/ros2_ws/install/moveit:/root/ros2_ws/install/kinova_gen3_7dof_robotiq_2f_85_moveit_config:/root/ros2_ws/install/moveit_task_constructor_core:/root/ros2_ws/install/moveit_setup_assistant:/root/ros2_ws/install/moveit_setup_srdf_plugins:/root/ros2_ws/install/moveit_setup_core_plugins:/root/ros2_ws/install/moveit_setup_controllers:/root/ros2_ws/install/moveit_setup_app_plugins:/root/ros2_ws/install/moveit_planners:/root/ros2_ws/install/pilz_industrial_motion_planner:/root/ros2_ws/install/moveit_setup_framework:/root/ros2_ws/install/moveit_servo:/root/ros2_ws/install/moveit_ros:/root/ros2_ws/install/moveit_ros_visualization:/root/ros2_ws/install/moveit_resources_prbt_pg70_support:/root/ros2_ws/install/moveit_py:/root/ros2_ws/install/moveit_hybrid_planning:/root/ros2_ws/install/moveit_ros_planning_interface:/root/ros2_ws/install/moveit_resources_prbt_moveit_config:/root/ros2_ws/install/moveit_ros_move_group:/root/ros2_ws/install/moveit_ros_benchmarks:/root/ros2_ws/install/moveit_visual_tools:/root/ros2_ws/install/moveit_ros_warehouse:/root/ros2_ws/install/moveit_ros_robot_interaction:/root/ros2_ws/install/moveit_ros_perception:/root/ros2_ws/install/moveit_planners_ompl:/root/ros2_ws/install/moveit_kinematics:/root/ros2_ws/install/moveit_ros_planning:/root/ros2_ws/install/moveit_plugins:/root/ros2_ws/install/moveit_planners_chomp:/root/ros2_ws/install/pilz_industrial_motion_planner_testutils:/root/ros2_ws/install/moveit_simple_controller_manager:/root/ros2_ws/install/moveit_ros_occupancy_map_monitor:/root/ros2_ws/install/moveit_resources_prbt_ikfast_manipulator_plugin:/root/ros2_ws/install/moveit_planners_stomp:/root/ros2_ws/install/chomp_motion_planner:/root/ros2_ws/install/moveit_core:/root/ros2_ws/install/rviz_marker_tools:/root/ros2_ws/install/moveit_task_constructor_msgs:/root/ros2_ws/install/moveit_resources_panda_moveit_config:/root/ros2_ws/install/moveit_resources_fanuc_moveit_config:/root/ros2_ws/install/kortex_description:/root/ros2_ws/install/rviz_visual_tools:/root/ros2_ws/install/robotiq_description:/root/ros2_ws/install/moveit_resources_prbt_support:/root/ros2_ws/install/moveit_resources_pr2_description:/root/ros2_ws/install/moveit_resources_panda_description:/root/ros2_ws/install/moveit_resources_fanuc_description:/root/ros2_ws/install/moveit_msgs:/root/ros2_ws/install/moveit_configs_utils:/root/ros2_ws/install/moveit_common:/root/ros2_ws/install/gz_ros2_control:${AMENT_PREFIX_PATH} CMAKE_MODULE_PATH=/root/ros2_ws/install/moveit_task_constructor_core/share/moveit_task_constructor_core/cmake CMAKE_PREFIX_PATH=/root/ros2_ws/install/moveit:/root/ros2_ws/install/kinova_gen3_7dof_robotiq_2f_85_moveit_config:/root/ros2_ws/install/moveit_task_constructor_core:/root/ros2_ws/install/moveit_setup_assistant:/root/ros2_ws/install/moveit_setup_srdf_plugins:/root/ros2_ws/install/moveit_setup_core_plugins:/root/ros2_ws/install/moveit_setup_controllers:/root/ros2_ws/install/moveit_setup_app_plugins:/root/ros2_ws/install/moveit_planners:/root/ros2_ws/install/pilz_industrial_motion_planner:/root/ros2_ws/install/moveit_setup_framework:/root/ros2_ws/install/moveit_servo:/root/ros2_ws/install/moveit_ros:/root/ros2_ws/install/moveit_ros_visualization:/root/ros2_ws/install/moveit_resources_prbt_pg70_support:/root/ros2_ws/install/moveit_py:/root/ros2_ws/install/moveit_hybrid_planning:/root/ros2_ws/install/moveit_ros_planning_interface:/root/ros2_ws/install/moveit_resources_prbt_moveit_config:/root/ros2_ws/install/moveit_ros_move_group:/root/ros2_ws/install/moveit_ros_benchmarks:/root/ros2_ws/install/moveit_visual_tools:/root/ros2_ws/install/moveit_ros_warehouse:/root/ros2_ws/install/moveit_ros_robot_interaction:/root/ros2_ws/install/moveit_ros_perception:/root/ros2_ws/install/moveit_planners_ompl:/root/ros2_ws/install/moveit_kinematics:/root/ros2_ws/install/moveit_ros_planning:/root/ros2_ws/install/moveit_plugins:/root/ros2_ws/install/moveit_planners_chomp:/root/ros2_ws/install/pilz_industrial_motion_planner_testutils:/root/ros2_ws/install/moveit_simple_controller_manager:/root/ros2_ws/install/moveit_ros_occupancy_map_monitor:/root/ros2_ws/install/moveit_resources_prbt_ikfast_manipulator_plugin:/root/ros2_ws/install/moveit_planners_stomp:/root/ros2_ws/install/chomp_motion_planner:/root/ros2_ws/install/moveit_core:/root/ros2_ws/install/rviz_marker_tools:/root/ros2_ws/install/moveit_task_constructor_msgs:/root/ros2_ws/install/moveit_resources_panda_moveit_config:/root/ros2_ws/install/moveit_resources_fanuc_moveit_config:/root/ros2_ws/install/kortex_description:/root/ros2_ws/install/rviz_visual_tools:/root/ros2_ws/install/robotiq_description:/root/ros2_ws/install/moveit_resources_prbt_support:/root/ros2_ws/install/moveit_resources_pr2_description:/root/ros2_ws/install/moveit_resources_panda_description:/root/ros2_ws/install/moveit_resources_fanuc_description:/root/ros2_ws/install/moveit_msgs:/root/ros2_ws/install/moveit_common:/root/ros2_ws/install/gz_ros2_control:/opt/ros/jazzy/opt/gz_sim_vendor:/opt/ros/jazzy/opt/gz_sensors_vendor:/opt/ros/jazzy/opt/gz_physics_vendor:/opt/ros/jazzy/opt/sdformat_vendor:/opt/ros/jazzy/opt/gz_gui_vendor:/opt/ros/jazzy/opt/gz_transport_vendor:/opt/ros/jazzy/opt/gz_rendering_vendor:/opt/ros/jazzy/opt/gz_plugin_vendor:/opt/ros/jazzy/opt/gz_fuel_tools_vendor:/opt/ros/jazzy/opt/gz_msgs_vendor:/opt/ros/jazzy/opt/gz_common_vendor:/opt/ros/jazzy/opt/gz_math_vendor:/opt/ros/jazzy/opt/gz_utils_vendor:/opt/ros/jazzy/opt/gz_tools_vendor:/opt/ros/jazzy/opt/gz_ogre_next_vendor:/opt/ros/jazzy/opt/gz_dartsim_vendor:/opt/ros/jazzy/opt/gz_cmake_vendor:/opt/ros/jazzy LD_LIBRARY_PATH=/root/ros2_ws/install/moveit_task_constructor_core/lib:/root/ros2_ws/install/moveit_setup_assistant/lib:/root/ros2_ws/install/moveit_setup_srdf_plugins/lib:/root/ros2_ws/install/moveit_setup_core_plugins/lib:/root/ros2_ws/install/moveit_setup_controllers/lib:/root/ros2_ws/install/moveit_setup_app_plugins/lib:/root/ros2_ws/install/pilz_industrial_motion_planner/lib:/root/ros2_ws/install/moveit_setup_framework/lib:/root/ros2_ws/install/moveit_servo/lib:/root/ros2_ws/install/moveit_ros_visualization/lib:/root/ros2_ws/install/moveit_py/lib:/root/ros2_ws/install/moveit_hybrid_planning/lib:/root/ros2_ws/install/moveit_ros_planning_interface/lib:/root/ros2_ws/install/moveit_ros_move_group/lib:/root/ros2_ws/install/moveit_ros_benchmarks/lib:/root/ros2_ws/install/moveit_visual_tools/lib:/root/ros2_ws/install/moveit_ros_warehouse/lib:/root/ros2_ws/install/moveit_ros_robot_interaction/lib:/root/ros2_ws/install/moveit_ros_perception/lib:/root/ros2_ws/install/moveit_planners_ompl/lib:/root/ros2_ws/install/moveit_kinematics/lib:/root/ros2_ws/install/moveit_ros_planning/lib:/root/ros2_ws/install/moveit_planners_chomp/lib:/root/ros2_ws/install/pilz_industrial_motion_planner_testutils/lib:/root/ros2_ws/install/moveit_simple_controller_manager/lib:/root/ros2_ws/install/moveit_ros_occupancy_map_monitor/lib:/root/ros2_ws/install/moveit_resources_prbt_ikfast_manipulator_plugin/lib:/root/ros2_ws/install/moveit_planners_stomp/lib:/root/ros2_ws/install/chomp_motion_planner/lib:/root/ros2_ws/install/moveit_core/lib:/root/ros2_ws/install/rviz_marker_tools/lib:/root/ros2_ws/install/moveit_task_constructor_msgs/lib:/root/ros2_ws/install/rviz_visual_tools/lib:/root/ros2_ws/install/moveit_msgs/lib:/root/ros2_ws/install/gz_ros2_control/lib:${LD_LIBRARY_PATH} PATH=/root/ros2_ws/install/moveit_core/bin:${PATH} PYTHONPATH=/root/ros2_ws/install/moveit_task_constructor_core/lib/python3.12/site-packages:/root/ros2_ws/install/moveit_py/lib/python3.12/site-packages:/root/ros2_ws/install/moveit_task_constructor_msgs/lib/python3.12/site-packages:/root/ros2_ws/install/moveit_msgs/lib/python3.12/site-packages:/root/ros2_ws/install/moveit_configs_utils/lib/python3.12/site-packages:${PYTHONPATH} /usr/bin/cmake /root/ros2_ws/src/moveit2_tutorials -DCMAKE_INSTALL_PREFIX=/root/ros2_ws/install/moveit2_tutorials
[4.304s] Invoking command in '/root/ros2_ws/build/moveit2_tutorials': AMENT_PREFIX_PATH=/root/ros2_ws/install/moveit:/root/ros2_ws/install/kinova_gen3_7dof_robotiq_2f_85_moveit_config:/root/ros2_ws/install/moveit_task_constructor_core:/root/ros2_ws/install/moveit_setup_assistant:/root/ros2_ws/install/moveit_setup_srdf_plugins:/root/ros2_ws/install/moveit_setup_core_plugins:/root/ros2_ws/install/moveit_setup_controllers:/root/ros2_ws/install/moveit_setup_app_plugins:/root/ros2_ws/install/moveit_planners:/root/ros2_ws/install/pilz_industrial_motion_planner:/root/ros2_ws/install/moveit_setup_framework:/root/ros2_ws/install/moveit_servo:/root/ros2_ws/install/moveit_ros:/root/ros2_ws/install/moveit_ros_visualization:/root/ros2_ws/install/moveit_resources_prbt_pg70_support:/root/ros2_ws/install/moveit_py:/root/ros2_ws/install/moveit_hybrid_planning:/root/ros2_ws/install/moveit_ros_planning_interface:/root/ros2_ws/install/moveit_resources_prbt_moveit_config:/root/ros2_ws/install/moveit_ros_move_group:/root/ros2_ws/install/moveit_ros_benchmarks:/root/ros2_ws/install/moveit_visual_tools:/root/ros2_ws/install/moveit_ros_warehouse:/root/ros2_ws/install/moveit_ros_robot_interaction:/root/ros2_ws/install/moveit_ros_perception:/root/ros2_ws/install/moveit_planners_ompl:/root/ros2_ws/install/moveit_kinematics:/root/ros2_ws/install/moveit_ros_planning:/root/ros2_ws/install/moveit_plugins:/root/ros2_ws/install/moveit_planners_chomp:/root/ros2_ws/install/pilz_industrial_motion_planner_testutils:/root/ros2_ws/install/moveit_simple_controller_manager:/root/ros2_ws/install/moveit_ros_occupancy_map_monitor:/root/ros2_ws/install/moveit_resources_prbt_ikfast_manipulator_plugin:/root/ros2_ws/install/moveit_planners_stomp:/root/ros2_ws/install/chomp_motion_planner:/root/ros2_ws/install/moveit_core:/root/ros2_ws/install/rviz_marker_tools:/root/ros2_ws/install/moveit_task_constructor_msgs:/root/ros2_ws/install/moveit_resources_panda_moveit_config:/root/ros2_ws/install/moveit_resources_fanuc_moveit_config:/root/ros2_ws/install/kortex_description:/root/ros2_ws/install/rviz_visual_tools:/root/ros2_ws/install/robotiq_description:/root/ros2_ws/install/moveit_resources_prbt_support:/root/ros2_ws/install/moveit_resources_pr2_description:/root/ros2_ws/install/moveit_resources_panda_description:/root/ros2_ws/install/moveit_resources_fanuc_description:/root/ros2_ws/install/moveit_msgs:/root/ros2_ws/install/moveit_configs_utils:/root/ros2_ws/install/moveit_common:/root/ros2_ws/install/gz_ros2_control:${AMENT_PREFIX_PATH} CMAKE_MODULE_PATH=/root/ros2_ws/install/moveit_task_constructor_core/share/moveit_task_constructor_core/cmake CMAKE_PREFIX_PATH=/root/ros2_ws/install/moveit:/root/ros2_ws/install/kinova_gen3_7dof_robotiq_2f_85_moveit_config:/root/ros2_ws/install/moveit_task_constructor_core:/root/ros2_ws/install/moveit_setup_assistant:/root/ros2_ws/install/moveit_setup_srdf_plugins:/root/ros2_ws/install/moveit_setup_core_plugins:/root/ros2_ws/install/moveit_setup_controllers:/root/ros2_ws/install/moveit_setup_app_plugins:/root/ros2_ws/install/moveit_planners:/root/ros2_ws/install/pilz_industrial_motion_planner:/root/ros2_ws/install/moveit_setup_framework:/root/ros2_ws/install/moveit_servo:/root/ros2_ws/install/moveit_ros:/root/ros2_ws/install/moveit_ros_visualization:/root/ros2_ws/install/moveit_resources_prbt_pg70_support:/root/ros2_ws/install/moveit_py:/root/ros2_ws/install/moveit_hybrid_planning:/root/ros2_ws/install/moveit_ros_planning_interface:/root/ros2_ws/install/moveit_resources_prbt_moveit_config:/root/ros2_ws/install/moveit_ros_move_group:/root/ros2_ws/install/moveit_ros_benchmarks:/root/ros2_ws/install/moveit_visual_tools:/root/ros2_ws/install/moveit_ros_warehouse:/root/ros2_ws/install/moveit_ros_robot_interaction:/root/ros2_ws/install/moveit_ros_perception:/root/ros2_ws/install/moveit_planners_ompl:/root/ros2_ws/install/moveit_kinematics:/root/ros2_ws/install/moveit_ros_planning:/root/ros2_ws/install/moveit_plugins:/root/ros2_ws/install/moveit_planners_chomp:/root/ros2_ws/install/pilz_industrial_motion_planner_testutils:/root/ros2_ws/install/moveit_simple_controller_manager:/root/ros2_ws/install/moveit_ros_occupancy_map_monitor:/root/ros2_ws/install/moveit_resources_prbt_ikfast_manipulator_plugin:/root/ros2_ws/install/moveit_planners_stomp:/root/ros2_ws/install/chomp_motion_planner:/root/ros2_ws/install/moveit_core:/root/ros2_ws/install/rviz_marker_tools:/root/ros2_ws/install/moveit_task_constructor_msgs:/root/ros2_ws/install/moveit_resources_panda_moveit_config:/root/ros2_ws/install/moveit_resources_fanuc_moveit_config:/root/ros2_ws/install/kortex_description:/root/ros2_ws/install/rviz_visual_tools:/root/ros2_ws/install/robotiq_description:/root/ros2_ws/install/moveit_resources_prbt_support:/root/ros2_ws/install/moveit_resources_pr2_description:/root/ros2_ws/install/moveit_resources_panda_description:/root/ros2_ws/install/moveit_resources_fanuc_description:/root/ros2_ws/install/moveit_msgs:/root/ros2_ws/install/moveit_common:/root/ros2_ws/install/gz_ros2_control:/opt/ros/jazzy/opt/gz_sim_vendor:/opt/ros/jazzy/opt/gz_sensors_vendor:/opt/ros/jazzy/opt/gz_physics_vendor:/opt/ros/jazzy/opt/sdformat_vendor:/opt/ros/jazzy/opt/gz_gui_vendor:/opt/ros/jazzy/opt/gz_transport_vendor:/opt/ros/jazzy/opt/gz_rendering_vendor:/opt/ros/jazzy/opt/gz_plugin_vendor:/opt/ros/jazzy/opt/gz_fuel_tools_vendor:/opt/ros/jazzy/opt/gz_msgs_vendor:/opt/ros/jazzy/opt/gz_common_vendor:/opt/ros/jazzy/opt/gz_math_vendor:/opt/ros/jazzy/opt/gz_utils_vendor:/opt/ros/jazzy/opt/gz_tools_vendor:/opt/ros/jazzy/opt/gz_ogre_next_vendor:/opt/ros/jazzy/opt/gz_dartsim_vendor:/opt/ros/jazzy/opt/gz_cmake_vendor:/opt/ros/jazzy LD_LIBRARY_PATH=/root/ros2_ws/install/moveit_task_constructor_core/lib:/root/ros2_ws/install/moveit_setup_assistant/lib:/root/ros2_ws/install/moveit_setup_srdf_plugins/lib:/root/ros2_ws/install/moveit_setup_core_plugins/lib:/root/ros2_ws/install/moveit_setup_controllers/lib:/root/ros2_ws/install/moveit_setup_app_plugins/lib:/root/ros2_ws/install/pilz_industrial_motion_planner/lib:/root/ros2_ws/install/moveit_setup_framework/lib:/root/ros2_ws/install/moveit_servo/lib:/root/ros2_ws/install/moveit_ros_visualization/lib:/root/ros2_ws/install/moveit_py/lib:/root/ros2_ws/install/moveit_hybrid_planning/lib:/root/ros2_ws/install/moveit_ros_planning_interface/lib:/root/ros2_ws/install/moveit_ros_move_group/lib:/root/ros2_ws/install/moveit_ros_benchmarks/lib:/root/ros2_ws/install/moveit_visual_tools/lib:/root/ros2_ws/install/moveit_ros_warehouse/lib:/root/ros2_ws/install/moveit_ros_robot_interaction/lib:/root/ros2_ws/install/moveit_ros_perception/lib:/root/ros2_ws/install/moveit_planners_ompl/lib:/root/ros2_ws/install/moveit_kinematics/lib:/root/ros2_ws/install/moveit_ros_planning/lib:/root/ros2_ws/install/moveit_planners_chomp/lib:/root/ros2_ws/install/pilz_industrial_motion_planner_testutils/lib:/root/ros2_ws/install/moveit_simple_controller_manager/lib:/root/ros2_ws/install/moveit_ros_occupancy_map_monitor/lib:/root/ros2_ws/install/moveit_resources_prbt_ikfast_manipulator_plugin/lib:/root/ros2_ws/install/moveit_planners_stomp/lib:/root/ros2_ws/install/chomp_motion_planner/lib:/root/ros2_ws/install/moveit_core/lib:/root/ros2_ws/install/rviz_marker_tools/lib:/root/ros2_ws/install/moveit_task_constructor_msgs/lib:/root/ros2_ws/install/rviz_visual_tools/lib:/root/ros2_ws/install/moveit_msgs/lib:/root/ros2_ws/install/gz_ros2_control/lib:${LD_LIBRARY_PATH} PATH=/root/ros2_ws/install/moveit_core/bin:${PATH} PYTHONPATH=/root/ros2_ws/install/moveit_task_constructor_core/lib/python3.12/site-packages:/root/ros2_ws/install/moveit_py/lib/python3.12/site-packages:/root/ros2_ws/install/moveit_task_constructor_msgs/lib/python3.12/site-packages:/root/ros2_ws/install/moveit_msgs/lib/python3.12/site-packages:/root/ros2_ws/install/moveit_configs_utils/lib/python3.12/site-packages:${PYTHONPATH} /usr/bin/cmake --build /root/ros2_ws/build/moveit2_tutorials -- -j20 -l20
[4.398s] [  2%] [32mBuilding CXX object doc/examples/motion_planning_api/CMakeFiles/motion_planning_api_tutorial.dir/src/motion_planning_api_tutorial.cpp.o[0m
[4.398s] [  5%] [32mBuilding CXX object doc/how_to_guides/using_ompl_constrained_planning/CMakeFiles/ompl_constrained_planning.dir/src/ompl_constrained_planning_tutorial.cpp.o[0m
[4.399s] [  7%] [32mBuilding CXX object doc/examples/move_group_interface/CMakeFiles/move_group_interface_tutorial.dir/src/move_group_interface_tutorial.cpp.o[0m
[4.401s] [ 10%] [32mBuilding CXX object doc/examples/realtime_servo/CMakeFiles/pose_tracking_tutorial.dir/src/pose_tracking_tutorial.cpp.o[0m
[4.401s] [ 12%] [32mBuilding CXX object doc/examples/robot_model_and_robot_state/CMakeFiles/robot_model_and_robot_state_tutorial.dir/src/robot_model_and_robot_state_tutorial.cpp.o[0m
[4.404s] [ 15%] [32mBuilding CXX object doc/how_to_guides/pilz_industrial_motion_planner/CMakeFiles/pilz_mtc.dir/src/pilz_mtc.cpp.o[0m
[4.404s] [ 17%] [32mBuilding CXX object doc/how_to_guides/kinematics_cost_function/CMakeFiles/kinematics_cost_function_tutorial.dir/src/kinematics_cost_function_tutorial.cpp.o[0m
[4.404s] [ 20%] [32mBuilding CXX object doc/examples/moveit_cpp/CMakeFiles/moveit_cpp_tutorial.dir/src/moveit_cpp_tutorial.cpp.o[0m
[4.407s] [ 22%] [32mBuilding CXX object doc/how_to_guides/pilz_industrial_motion_planner/CMakeFiles/pilz_sequence.dir/src/pilz_sequence.cpp.o[0m
[4.414s] [ 25%] [32mBuilding CXX object gtest/CMakeFiles/gtest.dir/src/gtest-all.cc.o[0m
[4.426s] [ 27%] [32mBuilding CXX object gtest/CMakeFiles/gtest_main.dir/src/gtest_main.cc.o[0m
[4.426s] [ 30%] [32mBuilding CXX object doc/how_to_guides/pilz_industrial_motion_planner/CMakeFiles/pilz_move_group.dir/src/pilz_move_group.cpp.o[0m
[4.426s] [ 32%] [32mBuilding CXX object doc/tutorials/pick_and_place_with_moveit_task_constructor/CMakeFiles/minimal_mtc_tutorial.dir/src/minimal.cpp.o[0m
[4.428s] [ 35%] [32mBuilding CXX object doc/examples/motion_planning_pipeline/CMakeFiles/motion_planning_pipeline_tutorial.dir/src/motion_planning_pipeline_tutorial.cpp.o[0m
[4.435s] [ 37%] [32mBuilding CXX object doc/examples/collision_environments/CMakeFiles/collision_scene_example.dir/src/collision_scene_example.cpp.o[0m
[4.439s] [ 40%] [32mBuilding CXX object doc/examples/planning_scene/CMakeFiles/planning_scene_tutorial.dir/src/planning_scene_tutorial.cpp.o[0m
[4.456s] [ 42%] [32mBuilding CXX object doc/how_to_guides/parallel_planning/CMakeFiles/parallel_planning_example.dir/src/parallel_planning_main.cpp.o[0m
[4.457s] [ 45%] [32mBuilding CXX object doc/tutorials/pick_and_place_with_moveit_task_constructor/CMakeFiles/mtc_tutorial.dir/src/mtc_node.cpp.o[0m
[4.494s] [ 47%] [32mBuilding CXX object doc/examples/planning_scene_ros_api/CMakeFiles/planning_scene_ros_api_tutorial.dir/src/planning_scene_ros_api_tutorial.cpp.o[0m
[5.975s] [ 50%] [32m[1mLinking CXX static library libgtest_main.a[0m
[6.140s] [ 50%] Built target gtest_main
[22.913s] [ 52%] [32m[1mLinking CXX static library libgtest.a[0m
[23.133s] [ 52%] Built target gtest
[23.214s] [ 55%] [32mBuilding CXX object doc/tutorials/quickstart_in_rviz/CMakeFiles/bringup_test.dir/test/bringup_test.cpp.o[0m
[23.455s] [ 57%] [32m[1mLinking CXX executable pilz_mtc[0m
[23.907s] [ 60%] [32m[1mLinking CXX executable robot_model_and_robot_state_tutorial[0m
[25.190s] [ 60%] Built target robot_model_and_robot_state_tutorial
[25.289s] [ 60%] Built target pilz_mtc
[25.379s] [ 62%] [32m[1mLinking CXX executable moveit_cpp_tutorial[0m
[27.478s] [ 65%] [32m[1mLinking CXX executable planning_scene_tutorial[0m
[28.793s] [ 67%] [32m[1mLinking CXX executable collision_scene_example[0m
[28.803s] [ 70%] [32m[1mLinking CXX executable move_group_interface_tutorial[0m
[28.978s] [ 70%] Built target planning_scene_tutorial
[28.990s] [ 70%] Built target moveit_cpp_tutorial
[29.514s] [ 70%] Built target collision_scene_example
[29.715s] [ 72%] [32m[1mLinking CXX executable minimal_mtc_tutorial[0m
[29.914s] [ 75%] [32m[1mLinking CXX executable kinematics_cost_function_tutorial[0m
[30.666s] [ 75%] Built target minimal_mtc_tutorial
[31.401s] [ 75%] Built target kinematics_cost_function_tutorial
[31.545s] [ 75%] Built target move_group_interface_tutorial
[31.695s] [ 77%] [32m[1mLinking CXX executable planning_scene_ros_api_tutorial[0m
[31.760s] [ 80%] [32m[1mLinking CXX executable pilz_move_group[0m
[33.111s] [ 80%] Built target pilz_move_group
[33.116s] [ 82%] [32m[1mLinking CXX executable mtc_tutorial[0m
[33.543s] [ 82%] Built target planning_scene_ros_api_tutorial
[33.946s] [ 82%] Built target mtc_tutorial
[34.763s] [ 85%] [32m[1mLinking CXX executable ompl_constrained_planning[0m
[36.292s] [ 87%] [32m[1mLinking CXX executable pilz_sequence[0m
[36.513s] [ 90%] [32m[1mLinking CXX executable motion_planning_pipeline_tutorial[0m
[36.558s] [ 92%] [32m[1mLinking CXX executable bringup_test[0m
[36.571s] [ 92%] Built target ompl_constrained_planning
[37.836s] [ 95%] [32m[1mLinking CXX executable pose_tracking_tutorial[0m
[37.852s] [ 95%] Built target bringup_test
[38.328s] [ 95%] Built target pilz_sequence
[38.504s] [ 95%] Built target motion_planning_pipeline_tutorial
[38.824s] [ 95%] Built target pose_tracking_tutorial
[39.465s] [ 97%] [32m[1mLinking CXX executable parallel_planning_example[0m
[40.051s] [ 97%] Built target parallel_planning_example
[41.448s] [100%] [32m[1mLinking CXX executable motion_planning_api_tutorial[0m
[41.964s] [100%] Built target motion_planning_api_tutorial
[41.975s] Invoked command in '/root/ros2_ws/build/moveit2_tutorials' returned '0': AMENT_PREFIX_PATH=/root/ros2_ws/install/moveit:/root/ros2_ws/install/kinova_gen3_7dof_robotiq_2f_85_moveit_config:/root/ros2_ws/install/moveit_task_constructor_core:/root/ros2_ws/install/moveit_setup_assistant:/root/ros2_ws/install/moveit_setup_srdf_plugins:/root/ros2_ws/install/moveit_setup_core_plugins:/root/ros2_ws/install/moveit_setup_controllers:/root/ros2_ws/install/moveit_setup_app_plugins:/root/ros2_ws/install/moveit_planners:/root/ros2_ws/install/pilz_industrial_motion_planner:/root/ros2_ws/install/moveit_setup_framework:/root/ros2_ws/install/moveit_servo:/root/ros2_ws/install/moveit_ros:/root/ros2_ws/install/moveit_ros_visualization:/root/ros2_ws/install/moveit_resources_prbt_pg70_support:/root/ros2_ws/install/moveit_py:/root/ros2_ws/install/moveit_hybrid_planning:/root/ros2_ws/install/moveit_ros_planning_interface:/root/ros2_ws/install/moveit_resources_prbt_moveit_config:/root/ros2_ws/install/moveit_ros_move_group:/root/ros2_ws/install/moveit_ros_benchmarks:/root/ros2_ws/install/moveit_visual_tools:/root/ros2_ws/install/moveit_ros_warehouse:/root/ros2_ws/install/moveit_ros_robot_interaction:/root/ros2_ws/install/moveit_ros_perception:/root/ros2_ws/install/moveit_planners_ompl:/root/ros2_ws/install/moveit_kinematics:/root/ros2_ws/install/moveit_ros_planning:/root/ros2_ws/install/moveit_plugins:/root/ros2_ws/install/moveit_planners_chomp:/root/ros2_ws/install/pilz_industrial_motion_planner_testutils:/root/ros2_ws/install/moveit_simple_controller_manager:/root/ros2_ws/install/moveit_ros_occupancy_map_monitor:/root/ros2_ws/install/moveit_resources_prbt_ikfast_manipulator_plugin:/root/ros2_ws/install/moveit_planners_stomp:/root/ros2_ws/install/chomp_motion_planner:/root/ros2_ws/install/moveit_core:/root/ros2_ws/install/rviz_marker_tools:/root/ros2_ws/install/moveit_task_constructor_msgs:/root/ros2_ws/install/moveit_resources_panda_moveit_config:/root/ros2_ws/install/moveit_resources_fanuc_moveit_config:/root/ros2_ws/install/kortex_description:/root/ros2_ws/install/rviz_visual_tools:/root/ros2_ws/install/robotiq_description:/root/ros2_ws/install/moveit_resources_prbt_support:/root/ros2_ws/install/moveit_resources_pr2_description:/root/ros2_ws/install/moveit_resources_panda_description:/root/ros2_ws/install/moveit_resources_fanuc_description:/root/ros2_ws/install/moveit_msgs:/root/ros2_ws/install/moveit_configs_utils:/root/ros2_ws/install/moveit_common:/root/ros2_ws/install/gz_ros2_control:${AMENT_PREFIX_PATH} CMAKE_MODULE_PATH=/root/ros2_ws/install/moveit_task_constructor_core/share/moveit_task_constructor_core/cmake CMAKE_PREFIX_PATH=/root/ros2_ws/install/moveit:/root/ros2_ws/install/kinova_gen3_7dof_robotiq_2f_85_moveit_config:/root/ros2_ws/install/moveit_task_constructor_core:/root/ros2_ws/install/moveit_setup_assistant:/root/ros2_ws/install/moveit_setup_srdf_plugins:/root/ros2_ws/install/moveit_setup_core_plugins:/root/ros2_ws/install/moveit_setup_controllers:/root/ros2_ws/install/moveit_setup_app_plugins:/root/ros2_ws/install/moveit_planners:/root/ros2_ws/install/pilz_industrial_motion_planner:/root/ros2_ws/install/moveit_setup_framework:/root/ros2_ws/install/moveit_servo:/root/ros2_ws/install/moveit_ros:/root/ros2_ws/install/moveit_ros_visualization:/root/ros2_ws/install/moveit_resources_prbt_pg70_support:/root/ros2_ws/install/moveit_py:/root/ros2_ws/install/moveit_hybrid_planning:/root/ros2_ws/install/moveit_ros_planning_interface:/root/ros2_ws/install/moveit_resources_prbt_moveit_config:/root/ros2_ws/install/moveit_ros_move_group:/root/ros2_ws/install/moveit_ros_benchmarks:/root/ros2_ws/install/moveit_visual_tools:/root/ros2_ws/install/moveit_ros_warehouse:/root/ros2_ws/install/moveit_ros_robot_interaction:/root/ros2_ws/install/moveit_ros_perception:/root/ros2_ws/install/moveit_planners_ompl:/root/ros2_ws/install/moveit_kinematics:/root/ros2_ws/install/moveit_ros_planning:/root/ros2_ws/install/moveit_plugins:/root/ros2_ws/install/moveit_planners_chomp:/root/ros2_ws/install/pilz_industrial_motion_planner_testutils:/root/ros2_ws/install/moveit_simple_controller_manager:/root/ros2_ws/install/moveit_ros_occupancy_map_monitor:/root/ros2_ws/install/moveit_resources_prbt_ikfast_manipulator_plugin:/root/ros2_ws/install/moveit_planners_stomp:/root/ros2_ws/install/chomp_motion_planner:/root/ros2_ws/install/moveit_core:/root/ros2_ws/install/rviz_marker_tools:/root/ros2_ws/install/moveit_task_constructor_msgs:/root/ros2_ws/install/moveit_resources_panda_moveit_config:/root/ros2_ws/install/moveit_resources_fanuc_moveit_config:/root/ros2_ws/install/kortex_description:/root/ros2_ws/install/rviz_visual_tools:/root/ros2_ws/install/robotiq_description:/root/ros2_ws/install/moveit_resources_prbt_support:/root/ros2_ws/install/moveit_resources_pr2_description:/root/ros2_ws/install/moveit_resources_panda_description:/root/ros2_ws/install/moveit_resources_fanuc_description:/root/ros2_ws/install/moveit_msgs:/root/ros2_ws/install/moveit_common:/root/ros2_ws/install/gz_ros2_control:/opt/ros/jazzy/opt/gz_sim_vendor:/opt/ros/jazzy/opt/gz_sensors_vendor:/opt/ros/jazzy/opt/gz_physics_vendor:/opt/ros/jazzy/opt/sdformat_vendor:/opt/ros/jazzy/opt/gz_gui_vendor:/opt/ros/jazzy/opt/gz_transport_vendor:/opt/ros/jazzy/opt/gz_rendering_vendor:/opt/ros/jazzy/opt/gz_plugin_vendor:/opt/ros/jazzy/opt/gz_fuel_tools_vendor:/opt/ros/jazzy/opt/gz_msgs_vendor:/opt/ros/jazzy/opt/gz_common_vendor:/opt/ros/jazzy/opt/gz_math_vendor:/opt/ros/jazzy/opt/gz_utils_vendor:/opt/ros/jazzy/opt/gz_tools_vendor:/opt/ros/jazzy/opt/gz_ogre_next_vendor:/opt/ros/jazzy/opt/gz_dartsim_vendor:/opt/ros/jazzy/opt/gz_cmake_vendor:/opt/ros/jazzy LD_LIBRARY_PATH=/root/ros2_ws/install/moveit_task_constructor_core/lib:/root/ros2_ws/install/moveit_setup_assistant/lib:/root/ros2_ws/install/moveit_setup_srdf_plugins/lib:/root/ros2_ws/install/moveit_setup_core_plugins/lib:/root/ros2_ws/install/moveit_setup_controllers/lib:/root/ros2_ws/install/moveit_setup_app_plugins/lib:/root/ros2_ws/install/pilz_industrial_motion_planner/lib:/root/ros2_ws/install/moveit_setup_framework/lib:/root/ros2_ws/install/moveit_servo/lib:/root/ros2_ws/install/moveit_ros_visualization/lib:/root/ros2_ws/install/moveit_py/lib:/root/ros2_ws/install/moveit_hybrid_planning/lib:/root/ros2_ws/install/moveit_ros_planning_interface/lib:/root/ros2_ws/install/moveit_ros_move_group/lib:/root/ros2_ws/install/moveit_ros_benchmarks/lib:/root/ros2_ws/install/moveit_visual_tools/lib:/root/ros2_ws/install/moveit_ros_warehouse/lib:/root/ros2_ws/install/moveit_ros_robot_interaction/lib:/root/ros2_ws/install/moveit_ros_perception/lib:/root/ros2_ws/install/moveit_planners_ompl/lib:/root/ros2_ws/install/moveit_kinematics/lib:/root/ros2_ws/install/moveit_ros_planning/lib:/root/ros2_ws/install/moveit_planners_chomp/lib:/root/ros2_ws/install/pilz_industrial_motion_planner_testutils/lib:/root/ros2_ws/install/moveit_simple_controller_manager/lib:/root/ros2_ws/install/moveit_ros_occupancy_map_monitor/lib:/root/ros2_ws/install/moveit_resources_prbt_ikfast_manipulator_plugin/lib:/root/ros2_ws/install/moveit_planners_stomp/lib:/root/ros2_ws/install/chomp_motion_planner/lib:/root/ros2_ws/install/moveit_core/lib:/root/ros2_ws/install/rviz_marker_tools/lib:/root/ros2_ws/install/moveit_task_constructor_msgs/lib:/root/ros2_ws/install/rviz_visual_tools/lib:/root/ros2_ws/install/moveit_msgs/lib:/root/ros2_ws/install/gz_ros2_control/lib:${LD_LIBRARY_PATH} PATH=/root/ros2_ws/install/moveit_core/bin:${PATH} PYTHONPATH=/root/ros2_ws/install/moveit_task_constructor_core/lib/python3.12/site-packages:/root/ros2_ws/install/moveit_py/lib/python3.12/site-packages:/root/ros2_ws/install/moveit_task_constructor_msgs/lib/python3.12/site-packages:/root/ros2_ws/install/moveit_msgs/lib/python3.12/site-packages:/root/ros2_ws/install/moveit_configs_utils/lib/python3.12/site-packages:${PYTHONPATH} /usr/bin/cmake --build /root/ros2_ws/build/moveit2_tutorials -- -j20 -l20
[41.976s] Invoking command in '/root/ros2_ws/build/moveit2_tutorials': AMENT_PREFIX_PATH=/root/ros2_ws/install/moveit:/root/ros2_ws/install/kinova_gen3_7dof_robotiq_2f_85_moveit_config:/root/ros2_ws/install/moveit_task_constructor_core:/root/ros2_ws/install/moveit_setup_assistant:/root/ros2_ws/install/moveit_setup_srdf_plugins:/root/ros2_ws/install/moveit_setup_core_plugins:/root/ros2_ws/install/moveit_setup_controllers:/root/ros2_ws/install/moveit_setup_app_plugins:/root/ros2_ws/install/moveit_planners:/root/ros2_ws/install/pilz_industrial_motion_planner:/root/ros2_ws/install/moveit_setup_framework:/root/ros2_ws/install/moveit_servo:/root/ros2_ws/install/moveit_ros:/root/ros2_ws/install/moveit_ros_visualization:/root/ros2_ws/install/moveit_resources_prbt_pg70_support:/root/ros2_ws/install/moveit_py:/root/ros2_ws/install/moveit_hybrid_planning:/root/ros2_ws/install/moveit_ros_planning_interface:/root/ros2_ws/install/moveit_resources_prbt_moveit_config:/root/ros2_ws/install/moveit_ros_move_group:/root/ros2_ws/install/moveit_ros_benchmarks:/root/ros2_ws/install/moveit_visual_tools:/root/ros2_ws/install/moveit_ros_warehouse:/root/ros2_ws/install/moveit_ros_robot_interaction:/root/ros2_ws/install/moveit_ros_perception:/root/ros2_ws/install/moveit_planners_ompl:/root/ros2_ws/install/moveit_kinematics:/root/ros2_ws/install/moveit_ros_planning:/root/ros2_ws/install/moveit_plugins:/root/ros2_ws/install/moveit_planners_chomp:/root/ros2_ws/install/pilz_industrial_motion_planner_testutils:/root/ros2_ws/install/moveit_simple_controller_manager:/root/ros2_ws/install/moveit_ros_occupancy_map_monitor:/root/ros2_ws/install/moveit_resources_prbt_ikfast_manipulator_plugin:/root/ros2_ws/install/moveit_planners_stomp:/root/ros2_ws/install/chomp_motion_planner:/root/ros2_ws/install/moveit_core:/root/ros2_ws/install/rviz_marker_tools:/root/ros2_ws/install/moveit_task_constructor_msgs:/root/ros2_ws/install/moveit_resources_panda_moveit_config:/root/ros2_ws/install/moveit_resources_fanuc_moveit_config:/root/ros2_ws/install/kortex_description:/root/ros2_ws/install/rviz_visual_tools:/root/ros2_ws/install/robotiq_description:/root/ros2_ws/install/moveit_resources_prbt_support:/root/ros2_ws/install/moveit_resources_pr2_description:/root/ros2_ws/install/moveit_resources_panda_description:/root/ros2_ws/install/moveit_resources_fanuc_description:/root/ros2_ws/install/moveit_msgs:/root/ros2_ws/install/moveit_configs_utils:/root/ros2_ws/install/moveit_common:/root/ros2_ws/install/gz_ros2_control:${AMENT_PREFIX_PATH} CMAKE_MODULE_PATH=/root/ros2_ws/install/moveit_task_constructor_core/share/moveit_task_constructor_core/cmake CMAKE_PREFIX_PATH=/root/ros2_ws/install/moveit:/root/ros2_ws/install/kinova_gen3_7dof_robotiq_2f_85_moveit_config:/root/ros2_ws/install/moveit_task_constructor_core:/root/ros2_ws/install/moveit_setup_assistant:/root/ros2_ws/install/moveit_setup_srdf_plugins:/root/ros2_ws/install/moveit_setup_core_plugins:/root/ros2_ws/install/moveit_setup_controllers:/root/ros2_ws/install/moveit_setup_app_plugins:/root/ros2_ws/install/moveit_planners:/root/ros2_ws/install/pilz_industrial_motion_planner:/root/ros2_ws/install/moveit_setup_framework:/root/ros2_ws/install/moveit_servo:/root/ros2_ws/install/moveit_ros:/root/ros2_ws/install/moveit_ros_visualization:/root/ros2_ws/install/moveit_resources_prbt_pg70_support:/root/ros2_ws/install/moveit_py:/root/ros2_ws/install/moveit_hybrid_planning:/root/ros2_ws/install/moveit_ros_planning_interface:/root/ros2_ws/install/moveit_resources_prbt_moveit_config:/root/ros2_ws/install/moveit_ros_move_group:/root/ros2_ws/install/moveit_ros_benchmarks:/root/ros2_ws/install/moveit_visual_tools:/root/ros2_ws/install/moveit_ros_warehouse:/root/ros2_ws/install/moveit_ros_robot_interaction:/root/ros2_ws/install/moveit_ros_perception:/root/ros2_ws/install/moveit_planners_ompl:/root/ros2_ws/install/moveit_kinematics:/root/ros2_ws/install/moveit_ros_planning:/root/ros2_ws/install/moveit_plugins:/root/ros2_ws/install/moveit_planners_chomp:/root/ros2_ws/install/pilz_industrial_motion_planner_testutils:/root/ros2_ws/install/moveit_simple_controller_manager:/root/ros2_ws/install/moveit_ros_occupancy_map_monitor:/root/ros2_ws/install/moveit_resources_prbt_ikfast_manipulator_plugin:/root/ros2_ws/install/moveit_planners_stomp:/root/ros2_ws/install/chomp_motion_planner:/root/ros2_ws/install/moveit_core:/root/ros2_ws/install/rviz_marker_tools:/root/ros2_ws/install/moveit_task_constructor_msgs:/root/ros2_ws/install/moveit_resources_panda_moveit_config:/root/ros2_ws/install/moveit_resources_fanuc_moveit_config:/root/ros2_ws/install/kortex_description:/root/ros2_ws/install/rviz_visual_tools:/root/ros2_ws/install/robotiq_description:/root/ros2_ws/install/moveit_resources_prbt_support:/root/ros2_ws/install/moveit_resources_pr2_description:/root/ros2_ws/install/moveit_resources_panda_description:/root/ros2_ws/install/moveit_resources_fanuc_description:/root/ros2_ws/install/moveit_msgs:/root/ros2_ws/install/moveit_common:/root/ros2_ws/install/gz_ros2_control:/opt/ros/jazzy/opt/gz_sim_vendor:/opt/ros/jazzy/opt/gz_sensors_vendor:/opt/ros/jazzy/opt/gz_physics_vendor:/opt/ros/jazzy/opt/sdformat_vendor:/opt/ros/jazzy/opt/gz_gui_vendor:/opt/ros/jazzy/opt/gz_transport_vendor:/opt/ros/jazzy/opt/gz_rendering_vendor:/opt/ros/jazzy/opt/gz_plugin_vendor:/opt/ros/jazzy/opt/gz_fuel_tools_vendor:/opt/ros/jazzy/opt/gz_msgs_vendor:/opt/ros/jazzy/opt/gz_common_vendor:/opt/ros/jazzy/opt/gz_math_vendor:/opt/ros/jazzy/opt/gz_utils_vendor:/opt/ros/jazzy/opt/gz_tools_vendor:/opt/ros/jazzy/opt/gz_ogre_next_vendor:/opt/ros/jazzy/opt/gz_dartsim_vendor:/opt/ros/jazzy/opt/gz_cmake_vendor:/opt/ros/jazzy LD_LIBRARY_PATH=/root/ros2_ws/install/moveit_task_constructor_core/lib:/root/ros2_ws/install/moveit_setup_assistant/lib:/root/ros2_ws/install/moveit_setup_srdf_plugins/lib:/root/ros2_ws/install/moveit_setup_core_plugins/lib:/root/ros2_ws/install/moveit_setup_controllers/lib:/root/ros2_ws/install/moveit_setup_app_plugins/lib:/root/ros2_ws/install/pilz_industrial_motion_planner/lib:/root/ros2_ws/install/moveit_setup_framework/lib:/root/ros2_ws/install/moveit_servo/lib:/root/ros2_ws/install/moveit_ros_visualization/lib:/root/ros2_ws/install/moveit_py/lib:/root/ros2_ws/install/moveit_hybrid_planning/lib:/root/ros2_ws/install/moveit_ros_planning_interface/lib:/root/ros2_ws/install/moveit_ros_move_group/lib:/root/ros2_ws/install/moveit_ros_benchmarks/lib:/root/ros2_ws/install/moveit_visual_tools/lib:/root/ros2_ws/install/moveit_ros_warehouse/lib:/root/ros2_ws/install/moveit_ros_robot_interaction/lib:/root/ros2_ws/install/moveit_ros_perception/lib:/root/ros2_ws/install/moveit_planners_ompl/lib:/root/ros2_ws/install/moveit_kinematics/lib:/root/ros2_ws/install/moveit_ros_planning/lib:/root/ros2_ws/install/moveit_planners_chomp/lib:/root/ros2_ws/install/pilz_industrial_motion_planner_testutils/lib:/root/ros2_ws/install/moveit_simple_controller_manager/lib:/root/ros2_ws/install/moveit_ros_occupancy_map_monitor/lib:/root/ros2_ws/install/moveit_resources_prbt_ikfast_manipulator_plugin/lib:/root/ros2_ws/install/moveit_planners_stomp/lib:/root/ros2_ws/install/chomp_motion_planner/lib:/root/ros2_ws/install/moveit_core/lib:/root/ros2_ws/install/rviz_marker_tools/lib:/root/ros2_ws/install/moveit_task_constructor_msgs/lib:/root/ros2_ws/install/rviz_visual_tools/lib:/root/ros2_ws/install/moveit_msgs/lib:/root/ros2_ws/install/gz_ros2_control/lib:${LD_LIBRARY_PATH} PATH=/root/ros2_ws/install/moveit_core/bin:${PATH} PYTHONPATH=/root/ros2_ws/install/moveit_task_constructor_core/lib/python3.12/site-packages:/root/ros2_ws/install/moveit_py/lib/python3.12/site-packages:/root/ros2_ws/install/moveit_task_constructor_msgs/lib/python3.12/site-packages:/root/ros2_ws/install/moveit_msgs/lib/python3.12/site-packages:/root/ros2_ws/install/moveit_configs_utils/lib/python3.12/site-packages:${PYTHONPATH} /usr/bin/cmake --install /root/ros2_ws/build/moveit2_tutorials
[41.983s] -- Install configuration: "Release"
[41.983s] -- Installing: /root/ros2_ws/install/moveit2_tutorials/lib/moveit2_tutorials/collision_scene_example
[41.983s] -- Set non-toolchain portion of runtime path of "/root/ros2_ws/install/moveit2_tutorials/lib/moveit2_tutorials/collision_scene_example" to ""
[41.983s] -- Installing: /root/ros2_ws/install/moveit2_tutorials/share/moveit2_tutorials/urdf
[41.983s] -- Installing: /root/ros2_ws/install/moveit2_tutorials/share/moveit2_tutorials/urdf/realsense_d435
[41.983s] -- Installing: /root/ros2_ws/install/moveit2_tutorials/share/moveit2_tutorials/urdf/realsense_d435/camera.urdf.xacro
[41.984s] -- Installing: /root/ros2_ws/install/moveit2_tutorials/share/moveit2_tutorials/urdf/realsense_d435/macros.xacro
[41.984s] -- Installing: /root/ros2_ws/install/moveit2_tutorials/share/moveit2_tutorials/launch
[41.984s] -- Installing: /root/ros2_ws/install/moveit2_tutorials/share/moveit2_tutorials/launch/depth_camera_environment.launch.py
[41.984s] -- Installing: /root/ros2_ws/install/moveit2_tutorials/share/moveit2_tutorials/launch/perception_pipeline_demo.launch.py
[41.984s] -- Installing: /root/ros2_ws/install/moveit2_tutorials/share/moveit2_tutorials/meshes
[41.984s] -- Installing: /root/ros2_ws/install/moveit2_tutorials/share/moveit2_tutorials/meshes/d435.dae
[41.989s] -- Installing: /root/ros2_ws/install/moveit2_tutorials/share/moveit2_tutorials/config
[41.989s] -- Installing: /root/ros2_ws/install/moveit2_tutorials/share/moveit2_tutorials/config/sensors_3d.yaml
[41.989s] -- Installing: /root/ros2_ws/install/moveit2_tutorials/share/moveit2_tutorials/worlds
[41.990s] -- Installing: /root/ros2_ws/install/moveit2_tutorials/share/moveit2_tutorials/worlds/perception_pipeline_demo.world
[41.990s] -- Installing: /root/ros2_ws/install/moveit2_tutorials/share/moveit2_tutorials/rviz2
[41.990s] -- Installing: /root/ros2_ws/install/moveit2_tutorials/share/moveit2_tutorials/rviz2/depth_camera_environment.rviz
[41.990s] -- Up-to-date: /root/ros2_ws/install/moveit2_tutorials/share/moveit2_tutorials/config
[41.990s] -- Installing: /root/ros2_ws/install/moveit2_tutorials/share/moveit2_tutorials/config/jupyter_notebook_prototyping.yaml
[41.990s] -- Installing: /root/ros2_ws/install/moveit2_tutorials/share/moveit2_tutorials/config/jupyter_notebook_prototyping.rviz
[41.990s] -- Up-to-date: /root/ros2_ws/install/moveit2_tutorials/share/moveit2_tutorials/launch
[41.990s] -- Installing: /root/ros2_ws/install/moveit2_tutorials/share/moveit2_tutorials/launch/jupyter_notebook_prototyping.launch.py
[41.990s] -- Installing: /root/ros2_ws/install/moveit2_tutorials/share/moveit2_tutorials/src
[41.990s] -- Installing: /root/ros2_ws/install/moveit2_tutorials/share/moveit2_tutorials/src/moveit_notebook_tutorial.ipynb
[41.990s] -- Installing: /root/ros2_ws/install/moveit2_tutorials/lib/moveit2_tutorials/motion_planning_api_tutorial
[41.991s] -- Set non-toolchain portion of runtime path of "/root/ros2_ws/install/moveit2_tutorials/lib/moveit2_tutorials/motion_planning_api_tutorial" to ""
[41.991s] -- Up-to-date: /root/ros2_ws/install/moveit2_tutorials/share/moveit2_tutorials/launch
[41.991s] -- Installing: /root/ros2_ws/install/moveit2_tutorials/share/moveit2_tutorials/launch/motion_planning_api_tutorial.launch.py
[41.991s] -- Installing: /root/ros2_ws/install/moveit2_tutorials/lib/moveit2_tutorials/motion_planning_pipeline_tutorial
[41.991s] -- Set non-toolchain portion of runtime path of "/root/ros2_ws/install/moveit2_tutorials/lib/moveit2_tutorials/motion_planning_pipeline_tutorial" to ""
[41.991s] -- Up-to-date: /root/ros2_ws/install/moveit2_tutorials/share/moveit2_tutorials/launch
[41.991s] -- Installing: /root/ros2_ws/install/moveit2_tutorials/share/moveit2_tutorials/launch/motion_planning_pipeline_tutorial.launch.py
[41.991s] -- Installing: /root/ros2_ws/install/moveit2_tutorials/lib/moveit2_tutorials/motion_planning_python_api_tutorial.py
[41.992s] -- Installing: /root/ros2_ws/install/moveit2_tutorials/lib/moveit2_tutorials/motion_planning_python_api_planning_scene.py
[41.992s] -- Up-to-date: /root/ros2_ws/install/moveit2_tutorials/share/moveit2_tutorials/config
[41.992s] -- Installing: /root/ros2_ws/install/moveit2_tutorials/share/moveit2_tutorials/config/motion_planning_python_api_tutorial.rviz
[41.992s] -- Installing: /root/ros2_ws/install/moveit2_tutorials/share/moveit2_tutorials/config/motion_planning_python_api_tutorial.yaml
[41.992s] -- Up-to-date: /root/ros2_ws/install/moveit2_tutorials/share/moveit2_tutorials/launch
[41.992s] -- Installing: /root/ros2_ws/install/moveit2_tutorials/share/moveit2_tutorials/launch/motion_planning_python_api_tutorial.launch.py
[41.992s] -- Installing: /root/ros2_ws/install/moveit2_tutorials/lib/moveit2_tutorials/move_group_interface_tutorial
[41.992s] -- Set non-toolchain portion of runtime path of "/root/ros2_ws/install/moveit2_tutorials/lib/moveit2_tutorials/move_group_interface_tutorial" to ""
[41.992s] -- Up-to-date: /root/ros2_ws/install/moveit2_tutorials/share/moveit2_tutorials/launch
[41.992s] -- Installing: /root/ros2_ws/install/moveit2_tutorials/share/moveit2_tutorials/launch/move_group_interface_tutorial.launch.py
[41.992s] -- Installing: /root/ros2_ws/install/moveit2_tutorials/share/moveit2_tutorials/launch/move_group.launch.py
[41.992s] -- Installing: /root/ros2_ws/install/moveit2_tutorials/share/moveit2_tutorials/launch/move_group.rviz
[41.992s] -- Installing: /root/ros2_ws/install/moveit2_tutorials/lib/moveit2_tutorials/moveit_cpp_tutorial
[41.992s] -- Set non-toolchain portion of runtime path of "/root/ros2_ws/install/moveit2_tutorials/lib/moveit2_tutorials/moveit_cpp_tutorial" to ""
[41.992s] -- Up-to-date: /root/ros2_ws/install/moveit2_tutorials/share/moveit2_tutorials/launch
[41.993s] -- Installing: /root/ros2_ws/install/moveit2_tutorials/share/moveit2_tutorials/launch/moveit_cpp_tutorial.rviz
[41.993s] -- Installing: /root/ros2_ws/install/moveit2_tutorials/share/moveit2_tutorials/launch/moveit_cpp_tutorial.launch.py
[41.993s] -- Up-to-date: /root/ros2_ws/install/moveit2_tutorials/share/moveit2_tutorials/config
[41.993s] -- Installing: /root/ros2_ws/install/moveit2_tutorials/share/moveit2_tutorials/config/moveit_cpp.yaml
[41.993s] -- Installing: /root/ros2_ws/install/moveit2_tutorials/lib/moveit2_tutorials/planning_scene_tutorial
[41.993s] -- Set non-toolchain portion of runtime path of "/root/ros2_ws/install/moveit2_tutorials/lib/moveit2_tutorials/planning_scene_tutorial" to ""
[41.993s] -- Up-to-date: /root/ros2_ws/install/moveit2_tutorials/share/moveit2_tutorials/launch
[41.993s] -- Installing: /root/ros2_ws/install/moveit2_tutorials/share/moveit2_tutorials/launch/planning_scene_tutorial.launch.py
[41.993s] -- Installing: /root/ros2_ws/install/moveit2_tutorials/lib/moveit2_tutorials/planning_scene_ros_api_tutorial
[41.993s] -- Set non-toolchain portion of runtime path of "/root/ros2_ws/install/moveit2_tutorials/lib/moveit2_tutorials/planning_scene_ros_api_tutorial" to ""
[41.994s] -- Up-to-date: /root/ros2_ws/install/moveit2_tutorials/share/moveit2_tutorials/launch
[41.994s] -- Installing: /root/ros2_ws/install/moveit2_tutorials/share/moveit2_tutorials/launch/planning_scene_ros_api_tutorial.launch.py
[41.994s] -- Installing: /root/ros2_ws/install/moveit2_tutorials/lib/moveit2_tutorials/pose_tracking_tutorial
[41.994s] -- Set non-toolchain portion of runtime path of "/root/ros2_ws/install/moveit2_tutorials/lib/moveit2_tutorials/pose_tracking_tutorial" to ""
[41.994s] -- Up-to-date: /root/ros2_ws/install/moveit2_tutorials/share/moveit2_tutorials/launch
[41.994s] -- Installing: /root/ros2_ws/install/moveit2_tutorials/share/moveit2_tutorials/launch/pose_tracking_tutorial.launch.py
[41.994s] -- Up-to-date: /root/ros2_ws/install/moveit2_tutorials/share/moveit2_tutorials/config
[41.994s] -- Installing: /root/ros2_ws/install/moveit2_tutorials/share/moveit2_tutorials/config/demo_rviz_config.rviz
[41.994s] -- Installing: /root/ros2_ws/install/moveit2_tutorials/share/moveit2_tutorials/config/panda_simulated_config.yaml
[41.994s] -- Installing: /root/ros2_ws/install/moveit2_tutorials/lib/moveit2_tutorials/robot_model_and_robot_state_tutorial
[41.995s] -- Set non-toolchain portion of runtime path of "/root/ros2_ws/install/moveit2_tutorials/lib/moveit2_tutorials/robot_model_and_robot_state_tutorial" to ""
[41.995s] -- Up-to-date: /root/ros2_ws/install/moveit2_tutorials/share/moveit2_tutorials/launch
[41.995s] -- Installing: /root/ros2_ws/install/moveit2_tutorials/share/moveit2_tutorials/launch/robot_model_and_robot_state_tutorial.launch.py
[41.995s] -- Up-to-date: /root/ros2_ws/install/moveit2_tutorials/share/moveit2_tutorials/launch
[41.995s] -- Installing: /root/ros2_ws/install/moveit2_tutorials/share/moveit2_tutorials/launch/run_benchmarks.launch.py
[41.995s] -- Up-to-date: /root/ros2_ws/install/moveit2_tutorials/share/moveit2_tutorials/config
[41.995s] -- Installing: /root/ros2_ws/install/moveit2_tutorials/share/moveit2_tutorials/config/benchmarking_moveit_cpp.yaml
[41.995s] -- Installing: /root/ros2_ws/install/moveit2_tutorials/share/moveit2_tutorials/config/benchmarks.yaml
[41.995s] -- Up-to-date: /root/ros2_ws/install/moveit2_tutorials/share/moveit2_tutorials/launch
[41.995s] -- Installing: /root/ros2_ws/install/moveit2_tutorials/share/moveit2_tutorials/launch/isaac_moveit.py
[41.995s] -- Installing: /root/ros2_ws/install/moveit2_tutorials/share/moveit2_tutorials/launch/isaac_demo.launch.py
[41.995s] -- Installing: /root/ros2_ws/install/moveit2_tutorials/share/moveit2_tutorials/launch/python.sh
[41.995s] -- Up-to-date: /root/ros2_ws/install/moveit2_tutorials/share/moveit2_tutorials/config
[41.995s] -- Installing: /root/ros2_ws/install/moveit2_tutorials/share/moveit2_tutorials/config/panda_moveit_config.rviz
[41.995s] -- Installing: /root/ros2_ws/install/moveit2_tutorials/lib/moveit2_tutorials/kinematics_cost_function_tutorial
[41.995s] -- Set non-toolchain portion of runtime path of "/root/ros2_ws/install/moveit2_tutorials/lib/moveit2_tutorials/kinematics_cost_function_tutorial" to ""
[41.996s] -- Up-to-date: /root/ros2_ws/install/moveit2_tutorials/share/moveit2_tutorials/launch
[41.996s] -- Installing: /root/ros2_ws/install/moveit2_tutorials/share/moveit2_tutorials/launch/kinematics_cost_function_tutorial.launch.py
[41.996s] -- Installing: /root/ros2_ws/install/moveit2_tutorials/lib/moveit2_tutorials/parallel_planning_example
[41.996s] -- Set non-toolchain portion of runtime path of "/root/ros2_ws/install/moveit2_tutorials/lib/moveit2_tutorials/parallel_planning_example" to ""
[41.996s] -- Up-to-date: /root/ros2_ws/install/moveit2_tutorials/share/moveit2_tutorials/launch
[41.996s] -- Installing: /root/ros2_ws/install/moveit2_tutorials/share/moveit2_tutorials/launch/parallel_planning_example.launch.py
[41.996s] -- Up-to-date: /root/ros2_ws/install/moveit2_tutorials/share/moveit2_tutorials/config
[41.996s] -- Installing: /root/ros2_ws/install/moveit2_tutorials/share/moveit2_tutorials/config/parallel_planning_config.rviz
[41.996s] -- Installing: /root/ros2_ws/install/moveit2_tutorials/share/moveit2_tutorials/config/panda_test_db.sqlite
[42.004s] -- Installing: /root/ros2_ws/install/moveit2_tutorials/share/moveit2_tutorials/config/parallel_planning_moveit_cpp.yaml
[42.004s] -- Up-to-date: /root/ros2_ws/install/moveit2_tutorials/share/moveit2_tutorials/launch
[42.004s] -- Installing: /root/ros2_ws/install/moveit2_tutorials/share/moveit2_tutorials/launch/chomp_demo.launch.py
[42.004s] -- Up-to-date: /root/ros2_ws/install/moveit2_tutorials/share/moveit2_tutorials/config
[42.004s] -- Installing: /root/ros2_ws/install/moveit2_tutorials/share/moveit2_tutorials/config/moveit_chomp.rviz
[42.005s] -- Up-to-date: /root/ros2_ws/install/moveit2_tutorials/share/moveit2_tutorials/launch
[42.005s] -- Installing: /root/ros2_ws/install/moveit2_tutorials/share/moveit2_tutorials/launch/persistent_scenes_demo.launch.py
[42.005s] -- Installing: /root/ros2_ws/install/moveit2_tutorials/lib/moveit2_tutorials/pilz_move_group
[42.005s] -- Set non-toolchain portion of runtime path of "/root/ros2_ws/install/moveit2_tutorials/lib/moveit2_tutorials/pilz_move_group" to ""
[42.005s] -- Installing: /root/ros2_ws/install/moveit2_tutorials/lib/moveit2_tutorials/pilz_mtc
[42.005s] -- Set non-toolchain portion of runtime path of "/root/ros2_ws/install/moveit2_tutorials/lib/moveit2_tutorials/pilz_mtc" to ""
[42.005s] -- Installing: /root/ros2_ws/install/moveit2_tutorials/lib/moveit2_tutorials/pilz_sequence
[42.005s] -- Set non-toolchain portion of runtime path of "/root/ros2_ws/install/moveit2_tutorials/lib/moveit2_tutorials/pilz_sequence" to ""
[42.005s] -- Up-to-date: /root/ros2_ws/install/moveit2_tutorials/share/moveit2_tutorials/launch
[42.006s] -- Installing: /root/ros2_ws/install/moveit2_tutorials/share/moveit2_tutorials/launch/pilz_moveit.launch.py
[42.006s] -- Installing: /root/ros2_ws/install/moveit2_tutorials/share/moveit2_tutorials/launch/pilz_mtc.launch.py
[42.006s] -- Installing: /root/ros2_ws/install/moveit2_tutorials/lib/moveit2_tutorials/ompl_constrained_planning
[42.006s] -- Set non-toolchain portion of runtime path of "/root/ros2_ws/install/moveit2_tutorials/lib/moveit2_tutorials/ompl_constrained_planning" to ""
[42.006s] -- Up-to-date: /root/ros2_ws/install/moveit2_tutorials/share/moveit2_tutorials/launch
[42.006s] -- Installing: /root/ros2_ws/install/moveit2_tutorials/share/moveit2_tutorials/launch/ompl_constrained_planning.launch.py
[42.006s] -- Installing: /root/ros2_ws/install/moveit2_tutorials/share/moveit2_tutorials/launch/ompl_constrained_planning.rviz
[42.006s] -- Installing: /root/ros2_ws/install/moveit2_tutorials/lib/moveit2_tutorials/mtc_tutorial
[42.006s] -- Set non-toolchain portion of runtime path of "/root/ros2_ws/install/moveit2_tutorials/lib/moveit2_tutorials/mtc_tutorial" to ""
[42.006s] -- Installing: /root/ros2_ws/install/moveit2_tutorials/lib/moveit2_tutorials/minimal_mtc_tutorial
[42.007s] -- Set non-toolchain portion of runtime path of "/root/ros2_ws/install/moveit2_tutorials/lib/moveit2_tutorials/minimal_mtc_tutorial" to ""
[42.007s] -- Up-to-date: /root/ros2_ws/install/moveit2_tutorials/share/moveit2_tutorials/launch
[42.007s] -- Installing: /root/ros2_ws/install/moveit2_tutorials/share/moveit2_tutorials/launch/mtc_demo_minimal.launch.py
[42.007s] -- Installing: /root/ros2_ws/install/moveit2_tutorials/share/moveit2_tutorials/launch/mtc_demo.launch.py
[42.007s] -- Installing: /root/ros2_ws/install/moveit2_tutorials/share/moveit2_tutorials/launch/pick_place_demo.launch.py
[42.007s] -- Installing: /root/ros2_ws/install/moveit2_tutorials/share/moveit2_tutorials/launch/mtc.rviz
[42.007s] -- Up-to-date: /root/ros2_ws/install/moveit2_tutorials/share/moveit2_tutorials/launch
[42.007s] -- Installing: /root/ros2_ws/install/moveit2_tutorials/share/moveit2_tutorials/launch/kinova_moveit_config_demo_empty.rviz
[42.007s] -- Installing: /root/ros2_ws/install/moveit2_tutorials/share/moveit2_tutorials/launch/kinova_hello_moveit.rviz
[42.007s] -- Installing: /root/ros2_ws/install/moveit2_tutorials/share/moveit2_tutorials/launch/demo.launch.py
[42.007s] -- Installing: /root/ros2_ws/install/moveit2_tutorials/share/moveit2_tutorials/launch/kinova_moveit_config_demo.rviz
[42.007s] -- Up-to-date: /root/ros2_ws/install/moveit2_tutorials/share/moveit2_tutorials/launch
[42.007s] -- Installing: /root/ros2_ws/install/moveit2_tutorials/share/moveit2_tutorials/launch/demo_pick_ik.launch.py
[42.007s] -- Up-to-date: /root/ros2_ws/install/moveit2_tutorials/share/moveit2_tutorials/config
[42.007s] -- Installing: /root/ros2_ws/install/moveit2_tutorials/share/moveit2_tutorials/config/kinematics_pick_ik.yaml
[42.007s] -- Installing: /root/ros2_ws/install/moveit2_tutorials/share/ament_index/resource_index/package_run_dependencies/moveit2_tutorials
[42.007s] -- Installing: /root/ros2_ws/install/moveit2_tutorials/share/ament_index/resource_index/parent_prefix_path/moveit2_tutorials
[42.008s] -- Installing: /root/ros2_ws/install/moveit2_tutorials/share/moveit2_tutorials/environment/ament_prefix_path.sh
[42.008s] -- Installing: /root/ros2_ws/install/moveit2_tutorials/share/moveit2_tutorials/environment/ament_prefix_path.dsv
[42.008s] -- Installing: /root/ros2_ws/install/moveit2_tutorials/share/moveit2_tutorials/environment/path.sh
[42.008s] -- Installing: /root/ros2_ws/install/moveit2_tutorials/share/moveit2_tutorials/environment/path.dsv
[42.008s] -- Installing: /root/ros2_ws/install/moveit2_tutorials/share/moveit2_tutorials/local_setup.bash
[42.008s] -- Installing: /root/ros2_ws/install/moveit2_tutorials/share/moveit2_tutorials/local_setup.sh
[42.008s] -- Installing: /root/ros2_ws/install/moveit2_tutorials/share/moveit2_tutorials/local_setup.zsh
[42.008s] -- Installing: /root/ros2_ws/install/moveit2_tutorials/share/moveit2_tutorials/local_setup.dsv
[42.008s] -- Installing: /root/ros2_ws/install/moveit2_tutorials/share/moveit2_tutorials/package.dsv
[42.008s] -- Installing: /root/ros2_ws/install/moveit2_tutorials/share/ament_index/resource_index/packages/moveit2_tutorials
[42.008s] -- Installing: /root/ros2_ws/install/moveit2_tutorials/share/moveit2_tutorials/cmake/ament_cmake_export_dependencies-extras.cmake
[42.008s] -- Installing: /root/ros2_ws/install/moveit2_tutorials/share/moveit2_tutorials/cmake/ament_cmake_export_include_directories-extras.cmake
[42.008s] -- Installing: /root/ros2_ws/install/moveit2_tutorials/share/moveit2_tutorials/cmake/moveit2_tutorialsConfig.cmake
[42.008s] -- Installing: /root/ros2_ws/install/moveit2_tutorials/share/moveit2_tutorials/cmake/moveit2_tutorialsConfig-version.cmake
[42.008s] -- Installing: /root/ros2_ws/install/moveit2_tutorials/share/moveit2_tutorials/package.xml
[42.010s] Invoked command in '/root/ros2_ws/build/moveit2_tutorials' returned '0': AMENT_PREFIX_PATH=/root/ros2_ws/install/moveit:/root/ros2_ws/install/kinova_gen3_7dof_robotiq_2f_85_moveit_config:/root/ros2_ws/install/moveit_task_constructor_core:/root/ros2_ws/install/moveit_setup_assistant:/root/ros2_ws/install/moveit_setup_srdf_plugins:/root/ros2_ws/install/moveit_setup_core_plugins:/root/ros2_ws/install/moveit_setup_controllers:/root/ros2_ws/install/moveit_setup_app_plugins:/root/ros2_ws/install/moveit_planners:/root/ros2_ws/install/pilz_industrial_motion_planner:/root/ros2_ws/install/moveit_setup_framework:/root/ros2_ws/install/moveit_servo:/root/ros2_ws/install/moveit_ros:/root/ros2_ws/install/moveit_ros_visualization:/root/ros2_ws/install/moveit_resources_prbt_pg70_support:/root/ros2_ws/install/moveit_py:/root/ros2_ws/install/moveit_hybrid_planning:/root/ros2_ws/install/moveit_ros_planning_interface:/root/ros2_ws/install/moveit_resources_prbt_moveit_config:/root/ros2_ws/install/moveit_ros_move_group:/root/ros2_ws/install/moveit_ros_benchmarks:/root/ros2_ws/install/moveit_visual_tools:/root/ros2_ws/install/moveit_ros_warehouse:/root/ros2_ws/install/moveit_ros_robot_interaction:/root/ros2_ws/install/moveit_ros_perception:/root/ros2_ws/install/moveit_planners_ompl:/root/ros2_ws/install/moveit_kinematics:/root/ros2_ws/install/moveit_ros_planning:/root/ros2_ws/install/moveit_plugins:/root/ros2_ws/install/moveit_planners_chomp:/root/ros2_ws/install/pilz_industrial_motion_planner_testutils:/root/ros2_ws/install/moveit_simple_controller_manager:/root/ros2_ws/install/moveit_ros_occupancy_map_monitor:/root/ros2_ws/install/moveit_resources_prbt_ikfast_manipulator_plugin:/root/ros2_ws/install/moveit_planners_stomp:/root/ros2_ws/install/chomp_motion_planner:/root/ros2_ws/install/moveit_core:/root/ros2_ws/install/rviz_marker_tools:/root/ros2_ws/install/moveit_task_constructor_msgs:/root/ros2_ws/install/moveit_resources_panda_moveit_config:/root/ros2_ws/install/moveit_resources_fanuc_moveit_config:/root/ros2_ws/install/kortex_description:/root/ros2_ws/install/rviz_visual_tools:/root/ros2_ws/install/robotiq_description:/root/ros2_ws/install/moveit_resources_prbt_support:/root/ros2_ws/install/moveit_resources_pr2_description:/root/ros2_ws/install/moveit_resources_panda_description:/root/ros2_ws/install/moveit_resources_fanuc_description:/root/ros2_ws/install/moveit_msgs:/root/ros2_ws/install/moveit_configs_utils:/root/ros2_ws/install/moveit_common:/root/ros2_ws/install/gz_ros2_control:${AMENT_PREFIX_PATH} CMAKE_MODULE_PATH=/root/ros2_ws/install/moveit_task_constructor_core/share/moveit_task_constructor_core/cmake CMAKE_PREFIX_PATH=/root/ros2_ws/install/moveit:/root/ros2_ws/install/kinova_gen3_7dof_robotiq_2f_85_moveit_config:/root/ros2_ws/install/moveit_task_constructor_core:/root/ros2_ws/install/moveit_setup_assistant:/root/ros2_ws/install/moveit_setup_srdf_plugins:/root/ros2_ws/install/moveit_setup_core_plugins:/root/ros2_ws/install/moveit_setup_controllers:/root/ros2_ws/install/moveit_setup_app_plugins:/root/ros2_ws/install/moveit_planners:/root/ros2_ws/install/pilz_industrial_motion_planner:/root/ros2_ws/install/moveit_setup_framework:/root/ros2_ws/install/moveit_servo:/root/ros2_ws/install/moveit_ros:/root/ros2_ws/install/moveit_ros_visualization:/root/ros2_ws/install/moveit_resources_prbt_pg70_support:/root/ros2_ws/install/moveit_py:/root/ros2_ws/install/moveit_hybrid_planning:/root/ros2_ws/install/moveit_ros_planning_interface:/root/ros2_ws/install/moveit_resources_prbt_moveit_config:/root/ros2_ws/install/moveit_ros_move_group:/root/ros2_ws/install/moveit_ros_benchmarks:/root/ros2_ws/install/moveit_visual_tools:/root/ros2_ws/install/moveit_ros_warehouse:/root/ros2_ws/install/moveit_ros_robot_interaction:/root/ros2_ws/install/moveit_ros_perception:/root/ros2_ws/install/moveit_planners_ompl:/root/ros2_ws/install/moveit_kinematics:/root/ros2_ws/install/moveit_ros_planning:/root/ros2_ws/install/moveit_plugins:/root/ros2_ws/install/moveit_planners_chomp:/root/ros2_ws/install/pilz_industrial_motion_planner_testutils:/root/ros2_ws/install/moveit_simple_controller_manager:/root/ros2_ws/install/moveit_ros_occupancy_map_monitor:/root/ros2_ws/install/moveit_resources_prbt_ikfast_manipulator_plugin:/root/ros2_ws/install/moveit_planners_stomp:/root/ros2_ws/install/chomp_motion_planner:/root/ros2_ws/install/moveit_core:/root/ros2_ws/install/rviz_marker_tools:/root/ros2_ws/install/moveit_task_constructor_msgs:/root/ros2_ws/install/moveit_resources_panda_moveit_config:/root/ros2_ws/install/moveit_resources_fanuc_moveit_config:/root/ros2_ws/install/kortex_description:/root/ros2_ws/install/rviz_visual_tools:/root/ros2_ws/install/robotiq_description:/root/ros2_ws/install/moveit_resources_prbt_support:/root/ros2_ws/install/moveit_resources_pr2_description:/root/ros2_ws/install/moveit_resources_panda_description:/root/ros2_ws/install/moveit_resources_fanuc_description:/root/ros2_ws/install/moveit_msgs:/root/ros2_ws/install/moveit_common:/root/ros2_ws/install/gz_ros2_control:/opt/ros/jazzy/opt/gz_sim_vendor:/opt/ros/jazzy/opt/gz_sensors_vendor:/opt/ros/jazzy/opt/gz_physics_vendor:/opt/ros/jazzy/opt/sdformat_vendor:/opt/ros/jazzy/opt/gz_gui_vendor:/opt/ros/jazzy/opt/gz_transport_vendor:/opt/ros/jazzy/opt/gz_rendering_vendor:/opt/ros/jazzy/opt/gz_plugin_vendor:/opt/ros/jazzy/opt/gz_fuel_tools_vendor:/opt/ros/jazzy/opt/gz_msgs_vendor:/opt/ros/jazzy/opt/gz_common_vendor:/opt/ros/jazzy/opt/gz_math_vendor:/opt/ros/jazzy/opt/gz_utils_vendor:/opt/ros/jazzy/opt/gz_tools_vendor:/opt/ros/jazzy/opt/gz_ogre_next_vendor:/opt/ros/jazzy/opt/gz_dartsim_vendor:/opt/ros/jazzy/opt/gz_cmake_vendor:/opt/ros/jazzy LD_LIBRARY_PATH=/root/ros2_ws/install/moveit_task_constructor_core/lib:/root/ros2_ws/install/moveit_setup_assistant/lib:/root/ros2_ws/install/moveit_setup_srdf_plugins/lib:/root/ros2_ws/install/moveit_setup_core_plugins/lib:/root/ros2_ws/install/moveit_setup_controllers/lib:/root/ros2_ws/install/moveit_setup_app_plugins/lib:/root/ros2_ws/install/pilz_industrial_motion_planner/lib:/root/ros2_ws/install/moveit_setup_framework/lib:/root/ros2_ws/install/moveit_servo/lib:/root/ros2_ws/install/moveit_ros_visualization/lib:/root/ros2_ws/install/moveit_py/lib:/root/ros2_ws/install/moveit_hybrid_planning/lib:/root/ros2_ws/install/moveit_ros_planning_interface/lib:/root/ros2_ws/install/moveit_ros_move_group/lib:/root/ros2_ws/install/moveit_ros_benchmarks/lib:/root/ros2_ws/install/moveit_visual_tools/lib:/root/ros2_ws/install/moveit_ros_warehouse/lib:/root/ros2_ws/install/moveit_ros_robot_interaction/lib:/root/ros2_ws/install/moveit_ros_perception/lib:/root/ros2_ws/install/moveit_planners_ompl/lib:/root/ros2_ws/install/moveit_kinematics/lib:/root/ros2_ws/install/moveit_ros_planning/lib:/root/ros2_ws/install/moveit_planners_chomp/lib:/root/ros2_ws/install/pilz_industrial_motion_planner_testutils/lib:/root/ros2_ws/install/moveit_simple_controller_manager/lib:/root/ros2_ws/install/moveit_ros_occupancy_map_monitor/lib:/root/ros2_ws/install/moveit_resources_prbt_ikfast_manipulator_plugin/lib:/root/ros2_ws/install/moveit_planners_stomp/lib:/root/ros2_ws/install/chomp_motion_planner/lib:/root/ros2_ws/install/moveit_core/lib:/root/ros2_ws/install/rviz_marker_tools/lib:/root/ros2_ws/install/moveit_task_constructor_msgs/lib:/root/ros2_ws/install/rviz_visual_tools/lib:/root/ros2_ws/install/moveit_msgs/lib:/root/ros2_ws/install/gz_ros2_control/lib:${LD_LIBRARY_PATH} PATH=/root/ros2_ws/install/moveit_core/bin:${PATH} PYTHONPATH=/root/ros2_ws/install/moveit_task_constructor_core/lib/python3.12/site-packages:/root/ros2_ws/install/moveit_py/lib/python3.12/site-packages:/root/ros2_ws/install/moveit_task_constructor_msgs/lib/python3.12/site-packages:/root/ros2_ws/install/moveit_msgs/lib/python3.12/site-packages:/root/ros2_ws/install/moveit_configs_utils/lib/python3.12/site-packages:${PYTHONPATH} /usr/bin/cmake --install /root/ros2_ws/build/moveit2_tutorials
