[0.306s] Invoking command in '/root/ros2_ws/build/unnamed': CMAKE_PREFIX_PATH=${CMAKE_PREFIX_PATH}:/opt/ros/jazzy /usr/bin/cmake /root/ros2_ws/src/unnamed -DCMAKE_INSTALL_PREFIX=/root/ros2_ws/install/unnamed
[0.796s] -- The C compiler identification is GNU 13.3.0
[0.796s] -- The CXX compiler identification is GNU 13.3.0
[0.796s] -- Detecting C compiler ABI info
[0.796s] -- Detecting C compiler ABI info - done
[0.796s] -- Check for working C compiler: /usr/bin/cc - skipped
[0.796s] -- Detecting C compile features
[0.796s] -- Detecting C compile features - done
[0.797s] -- Detecting CXX compiler ABI info
[0.849s] -- Detecting CXX compiler ABI info - done
[0.862s] -- Check for working CXX compiler: /usr/bin/c++ - skipped
[0.862s] -- Detecting CXX compile features
[0.863s] -- Detecting CXX compile features - done
[0.870s] -- Found ament_cmake: 2.5.2 (/opt/ros/jazzy/share/ament_cmake/cmake)
[1.147s] -- Found Python3: /usr/bin/python3 (found version "3.12.3") found components: Interpreter 
[1.389s] -- Found robot_state_publisher: 3.3.3 (/opt/ros/jazzy/share/robot_state_publisher/cmake)
[1.534s] -- Found rosidl_generator_c: 4.6.4 (/opt/ros/jazzy/share/rosidl_generator_c/cmake)
[1.574s] -- Found rosidl_generator_cpp: 4.6.4 (/opt/ros/jazzy/share/rosidl_generator_cpp/cmake)
[1.631s] -- Using all available rosidl_typesupport_c: rosidl_typesupport_fastrtps_c;rosidl_typesupport_introspection_c
[1.687s] -- Using all available rosidl_typesupport_cpp: rosidl_typesupport_fastrtps_cpp;rosidl_typesupport_introspection_cpp
[1.908s] -- Found rmw_implementation_cmake: 7.3.1 (/opt/ros/jazzy/share/rmw_implementation_cmake/cmake)
[1.921s] -- Found rmw_fastrtps_cpp: 8.4.1 (/opt/ros/jazzy/share/rmw_fastrtps_cpp/cmake)
[2.130s] -- Found OpenSSL: /usr/lib/x86_64-linux-gnu/libcrypto.so (found version "3.0.13")  
[2.173s] -- Found FastRTPS: /opt/ros/jazzy/include (Required is at least version "2.13") 
[2.225s] -- Using RMW implementation 'rmw_fastrtps_cpp' as default
[2.783s] -- Found rviz2: 14.1.5 (/opt/ros/jazzy/share/rviz2/cmake)
[2.791s] -- Found ament_lint_auto: 0.17.1 (/opt/ros/jazzy/share/ament_lint_auto/cmake)
[2.989s] -- Added test 'flake8' to check Python code syntax and style conventions
[2.989s] -- Configured 'flake8' exclude dirs and/or files: 
[2.991s] -- Added test 'lint_cmake' to check CMake code style
[2.994s] -- Added test 'pep257' to check Python code against some of the docstring style conventions in PEP 257
[2.998s] -- Added test 'xmllint' to check XML markup files
[3.000s] -- Configuring done (2.7s)
[3.006s] -- Generating done (0.0s)
[3.008s] -- Build files have been written to: /root/ros2_ws/build/unnamed
[3.024s] Invoked command in '/root/ros2_ws/build/unnamed' returned '0': CMAKE_PREFIX_PATH=${CMAKE_PREFIX_PATH}:/opt/ros/jazzy /usr/bin/cmake /root/ros2_ws/src/unnamed -DCMAKE_INSTALL_PREFIX=/root/ros2_ws/install/unnamed
[3.024s] Invoking command in '/root/ros2_ws/build/unnamed': CMAKE_PREFIX_PATH=${CMAKE_PREFIX_PATH}:/opt/ros/jazzy /usr/bin/cmake --build /root/ros2_ws/build/unnamed -- -j20 -l20
[3.083s] Invoked command in '/root/ros2_ws/build/unnamed' returned '0': CMAKE_PREFIX_PATH=${CMAKE_PREFIX_PATH}:/opt/ros/jazzy /usr/bin/cmake --build /root/ros2_ws/build/unnamed -- -j20 -l20
[3.084s] Invoking command in '/root/ros2_ws/build/unnamed': CMAKE_PREFIX_PATH=${CMAKE_PREFIX_PATH}:/opt/ros/jazzy /usr/bin/cmake --install /root/ros2_ws/build/unnamed
[3.095s] -- Install configuration: ""
[3.095s] -- Installing: /root/ros2_ws/install/unnamed/share/unnamed/urdf
[3.095s] -- Installing: /root/ros2_ws/install/unnamed/share/unnamed/urdf/bak
[3.096s] -- Installing: /root/ros2_ws/install/unnamed/share/unnamed/urdf/trans5.py
[3.096s] -- Installing: /root/ros2_ws/install/unnamed/share/unnamed/urdf/unnamed.srdf
[3.096s] -- Installing: /root/ros2_ws/install/unnamed/share/unnamed/urdf/unnamed_relpath.urdf
[3.096s] -- Installing: /root/ros2_ws/install/unnamed/share/unnamed/urdf/trans.py
[3.096s] -- Installing: /root/ros2_ws/install/unnamed/share/unnamed/urdf/trans3.py
[3.096s] -- Installing: /root/ros2_ws/install/unnamed/share/unnamed/urdf/unnamed.urdf
[3.097s] -- Installing: /root/ros2_ws/install/unnamed/share/unnamed/urdf/trans2.py
[3.097s] -- Installing: /root/ros2_ws/install/unnamed/share/unnamed/urdf/robot.xacro
[3.097s] -- Installing: /root/ros2_ws/install/unnamed/share/unnamed/urdf/trans4.py
[3.097s] -- Installing: /root/ros2_ws/install/unnamed/share/unnamed/urdf/rep.py
[3.097s] -- Installing: /root/ros2_ws/install/unnamed/share/unnamed/meshes
[3.098s] -- Installing: /root/ros2_ws/install/unnamed/share/unnamed/meshes/stl
[3.098s] -- Installing: /root/ros2_ws/install/unnamed/share/unnamed/meshes/stl/SOLID.stl_history.log
[3.098s] -- Installing: /root/ros2_ws/install/unnamed/share/unnamed/meshes/stl/ZahnradGross.stl
[3.098s] -- Installing: /root/ros2_ws/install/unnamed/share/unnamed/meshes/stl/ZahnradGross.001.stl_history.log
[3.098s] -- Installing: /root/ros2_ws/install/unnamed/share/unnamed/meshes/stl/Body.stl_history.log
[3.099s] -- Installing: /root/ros2_ws/install/unnamed/share/unnamed/meshes/stl/ZahnradGross.001.stl
[3.099s] -- Installing: /root/ros2_ws/install/unnamed/share/unnamed/meshes/stl/ZahnradGross.stl_history.log
[3.099s] -- Installing: /root/ros2_ws/install/unnamed/share/unnamed/meshes/stl/Cylinder.001.stl
[3.099s] -- Installing: /root/ros2_ws/install/unnamed/share/unnamed/meshes/stl/SOLID.stl
[3.100s] -- Installing: /root/ros2_ws/install/unnamed/share/unnamed/meshes/stl/Cylinder.001.stl_history.log
[3.100s] -- Installing: /root/ros2_ws/install/unnamed/share/unnamed/meshes/stl/Body.stl
[3.100s] -- Installing: /root/ros2_ws/install/unnamed/share/unnamed/launch
[3.100s] -- Installing: /root/ros2_ws/install/unnamed/share/unnamed/launch/display.launch.py
[3.101s] -- Installing: /root/ros2_ws/install/unnamed/share/unnamed/launch/gazebo.launch.py
[3.101s] -- Installing: /root/ros2_ws/install/unnamed/share/unnamed/launch/controller_manager.launch.py
[3.101s] -- Installing: /root/ros2_ws/install/unnamed/share/unnamed/config/ros2_controllers.yaml
[3.101s] -- Installing: /root/ros2_ws/install/unnamed/share/unnamed/worlds
[3.101s] -- Installing: /root/ros2_ws/install/unnamed/share/unnamed/worlds/empty_world.sdf
[3.102s] -- Installing: /root/ros2_ws/install/unnamed/share/ament_index/resource_index/package_run_dependencies/unnamed
[3.102s] -- Installing: /root/ros2_ws/install/unnamed/share/ament_index/resource_index/parent_prefix_path/unnamed
[3.102s] -- Installing: /root/ros2_ws/install/unnamed/share/unnamed/environment/ament_prefix_path.sh
[3.102s] -- Installing: /root/ros2_ws/install/unnamed/share/unnamed/environment/ament_prefix_path.dsv
[3.103s] -- Installing: /root/ros2_ws/install/unnamed/share/unnamed/environment/path.sh
[3.103s] -- Installing: /root/ros2_ws/install/unnamed/share/unnamed/environment/path.dsv
[3.104s] -- Installing: /root/ros2_ws/install/unnamed/share/unnamed/local_setup.bash
[3.104s] -- Installing: /root/ros2_ws/install/unnamed/share/unnamed/local_setup.sh
[3.104s] -- Installing: /root/ros2_ws/install/unnamed/share/unnamed/local_setup.zsh
[3.104s] -- Installing: /root/ros2_ws/install/unnamed/share/unnamed/local_setup.dsv
[3.105s] -- Installing: /root/ros2_ws/install/unnamed/share/unnamed/package.dsv
[3.106s] -- Installing: /root/ros2_ws/install/unnamed/share/ament_index/resource_index/packages/unnamed
[3.106s] -- Installing: /root/ros2_ws/install/unnamed/share/unnamed/cmake/unnamedConfig.cmake
[3.106s] -- Installing: /root/ros2_ws/install/unnamed/share/unnamed/cmake/unnamedConfig-version.cmake
[3.106s] -- Installing: /root/ros2_ws/install/unnamed/share/unnamed/package.xml
[3.106s] Invoked command in '/root/ros2_ws/build/unnamed' returned '0': CMAKE_PREFIX_PATH=${CMAKE_PREFIX_PATH}:/opt/ros/jazzy /usr/bin/cmake --install /root/ros2_ws/build/unnamed
