[0.073s] Invoking command in '/root/ros2_ws/build/moveit_common': CMAKE_PREFIX_PATH=${CMAKE_PREFIX_PATH}:/root/ros2_ws/install/moveit_configs_utils:/opt/ros/jazzy /usr/bin/cmake --build /root/ros2_ws/build/moveit_common -- -j20 -l20
[0.325s] Invoked command in '/root/ros2_ws/build/moveit_common' returned '0': CMAKE_PREFIX_PATH=${CMAKE_PREFIX_PATH}:/root/ros2_ws/install/moveit_configs_utils:/opt/ros/jazzy /usr/bin/cmake --build /root/ros2_ws/build/moveit_common -- -j20 -l20
[0.326s] Invoking command in '/root/ros2_ws/build/moveit_common': CMAKE_PREFIX_PATH=${CMAKE_PREFIX_PATH}:/root/ros2_ws/install/moveit_configs_utils:/opt/ros/jazzy /usr/bin/cmake --install /root/ros2_ws/build/moveit_common
[0.349s] -- Install configuration: ""
[0.349s] -- Up-to-date: /root/ros2_ws/install/moveit_common/share/ament_index/resource_index/package_run_dependencies/moveit_common
[0.349s] -- Up-to-date: /root/ros2_ws/install/moveit_common/share/ament_index/resource_index/parent_prefix_path/moveit_common
[0.349s] -- Up-to-date: /root/ros2_ws/install/moveit_common/share/moveit_common/environment/ament_prefix_path.sh
[0.349s] -- Up-to-date: /root/ros2_ws/install/moveit_common/share/moveit_common/environment/ament_prefix_path.dsv
[0.349s] -- Up-to-date: /root/ros2_ws/install/moveit_common/share/moveit_common/environment/path.sh
[0.350s] -- Up-to-date: /root/ros2_ws/install/moveit_common/share/moveit_common/environment/path.dsv
[0.350s] -- Up-to-date: /root/ros2_ws/install/moveit_common/share/moveit_common/local_setup.bash
[0.350s] -- Up-to-date: /root/ros2_ws/install/moveit_common/share/moveit_common/local_setup.sh
[0.350s] -- Up-to-date: /root/ros2_ws/install/moveit_common/share/moveit_common/local_setup.zsh
[0.350s] -- Up-to-date: /root/ros2_ws/install/moveit_common/share/moveit_common/local_setup.dsv
[0.350s] -- Installing: /root/ros2_ws/install/moveit_common/share/moveit_common/package.dsv
[0.350s] -- Up-to-date: /root/ros2_ws/install/moveit_common/share/ament_index/resource_index/packages/moveit_common
[0.350s] -- Up-to-date: /root/ros2_ws/install/moveit_common/share/moveit_common/cmake/moveit_common-extras.cmake
[0.351s] -- Up-to-date: /root/ros2_ws/install/moveit_common/share/moveit_common/cmake/moveit_commonConfig.cmake
[0.351s] -- Up-to-date: /root/ros2_ws/install/moveit_common/share/moveit_common/cmake/moveit_commonConfig-version.cmake
[0.352s] -- Up-to-date: /root/ros2_ws/install/moveit_common/share/moveit_common/package.xml
[0.352s] -- Up-to-date: /root/ros2_ws/install/moveit_common/share/moveit_common/cmake
[0.352s] -- Up-to-date: /root/ros2_ws/install/moveit_common/share/moveit_common/cmake/moveit_package.cmake
[0.478s] Invoked command in '/root/ros2_ws/build/moveit_common' returned '0': CMAKE_PREFIX_PATH=${CMAKE_PREFIX_PATH}:/root/ros2_ws/install/moveit_configs_utils:/opt/ros/jazzy /usr/bin/cmake --install /root/ros2_ws/build/moveit_common
