running egg_info
creating ../../../build/moveit_configs_utils/moveit_configs_utils.egg-info
writing ../../../build/moveit_configs_utils/moveit_configs_utils.egg-info/PKG-INFO
writing dependency_links to ../../../build/moveit_configs_utils/moveit_configs_utils.egg-info/dependency_links.txt
writing requirements to ../../../build/moveit_configs_utils/moveit_configs_utils.egg-info/requires.txt
writing top-level names to ../../../build/moveit_configs_utils/moveit_configs_utils.egg-info/top_level.txt
writing manifest file '../../../build/moveit_configs_utils/moveit_configs_utils.egg-info/SOURCES.txt'
reading manifest file '../../../build/moveit_configs_utils/moveit_configs_utils.egg-info/SOURCES.txt'
writing manifest file '../../../build/moveit_configs_utils/moveit_configs_utils.egg-info/SOURCES.txt'
running build
running build_py
creating /root/ros2_ws/build/moveit_configs_utils/build
creating /root/ros2_ws/build/moveit_configs_utils/build/lib
creating /root/ros2_ws/build/moveit_configs_utils/build/lib/moveit_configs_utils
copying moveit_configs_utils/__init__.py -> /root/ros2_ws/build/moveit_configs_utils/build/lib/moveit_configs_utils
copying moveit_configs_utils/launch_utils.py -> /root/ros2_ws/build/moveit_configs_utils/build/lib/moveit_configs_utils
copying moveit_configs_utils/moveit_configs_builder.py -> /root/ros2_ws/build/moveit_configs_utils/build/lib/moveit_configs_utils
copying moveit_configs_utils/launches.py -> /root/ros2_ws/build/moveit_configs_utils/build/lib/moveit_configs_utils
creating /root/ros2_ws/build/moveit_configs_utils/build/lib/moveit_configs_utils/substitutions
copying moveit_configs_utils/substitutions/__init__.py -> /root/ros2_ws/build/moveit_configs_utils/build/lib/moveit_configs_utils/substitutions
copying moveit_configs_utils/substitutions/xacro.py -> /root/ros2_ws/build/moveit_configs_utils/build/lib/moveit_configs_utils/substitutions
running install
running install_lib
creating /root/ros2_ws/install/moveit_configs_utils/lib/python3.12/site-packages/moveit_configs_utils
copying /root/ros2_ws/build/moveit_configs_utils/build/lib/moveit_configs_utils/__init__.py -> /root/ros2_ws/install/moveit_configs_utils/lib/python3.12/site-packages/moveit_configs_utils
creating /root/ros2_ws/install/moveit_configs_utils/lib/python3.12/site-packages/moveit_configs_utils/substitutions
copying /root/ros2_ws/build/moveit_configs_utils/build/lib/moveit_configs_utils/substitutions/__init__.py -> /root/ros2_ws/install/moveit_configs_utils/lib/python3.12/site-packages/moveit_configs_utils/substitutions
copying /root/ros2_ws/build/moveit_configs_utils/build/lib/moveit_configs_utils/substitutions/xacro.py -> /root/ros2_ws/install/moveit_configs_utils/lib/python3.12/site-packages/moveit_configs_utils/substitutions
copying /root/ros2_ws/build/moveit_configs_utils/build/lib/moveit_configs_utils/launch_utils.py -> /root/ros2_ws/install/moveit_configs_utils/lib/python3.12/site-packages/moveit_configs_utils
copying /root/ros2_ws/build/moveit_configs_utils/build/lib/moveit_configs_utils/moveit_configs_builder.py -> /root/ros2_ws/install/moveit_configs_utils/lib/python3.12/site-packages/moveit_configs_utils
copying /root/ros2_ws/build/moveit_configs_utils/build/lib/moveit_configs_utils/launches.py -> /root/ros2_ws/install/moveit_configs_utils/lib/python3.12/site-packages/moveit_configs_utils
byte-compiling /root/ros2_ws/install/moveit_configs_utils/lib/python3.12/site-packages/moveit_configs_utils/__init__.py to __init__.cpython-312.pyc
byte-compiling /root/ros2_ws/install/moveit_configs_utils/lib/python3.12/site-packages/moveit_configs_utils/substitutions/__init__.py to __init__.cpython-312.pyc
byte-compiling /root/ros2_ws/install/moveit_configs_utils/lib/python3.12/site-packages/moveit_configs_utils/substitutions/xacro.py to xacro.cpython-312.pyc
byte-compiling /root/ros2_ws/install/moveit_configs_utils/lib/python3.12/site-packages/moveit_configs_utils/launch_utils.py to launch_utils.cpython-312.pyc
byte-compiling /root/ros2_ws/install/moveit_configs_utils/lib/python3.12/site-packages/moveit_configs_utils/moveit_configs_builder.py to moveit_configs_builder.cpython-312.pyc
byte-compiling /root/ros2_ws/install/moveit_configs_utils/lib/python3.12/site-packages/moveit_configs_utils/launches.py to launches.cpython-312.pyc
running install_data
creating /root/ros2_ws/install/moveit_configs_utils/share/ament_index
creating /root/ros2_ws/install/moveit_configs_utils/share/ament_index/resource_index
creating /root/ros2_ws/install/moveit_configs_utils/share/ament_index/resource_index/packages
copying resource/moveit_configs_utils -> /root/ros2_ws/install/moveit_configs_utils/share/ament_index/resource_index/packages
copying package.xml -> /root/ros2_ws/install/moveit_configs_utils/share/moveit_configs_utils
creating /root/ros2_ws/install/moveit_configs_utils/share/moveit_configs_utils/default_configs
copying default_configs/ompl_defaults.yaml -> /root/ros2_ws/install/moveit_configs_utils/share/moveit_configs_utils/default_configs
copying default_configs/pilz_industrial_motion_planner_planning.yaml -> /root/ros2_ws/install/moveit_configs_utils/share/moveit_configs_utils/default_configs
copying default_configs/ompl_planning.yaml -> /root/ros2_ws/install/moveit_configs_utils/share/moveit_configs_utils/default_configs
copying default_configs/chomp_planning.yaml -> /root/ros2_ws/install/moveit_configs_utils/share/moveit_configs_utils/default_configs
copying default_configs/stomp_planning.yaml -> /root/ros2_ws/install/moveit_configs_utils/share/moveit_configs_utils/default_configs
running install_egg_info
Copying ../../../build/moveit_configs_utils/moveit_configs_utils.egg-info to /root/ros2_ws/install/moveit_configs_utils/lib/python3.12/site-packages/moveit_configs_utils-2.12.0-py3.12.egg-info
running install_scripts
writing list of installed files to '/root/ros2_ws/build/moveit_configs_utils/install.log'
