[1.979s] Invoking command in '/root/ros2_ws/src/moveit2/moveit_configs_utils': PYTHONPATH=/root/ros2_ws/build/moveit_configs_utils/prefix_override:/usr/lib/python3/dist-packages/colcon_core/task/python/colcon_distutils_commands:/root/ros2_ws/install/moveit_configs_utils/lib/python3.12/site-packages:${PYTHONPATH} /usr/bin/python3 -W ignore:setup.py install is deprecated -W ignore:easy_install command is deprecated setup.py egg_info --egg-base ../../../build/moveit_configs_utils build --build-base /root/ros2_ws/build/moveit_configs_utils/build install --record /root/ros2_ws/build/moveit_configs_utils/install.log --single-version-externally-managed install_data
[2.504s] running egg_info
[2.504s] creating ../../../build/moveit_configs_utils/moveit_configs_utils.egg-info
[2.532s] writing ../../../build/moveit_configs_utils/moveit_configs_utils.egg-info/PKG-INFO
[2.532s] writing dependency_links to ../../../build/moveit_configs_utils/moveit_configs_utils.egg-info/dependency_links.txt
[2.533s] writing requirements to ../../../build/moveit_configs_utils/moveit_configs_utils.egg-info/requires.txt
[2.533s] writing top-level names to ../../../build/moveit_configs_utils/moveit_configs_utils.egg-info/top_level.txt
[2.533s] writing manifest file '../../../build/moveit_configs_utils/moveit_configs_utils.egg-info/SOURCES.txt'
[2.587s] reading manifest file '../../../build/moveit_configs_utils/moveit_configs_utils.egg-info/SOURCES.txt'
[2.587s] writing manifest file '../../../build/moveit_configs_utils/moveit_configs_utils.egg-info/SOURCES.txt'
[2.588s] running build
[2.588s] running build_py
[2.589s] creating /root/ros2_ws/build/moveit_configs_utils/build
[2.589s] creating /root/ros2_ws/build/moveit_configs_utils/build/lib
[2.589s] creating /root/ros2_ws/build/moveit_configs_utils/build/lib/moveit_configs_utils
[2.589s] copying moveit_configs_utils/__init__.py -> /root/ros2_ws/build/moveit_configs_utils/build/lib/moveit_configs_utils
[2.589s] copying moveit_configs_utils/launch_utils.py -> /root/ros2_ws/build/moveit_configs_utils/build/lib/moveit_configs_utils
[2.589s] copying moveit_configs_utils/moveit_configs_builder.py -> /root/ros2_ws/build/moveit_configs_utils/build/lib/moveit_configs_utils
[2.590s] copying moveit_configs_utils/launches.py -> /root/ros2_ws/build/moveit_configs_utils/build/lib/moveit_configs_utils
[2.590s] creating /root/ros2_ws/build/moveit_configs_utils/build/lib/moveit_configs_utils/substitutions
[2.590s] copying moveit_configs_utils/substitutions/__init__.py -> /root/ros2_ws/build/moveit_configs_utils/build/lib/moveit_configs_utils/substitutions
[2.590s] copying moveit_configs_utils/substitutions/xacro.py -> /root/ros2_ws/build/moveit_configs_utils/build/lib/moveit_configs_utils/substitutions
[2.590s] running install
[2.597s] running install_lib
[2.625s] creating /root/ros2_ws/install/moveit_configs_utils/lib/python3.12/site-packages/moveit_configs_utils
[2.626s] copying /root/ros2_ws/build/moveit_configs_utils/build/lib/moveit_configs_utils/__init__.py -> /root/ros2_ws/install/moveit_configs_utils/lib/python3.12/site-packages/moveit_configs_utils
[2.626s] creating /root/ros2_ws/install/moveit_configs_utils/lib/python3.12/site-packages/moveit_configs_utils/substitutions
[2.626s] copying /root/ros2_ws/build/moveit_configs_utils/build/lib/moveit_configs_utils/substitutions/__init__.py -> /root/ros2_ws/install/moveit_configs_utils/lib/python3.12/site-packages/moveit_configs_utils/substitutions
[2.626s] copying /root/ros2_ws/build/moveit_configs_utils/build/lib/moveit_configs_utils/substitutions/xacro.py -> /root/ros2_ws/install/moveit_configs_utils/lib/python3.12/site-packages/moveit_configs_utils/substitutions
[2.627s] copying /root/ros2_ws/build/moveit_configs_utils/build/lib/moveit_configs_utils/launch_utils.py -> /root/ros2_ws/install/moveit_configs_utils/lib/python3.12/site-packages/moveit_configs_utils
[2.627s] copying /root/ros2_ws/build/moveit_configs_utils/build/lib/moveit_configs_utils/moveit_configs_builder.py -> /root/ros2_ws/install/moveit_configs_utils/lib/python3.12/site-packages/moveit_configs_utils
[2.627s] copying /root/ros2_ws/build/moveit_configs_utils/build/lib/moveit_configs_utils/launches.py -> /root/ros2_ws/install/moveit_configs_utils/lib/python3.12/site-packages/moveit_configs_utils
[2.627s] byte-compiling /root/ros2_ws/install/moveit_configs_utils/lib/python3.12/site-packages/moveit_configs_utils/__init__.py to __init__.cpython-312.pyc
[2.627s] byte-compiling /root/ros2_ws/install/moveit_configs_utils/lib/python3.12/site-packages/moveit_configs_utils/substitutions/__init__.py to __init__.cpython-312.pyc
[2.627s] byte-compiling /root/ros2_ws/install/moveit_configs_utils/lib/python3.12/site-packages/moveit_configs_utils/substitutions/xacro.py to xacro.cpython-312.pyc
[2.628s] byte-compiling /root/ros2_ws/install/moveit_configs_utils/lib/python3.12/site-packages/moveit_configs_utils/launch_utils.py to launch_utils.cpython-312.pyc
[2.629s] byte-compiling /root/ros2_ws/install/moveit_configs_utils/lib/python3.12/site-packages/moveit_configs_utils/moveit_configs_builder.py to moveit_configs_builder.cpython-312.pyc
[2.633s] byte-compiling /root/ros2_ws/install/moveit_configs_utils/lib/python3.12/site-packages/moveit_configs_utils/launches.py to launches.cpython-312.pyc
[2.635s] running install_data
[2.635s] creating /root/ros2_ws/install/moveit_configs_utils/share/ament_index
[2.635s] creating /root/ros2_ws/install/moveit_configs_utils/share/ament_index/resource_index
[2.635s] creating /root/ros2_ws/install/moveit_configs_utils/share/ament_index/resource_index/packages
[2.635s] copying resource/moveit_configs_utils -> /root/ros2_ws/install/moveit_configs_utils/share/ament_index/resource_index/packages
[2.635s] copying package.xml -> /root/ros2_ws/install/moveit_configs_utils/share/moveit_configs_utils
[2.635s] creating /root/ros2_ws/install/moveit_configs_utils/share/moveit_configs_utils/default_configs
[2.636s] copying default_configs/ompl_defaults.yaml -> /root/ros2_ws/install/moveit_configs_utils/share/moveit_configs_utils/default_configs
[2.636s] copying default_configs/pilz_industrial_motion_planner_planning.yaml -> /root/ros2_ws/install/moveit_configs_utils/share/moveit_configs_utils/default_configs
[2.636s] copying default_configs/ompl_planning.yaml -> /root/ros2_ws/install/moveit_configs_utils/share/moveit_configs_utils/default_configs
[2.636s] copying default_configs/chomp_planning.yaml -> /root/ros2_ws/install/moveit_configs_utils/share/moveit_configs_utils/default_configs
[2.636s] copying default_configs/stomp_planning.yaml -> /root/ros2_ws/install/moveit_configs_utils/share/moveit_configs_utils/default_configs
[2.636s] running install_egg_info
[2.664s] Copying ../../../build/moveit_configs_utils/moveit_configs_utils.egg-info to /root/ros2_ws/install/moveit_configs_utils/lib/python3.12/site-packages/moveit_configs_utils-2.12.0-py3.12.egg-info
[2.665s] running install_scripts
[2.857s] writing list of installed files to '/root/ros2_ws/build/moveit_configs_utils/install.log'
[2.928s] Invoked command in '/root/ros2_ws/src/moveit2/moveit_configs_utils' returned '0': PYTHONPATH=/root/ros2_ws/build/moveit_configs_utils/prefix_override:/usr/lib/python3/dist-packages/colcon_core/task/python/colcon_distutils_commands:/root/ros2_ws/install/moveit_configs_utils/lib/python3.12/site-packages:${PYTHONPATH} /usr/bin/python3 -W ignore:setup.py install is deprecated -W ignore:easy_install command is deprecated setup.py egg_info --egg-base ../../../build/moveit_configs_utils build --build-base /root/ros2_ws/build/moveit_configs_utils/build install --record /root/ros2_ws/build/moveit_configs_utils/install.log --single-version-externally-managed install_data
