[0.013s] Invoking command in '/root/ros2_ws/build/gz_ros2_control_demos': AMENT_PREFIX_PATH=/root/ros2_ws/install/gz_ros2_control:${AMENT_PREFIX_PATH} CMAKE_PREFIX_PATH=/root/ros2_ws/install/gz_ros2_control:/opt/ros/jazzy/opt/gz_sim_vendor:/opt/ros/jazzy/opt/gz_sensors_vendor:/opt/ros/jazzy/opt/gz_physics_vendor:/opt/ros/jazzy/opt/sdformat_vendor:/opt/ros/jazzy/opt/gz_gui_vendor:/opt/ros/jazzy/opt/gz_transport_vendor:/opt/ros/jazzy/opt/gz_rendering_vendor:/opt/ros/jazzy/opt/gz_plugin_vendor:/opt/ros/jazzy/opt/gz_fuel_tools_vendor:/opt/ros/jazzy/opt/gz_msgs_vendor:/opt/ros/jazzy/opt/gz_common_vendor:/opt/ros/jazzy/opt/gz_math_vendor:/opt/ros/jazzy/opt/gz_utils_vendor:/opt/ros/jazzy/opt/gz_tools_vendor:/opt/ros/jazzy/opt/gz_ogre_next_vendor:/opt/ros/jazzy/opt/gz_dartsim_vendor:/opt/ros/jazzy/opt/gz_cmake_vendor:/opt/ros/jazzy LD_LIBRARY_PATH=/root/ros2_ws/install/gz_ros2_control/lib:${LD_LIBRARY_PATH} /usr/bin/cmake /root/ros2_ws/src/gz_ros2_control/gz_ros2_control_demos -DCMAKE_INSTALL_PREFIX=/root/ros2_ws/install/gz_ros2_control_demos
[0.096s] -- The C compiler identification is GNU 13.3.0
[0.163s] -- The CXX compiler identification is GNU 13.3.0
[0.186s] -- Detecting C compiler ABI info
[0.306s] -- Detecting C compiler ABI info - done
[0.317s] -- Check for working C compiler: /usr/bin/cc - skipped
[0.317s] -- Detecting C compile features
[0.317s] -- Detecting C compile features - done
[0.331s] -- Detecting CXX compiler ABI info
[0.462s] -- Detecting CXX compiler ABI info - done
[0.475s] -- Check for working CXX compiler: /usr/bin/c++ - skipped
[0.475s] -- Detecting CXX compile features
[0.475s] -- Detecting CXX compile features - done
[0.481s] -- Found ament_cmake: 2.5.2 (/opt/ros/jazzy/share/ament_cmake/cmake)
[0.694s] -- Found Python3: /usr/bin/python3 (found version "3.12.3") found components: Interpreter 
[0.852s] -- Found control_msgs: 5.3.0 (/opt/ros/jazzy/share/control_msgs/cmake)
[0.920s] -- Found rosidl_generator_c: 4.6.4 (/opt/ros/jazzy/share/rosidl_generator_c/cmake)
[0.941s] -- Found rosidl_generator_cpp: 4.6.4 (/opt/ros/jazzy/share/rosidl_generator_cpp/cmake)
[0.966s] -- Using all available rosidl_typesupport_c: rosidl_typesupport_fastrtps_c;rosidl_typesupport_introspection_c
[0.993s] -- Using all available rosidl_typesupport_cpp: rosidl_typesupport_fastrtps_cpp;rosidl_typesupport_introspection_cpp
[1.247s] -- Found rclcpp: 28.1.5 (/opt/ros/jazzy/share/rclcpp/cmake)
[1.317s] -- Found rmw_implementation_cmake: 7.3.1 (/opt/ros/jazzy/share/rmw_implementation_cmake/cmake)
[1.323s] -- Found rmw_fastrtps_cpp: 8.4.1 (/opt/ros/jazzy/share/rmw_fastrtps_cpp/cmake)
[1.445s] -- Found OpenSSL: /usr/lib/x86_64-linux-gnu/libcrypto.so (found version "3.0.13")  
[1.468s] -- Found FastRTPS: /opt/ros/jazzy/include (Required is at least version "2.13") 
[1.495s] -- Using RMW implementation 'rmw_fastrtps_cpp' as default
[1.583s] -- Found rclcpp_action: 28.1.5 (/opt/ros/jazzy/share/rclcpp_action/cmake)
[1.608s] -- Found ament_cmake_gtest: 2.5.2 (/opt/ros/jazzy/share/ament_cmake_gtest/cmake)
[1.613s] -- Found ament_lint_auto: 0.17.1 (/opt/ros/jazzy/share/ament_lint_auto/cmake)
[1.740s] -- Added test 'copyright' to check source files copyright and LICENSE
[1.742s] -- Added test 'cppcheck' to perform static code analysis on C / C++ code
[1.742s] -- Configured cppcheck include dirs: 
[1.742s] -- Configured cppcheck exclude dirs and/or files: 
[1.744s] -- Added test 'cpplint' to check C / C++ code against the Google style
[1.744s] -- Configured cpplint exclude dirs and/or files: 
[1.745s] -- Added test 'flake8' to check Python code syntax and style conventions
[1.745s] -- Configured 'flake8' exclude dirs and/or files: 
[1.746s] -- Added test 'lint_cmake' to check CMake code style
[1.747s] -- Added test 'pep257' to check Python code against some of the docstring style conventions in PEP 257
[1.749s] -- Added test 'uncrustify' to check C / C++ code style
[1.749s] -- Configured uncrustify additional arguments: 
[1.749s] -- Added test 'xmllint' to check XML markup files
[1.751s] -- Configuring done (1.7s)
[1.782s] -- Generating done (0.0s)
[1.793s] -- Build files have been written to: /root/ros2_ws/build/gz_ros2_control_demos
[1.804s] Invoked command in '/root/ros2_ws/build/gz_ros2_control_demos' returned '0': AMENT_PREFIX_PATH=/root/ros2_ws/install/gz_ros2_control:${AMENT_PREFIX_PATH} CMAKE_PREFIX_PATH=/root/ros2_ws/install/gz_ros2_control:/opt/ros/jazzy/opt/gz_sim_vendor:/opt/ros/jazzy/opt/gz_sensors_vendor:/opt/ros/jazzy/opt/gz_physics_vendor:/opt/ros/jazzy/opt/sdformat_vendor:/opt/ros/jazzy/opt/gz_gui_vendor:/opt/ros/jazzy/opt/gz_transport_vendor:/opt/ros/jazzy/opt/gz_rendering_vendor:/opt/ros/jazzy/opt/gz_plugin_vendor:/opt/ros/jazzy/opt/gz_fuel_tools_vendor:/opt/ros/jazzy/opt/gz_msgs_vendor:/opt/ros/jazzy/opt/gz_common_vendor:/opt/ros/jazzy/opt/gz_math_vendor:/opt/ros/jazzy/opt/gz_utils_vendor:/opt/ros/jazzy/opt/gz_tools_vendor:/opt/ros/jazzy/opt/gz_ogre_next_vendor:/opt/ros/jazzy/opt/gz_dartsim_vendor:/opt/ros/jazzy/opt/gz_cmake_vendor:/opt/ros/jazzy LD_LIBRARY_PATH=/root/ros2_ws/install/gz_ros2_control/lib:${LD_LIBRARY_PATH} /usr/bin/cmake /root/ros2_ws/src/gz_ros2_control/gz_ros2_control_demos -DCMAKE_INSTALL_PREFIX=/root/ros2_ws/install/gz_ros2_control_demos
[1.805s] Invoking command in '/root/ros2_ws/build/gz_ros2_control_demos': AMENT_PREFIX_PATH=/root/ros2_ws/install/gz_ros2_control:${AMENT_PREFIX_PATH} CMAKE_PREFIX_PATH=/root/ros2_ws/install/gz_ros2_control:/opt/ros/jazzy/opt/gz_sim_vendor:/opt/ros/jazzy/opt/gz_sensors_vendor:/opt/ros/jazzy/opt/gz_physics_vendor:/opt/ros/jazzy/opt/sdformat_vendor:/opt/ros/jazzy/opt/gz_gui_vendor:/opt/ros/jazzy/opt/gz_transport_vendor:/opt/ros/jazzy/opt/gz_rendering_vendor:/opt/ros/jazzy/opt/gz_plugin_vendor:/opt/ros/jazzy/opt/gz_fuel_tools_vendor:/opt/ros/jazzy/opt/gz_msgs_vendor:/opt/ros/jazzy/opt/gz_common_vendor:/opt/ros/jazzy/opt/gz_math_vendor:/opt/ros/jazzy/opt/gz_utils_vendor:/opt/ros/jazzy/opt/gz_tools_vendor:/opt/ros/jazzy/opt/gz_ogre_next_vendor:/opt/ros/jazzy/opt/gz_dartsim_vendor:/opt/ros/jazzy/opt/gz_cmake_vendor:/opt/ros/jazzy LD_LIBRARY_PATH=/root/ros2_ws/install/gz_ros2_control/lib:${LD_LIBRARY_PATH} /usr/bin/cmake --build /root/ros2_ws/build/gz_ros2_control_demos -- -j20 -l20
[1.871s] [  7%] [32mBuilding CXX object CMakeFiles/example_gripper.dir/examples/example_gripper.cpp.o[0m
[1.875s] [ 14%] [32mBuilding CXX object CMakeFiles/example_position.dir/examples/example_position.cpp.o[0m
[1.875s] [ 21%] [32mBuilding CXX object CMakeFiles/example_effort.dir/examples/example_position.cpp.o[0m
[1.876s] [ 28%] [32mBuilding CXX object CMakeFiles/example_velocity.dir/examples/example_position.cpp.o[0m
[1.884s] [ 42%] [32mBuilding CXX object CMakeFiles/example_diff_drive.dir/examples/example_diff_drive.cpp.o[0m
[1.885s] [ 42%] [32mBuilding CXX object CMakeFiles/example_tricycle_drive.dir/examples/example_tricycle_drive.cpp.o[0m
[1.885s] [ 50%] [32mBuilding CXX object CMakeFiles/example_ackermann_drive.dir/examples/example_ackermann_drive.cpp.o[0m
[7.155s] [ 57%] [32m[1mLinking CXX executable example_gripper[0m
[7.187s] [ 64%] [32m[1mLinking CXX executable example_ackermann_drive[0m
[7.529s] [ 71%] [32m[1mLinking CXX executable example_diff_drive[0m
[7.529s] [ 71%] Built target example_gripper
[7.603s] [ 71%] Built target example_ackermann_drive
[7.910s] [ 71%] Built target example_diff_drive
[8.620s] [ 78%] [32m[1mLinking CXX executable example_tricycle_drive[0m
[8.785s] [ 78%] Built target example_tricycle_drive
[9.185s] [ 85%] [32m[1mLinking CXX executable example_velocity[0m
[9.270s] [ 92%] [32m[1mLinking CXX executable example_effort[0m
[9.466s] [ 92%] Built target example_velocity
[9.507s] [ 92%] Built target example_effort
[10.301s] [100%] [32m[1mLinking CXX executable example_position[0m
[10.513s] [100%] Built target example_position
[10.531s] Invoked command in '/root/ros2_ws/build/gz_ros2_control_demos' returned '0': AMENT_PREFIX_PATH=/root/ros2_ws/install/gz_ros2_control:${AMENT_PREFIX_PATH} CMAKE_PREFIX_PATH=/root/ros2_ws/install/gz_ros2_control:/opt/ros/jazzy/opt/gz_sim_vendor:/opt/ros/jazzy/opt/gz_sensors_vendor:/opt/ros/jazzy/opt/gz_physics_vendor:/opt/ros/jazzy/opt/sdformat_vendor:/opt/ros/jazzy/opt/gz_gui_vendor:/opt/ros/jazzy/opt/gz_transport_vendor:/opt/ros/jazzy/opt/gz_rendering_vendor:/opt/ros/jazzy/opt/gz_plugin_vendor:/opt/ros/jazzy/opt/gz_fuel_tools_vendor:/opt/ros/jazzy/opt/gz_msgs_vendor:/opt/ros/jazzy/opt/gz_common_vendor:/opt/ros/jazzy/opt/gz_math_vendor:/opt/ros/jazzy/opt/gz_utils_vendor:/opt/ros/jazzy/opt/gz_tools_vendor:/opt/ros/jazzy/opt/gz_ogre_next_vendor:/opt/ros/jazzy/opt/gz_dartsim_vendor:/opt/ros/jazzy/opt/gz_cmake_vendor:/opt/ros/jazzy LD_LIBRARY_PATH=/root/ros2_ws/install/gz_ros2_control/lib:${LD_LIBRARY_PATH} /usr/bin/cmake --build /root/ros2_ws/build/gz_ros2_control_demos -- -j20 -l20
[10.533s] Invoking command in '/root/ros2_ws/build/gz_ros2_control_demos': AMENT_PREFIX_PATH=/root/ros2_ws/install/gz_ros2_control:${AMENT_PREFIX_PATH} CMAKE_PREFIX_PATH=/root/ros2_ws/install/gz_ros2_control:/opt/ros/jazzy/opt/gz_sim_vendor:/opt/ros/jazzy/opt/gz_sensors_vendor:/opt/ros/jazzy/opt/gz_physics_vendor:/opt/ros/jazzy/opt/sdformat_vendor:/opt/ros/jazzy/opt/gz_gui_vendor:/opt/ros/jazzy/opt/gz_transport_vendor:/opt/ros/jazzy/opt/gz_rendering_vendor:/opt/ros/jazzy/opt/gz_plugin_vendor:/opt/ros/jazzy/opt/gz_fuel_tools_vendor:/opt/ros/jazzy/opt/gz_msgs_vendor:/opt/ros/jazzy/opt/gz_common_vendor:/opt/ros/jazzy/opt/gz_math_vendor:/opt/ros/jazzy/opt/gz_utils_vendor:/opt/ros/jazzy/opt/gz_tools_vendor:/opt/ros/jazzy/opt/gz_ogre_next_vendor:/opt/ros/jazzy/opt/gz_dartsim_vendor:/opt/ros/jazzy/opt/gz_cmake_vendor:/opt/ros/jazzy LD_LIBRARY_PATH=/root/ros2_ws/install/gz_ros2_control/lib:${LD_LIBRARY_PATH} /usr/bin/cmake --install /root/ros2_ws/build/gz_ros2_control_demos
[10.547s] -- Install configuration: ""
[10.548s] -- Installing: /root/ros2_ws/install/gz_ros2_control_demos/share/gz_ros2_control_demos//launch
[10.548s] -- Installing: /root/ros2_ws/install/gz_ros2_control_demos/share/gz_ros2_control_demos//launch/ackermann_drive_example.launch.py
[10.548s] -- Installing: /root/ros2_ws/install/gz_ros2_control_demos/share/gz_ros2_control_demos//launch/cart_example_velocity.launch.py
[10.549s] -- Installing: /root/ros2_ws/install/gz_ros2_control_demos/share/gz_ros2_control_demos//launch/diff_drive_example_namespaced.launch.py
[10.549s] -- Installing: /root/ros2_ws/install/gz_ros2_control_demos/share/gz_ros2_control_demos//launch/tricycle_drive_example.launch.py
[10.549s] -- Installing: /root/ros2_ws/install/gz_ros2_control_demos/share/gz_ros2_control_demos//launch/pendulum_example_effort.launch.py
[10.549s] -- Installing: /root/ros2_ws/install/gz_ros2_control_demos/share/gz_ros2_control_demos//launch/diff_drive_example.launch.py
[10.549s] -- Installing: /root/ros2_ws/install/gz_ros2_control_demos/share/gz_ros2_control_demos//launch/pendulum_example_position.launch.py
[10.550s] -- Installing: /root/ros2_ws/install/gz_ros2_control_demos/share/gz_ros2_control_demos//launch/gripper_mimic_joint_example_effort.launch.py
[10.550s] -- Installing: /root/ros2_ws/install/gz_ros2_control_demos/share/gz_ros2_control_demos//launch/gripper_mimic_joint_example_effort.launch.xml
[10.550s] -- Installing: /root/ros2_ws/install/gz_ros2_control_demos/share/gz_ros2_control_demos//launch/cart_example_position.launch.py
[10.550s] -- Installing: /root/ros2_ws/install/gz_ros2_control_demos/share/gz_ros2_control_demos//launch/cart_example_effort.launch.py
[10.551s] -- Installing: /root/ros2_ws/install/gz_ros2_control_demos/share/gz_ros2_control_demos//launch/gripper_mimic_joint_example_position.launch.xml
[10.551s] -- Installing: /root/ros2_ws/install/gz_ros2_control_demos/share/gz_ros2_control_demos//launch/gripper_mimic_joint_example_position.launch.py
[10.551s] -- Installing: /root/ros2_ws/install/gz_ros2_control_demos/share/gz_ros2_control_demos//launch/mecanum_drive_example.launch.py
[10.551s] -- Installing: /root/ros2_ws/install/gz_ros2_control_demos/share/gz_ros2_control_demos//config
[10.551s] -- Installing: /root/ros2_ws/install/gz_ros2_control_demos/share/gz_ros2_control_demos//config/cart_controller_effort.yaml
[10.552s] -- Installing: /root/ros2_ws/install/gz_ros2_control_demos/share/gz_ros2_control_demos//config/mecanum_drive_controller.yaml
[10.552s] -- Installing: /root/ros2_ws/install/gz_ros2_control_demos/share/gz_ros2_control_demos//config/cart_controller_position.yaml
[10.552s] -- Installing: /root/ros2_ws/install/gz_ros2_control_demos/share/gz_ros2_control_demos//config/cart_controller_velocity.yaml
[10.552s] -- Installing: /root/ros2_ws/install/gz_ros2_control_demos/share/gz_ros2_control_demos//config/gripper_controller_position.yaml
[10.552s] -- Installing: /root/ros2_ws/install/gz_ros2_control_demos/share/gz_ros2_control_demos//config/tricycle_drive_controller.yaml
[10.552s] -- Installing: /root/ros2_ws/install/gz_ros2_control_demos/share/gz_ros2_control_demos//config/diff_drive_controller.yaml
[10.552s] -- Installing: /root/ros2_ws/install/gz_ros2_control_demos/share/gz_ros2_control_demos//config/ackermann_drive_controller.yaml
[10.553s] -- Installing: /root/ros2_ws/install/gz_ros2_control_demos/share/gz_ros2_control_demos//config/gripper_controller_effort.yaml
[10.553s] -- Installing: /root/ros2_ws/install/gz_ros2_control_demos/share/gz_ros2_control_demos//sdf
[10.553s] -- Installing: /root/ros2_ws/install/gz_ros2_control_demos/share/gz_ros2_control_demos//sdf/test_ackermann_drive.xacro.sdf
[10.553s] -- Installing: /root/ros2_ws/install/gz_ros2_control_demos/share/gz_ros2_control_demos//sdf/test_diff_drive.xacro.sdf
[10.553s] -- Installing: /root/ros2_ws/install/gz_ros2_control_demos/share/gz_ros2_control_demos//urdf
[10.553s] -- Installing: /root/ros2_ws/install/gz_ros2_control_demos/share/gz_ros2_control_demos//urdf/test_cart_effort.xacro.urdf
[10.554s] -- Installing: /root/ros2_ws/install/gz_ros2_control_demos/share/gz_ros2_control_demos//urdf/test_gripper_mimic_joint_effort.xacro.urdf
[10.554s] -- Installing: /root/ros2_ws/install/gz_ros2_control_demos/share/gz_ros2_control_demos//urdf/test_mecanum_drive.xacro.urdf
[10.554s] -- Installing: /root/ros2_ws/install/gz_ros2_control_demos/share/gz_ros2_control_demos//urdf/test_cart_velocity.xacro.urdf
[10.554s] -- Installing: /root/ros2_ws/install/gz_ros2_control_demos/share/gz_ros2_control_demos//urdf/test_ackermann_drive.xacro.urdf
[10.554s] -- Installing: /root/ros2_ws/install/gz_ros2_control_demos/share/gz_ros2_control_demos//urdf/test_tricycle_drive.xacro.urdf
[10.554s] -- Installing: /root/ros2_ws/install/gz_ros2_control_demos/share/gz_ros2_control_demos//urdf/test_cart_position.xacro.urdf
[10.555s] -- Installing: /root/ros2_ws/install/gz_ros2_control_demos/share/gz_ros2_control_demos//urdf/test_pendulum_position.xacro.urdf
[10.555s] -- Installing: /root/ros2_ws/install/gz_ros2_control_demos/share/gz_ros2_control_demos//urdf/test_pendulum_effort.xacro.urdf
[10.555s] -- Installing: /root/ros2_ws/install/gz_ros2_control_demos/share/gz_ros2_control_demos//urdf/test_diff_drive.xacro.urdf
[10.555s] -- Installing: /root/ros2_ws/install/gz_ros2_control_demos/share/gz_ros2_control_demos//urdf/test_gripper_mimic_joint_position.xacro.urdf
[10.555s] -- Installing: /root/ros2_ws/install/gz_ros2_control_demos/lib/gz_ros2_control_demos/example_position
[10.557s] -- Set non-toolchain portion of runtime path of "/root/ros2_ws/install/gz_ros2_control_demos/lib/gz_ros2_control_demos/example_position" to ""
[10.557s] -- Installing: /root/ros2_ws/install/gz_ros2_control_demos/lib/gz_ros2_control_demos/example_velocity
[10.559s] -- Set non-toolchain portion of runtime path of "/root/ros2_ws/install/gz_ros2_control_demos/lib/gz_ros2_control_demos/example_velocity" to ""
[10.559s] -- Installing: /root/ros2_ws/install/gz_ros2_control_demos/lib/gz_ros2_control_demos/example_effort
[10.561s] -- Set non-toolchain portion of runtime path of "/root/ros2_ws/install/gz_ros2_control_demos/lib/gz_ros2_control_demos/example_effort" to ""
[10.562s] -- Installing: /root/ros2_ws/install/gz_ros2_control_demos/lib/gz_ros2_control_demos/example_diff_drive
[10.563s] -- Set non-toolchain portion of runtime path of "/root/ros2_ws/install/gz_ros2_control_demos/lib/gz_ros2_control_demos/example_diff_drive" to ""
[10.564s] -- Installing: /root/ros2_ws/install/gz_ros2_control_demos/lib/gz_ros2_control_demos/example_tricycle_drive
[10.565s] -- Set non-toolchain portion of runtime path of "/root/ros2_ws/install/gz_ros2_control_demos/lib/gz_ros2_control_demos/example_tricycle_drive" to ""
[10.566s] -- Installing: /root/ros2_ws/install/gz_ros2_control_demos/lib/gz_ros2_control_demos/example_ackermann_drive
[10.568s] -- Set non-toolchain portion of runtime path of "/root/ros2_ws/install/gz_ros2_control_demos/lib/gz_ros2_control_demos/example_ackermann_drive" to ""
[10.568s] -- Installing: /root/ros2_ws/install/gz_ros2_control_demos/lib/gz_ros2_control_demos/example_gripper
[10.570s] -- Set non-toolchain portion of runtime path of "/root/ros2_ws/install/gz_ros2_control_demos/lib/gz_ros2_control_demos/example_gripper" to ""
[10.570s] -- Installing: /root/ros2_ws/install/gz_ros2_control_demos/share/ament_index/resource_index/package_run_dependencies/gz_ros2_control_demos
[10.570s] -- Installing: /root/ros2_ws/install/gz_ros2_control_demos/share/ament_index/resource_index/parent_prefix_path/gz_ros2_control_demos
[10.571s] -- Installing: /root/ros2_ws/install/gz_ros2_control_demos/share/gz_ros2_control_demos/environment/ament_prefix_path.sh
[10.571s] -- Installing: /root/ros2_ws/install/gz_ros2_control_demos/share/gz_ros2_control_demos/environment/ament_prefix_path.dsv
[10.571s] -- Installing: /root/ros2_ws/install/gz_ros2_control_demos/share/gz_ros2_control_demos/environment/path.sh
[10.571s] -- Installing: /root/ros2_ws/install/gz_ros2_control_demos/share/gz_ros2_control_demos/environment/path.dsv
[10.571s] -- Installing: /root/ros2_ws/install/gz_ros2_control_demos/share/gz_ros2_control_demos/local_setup.bash
[10.572s] -- Installing: /root/ros2_ws/install/gz_ros2_control_demos/share/gz_ros2_control_demos/local_setup.sh
[10.572s] -- Installing: /root/ros2_ws/install/gz_ros2_control_demos/share/gz_ros2_control_demos/local_setup.zsh
[10.572s] -- Installing: /root/ros2_ws/install/gz_ros2_control_demos/share/gz_ros2_control_demos/local_setup.dsv
[10.572s] -- Installing: /root/ros2_ws/install/gz_ros2_control_demos/share/gz_ros2_control_demos/package.dsv
[10.572s] -- Installing: /root/ros2_ws/install/gz_ros2_control_demos/share/ament_index/resource_index/packages/gz_ros2_control_demos
[10.573s] -- Installing: /root/ros2_ws/install/gz_ros2_control_demos/share/gz_ros2_control_demos/cmake/gz_ros2_control_demosConfig.cmake
[10.573s] -- Installing: /root/ros2_ws/install/gz_ros2_control_demos/share/gz_ros2_control_demos/cmake/gz_ros2_control_demosConfig-version.cmake
[10.573s] -- Installing: /root/ros2_ws/install/gz_ros2_control_demos/share/gz_ros2_control_demos/package.xml
[10.576s] Invoked command in '/root/ros2_ws/build/gz_ros2_control_demos' returned '0': AMENT_PREFIX_PATH=/root/ros2_ws/install/gz_ros2_control:${AMENT_PREFIX_PATH} CMAKE_PREFIX_PATH=/root/ros2_ws/install/gz_ros2_control:/opt/ros/jazzy/opt/gz_sim_vendor:/opt/ros/jazzy/opt/gz_sensors_vendor:/opt/ros/jazzy/opt/gz_physics_vendor:/opt/ros/jazzy/opt/sdformat_vendor:/opt/ros/jazzy/opt/gz_gui_vendor:/opt/ros/jazzy/opt/gz_transport_vendor:/opt/ros/jazzy/opt/gz_rendering_vendor:/opt/ros/jazzy/opt/gz_plugin_vendor:/opt/ros/jazzy/opt/gz_fuel_tools_vendor:/opt/ros/jazzy/opt/gz_msgs_vendor:/opt/ros/jazzy/opt/gz_common_vendor:/opt/ros/jazzy/opt/gz_math_vendor:/opt/ros/jazzy/opt/gz_utils_vendor:/opt/ros/jazzy/opt/gz_tools_vendor:/opt/ros/jazzy/opt/gz_ogre_next_vendor:/opt/ros/jazzy/opt/gz_dartsim_vendor:/opt/ros/jazzy/opt/gz_cmake_vendor:/opt/ros/jazzy LD_LIBRARY_PATH=/root/ros2_ws/install/gz_ros2_control/lib:${LD_LIBRARY_PATH} /usr/bin/cmake --install /root/ros2_ws/build/gz_ros2_control_demos
