[0.029s] Invoking command in '/root/ros2_ws/build/moveit_ros_perception': AMENT_PREFIX_PATH=/root/ros2_ws/install/moveit_ros_planning:/root/ros2_ws/install/moveit_ros_occupancy_map_monitor:/root/ros2_ws/install/moveit_core:/root/ros2_ws/install/moveit_resources_panda_moveit_config:/root/ros2_ws/install/moveit_resources_pr2_description:/root/ros2_ws/install/moveit_resources_panda_description:/root/ros2_ws/install/moveit_msgs:/root/ros2_ws/install/moveit_configs_utils:/root/ros2_ws/install/moveit_common:${AMENT_PREFIX_PATH} CMAKE_PREFIX_PATH=/root/ros2_ws/install/moveit_ros_planning:/root/ros2_ws/install/moveit_ros_occupancy_map_monitor:/root/ros2_ws/install/moveit_core:/root/ros2_ws/install/moveit_resources_panda_moveit_config:/root/ros2_ws/install/moveit_resources_pr2_description:/root/ros2_ws/install/moveit_resources_panda_description:/root/ros2_ws/install/moveit_msgs:/root/ros2_ws/install/moveit_common:/opt/ros/jazzy/opt/gz_sim_vendor:/opt/ros/jazzy/opt/gz_sensors_vendor:/opt/ros/jazzy/opt/gz_physics_vendor:/opt/ros/jazzy/opt/sdformat_vendor:/opt/ros/jazzy/opt/gz_gui_vendor:/opt/ros/jazzy/opt/gz_transport_vendor:/opt/ros/jazzy/opt/gz_rendering_vendor:/opt/ros/jazzy/opt/gz_plugin_vendor:/opt/ros/jazzy/opt/gz_fuel_tools_vendor:/opt/ros/jazzy/opt/gz_msgs_vendor:/opt/ros/jazzy/opt/gz_common_vendor:/opt/ros/jazzy/opt/gz_math_vendor:/opt/ros/jazzy/opt/gz_utils_vendor:/opt/ros/jazzy/opt/gz_tools_vendor:/opt/ros/jazzy/opt/gz_ogre_next_vendor:/opt/ros/jazzy/opt/gz_dartsim_vendor:/opt/ros/jazzy/opt/gz_cmake_vendor:/opt/ros/jazzy LD_LIBRARY_PATH=/root/ros2_ws/install/moveit_ros_planning/lib:/root/ros2_ws/install/moveit_ros_occupancy_map_monitor/lib:/root/ros2_ws/install/moveit_core/lib:/root/ros2_ws/install/moveit_msgs/lib:${LD_LIBRARY_PATH} PATH=/root/ros2_ws/install/moveit_core/bin:${PATH} PYTHONPATH=/root/ros2_ws/install/moveit_msgs/lib/python3.12/site-packages:/root/ros2_ws/install/moveit_configs_utils/lib/python3.12/site-packages:${PYTHONPATH} /usr/bin/cmake /root/ros2_ws/src/moveit2/moveit_ros/perception -DCMAKE_INSTALL_PREFIX=/root/ros2_ws/install/moveit_ros_perception
[0.095s] -- The CXX compiler identification is GNU 13.3.0
[0.117s] -- Detecting CXX compiler ABI info
[0.230s] -- Detecting CXX compiler ABI info - done
[0.243s] -- Check for working CXX compiler: /usr/bin/c++ - skipped
[0.243s] -- Detecting CXX compile features
[0.243s] -- Detecting CXX compile features - done
[0.245s] -- Found moveit_common: 2.12.0 (/root/ros2_ws/install/moveit_common/share/moveit_common/cmake)
[0.250s] -- Found ament_cmake: 2.5.2 (/opt/ros/jazzy/share/ament_cmake/cmake)
[0.448s] -- Found Python3: /usr/bin/python3 (found version "3.12.3") found components: Interpreter 
[0.706s] [0mmoveit_ros_perception: You did not request a specific build type: Choosing 'Release' for maximum performance[0m
[0.728s] -- Found OpenGL: /usr/lib/x86_64-linux-gnu/libOpenGL.so   
[0.791s] -- Found GLEW: /usr/include (found version "2.2.0") 
[0.861s] -- Found GLUT: /usr/lib/x86_64-linux-gnu/libglut.so  
[0.867s] -- Found cv_bridge: 4.1.0 (/opt/ros/jazzy/share/cv_bridge/cmake)
[0.946s] -- Found rosidl_generator_c: 4.6.4 (/opt/ros/jazzy/share/rosidl_generator_c/cmake)
[0.969s] -- Found rosidl_generator_cpp: 4.6.4 (/opt/ros/jazzy/share/rosidl_generator_cpp/cmake)
[0.996s] -- Using all available rosidl_typesupport_c: rosidl_typesupport_fastrtps_c;rosidl_typesupport_introspection_c
[1.031s] -- Using all available rosidl_typesupport_cpp: rosidl_typesupport_fastrtps_cpp;rosidl_typesupport_introspection_cpp
[1.227s] -- Found rmw_implementation_cmake: 7.3.1 (/opt/ros/jazzy/share/rmw_implementation_cmake/cmake)
[1.238s] -- Found rmw_fastrtps_cpp: 8.4.1 (/opt/ros/jazzy/share/rmw_fastrtps_cpp/cmake)
[1.373s] -- Found OpenSSL: /usr/lib/x86_64-linux-gnu/libcrypto.so (found version "3.0.13")  
[1.392s] -- Found FastRTPS: /opt/ros/jazzy/include (Required is at least version "2.13") 
[1.421s] -- Using RMW implementation 'rmw_fastrtps_cpp' as default
[1.516s] -- Found moveit_core: 2.12.0 (/root/ros2_ws/install/moveit_core/share/moveit_core/cmake)
[1.756s] -- Found Boost: /usr/lib/x86_64-linux-gnu/cmake/Boost-1.83.0/BoostConfig.cmake (found version "1.83.0") found components: chrono date_time filesystem iostreams program_options regex serialization system thread 
[1.852s] -- Found parameter_traits: 0.4.0 (/opt/ros/jazzy/share/parameter_traits/cmake)
[1.877s] -- Found rclcpp_lifecycle: 28.1.5 (/opt/ros/jazzy/share/rclcpp_lifecycle/cmake)
[1.925s] -- Found Boost: /usr/lib/x86_64-linux-gnu/cmake/Boost-1.83.0/BoostConfig.cmake (found version "1.83.0") found components: filesystem 
[2.041s] -- Found Eigen3: TRUE (found version "3.4.0") 
[2.041s] -- Ensuring Eigen3 include directory is part of orocos-kdl CMake target
[2.499s] -- Found image_transport: 5.1.4 (/opt/ros/jazzy/share/image_transport/cmake)
[2.504s] -- Found moveit_ros_occupancy_map_monitor: 2.12.0 (/root/ros2_ws/install/moveit_ros_occupancy_map_monitor/share/moveit_ros_occupancy_map_monitor/cmake)
[2.855s] -- Found OpenMP_CXX: -fopenmp (found version "4.5") 
[2.855s] -- Found OpenMP: TRUE (found version "4.5")  
[2.864s] -- Found OpenCV: /usr (found version "4.6.0") 
[2.869s] -- Found Boost: /usr/lib/x86_64-linux-gnu/cmake/Boost-1.83.0/BoostConfig.cmake (found version "1.83.0") found components: thread 
[2.898s] -- Performing Test COMPILER_HAS_HIDDEN_VISIBILITY
[3.048s] -- Performing Test COMPILER_HAS_HIDDEN_VISIBILITY - Success
[3.049s] -- Performing Test COMPILER_HAS_HIDDEN_INLINE_VISIBILITY
[3.219s] -- Performing Test COMPILER_HAS_HIDDEN_INLINE_VISIBILITY - Success
[3.219s] -- Performing Test COMPILER_HAS_DEPRECATED_ATTR
[3.485s] -- Performing Test COMPILER_HAS_DEPRECATED_ATTR - Success
[3.545s] -- Configuring done (3.5s)
[3.940s] -- Generating done (0.3s)
[4.013s] -- Build files have been written to: /root/ros2_ws/build/moveit_ros_perception
[4.066s] Invoked command in '/root/ros2_ws/build/moveit_ros_perception' returned '0': AMENT_PREFIX_PATH=/root/ros2_ws/install/moveit_ros_planning:/root/ros2_ws/install/moveit_ros_occupancy_map_monitor:/root/ros2_ws/install/moveit_core:/root/ros2_ws/install/moveit_resources_panda_moveit_config:/root/ros2_ws/install/moveit_resources_pr2_description:/root/ros2_ws/install/moveit_resources_panda_description:/root/ros2_ws/install/moveit_msgs:/root/ros2_ws/install/moveit_configs_utils:/root/ros2_ws/install/moveit_common:${AMENT_PREFIX_PATH} CMAKE_PREFIX_PATH=/root/ros2_ws/install/moveit_ros_planning:/root/ros2_ws/install/moveit_ros_occupancy_map_monitor:/root/ros2_ws/install/moveit_core:/root/ros2_ws/install/moveit_resources_panda_moveit_config:/root/ros2_ws/install/moveit_resources_pr2_description:/root/ros2_ws/install/moveit_resources_panda_description:/root/ros2_ws/install/moveit_msgs:/root/ros2_ws/install/moveit_common:/opt/ros/jazzy/opt/gz_sim_vendor:/opt/ros/jazzy/opt/gz_sensors_vendor:/opt/ros/jazzy/opt/gz_physics_vendor:/opt/ros/jazzy/opt/sdformat_vendor:/opt/ros/jazzy/opt/gz_gui_vendor:/opt/ros/jazzy/opt/gz_transport_vendor:/opt/ros/jazzy/opt/gz_rendering_vendor:/opt/ros/jazzy/opt/gz_plugin_vendor:/opt/ros/jazzy/opt/gz_fuel_tools_vendor:/opt/ros/jazzy/opt/gz_msgs_vendor:/opt/ros/jazzy/opt/gz_common_vendor:/opt/ros/jazzy/opt/gz_math_vendor:/opt/ros/jazzy/opt/gz_utils_vendor:/opt/ros/jazzy/opt/gz_tools_vendor:/opt/ros/jazzy/opt/gz_ogre_next_vendor:/opt/ros/jazzy/opt/gz_dartsim_vendor:/opt/ros/jazzy/opt/gz_cmake_vendor:/opt/ros/jazzy LD_LIBRARY_PATH=/root/ros2_ws/install/moveit_ros_planning/lib:/root/ros2_ws/install/moveit_ros_occupancy_map_monitor/lib:/root/ros2_ws/install/moveit_core/lib:/root/ros2_ws/install/moveit_msgs/lib:${LD_LIBRARY_PATH} PATH=/root/ros2_ws/install/moveit_core/bin:${PATH} PYTHONPATH=/root/ros2_ws/install/moveit_msgs/lib/python3.12/site-packages:/root/ros2_ws/install/moveit_configs_utils/lib/python3.12/site-packages:${PYTHONPATH} /usr/bin/cmake /root/ros2_ws/src/moveit2/moveit_ros/perception -DCMAKE_INSTALL_PREFIX=/root/ros2_ws/install/moveit_ros_perception
[4.067s] Invoking command in '/root/ros2_ws/build/moveit_ros_perception': AMENT_PREFIX_PATH=/root/ros2_ws/install/moveit_ros_planning:/root/ros2_ws/install/moveit_ros_occupancy_map_monitor:/root/ros2_ws/install/moveit_core:/root/ros2_ws/install/moveit_resources_panda_moveit_config:/root/ros2_ws/install/moveit_resources_pr2_description:/root/ros2_ws/install/moveit_resources_panda_description:/root/ros2_ws/install/moveit_msgs:/root/ros2_ws/install/moveit_configs_utils:/root/ros2_ws/install/moveit_common:${AMENT_PREFIX_PATH} CMAKE_PREFIX_PATH=/root/ros2_ws/install/moveit_ros_planning:/root/ros2_ws/install/moveit_ros_occupancy_map_monitor:/root/ros2_ws/install/moveit_core:/root/ros2_ws/install/moveit_resources_panda_moveit_config:/root/ros2_ws/install/moveit_resources_pr2_description:/root/ros2_ws/install/moveit_resources_panda_description:/root/ros2_ws/install/moveit_msgs:/root/ros2_ws/install/moveit_common:/opt/ros/jazzy/opt/gz_sim_vendor:/opt/ros/jazzy/opt/gz_sensors_vendor:/opt/ros/jazzy/opt/gz_physics_vendor:/opt/ros/jazzy/opt/sdformat_vendor:/opt/ros/jazzy/opt/gz_gui_vendor:/opt/ros/jazzy/opt/gz_transport_vendor:/opt/ros/jazzy/opt/gz_rendering_vendor:/opt/ros/jazzy/opt/gz_plugin_vendor:/opt/ros/jazzy/opt/gz_fuel_tools_vendor:/opt/ros/jazzy/opt/gz_msgs_vendor:/opt/ros/jazzy/opt/gz_common_vendor:/opt/ros/jazzy/opt/gz_math_vendor:/opt/ros/jazzy/opt/gz_utils_vendor:/opt/ros/jazzy/opt/gz_tools_vendor:/opt/ros/jazzy/opt/gz_ogre_next_vendor:/opt/ros/jazzy/opt/gz_dartsim_vendor:/opt/ros/jazzy/opt/gz_cmake_vendor:/opt/ros/jazzy LD_LIBRARY_PATH=/root/ros2_ws/install/moveit_ros_planning/lib:/root/ros2_ws/install/moveit_ros_occupancy_map_monitor/lib:/root/ros2_ws/install/moveit_core/lib:/root/ros2_ws/install/moveit_msgs/lib:${LD_LIBRARY_PATH} PATH=/root/ros2_ws/install/moveit_core/bin:${PATH} PYTHONPATH=/root/ros2_ws/install/moveit_msgs/lib/python3.12/site-packages:/root/ros2_ws/install/moveit_configs_utils/lib/python3.12/site-packages:${PYTHONPATH} /usr/bin/cmake --build /root/ros2_ws/build/moveit_ros_perception -- -j20 -l20
[4.418s] [  5%] [32mBuilding CXX object lazy_free_space_updater/CMakeFiles/moveit_lazy_free_space_updater.dir/src/lazy_free_space_updater.cpp.o[0m
[4.468s] [ 10%] [32mBuilding CXX object point_containment_filter/CMakeFiles/moveit_point_containment_filter.dir/src/shape_mask.cpp.o[0m
[4.481s] [ 15%] [32mBuilding CXX object mesh_filter/CMakeFiles/moveit_mesh_filter.dir/src/gl_mesh.cpp.o[0m
[4.481s] [ 20%] [32mBuilding CXX object semantic_world/CMakeFiles/moveit_semantic_world.dir/src/semantic_world.cpp.o[0m
[4.518s] [ 25%] [32mBuilding CXX object mesh_filter/CMakeFiles/moveit_mesh_filter.dir/src/mesh_filter_base.cpp.o[0m
[4.518s] [ 35%] [32mBuilding CXX object mesh_filter/CMakeFiles/moveit_mesh_filter.dir/src/stereo_camera_model.cpp.o[0m
[4.520s] [ 30%] [32mBuilding CXX object mesh_filter/CMakeFiles/moveit_mesh_filter.dir/src/sensor_model.cpp.o[0m
[4.560s] [ 40%] [32mBuilding CXX object mesh_filter/CMakeFiles/moveit_mesh_filter.dir/src/gl_renderer.cpp.o[0m
[18.541s] [ 45%] [32m[1mLinking CXX shared library libmoveit_lazy_free_space_updater.so[0m
[20.453s] [ 45%] Built target moveit_lazy_free_space_updater
[25.271s] [ 50%] [32m[1mLinking CXX shared library libmoveit_point_containment_filter.so[0m
[26.144s] [ 50%] Built target moveit_point_containment_filter
[26.313s] [ 55%] [32mBuilding CXX object pointcloud_octomap_updater/CMakeFiles/moveit_pointcloud_octomap_updater_core.dir/src/pointcloud_octomap_updater.cpp.o[0m
[30.561s] [ 60%] [32m[1mLinking CXX shared library libmoveit_mesh_filter.so[0m
[33.204s] [ 60%] Built target moveit_mesh_filter
[68.489s] [ 65%] [32m[1mLinking CXX shared library libmoveit_pointcloud_octomap_updater_core.so[0m
[69.044s] [ 65%] Built target moveit_pointcloud_octomap_updater_core
[73.148s] [ 70%] [32m[1mLinking CXX shared library libmoveit_semantic_world.so[0m
[73.715s] [ 70%] Built target moveit_semantic_world
[73.754s] [ 75%] [32mBuilding CXX object pointcloud_octomap_updater/CMakeFiles/moveit_pointcloud_octomap_updater.dir/src/plugin_init.cpp.o[0m
[78.269s] [ 80%] [32m[1mLinking CXX shared library libmoveit_pointcloud_octomap_updater.so[0m
[78.480s] [ 80%] Built target moveit_pointcloud_octomap_updater
[78.512s] [ 85%] [32mBuilding CXX object depth_image_octomap_updater/CMakeFiles/moveit_depth_image_octomap_updater_core.dir/src/depth_image_octomap_updater.cpp.o[0m
[88.074s] [ 90%] [32m[1mLinking CXX shared library libmoveit_depth_image_octomap_updater_core.so[0m
[88.352s] [ 90%] Built target moveit_depth_image_octomap_updater_core
[88.395s] [ 95%] [32mBuilding CXX object depth_image_octomap_updater/CMakeFiles/moveit_depth_image_octomap_updater.dir/src/updater_plugin.cpp.o[0m
[94.009s] [100%] [32m[1mLinking CXX shared library libmoveit_depth_image_octomap_updater.so[0m
[94.270s] [100%] Built target moveit_depth_image_octomap_updater
[94.295s] Invoked command in '/root/ros2_ws/build/moveit_ros_perception' returned '0': AMENT_PREFIX_PATH=/root/ros2_ws/install/moveit_ros_planning:/root/ros2_ws/install/moveit_ros_occupancy_map_monitor:/root/ros2_ws/install/moveit_core:/root/ros2_ws/install/moveit_resources_panda_moveit_config:/root/ros2_ws/install/moveit_resources_pr2_description:/root/ros2_ws/install/moveit_resources_panda_description:/root/ros2_ws/install/moveit_msgs:/root/ros2_ws/install/moveit_configs_utils:/root/ros2_ws/install/moveit_common:${AMENT_PREFIX_PATH} CMAKE_PREFIX_PATH=/root/ros2_ws/install/moveit_ros_planning:/root/ros2_ws/install/moveit_ros_occupancy_map_monitor:/root/ros2_ws/install/moveit_core:/root/ros2_ws/install/moveit_resources_panda_moveit_config:/root/ros2_ws/install/moveit_resources_pr2_description:/root/ros2_ws/install/moveit_resources_panda_description:/root/ros2_ws/install/moveit_msgs:/root/ros2_ws/install/moveit_common:/opt/ros/jazzy/opt/gz_sim_vendor:/opt/ros/jazzy/opt/gz_sensors_vendor:/opt/ros/jazzy/opt/gz_physics_vendor:/opt/ros/jazzy/opt/sdformat_vendor:/opt/ros/jazzy/opt/gz_gui_vendor:/opt/ros/jazzy/opt/gz_transport_vendor:/opt/ros/jazzy/opt/gz_rendering_vendor:/opt/ros/jazzy/opt/gz_plugin_vendor:/opt/ros/jazzy/opt/gz_fuel_tools_vendor:/opt/ros/jazzy/opt/gz_msgs_vendor:/opt/ros/jazzy/opt/gz_common_vendor:/opt/ros/jazzy/opt/gz_math_vendor:/opt/ros/jazzy/opt/gz_utils_vendor:/opt/ros/jazzy/opt/gz_tools_vendor:/opt/ros/jazzy/opt/gz_ogre_next_vendor:/opt/ros/jazzy/opt/gz_dartsim_vendor:/opt/ros/jazzy/opt/gz_cmake_vendor:/opt/ros/jazzy LD_LIBRARY_PATH=/root/ros2_ws/install/moveit_ros_planning/lib:/root/ros2_ws/install/moveit_ros_occupancy_map_monitor/lib:/root/ros2_ws/install/moveit_core/lib:/root/ros2_ws/install/moveit_msgs/lib:${LD_LIBRARY_PATH} PATH=/root/ros2_ws/install/moveit_core/bin:${PATH} PYTHONPATH=/root/ros2_ws/install/moveit_msgs/lib/python3.12/site-packages:/root/ros2_ws/install/moveit_configs_utils/lib/python3.12/site-packages:${PYTHONPATH} /usr/bin/cmake --build /root/ros2_ws/build/moveit_ros_perception -- -j20 -l20
[94.298s] Invoking command in '/root/ros2_ws/build/moveit_ros_perception': AMENT_PREFIX_PATH=/root/ros2_ws/install/moveit_ros_planning:/root/ros2_ws/install/moveit_ros_occupancy_map_monitor:/root/ros2_ws/install/moveit_core:/root/ros2_ws/install/moveit_resources_panda_moveit_config:/root/ros2_ws/install/moveit_resources_pr2_description:/root/ros2_ws/install/moveit_resources_panda_description:/root/ros2_ws/install/moveit_msgs:/root/ros2_ws/install/moveit_configs_utils:/root/ros2_ws/install/moveit_common:${AMENT_PREFIX_PATH} CMAKE_PREFIX_PATH=/root/ros2_ws/install/moveit_ros_planning:/root/ros2_ws/install/moveit_ros_occupancy_map_monitor:/root/ros2_ws/install/moveit_core:/root/ros2_ws/install/moveit_resources_panda_moveit_config:/root/ros2_ws/install/moveit_resources_pr2_description:/root/ros2_ws/install/moveit_resources_panda_description:/root/ros2_ws/install/moveit_msgs:/root/ros2_ws/install/moveit_common:/opt/ros/jazzy/opt/gz_sim_vendor:/opt/ros/jazzy/opt/gz_sensors_vendor:/opt/ros/jazzy/opt/gz_physics_vendor:/opt/ros/jazzy/opt/sdformat_vendor:/opt/ros/jazzy/opt/gz_gui_vendor:/opt/ros/jazzy/opt/gz_transport_vendor:/opt/ros/jazzy/opt/gz_rendering_vendor:/opt/ros/jazzy/opt/gz_plugin_vendor:/opt/ros/jazzy/opt/gz_fuel_tools_vendor:/opt/ros/jazzy/opt/gz_msgs_vendor:/opt/ros/jazzy/opt/gz_common_vendor:/opt/ros/jazzy/opt/gz_math_vendor:/opt/ros/jazzy/opt/gz_utils_vendor:/opt/ros/jazzy/opt/gz_tools_vendor:/opt/ros/jazzy/opt/gz_ogre_next_vendor:/opt/ros/jazzy/opt/gz_dartsim_vendor:/opt/ros/jazzy/opt/gz_cmake_vendor:/opt/ros/jazzy LD_LIBRARY_PATH=/root/ros2_ws/install/moveit_ros_planning/lib:/root/ros2_ws/install/moveit_ros_occupancy_map_monitor/lib:/root/ros2_ws/install/moveit_core/lib:/root/ros2_ws/install/moveit_msgs/lib:${LD_LIBRARY_PATH} PATH=/root/ros2_ws/install/moveit_core/bin:${PATH} PYTHONPATH=/root/ros2_ws/install/moveit_msgs/lib/python3.12/site-packages:/root/ros2_ws/install/moveit_configs_utils/lib/python3.12/site-packages:${PYTHONPATH} /usr/bin/cmake --install /root/ros2_ws/build/moveit_ros_perception
[94.312s] -- Install configuration: "Release"
[94.313s] -- Installing: /root/ros2_ws/install/moveit_ros_perception/include/moveit_ros_perception
[94.313s] -- Installing: /root/ros2_ws/install/moveit_ros_perception/include/moveit_ros_perception/moveit
[94.313s] -- Installing: /root/ros2_ws/install/moveit_ros_perception/include/moveit_ros_perception/moveit/lazy_free_space_updater
[94.314s] -- Installing: /root/ros2_ws/install/moveit_ros_perception/include/moveit_ros_perception/moveit/lazy_free_space_updater/lazy_free_space_updater.hpp
[94.314s] -- Installing: /root/ros2_ws/install/moveit_ros_perception/include/moveit_ros_perception/moveit/lazy_free_space_updater/lazy_free_space_updater.h
[94.315s] -- Up-to-date: /root/ros2_ws/install/moveit_ros_perception/include/moveit_ros_perception
[94.315s] -- Up-to-date: /root/ros2_ws/install/moveit_ros_perception/include/moveit_ros_perception/moveit
[94.315s] -- Installing: /root/ros2_ws/install/moveit_ros_perception/include/moveit_ros_perception/moveit/point_containment_filter
[94.315s] -- Installing: /root/ros2_ws/install/moveit_ros_perception/include/moveit_ros_perception/moveit/point_containment_filter/shape_mask.h
[94.316s] -- Installing: /root/ros2_ws/install/moveit_ros_perception/include/moveit_ros_perception/moveit/point_containment_filter/shape_mask.hpp
[94.316s] -- Up-to-date: /root/ros2_ws/install/moveit_ros_perception/include/moveit_ros_perception
[94.316s] -- Up-to-date: /root/ros2_ws/install/moveit_ros_perception/include/moveit_ros_perception/moveit
[94.317s] -- Installing: /root/ros2_ws/install/moveit_ros_perception/include/moveit_ros_perception/moveit/pointcloud_octomap_updater
[94.317s] -- Installing: /root/ros2_ws/install/moveit_ros_perception/include/moveit_ros_perception/moveit/pointcloud_octomap_updater/pointcloud_octomap_updater.h
[94.317s] -- Installing: /root/ros2_ws/install/moveit_ros_perception/include/moveit_ros_perception/moveit/pointcloud_octomap_updater/pointcloud_octomap_updater.hpp
[94.318s] -- Up-to-date: /root/ros2_ws/install/moveit_ros_perception/include/moveit_ros_perception
[94.318s] -- Up-to-date: /root/ros2_ws/install/moveit_ros_perception/include/moveit_ros_perception/moveit
[94.318s] -- Installing: /root/ros2_ws/install/moveit_ros_perception/include/moveit_ros_perception/moveit/mesh_filter
[94.319s] -- Installing: /root/ros2_ws/install/moveit_ros_perception/include/moveit_ros_perception/moveit/mesh_filter/transform_provider.h
[94.319s] -- Installing: /root/ros2_ws/install/moveit_ros_perception/include/moveit_ros_perception/moveit/mesh_filter/stereo_camera_model.h
[94.319s] -- Installing: /root/ros2_ws/install/moveit_ros_perception/include/moveit_ros_perception/moveit/mesh_filter/mesh_filter_base.hpp
[94.319s] -- Installing: /root/ros2_ws/install/moveit_ros_perception/include/moveit_ros_perception/moveit/mesh_filter/filter_job.hpp
[94.320s] -- Installing: /root/ros2_ws/install/moveit_ros_perception/include/moveit_ros_perception/moveit/mesh_filter/gl_renderer.h
[94.320s] -- Installing: /root/ros2_ws/install/moveit_ros_perception/include/moveit_ros_perception/moveit/mesh_filter/gl_mesh.h
[94.320s] -- Installing: /root/ros2_ws/install/moveit_ros_perception/include/moveit_ros_perception/moveit/mesh_filter/depth_self_filter_nodelet.h
[94.320s] -- Installing: /root/ros2_ws/install/moveit_ros_perception/include/moveit_ros_perception/moveit/mesh_filter/mesh_filter.h
[94.321s] -- Installing: /root/ros2_ws/install/moveit_ros_perception/include/moveit_ros_perception/moveit/mesh_filter/gl_renderer.hpp
[94.321s] -- Installing: /root/ros2_ws/install/moveit_ros_perception/include/moveit_ros_perception/moveit/mesh_filter/transform_provider.hpp
[94.321s] -- Installing: /root/ros2_ws/install/moveit_ros_perception/include/moveit_ros_perception/moveit/mesh_filter/stereo_camera_model.hpp
[94.321s] -- Installing: /root/ros2_ws/install/moveit_ros_perception/include/moveit_ros_perception/moveit/mesh_filter/filter_job.h
[94.321s] -- Installing: /root/ros2_ws/install/moveit_ros_perception/include/moveit_ros_perception/moveit/mesh_filter/sensor_model.hpp
[94.321s] -- Installing: /root/ros2_ws/install/moveit_ros_perception/include/moveit_ros_perception/moveit/mesh_filter/mesh_filter_base.h
[94.321s] -- Installing: /root/ros2_ws/install/moveit_ros_perception/include/moveit_ros_perception/moveit/mesh_filter/mesh_filter.hpp
[94.322s] -- Installing: /root/ros2_ws/install/moveit_ros_perception/include/moveit_ros_perception/moveit/mesh_filter/depth_self_filter_nodelet.hpp
[94.322s] -- Installing: /root/ros2_ws/install/moveit_ros_perception/include/moveit_ros_perception/moveit/mesh_filter/sensor_model.h
[94.322s] -- Installing: /root/ros2_ws/install/moveit_ros_perception/include/moveit_ros_perception/moveit/mesh_filter/gl_mesh.hpp
[94.322s] -- Installing: /root/ros2_ws/install/moveit_ros_perception/include/moveit_ros_perception/moveit_mesh_filter_export.h
[94.322s] -- Up-to-date: /root/ros2_ws/install/moveit_ros_perception/include/moveit_ros_perception
[94.322s] -- Up-to-date: /root/ros2_ws/install/moveit_ros_perception/include/moveit_ros_perception/moveit
[94.323s] -- Installing: /root/ros2_ws/install/moveit_ros_perception/include/moveit_ros_perception/moveit/depth_image_octomap_updater
[94.323s] -- Installing: /root/ros2_ws/install/moveit_ros_perception/include/moveit_ros_perception/moveit/depth_image_octomap_updater/depth_image_octomap_updater.hpp
[94.323s] -- Installing: /root/ros2_ws/install/moveit_ros_perception/include/moveit_ros_perception/moveit/depth_image_octomap_updater/depth_image_octomap_updater.h
[94.323s] -- Up-to-date: /root/ros2_ws/install/moveit_ros_perception/include/moveit_ros_perception
[94.323s] -- Up-to-date: /root/ros2_ws/install/moveit_ros_perception/include/moveit_ros_perception/moveit
[94.323s] -- Installing: /root/ros2_ws/install/moveit_ros_perception/include/moveit_ros_perception/moveit/semantic_world
[94.323s] -- Installing: /root/ros2_ws/install/moveit_ros_perception/include/moveit_ros_perception/moveit/semantic_world/semantic_world.h
[94.324s] -- Installing: /root/ros2_ws/install/moveit_ros_perception/include/moveit_ros_perception/moveit/semantic_world/semantic_world.hpp
[94.324s] -- Installing: /root/ros2_ws/install/moveit_ros_perception/lib/libmoveit_depth_image_octomap_updater.so.2.12.0
[94.324s] -- Set non-toolchain portion of runtime path of "/root/ros2_ws/install/moveit_ros_perception/lib/libmoveit_depth_image_octomap_updater.so.2.12.0" to ""
[94.324s] -- Installing: /root/ros2_ws/install/moveit_ros_perception/lib/libmoveit_depth_image_octomap_updater.so
[94.325s] -- Installing: /root/ros2_ws/install/moveit_ros_perception/lib/libmoveit_depth_image_octomap_updater_core.so.2.12.0
[94.325s] -- Set non-toolchain portion of runtime path of "/root/ros2_ws/install/moveit_ros_perception/lib/libmoveit_depth_image_octomap_updater_core.so.2.12.0" to ""
[94.326s] -- Installing: /root/ros2_ws/install/moveit_ros_perception/lib/libmoveit_depth_image_octomap_updater_core.so
[94.326s] -- Installing: /root/ros2_ws/install/moveit_ros_perception/lib/libmoveit_lazy_free_space_updater.so.2.12.0
[94.326s] -- Set non-toolchain portion of runtime path of "/root/ros2_ws/install/moveit_ros_perception/lib/libmoveit_lazy_free_space_updater.so.2.12.0" to ""
[94.326s] -- Installing: /root/ros2_ws/install/moveit_ros_perception/lib/libmoveit_lazy_free_space_updater.so
[94.326s] -- Installing: /root/ros2_ws/install/moveit_ros_perception/lib/libmoveit_mesh_filter.so.2.12.0
[94.327s] -- Set non-toolchain portion of runtime path of "/root/ros2_ws/install/moveit_ros_perception/lib/libmoveit_mesh_filter.so.2.12.0" to ""
[94.327s] -- Installing: /root/ros2_ws/install/moveit_ros_perception/lib/libmoveit_mesh_filter.so
[94.327s] -- Installing: /root/ros2_ws/install/moveit_ros_perception/lib/libmoveit_point_containment_filter.so.2.12.0
[94.327s] -- Set non-toolchain portion of runtime path of "/root/ros2_ws/install/moveit_ros_perception/lib/libmoveit_point_containment_filter.so.2.12.0" to ""
[94.327s] -- Installing: /root/ros2_ws/install/moveit_ros_perception/lib/libmoveit_point_containment_filter.so
[94.327s] -- Installing: /root/ros2_ws/install/moveit_ros_perception/lib/libmoveit_pointcloud_octomap_updater.so.2.12.0
[94.327s] -- Set non-toolchain portion of runtime path of "/root/ros2_ws/install/moveit_ros_perception/lib/libmoveit_pointcloud_octomap_updater.so.2.12.0" to ""
[94.328s] -- Installing: /root/ros2_ws/install/moveit_ros_perception/lib/libmoveit_pointcloud_octomap_updater.so
[94.328s] -- Installing: /root/ros2_ws/install/moveit_ros_perception/lib/libmoveit_pointcloud_octomap_updater_core.so.2.12.0
[94.328s] -- Set non-toolchain portion of runtime path of "/root/ros2_ws/install/moveit_ros_perception/lib/libmoveit_pointcloud_octomap_updater_core.so.2.12.0" to ""
[94.328s] -- Installing: /root/ros2_ws/install/moveit_ros_perception/lib/libmoveit_pointcloud_octomap_updater_core.so
[94.328s] -- Installing: /root/ros2_ws/install/moveit_ros_perception/lib/libmoveit_semantic_world.so.2.12.0
[94.328s] -- Set non-toolchain portion of runtime path of "/root/ros2_ws/install/moveit_ros_perception/lib/libmoveit_semantic_world.so.2.12.0" to ""
[94.329s] -- Installing: /root/ros2_ws/install/moveit_ros_perception/lib/libmoveit_semantic_world.so
[94.330s] -- Installing: /root/ros2_ws/install/moveit_ros_perception/share/moveit_ros_perception/environment/library_path.sh
[94.330s] -- Installing: /root/ros2_ws/install/moveit_ros_perception/share/moveit_ros_perception/environment/library_path.dsv
[94.330s] -- Installing: /root/ros2_ws/install/moveit_ros_perception/share/moveit_ros_perception/pointcloud_octomap_updater_plugin_description.xml
[94.330s] -- Installing: /root/ros2_ws/install/moveit_ros_perception/share/moveit_ros_perception/depth_image_octomap_updater_plugin_description.xml
[94.331s] -- Installing: /root/ros2_ws/install/moveit_ros_perception/share/ament_index/resource_index/package_run_dependencies/moveit_ros_perception
[94.331s] -- Installing: /root/ros2_ws/install/moveit_ros_perception/share/ament_index/resource_index/parent_prefix_path/moveit_ros_perception
[94.331s] -- Installing: /root/ros2_ws/install/moveit_ros_perception/share/moveit_ros_perception/environment/ament_prefix_path.sh
[94.331s] -- Installing: /root/ros2_ws/install/moveit_ros_perception/share/moveit_ros_perception/environment/ament_prefix_path.dsv
[94.331s] -- Installing: /root/ros2_ws/install/moveit_ros_perception/share/moveit_ros_perception/environment/path.sh
[94.331s] -- Installing: /root/ros2_ws/install/moveit_ros_perception/share/moveit_ros_perception/environment/path.dsv
[94.331s] -- Installing: /root/ros2_ws/install/moveit_ros_perception/share/moveit_ros_perception/local_setup.bash
[94.331s] -- Installing: /root/ros2_ws/install/moveit_ros_perception/share/moveit_ros_perception/local_setup.sh
[94.331s] -- Installing: /root/ros2_ws/install/moveit_ros_perception/share/moveit_ros_perception/local_setup.zsh
[94.331s] -- Installing: /root/ros2_ws/install/moveit_ros_perception/share/moveit_ros_perception/local_setup.dsv
[94.331s] -- Installing: /root/ros2_ws/install/moveit_ros_perception/share/moveit_ros_perception/package.dsv
[94.331s] -- Installing: /root/ros2_ws/install/moveit_ros_perception/share/ament_index/resource_index/packages/moveit_ros_perception
[94.332s] -- Installing: /root/ros2_ws/install/moveit_ros_perception/share/ament_index/resource_index/moveit_ros_occupancy_map_monitor__pluginlib__plugin/moveit_ros_perception
[94.332s] -- Installing: /root/ros2_ws/install/moveit_ros_perception/share/moveit_ros_perception/cmake/moveit_ros_perceptionTargetsExport.cmake
[94.332s] -- Installing: /root/ros2_ws/install/moveit_ros_perception/share/moveit_ros_perception/cmake/moveit_ros_perceptionTargetsExport-release.cmake
[94.333s] -- Installing: /root/ros2_ws/install/moveit_ros_perception/share/moveit_ros_perception/cmake/ConfigExtras.cmake
[94.333s] -- Installing: /root/ros2_ws/install/moveit_ros_perception/share/moveit_ros_perception/cmake/ament_cmake_export_targets-extras.cmake
[94.333s] -- Installing: /root/ros2_ws/install/moveit_ros_perception/share/moveit_ros_perception/cmake/ament_cmake_export_dependencies-extras.cmake
[94.333s] -- Installing: /root/ros2_ws/install/moveit_ros_perception/share/moveit_ros_perception/cmake/moveit_ros_perceptionConfig.cmake
[94.333s] -- Installing: /root/ros2_ws/install/moveit_ros_perception/share/moveit_ros_perception/cmake/moveit_ros_perceptionConfig-version.cmake
[94.333s] -- Installing: /root/ros2_ws/install/moveit_ros_perception/share/moveit_ros_perception/package.xml
[94.333s] Invoked command in '/root/ros2_ws/build/moveit_ros_perception' returned '0': AMENT_PREFIX_PATH=/root/ros2_ws/install/moveit_ros_planning:/root/ros2_ws/install/moveit_ros_occupancy_map_monitor:/root/ros2_ws/install/moveit_core:/root/ros2_ws/install/moveit_resources_panda_moveit_config:/root/ros2_ws/install/moveit_resources_pr2_description:/root/ros2_ws/install/moveit_resources_panda_description:/root/ros2_ws/install/moveit_msgs:/root/ros2_ws/install/moveit_configs_utils:/root/ros2_ws/install/moveit_common:${AMENT_PREFIX_PATH} CMAKE_PREFIX_PATH=/root/ros2_ws/install/moveit_ros_planning:/root/ros2_ws/install/moveit_ros_occupancy_map_monitor:/root/ros2_ws/install/moveit_core:/root/ros2_ws/install/moveit_resources_panda_moveit_config:/root/ros2_ws/install/moveit_resources_pr2_description:/root/ros2_ws/install/moveit_resources_panda_description:/root/ros2_ws/install/moveit_msgs:/root/ros2_ws/install/moveit_common:/opt/ros/jazzy/opt/gz_sim_vendor:/opt/ros/jazzy/opt/gz_sensors_vendor:/opt/ros/jazzy/opt/gz_physics_vendor:/opt/ros/jazzy/opt/sdformat_vendor:/opt/ros/jazzy/opt/gz_gui_vendor:/opt/ros/jazzy/opt/gz_transport_vendor:/opt/ros/jazzy/opt/gz_rendering_vendor:/opt/ros/jazzy/opt/gz_plugin_vendor:/opt/ros/jazzy/opt/gz_fuel_tools_vendor:/opt/ros/jazzy/opt/gz_msgs_vendor:/opt/ros/jazzy/opt/gz_common_vendor:/opt/ros/jazzy/opt/gz_math_vendor:/opt/ros/jazzy/opt/gz_utils_vendor:/opt/ros/jazzy/opt/gz_tools_vendor:/opt/ros/jazzy/opt/gz_ogre_next_vendor:/opt/ros/jazzy/opt/gz_dartsim_vendor:/opt/ros/jazzy/opt/gz_cmake_vendor:/opt/ros/jazzy LD_LIBRARY_PATH=/root/ros2_ws/install/moveit_ros_planning/lib:/root/ros2_ws/install/moveit_ros_occupancy_map_monitor/lib:/root/ros2_ws/install/moveit_core/lib:/root/ros2_ws/install/moveit_msgs/lib:${LD_LIBRARY_PATH} PATH=/root/ros2_ws/install/moveit_core/bin:${PATH} PYTHONPATH=/root/ros2_ws/install/moveit_msgs/lib/python3.12/site-packages:/root/ros2_ws/install/moveit_configs_utils/lib/python3.12/site-packages:${PYTHONPATH} /usr/bin/cmake --install /root/ros2_ws/build/moveit_ros_perception
