[0.024s] Invoking command in '/root/ros2_ws/build/dual_arm_panda_moveit_config': AMENT_PREFIX_PATH=/root/ros2_ws/install/moveit_resources_panda_description:${AMENT_PREFIX_PATH} CMAKE_PREFIX_PATH=/root/ros2_ws/install/moveit_resources_panda_description:/opt/ros/jazzy/opt/gz_sim_vendor:/opt/ros/jazzy/opt/gz_sensors_vendor:/opt/ros/jazzy/opt/gz_physics_vendor:/opt/ros/jazzy/opt/sdformat_vendor:/opt/ros/jazzy/opt/gz_gui_vendor:/opt/ros/jazzy/opt/gz_transport_vendor:/opt/ros/jazzy/opt/gz_rendering_vendor:/opt/ros/jazzy/opt/gz_plugin_vendor:/opt/ros/jazzy/opt/gz_fuel_tools_vendor:/opt/ros/jazzy/opt/gz_msgs_vendor:/opt/ros/jazzy/opt/gz_common_vendor:/opt/ros/jazzy/opt/gz_math_vendor:/opt/ros/jazzy/opt/gz_utils_vendor:/opt/ros/jazzy/opt/gz_tools_vendor:/opt/ros/jazzy/opt/gz_ogre_next_vendor:/opt/ros/jazzy/opt/gz_dartsim_vendor:/opt/ros/jazzy/opt/gz_cmake_vendor:/opt/ros/jazzy /usr/bin/cmake /root/ros2_ws/src/moveit_resources/dual_arm_panda_moveit_config -DCMAKE_INSTALL_PREFIX=/root/ros2_ws/install/dual_arm_panda_moveit_config
[0.128s] -- The C compiler identification is GNU 13.3.0
[0.203s] -- The CXX compiler identification is GNU 13.3.0
[0.221s] -- Detecting C compiler ABI info
[0.343s] -- Detecting C compiler ABI info - done
[0.355s] -- Check for working C compiler: /usr/bin/cc - skipped
[0.356s] -- Detecting C compile features
[0.356s] -- Detecting C compile features - done
[0.367s] -- Detecting CXX compiler ABI info
[0.499s] -- Detecting CXX compiler ABI info - done
[0.524s] -- Check for working CXX compiler: /usr/bin/c++ - skipped
[0.524s] -- Detecting CXX compile features
[0.526s] -- Detecting CXX compile features - done
[0.538s] -- Found ament_cmake: 2.5.2 (/opt/ros/jazzy/share/ament_cmake/cmake)
[0.816s] -- Found Python3: /usr/bin/python3 (found version "3.12.3") found components: Interpreter 
[1.271s] -- Configuring done (1.2s)
[1.278s] -- Generating done (0.0s)
[1.283s] -- Build files have been written to: /root/ros2_ws/build/dual_arm_panda_moveit_config
[1.292s] Invoked command in '/root/ros2_ws/build/dual_arm_panda_moveit_config' returned '0': AMENT_PREFIX_PATH=/root/ros2_ws/install/moveit_resources_panda_description:${AMENT_PREFIX_PATH} CMAKE_PREFIX_PATH=/root/ros2_ws/install/moveit_resources_panda_description:/opt/ros/jazzy/opt/gz_sim_vendor:/opt/ros/jazzy/opt/gz_sensors_vendor:/opt/ros/jazzy/opt/gz_physics_vendor:/opt/ros/jazzy/opt/sdformat_vendor:/opt/ros/jazzy/opt/gz_gui_vendor:/opt/ros/jazzy/opt/gz_transport_vendor:/opt/ros/jazzy/opt/gz_rendering_vendor:/opt/ros/jazzy/opt/gz_plugin_vendor:/opt/ros/jazzy/opt/gz_fuel_tools_vendor:/opt/ros/jazzy/opt/gz_msgs_vendor:/opt/ros/jazzy/opt/gz_common_vendor:/opt/ros/jazzy/opt/gz_math_vendor:/opt/ros/jazzy/opt/gz_utils_vendor:/opt/ros/jazzy/opt/gz_tools_vendor:/opt/ros/jazzy/opt/gz_ogre_next_vendor:/opt/ros/jazzy/opt/gz_dartsim_vendor:/opt/ros/jazzy/opt/gz_cmake_vendor:/opt/ros/jazzy /usr/bin/cmake /root/ros2_ws/src/moveit_resources/dual_arm_panda_moveit_config -DCMAKE_INSTALL_PREFIX=/root/ros2_ws/install/dual_arm_panda_moveit_config
[1.294s] Invoking command in '/root/ros2_ws/build/dual_arm_panda_moveit_config': AMENT_PREFIX_PATH=/root/ros2_ws/install/moveit_resources_panda_description:${AMENT_PREFIX_PATH} CMAKE_PREFIX_PATH=/root/ros2_ws/install/moveit_resources_panda_description:/opt/ros/jazzy/opt/gz_sim_vendor:/opt/ros/jazzy/opt/gz_sensors_vendor:/opt/ros/jazzy/opt/gz_physics_vendor:/opt/ros/jazzy/opt/sdformat_vendor:/opt/ros/jazzy/opt/gz_gui_vendor:/opt/ros/jazzy/opt/gz_transport_vendor:/opt/ros/jazzy/opt/gz_rendering_vendor:/opt/ros/jazzy/opt/gz_plugin_vendor:/opt/ros/jazzy/opt/gz_fuel_tools_vendor:/opt/ros/jazzy/opt/gz_msgs_vendor:/opt/ros/jazzy/opt/gz_common_vendor:/opt/ros/jazzy/opt/gz_math_vendor:/opt/ros/jazzy/opt/gz_utils_vendor:/opt/ros/jazzy/opt/gz_tools_vendor:/opt/ros/jazzy/opt/gz_ogre_next_vendor:/opt/ros/jazzy/opt/gz_dartsim_vendor:/opt/ros/jazzy/opt/gz_cmake_vendor:/opt/ros/jazzy /usr/bin/cmake --build /root/ros2_ws/build/dual_arm_panda_moveit_config -- -j20 -l20
[1.369s] Invoked command in '/root/ros2_ws/build/dual_arm_panda_moveit_config' returned '0': AMENT_PREFIX_PATH=/root/ros2_ws/install/moveit_resources_panda_description:${AMENT_PREFIX_PATH} CMAKE_PREFIX_PATH=/root/ros2_ws/install/moveit_resources_panda_description:/opt/ros/jazzy/opt/gz_sim_vendor:/opt/ros/jazzy/opt/gz_sensors_vendor:/opt/ros/jazzy/opt/gz_physics_vendor:/opt/ros/jazzy/opt/sdformat_vendor:/opt/ros/jazzy/opt/gz_gui_vendor:/opt/ros/jazzy/opt/gz_transport_vendor:/opt/ros/jazzy/opt/gz_rendering_vendor:/opt/ros/jazzy/opt/gz_plugin_vendor:/opt/ros/jazzy/opt/gz_fuel_tools_vendor:/opt/ros/jazzy/opt/gz_msgs_vendor:/opt/ros/jazzy/opt/gz_common_vendor:/opt/ros/jazzy/opt/gz_math_vendor:/opt/ros/jazzy/opt/gz_utils_vendor:/opt/ros/jazzy/opt/gz_tools_vendor:/opt/ros/jazzy/opt/gz_ogre_next_vendor:/opt/ros/jazzy/opt/gz_dartsim_vendor:/opt/ros/jazzy/opt/gz_cmake_vendor:/opt/ros/jazzy /usr/bin/cmake --build /root/ros2_ws/build/dual_arm_panda_moveit_config -- -j20 -l20
[1.371s] Invoking command in '/root/ros2_ws/build/dual_arm_panda_moveit_config': AMENT_PREFIX_PATH=/root/ros2_ws/install/moveit_resources_panda_description:${AMENT_PREFIX_PATH} CMAKE_PREFIX_PATH=/root/ros2_ws/install/moveit_resources_panda_description:/opt/ros/jazzy/opt/gz_sim_vendor:/opt/ros/jazzy/opt/gz_sensors_vendor:/opt/ros/jazzy/opt/gz_physics_vendor:/opt/ros/jazzy/opt/sdformat_vendor:/opt/ros/jazzy/opt/gz_gui_vendor:/opt/ros/jazzy/opt/gz_transport_vendor:/opt/ros/jazzy/opt/gz_rendering_vendor:/opt/ros/jazzy/opt/gz_plugin_vendor:/opt/ros/jazzy/opt/gz_fuel_tools_vendor:/opt/ros/jazzy/opt/gz_msgs_vendor:/opt/ros/jazzy/opt/gz_common_vendor:/opt/ros/jazzy/opt/gz_math_vendor:/opt/ros/jazzy/opt/gz_utils_vendor:/opt/ros/jazzy/opt/gz_tools_vendor:/opt/ros/jazzy/opt/gz_ogre_next_vendor:/opt/ros/jazzy/opt/gz_dartsim_vendor:/opt/ros/jazzy/opt/gz_cmake_vendor:/opt/ros/jazzy /usr/bin/cmake --install /root/ros2_ws/build/dual_arm_panda_moveit_config
[1.382s] -- Install configuration: ""
[1.382s] -- Installing: /root/ros2_ws/install/dual_arm_panda_moveit_config/share/ament_index/resource_index/package_run_dependencies/dual_arm_panda_moveit_config
[1.382s] -- Installing: /root/ros2_ws/install/dual_arm_panda_moveit_config/share/ament_index/resource_index/parent_prefix_path/dual_arm_panda_moveit_config
[1.382s] -- Installing: /root/ros2_ws/install/dual_arm_panda_moveit_config/share/dual_arm_panda_moveit_config/environment/ament_prefix_path.sh
[1.382s] -- Installing: /root/ros2_ws/install/dual_arm_panda_moveit_config/share/dual_arm_panda_moveit_config/environment/ament_prefix_path.dsv
[1.383s] -- Installing: /root/ros2_ws/install/dual_arm_panda_moveit_config/share/dual_arm_panda_moveit_config/environment/path.sh
[1.383s] -- Installing: /root/ros2_ws/install/dual_arm_panda_moveit_config/share/dual_arm_panda_moveit_config/environment/path.dsv
[1.383s] -- Installing: /root/ros2_ws/install/dual_arm_panda_moveit_config/share/dual_arm_panda_moveit_config/local_setup.bash
[1.383s] -- Installing: /root/ros2_ws/install/dual_arm_panda_moveit_config/share/dual_arm_panda_moveit_config/local_setup.sh
[1.383s] -- Installing: /root/ros2_ws/install/dual_arm_panda_moveit_config/share/dual_arm_panda_moveit_config/local_setup.zsh
[1.383s] -- Installing: /root/ros2_ws/install/dual_arm_panda_moveit_config/share/dual_arm_panda_moveit_config/local_setup.dsv
[1.384s] -- Installing: /root/ros2_ws/install/dual_arm_panda_moveit_config/share/dual_arm_panda_moveit_config/package.dsv
[1.384s] -- Installing: /root/ros2_ws/install/dual_arm_panda_moveit_config/share/ament_index/resource_index/packages/dual_arm_panda_moveit_config
[1.384s] -- Installing: /root/ros2_ws/install/dual_arm_panda_moveit_config/share/dual_arm_panda_moveit_config/cmake/dual_arm_panda_moveit_configConfig.cmake
[1.384s] -- Installing: /root/ros2_ws/install/dual_arm_panda_moveit_config/share/dual_arm_panda_moveit_config/cmake/dual_arm_panda_moveit_configConfig-version.cmake
[1.384s] -- Installing: /root/ros2_ws/install/dual_arm_panda_moveit_config/share/dual_arm_panda_moveit_config/package.xml
[1.384s] -- Installing: /root/ros2_ws/install/dual_arm_panda_moveit_config/share/dual_arm_panda_moveit_config/launch
[1.384s] -- Installing: /root/ros2_ws/install/dual_arm_panda_moveit_config/share/dual_arm_panda_moveit_config/launch/moveit.rviz
[1.384s] -- Installing: /root/ros2_ws/install/dual_arm_panda_moveit_config/share/dual_arm_panda_moveit_config/launch/demo.launch.py
[1.385s] -- Installing: /root/ros2_ws/install/dual_arm_panda_moveit_config/share/dual_arm_panda_moveit_config/config
[1.385s] -- Installing: /root/ros2_ws/install/dual_arm_panda_moveit_config/share/dual_arm_panda_moveit_config/config/moveit_controllers.yaml
[1.385s] -- Installing: /root/ros2_ws/install/dual_arm_panda_moveit_config/share/dual_arm_panda_moveit_config/config/kinematics.yaml
[1.385s] -- Installing: /root/ros2_ws/install/dual_arm_panda_moveit_config/share/dual_arm_panda_moveit_config/config/right_initial_positions.yaml
[1.385s] -- Installing: /root/ros2_ws/install/dual_arm_panda_moveit_config/share/dual_arm_panda_moveit_config/config/panda.urdf.xacro
[1.385s] -- Installing: /root/ros2_ws/install/dual_arm_panda_moveit_config/share/dual_arm_panda_moveit_config/config/ompl_planning.yaml
[1.386s] -- Installing: /root/ros2_ws/install/dual_arm_panda_moveit_config/share/dual_arm_panda_moveit_config/config/panda_hand.ros2_control.xacro
[1.386s] -- Installing: /root/ros2_ws/install/dual_arm_panda_moveit_config/share/dual_arm_panda_moveit_config/config/panda.srdf
[1.386s] -- Installing: /root/ros2_ws/install/dual_arm_panda_moveit_config/share/dual_arm_panda_moveit_config/config/ros2_controllers.yaml
[1.386s] -- Installing: /root/ros2_ws/install/dual_arm_panda_moveit_config/share/dual_arm_panda_moveit_config/config/pilz_cartesian_limits.yaml
[1.386s] -- Installing: /root/ros2_ws/install/dual_arm_panda_moveit_config/share/dual_arm_panda_moveit_config/config/left_initial_positions.yaml
[1.386s] -- Installing: /root/ros2_ws/install/dual_arm_panda_moveit_config/share/dual_arm_panda_moveit_config/config/panda.ros2_control.xacro
[1.387s] -- Installing: /root/ros2_ws/install/dual_arm_panda_moveit_config/share/dual_arm_panda_moveit_config/config/hand.xacro
[1.387s] -- Installing: /root/ros2_ws/install/dual_arm_panda_moveit_config/share/dual_arm_panda_moveit_config/config/joint_limits.yaml
[1.387s] -- Installing: /root/ros2_ws/install/dual_arm_panda_moveit_config/share/dual_arm_panda_moveit_config/config/panda_arm_macro.xacro
[1.399s] Invoked command in '/root/ros2_ws/build/dual_arm_panda_moveit_config' returned '0': AMENT_PREFIX_PATH=/root/ros2_ws/install/moveit_resources_panda_description:${AMENT_PREFIX_PATH} CMAKE_PREFIX_PATH=/root/ros2_ws/install/moveit_resources_panda_description:/opt/ros/jazzy/opt/gz_sim_vendor:/opt/ros/jazzy/opt/gz_sensors_vendor:/opt/ros/jazzy/opt/gz_physics_vendor:/opt/ros/jazzy/opt/sdformat_vendor:/opt/ros/jazzy/opt/gz_gui_vendor:/opt/ros/jazzy/opt/gz_transport_vendor:/opt/ros/jazzy/opt/gz_rendering_vendor:/opt/ros/jazzy/opt/gz_plugin_vendor:/opt/ros/jazzy/opt/gz_fuel_tools_vendor:/opt/ros/jazzy/opt/gz_msgs_vendor:/opt/ros/jazzy/opt/gz_common_vendor:/opt/ros/jazzy/opt/gz_math_vendor:/opt/ros/jazzy/opt/gz_utils_vendor:/opt/ros/jazzy/opt/gz_tools_vendor:/opt/ros/jazzy/opt/gz_ogre_next_vendor:/opt/ros/jazzy/opt/gz_dartsim_vendor:/opt/ros/jazzy/opt/gz_cmake_vendor:/opt/ros/jazzy /usr/bin/cmake --install /root/ros2_ws/build/dual_arm_panda_moveit_config
