-- Install configuration: ""
-- Up-to-date: /root/ros2_ws/install/unnamed/share/unnamed/urdf
-- Up-to-date: /root/ros2_ws/install/unnamed/share/unnamed/urdf/bak
-- Up-to-date: /root/ros2_ws/install/unnamed/share/unnamed/urdf/trans5.py
-- Up-to-date: /root/ros2_ws/install/unnamed/share/unnamed/urdf/unnamed.srdf
-- Up-to-date: /root/ros2_ws/install/unnamed/share/unnamed/urdf/unnamed_relpath.urdf
-- Up-to-date: /root/ros2_ws/install/unnamed/share/unnamed/urdf/trans.py
-- Up-to-date: /root/ros2_ws/install/unnamed/share/unnamed/urdf/trans3.py
-- Up-to-date: /root/ros2_ws/install/unnamed/share/unnamed/urdf/unnamed.urdf
-- Up-to-date: /root/ros2_ws/install/unnamed/share/unnamed/urdf/trans2.py
-- Installing: /root/ros2_ws/install/unnamed/share/unnamed/urdf/robot.xacro
-- Up-to-date: /root/ros2_ws/install/unnamed/share/unnamed/urdf/trans4.py
-- Up-to-date: /root/ros2_ws/install/unnamed/share/unnamed/urdf/rep.py
-- Up-to-date: /root/ros2_ws/install/unnamed/share/unnamed/meshes
-- Up-to-date: /root/ros2_ws/install/unnamed/share/unnamed/meshes/stl
-- Up-to-date: /root/ros2_ws/install/unnamed/share/unnamed/meshes/stl/SOLID.stl_history.log
-- Up-to-date: /root/ros2_ws/install/unnamed/share/unnamed/meshes/stl/ZahnradGross.stl
-- Up-to-date: /root/ros2_ws/install/unnamed/share/unnamed/meshes/stl/ZahnradGross.001.stl_history.log
-- Up-to-date: /root/ros2_ws/install/unnamed/share/unnamed/meshes/stl/Body.stl_history.log
-- Up-to-date: /root/ros2_ws/install/unnamed/share/unnamed/meshes/stl/ZahnradGross.001.stl
-- Up-to-date: /root/ros2_ws/install/unnamed/share/unnamed/meshes/stl/ZahnradGross.stl_history.log
-- Up-to-date: /root/ros2_ws/install/unnamed/share/unnamed/meshes/stl/Cylinder.001.stl
-- Up-to-date: /root/ros2_ws/install/unnamed/share/unnamed/meshes/stl/SOLID.stl
-- Up-to-date: /root/ros2_ws/install/unnamed/share/unnamed/meshes/stl/Cylinder.001.stl_history.log
-- Up-to-date: /root/ros2_ws/install/unnamed/share/unnamed/meshes/stl/Body.stl
-- Up-to-date: /root/ros2_ws/install/unnamed/share/unnamed/launch
-- Up-to-date: /root/ros2_ws/install/unnamed/share/unnamed/launch/display.launch.py
-- Up-to-date: /root/ros2_ws/install/unnamed/share/unnamed/launch/gazebo.launch.py
-- Installing: /root/ros2_ws/install/unnamed/share/unnamed/launch/controller_manager.launch.py
-- Up-to-date: /root/ros2_ws/install/unnamed/share/unnamed/config/ros2_controllers.yaml
-- Up-to-date: /root/ros2_ws/install/unnamed/share/unnamed/worlds
-- Up-to-date: /root/ros2_ws/install/unnamed/share/unnamed/worlds/empty_world.sdf
-- Up-to-date: /root/ros2_ws/install/unnamed/share/ament_index/resource_index/package_run_dependencies/unnamed
-- Up-to-date: /root/ros2_ws/install/unnamed/share/ament_index/resource_index/parent_prefix_path/unnamed
-- Up-to-date: /root/ros2_ws/install/unnamed/share/unnamed/environment/ament_prefix_path.sh
-- Up-to-date: /root/ros2_ws/install/unnamed/share/unnamed/environment/ament_prefix_path.dsv
-- Up-to-date: /root/ros2_ws/install/unnamed/share/unnamed/environment/path.sh
-- Up-to-date: /root/ros2_ws/install/unnamed/share/unnamed/environment/path.dsv
-- Up-to-date: /root/ros2_ws/install/unnamed/share/unnamed/local_setup.bash
-- Up-to-date: /root/ros2_ws/install/unnamed/share/unnamed/local_setup.sh
-- Up-to-date: /root/ros2_ws/install/unnamed/share/unnamed/local_setup.zsh
-- Up-to-date: /root/ros2_ws/install/unnamed/share/unnamed/local_setup.dsv
-- Up-to-date: /root/ros2_ws/install/unnamed/share/unnamed/package.dsv
-- Up-to-date: /root/ros2_ws/install/unnamed/share/ament_index/resource_index/packages/unnamed
-- Up-to-date: /root/ros2_ws/install/unnamed/share/unnamed/cmake/unnamedConfig.cmake
-- Up-to-date: /root/ros2_ws/install/unnamed/share/unnamed/cmake/unnamedConfig-version.cmake
-- Up-to-date: /root/ros2_ws/install/unnamed/share/unnamed/package.xml
