[0.286s] Invoking command in '/root/ros2_ws/build/moveit_resources_prbt_support': CMAKE_PREFIX_PATH=${CMAKE_PREFIX_PATH}:/opt/ros/jazzy /usr/bin/cmake /root/ros2_ws/src/moveit2/moveit_planners/test_configs/prbt_support -DCMAKE_INSTALL_PREFIX=/root/ros2_ws/install/moveit_resources_prbt_support
[0.367s] -- The C compiler identification is GNU 13.3.0
[0.465s] -- The CXX compiler identification is GNU 13.3.0
[0.491s] -- Detecting C compiler ABI info
[0.638s] -- Detecting C compiler ABI info - done
[0.659s] -- Check for working C compiler: /usr/bin/cc - skipped
[0.660s] -- Detecting C compile features
[0.661s] -- Detecting C compile features - done
[0.679s] -- Detecting CXX compiler ABI info
[0.853s] -- Detecting CXX compiler ABI info - done
[0.878s] -- Check for working CXX compiler: /usr/bin/c++ - skipped
[0.879s] -- Detecting CXX compile features
[0.880s] -- Detecting CXX compile features - done
[0.892s] -- Found ament_cmake: 2.5.2 (/opt/ros/jazzy/share/ament_cmake/cmake)
[1.180s] -- Found Python3: /usr/bin/python3 (found version "3.12.3") found components: Interpreter 
[1.577s] -- Configuring done (1.3s)
[1.580s] -- Generating done (0.0s)
[1.584s] -- Build files have been written to: /root/ros2_ws/build/moveit_resources_prbt_support
[1.593s] Invoked command in '/root/ros2_ws/build/moveit_resources_prbt_support' returned '0': CMAKE_PREFIX_PATH=${CMAKE_PREFIX_PATH}:/opt/ros/jazzy /usr/bin/cmake /root/ros2_ws/src/moveit2/moveit_planners/test_configs/prbt_support -DCMAKE_INSTALL_PREFIX=/root/ros2_ws/install/moveit_resources_prbt_support
[1.594s] Invoking command in '/root/ros2_ws/build/moveit_resources_prbt_support': CMAKE_PREFIX_PATH=${CMAKE_PREFIX_PATH}:/opt/ros/jazzy /usr/bin/cmake --build /root/ros2_ws/build/moveit_resources_prbt_support -- -j20 -l20
[1.673s] Invoked command in '/root/ros2_ws/build/moveit_resources_prbt_support' returned '0': CMAKE_PREFIX_PATH=${CMAKE_PREFIX_PATH}:/opt/ros/jazzy /usr/bin/cmake --build /root/ros2_ws/build/moveit_resources_prbt_support -- -j20 -l20
[1.674s] Invoking command in '/root/ros2_ws/build/moveit_resources_prbt_support': CMAKE_PREFIX_PATH=${CMAKE_PREFIX_PATH}:/opt/ros/jazzy /usr/bin/cmake --install /root/ros2_ws/build/moveit_resources_prbt_support
[1.698s] -- Install configuration: ""
[1.698s] -- Installing: /root/ros2_ws/install/moveit_resources_prbt_support/share/ament_index/resource_index/package_run_dependencies/moveit_resources_prbt_support
[1.698s] -- Installing: /root/ros2_ws/install/moveit_resources_prbt_support/share/ament_index/resource_index/parent_prefix_path/moveit_resources_prbt_support
[1.699s] -- Installing: /root/ros2_ws/install/moveit_resources_prbt_support/share/moveit_resources_prbt_support/environment/ament_prefix_path.sh
[1.699s] -- Installing: /root/ros2_ws/install/moveit_resources_prbt_support/share/moveit_resources_prbt_support/environment/ament_prefix_path.dsv
[1.699s] -- Installing: /root/ros2_ws/install/moveit_resources_prbt_support/share/moveit_resources_prbt_support/environment/path.sh
[1.700s] -- Installing: /root/ros2_ws/install/moveit_resources_prbt_support/share/moveit_resources_prbt_support/environment/path.dsv
[1.700s] -- Installing: /root/ros2_ws/install/moveit_resources_prbt_support/share/moveit_resources_prbt_support/local_setup.bash
[1.700s] -- Installing: /root/ros2_ws/install/moveit_resources_prbt_support/share/moveit_resources_prbt_support/local_setup.sh
[1.705s] -- Installing: /root/ros2_ws/install/moveit_resources_prbt_support/share/moveit_resources_prbt_support/local_setup.zsh
[1.705s] -- Installing: /root/ros2_ws/install/moveit_resources_prbt_support/share/moveit_resources_prbt_support/local_setup.dsv
[1.705s] -- Installing: /root/ros2_ws/install/moveit_resources_prbt_support/share/moveit_resources_prbt_support/package.dsv
[1.705s] -- Installing: /root/ros2_ws/install/moveit_resources_prbt_support/share/ament_index/resource_index/packages/moveit_resources_prbt_support
[1.706s] -- Installing: /root/ros2_ws/install/moveit_resources_prbt_support/share/moveit_resources_prbt_support/cmake/moveit_resources_prbt_supportConfig.cmake
[1.706s] -- Installing: /root/ros2_ws/install/moveit_resources_prbt_support/share/moveit_resources_prbt_support/cmake/moveit_resources_prbt_supportConfig-version.cmake
[1.706s] -- Installing: /root/ros2_ws/install/moveit_resources_prbt_support/share/moveit_resources_prbt_support/package.xml
[1.706s] -- Installing: /root/ros2_ws/install/moveit_resources_prbt_support/share/moveit_resources_prbt_support/urdf
[1.707s] -- Installing: /root/ros2_ws/install/moveit_resources_prbt_support/share/moveit_resources_prbt_support/urdf/prbt_macro.xacro
[1.707s] -- Installing: /root/ros2_ws/install/moveit_resources_prbt_support/share/moveit_resources_prbt_support/urdf/prbt.ros2_control.xacro
[1.707s] -- Installing: /root/ros2_ws/install/moveit_resources_prbt_support/share/moveit_resources_prbt_support/urdf/prbt.xacro
[1.707s] -- Installing: /root/ros2_ws/install/moveit_resources_prbt_support/share/moveit_resources_prbt_support/urdf/simple_gripper_brackets.urdf.xacro
[1.707s] -- Installing: /root/ros2_ws/install/moveit_resources_prbt_support/share/moveit_resources_prbt_support/meshes
[1.707s] -- Installing: /root/ros2_ws/install/moveit_resources_prbt_support/share/moveit_resources_prbt_support/meshes/link_3.stl
[1.707s] -- Installing: /root/ros2_ws/install/moveit_resources_prbt_support/share/moveit_resources_prbt_support/meshes/flange.dae
[1.707s] -- Installing: /root/ros2_ws/install/moveit_resources_prbt_support/share/moveit_resources_prbt_support/meshes/link_1.stl
[1.708s] -- Installing: /root/ros2_ws/install/moveit_resources_prbt_support/share/moveit_resources_prbt_support/meshes/link_4.stl
[1.708s] -- Installing: /root/ros2_ws/install/moveit_resources_prbt_support/share/moveit_resources_prbt_support/meshes/link_4.dae
[1.708s] -- Installing: /root/ros2_ws/install/moveit_resources_prbt_support/share/moveit_resources_prbt_support/meshes/link_3.dae
[1.708s] -- Installing: /root/ros2_ws/install/moveit_resources_prbt_support/share/moveit_resources_prbt_support/meshes/link_2.stl
[1.708s] -- Installing: /root/ros2_ws/install/moveit_resources_prbt_support/share/moveit_resources_prbt_support/meshes/link_2.dae
[1.708s] -- Installing: /root/ros2_ws/install/moveit_resources_prbt_support/share/moveit_resources_prbt_support/meshes/foot.stl
[1.708s] -- Installing: /root/ros2_ws/install/moveit_resources_prbt_support/share/moveit_resources_prbt_support/meshes/link_5.dae
[1.708s] -- Installing: /root/ros2_ws/install/moveit_resources_prbt_support/share/moveit_resources_prbt_support/meshes/link_1.dae
[1.708s] -- Installing: /root/ros2_ws/install/moveit_resources_prbt_support/share/moveit_resources_prbt_support/meshes/flange.stl
[1.708s] -- Installing: /root/ros2_ws/install/moveit_resources_prbt_support/share/moveit_resources_prbt_support/meshes/foot.dae
[1.708s] -- Installing: /root/ros2_ws/install/moveit_resources_prbt_support/share/moveit_resources_prbt_support/meshes/link_5.stl
[1.709s] -- Installing: /root/ros2_ws/install/moveit_resources_prbt_support/share/moveit_resources_prbt_support/config
[1.709s] -- Installing: /root/ros2_ws/install/moveit_resources_prbt_support/share/moveit_resources_prbt_support/config/manipulator_driver.yaml
[1.709s] -- Installing: /root/ros2_ws/install/moveit_resources_prbt_support/share/moveit_resources_prbt_support/config/manipulator_controller.yaml
[1.709s] -- Installing: /root/ros2_ws/install/moveit_resources_prbt_support/share/moveit_resources_prbt_support/config/prbt_0_1.dcf
[1.718s] Invoked command in '/root/ros2_ws/build/moveit_resources_prbt_support' returned '0': CMAKE_PREFIX_PATH=${CMAKE_PREFIX_PATH}:/opt/ros/jazzy /usr/bin/cmake --install /root/ros2_ws/build/moveit_resources_prbt_support
