[0.287s] Invoking command in '/root/ros2_ws/build/kortex_api': CMAKE_PREFIX_PATH=${CMAKE_PREFIX_PATH}:/opt/ros/jazzy /usr/bin/cmake /root/ros2_ws/src/ros2_kortex/kortex_api -DCMAKE_INSTALL_PREFIX=/root/ros2_ws/install/kortex_api
[0.311s] [33mCMake Warning (dev) at /usr/share/cmake-3.28/Modules/FetchContent.cmake:1331 (message):
[0.312s]   The DOWNLOAD_EXTRACT_TIMESTAMP option was not given and policy CMP0135 is
[0.312s]   not set.  The policy's OLD behavior will be used.  When using a URL
[0.312s]   download, the timestamps of extracted files should preferably be that of
[0.312s]   the time of extraction, otherwise code that depends on the extracted
[0.312s]   contents might not be rebuilt if the URL changes.  The OLD behavior
[0.312s]   preserves the timestamps from the archive instead, but this is usually not
[0.313s]   what you want.  Update your project to the NEW behavior or specify the
[0.313s]   DOWNLOAD_EXTRACT_TIMESTAMP option with a value of true to avoid this
[0.313s]   robustness issue.
[0.313s] Call Stack (most recent call first):
[0.314s]   CMakeLists.txt:4 (FetchContent_Declare)
[0.314s] This warning is for project developers.  Use -Wno-dev to suppress it.
[0.315s] [0m
[3.224s] -- The C compiler identification is GNU 13.3.0
[3.329s] -- The CXX compiler identification is GNU 13.3.0
[3.352s] -- Detecting C compiler ABI info
[3.493s] -- Detecting C compiler ABI info - done
[3.512s] -- Check for working C compiler: /usr/bin/cc - skipped
[3.512s] -- Detecting C compile features
[3.513s] -- Detecting C compile features - done
[3.528s] -- Detecting CXX compiler ABI info
[3.659s] -- Detecting CXX compiler ABI info - done
[3.672s] -- Check for working CXX compiler: /usr/bin/c++ - skipped
[3.673s] -- Detecting CXX compile features
[3.673s] -- Detecting CXX compile features - done
[3.680s] -- Found ament_cmake: 2.5.2 (/opt/ros/jazzy/share/ament_cmake/cmake)
[3.885s] -- Found Python3: /usr/bin/python3 (found version "3.12.3") found components: Interpreter 
[4.222s] -- Configuring done (3.9s)
[4.228s] -- Generating done (0.0s)
[4.232s] -- Build files have been written to: /root/ros2_ws/build/kortex_api
[4.241s] Invoked command in '/root/ros2_ws/build/kortex_api' returned '0': CMAKE_PREFIX_PATH=${CMAKE_PREFIX_PATH}:/opt/ros/jazzy /usr/bin/cmake /root/ros2_ws/src/ros2_kortex/kortex_api -DCMAKE_INSTALL_PREFIX=/root/ros2_ws/install/kortex_api
[4.243s] Invoking command in '/root/ros2_ws/build/kortex_api': CMAKE_PREFIX_PATH=${CMAKE_PREFIX_PATH}:/opt/ros/jazzy /usr/bin/cmake --build /root/ros2_ws/build/kortex_api -- -j20 -l20
[4.303s] Invoked command in '/root/ros2_ws/build/kortex_api' returned '0': CMAKE_PREFIX_PATH=${CMAKE_PREFIX_PATH}:/opt/ros/jazzy /usr/bin/cmake --build /root/ros2_ws/build/kortex_api -- -j20 -l20
[4.305s] Invoking command in '/root/ros2_ws/build/kortex_api': CMAKE_PREFIX_PATH=${CMAKE_PREFIX_PATH}:/opt/ros/jazzy /usr/bin/cmake --install /root/ros2_ws/build/kortex_api
[4.315s] -- Install configuration: ""
[4.315s] -- Installing: /root/ros2_ws/install/kortex_api/include/kortex_api
[4.316s] -- Installing: /root/ros2_ws/install/kortex_api/include/kortex_api/version.h
[4.316s] -- Installing: /root/ros2_ws/install/kortex_api/include/kortex_api/TransportClientTcp.h
[4.316s] -- Installing: /root/ros2_ws/install/kortex_api/include/kortex_api/RouterClient.h
[4.316s] -- Installing: /root/ros2_ws/install/kortex_api/include/kortex_api/FrameHandler.h
[4.316s] -- Installing: /root/ros2_ws/install/kortex_api/include/kortex_api/TransportClientUdp.h
[4.316s] -- Installing: /root/ros2_ws/install/kortex_api/include/kortex_api/IRouterClient.h
[4.317s] -- Installing: /root/ros2_ws/install/kortex_api/include/kortex_api/NotificationHandler.h
[4.317s] -- Installing: /root/ros2_ws/install/kortex_api/include/kortex_api/SessionManager.h
[4.317s] -- Installing: /root/ros2_ws/install/kortex_api/include/kortex_api/ITransportClient.h
[4.317s] -- Up-to-date: /root/ros2_ws/install/kortex_api/include/kortex_api
[4.317s] -- Up-to-date: /root/ros2_ws/install/kortex_api/include/kortex_api/version.h
[4.317s] -- Installing: /root/ros2_ws/install/kortex_api/include/kortex_api/KBasicException.h
[4.318s] -- Installing: /root/ros2_ws/install/kortex_api/include/kortex_api/KError.h
[4.318s] -- Installing: /root/ros2_ws/install/kortex_api/include/kortex_api/KinovaTcpUtilities.h
[4.318s] -- Installing: /root/ros2_ws/install/kortex_api/include/kortex_api/KDetailedException.h
[4.318s] -- Installing: /root/ros2_ws/install/kortex_api/include/kortex_api/HeaderInfo.h
[4.319s] -- Installing: /root/ros2_ws/install/kortex_api/include/kortex_api/TransportBridgeDummy.h
[4.319s] -- Installing: /root/ros2_ws/install/kortex_api/include/kortex_api/Frame.h
[4.319s] -- Up-to-date: /root/ros2_ws/install/kortex_api/include/kortex_api
[4.319s] -- Installing: /root/ros2_ws/install/kortex_api/include/kortex_api/GripperConfig.pb.h
[4.319s] -- Installing: /root/ros2_ws/install/kortex_api/include/kortex_api/Frame.pb.h
[4.319s] -- Installing: /root/ros2_ws/install/kortex_api/include/kortex_api/DeviceConfig.pb.h
[4.320s] -- Installing: /root/ros2_ws/install/kortex_api/include/kortex_api/GripperCyclicMessage.pb.h
[4.320s] -- Installing: /root/ros2_ws/install/kortex_api/include/kortex_api/Session.pb.h
[4.320s] -- Installing: /root/ros2_ws/install/kortex_api/include/kortex_api/InterconnectConfig.pb.h
[4.320s] -- Installing: /root/ros2_ws/install/kortex_api/include/kortex_api/Base.pb.h
[4.320s] -- Installing: /root/ros2_ws/install/kortex_api/include/kortex_api/GripperCyclic.pb.h
[4.320s] -- Installing: /root/ros2_ws/install/kortex_api/include/kortex_api/InterconnectCyclic.pb.h
[4.320s] -- Installing: /root/ros2_ws/install/kortex_api/include/kortex_api/ActuatorCyclic.pb.h
[4.320s] -- Installing: /root/ros2_ws/install/kortex_api/include/kortex_api/Errors.pb.h
[4.320s] -- Installing: /root/ros2_ws/install/kortex_api/include/kortex_api/InterconnectCyclicMessage.pb.h
[4.320s] -- Installing: /root/ros2_ws/install/kortex_api/include/kortex_api/VisionConfig.pb.h
[4.320s] -- Installing: /root/ros2_ws/install/kortex_api/include/kortex_api/DeviceManager.pb.h
[4.320s] -- Installing: /root/ros2_ws/install/kortex_api/include/kortex_api/Common.pb.h
[4.320s] -- Installing: /root/ros2_ws/install/kortex_api/include/kortex_api/ProductConfiguration.pb.h
[4.320s] -- Installing: /root/ros2_ws/install/kortex_api/include/kortex_api/ControlConfig.pb.h
[4.320s] -- Installing: /root/ros2_ws/install/kortex_api/include/kortex_api/Test.pb.h
[4.321s] -- Installing: /root/ros2_ws/install/kortex_api/include/kortex_api/ActuatorConfig.pb.h
[4.321s] -- Installing: /root/ros2_ws/install/kortex_api/include/kortex_api/BaseCyclic.pb.h
[4.321s] -- Up-to-date: /root/ros2_ws/install/kortex_api/include/kortex_api
[4.321s] -- Installing: /root/ros2_ws/install/kortex_api/include/kortex_api/VisionConfigClientRpc.h
[4.321s] -- Installing: /root/ros2_ws/install/kortex_api/include/kortex_api/BaseCyclicClientRpc.h
[4.321s] -- Installing: /root/ros2_ws/install/kortex_api/include/kortex_api/ActuatorConfigClientRpc.h
[4.321s] -- Installing: /root/ros2_ws/install/kortex_api/include/kortex_api/DeviceConfigClientRpc.h
[4.321s] -- Installing: /root/ros2_ws/install/kortex_api/include/kortex_api/TestClientRpc.h
[4.321s] -- Installing: /root/ros2_ws/install/kortex_api/include/kortex_api/InterconnectCyclicClientRpc.h
[4.321s] -- Installing: /root/ros2_ws/install/kortex_api/include/kortex_api/SessionClientRpc.h
[4.321s] -- Installing: /root/ros2_ws/install/kortex_api/include/kortex_api/DeviceManagerClientRpc.h
[4.321s] -- Installing: /root/ros2_ws/install/kortex_api/include/kortex_api/GripperCyclicClientRpc.h
[4.321s] -- Installing: /root/ros2_ws/install/kortex_api/include/kortex_api/ActuatorCyclicClientRpc.h
[4.322s] -- Installing: /root/ros2_ws/install/kortex_api/include/kortex_api/InterconnectConfigClientRpc.h
[4.323s] -- Installing: /root/ros2_ws/install/kortex_api/include/kortex_api/ControlConfigClientRpc.h
[4.323s] -- Installing: /root/ros2_ws/install/kortex_api/include/kortex_api/BaseClientRpc.h
[4.323s] -- Installing: /root/ros2_ws/install/kortex_api/include/kortex_api/google/protobuf
[4.323s] -- Installing: /root/ros2_ws/install/kortex_api/include/kortex_api/google/protobuf/reflection.h
[4.323s] -- Installing: /root/ros2_ws/install/kortex_api/include/kortex_api/google/protobuf/arena_impl.h
[4.323s] -- Installing: /root/ros2_ws/install/kortex_api/include/kortex_api/google/protobuf/map.h
[4.324s] -- Installing: /root/ros2_ws/install/kortex_api/include/kortex_api/google/protobuf/map_field.h
[4.324s] -- Installing: /root/ros2_ws/install/kortex_api/include/kortex_api/google/protobuf/text_format.h
[4.324s] -- Installing: /root/ros2_ws/install/kortex_api/include/kortex_api/google/protobuf/timestamp.pb.h
[4.324s] -- Installing: /root/ros2_ws/install/kortex_api/include/kortex_api/google/protobuf/stubs
[4.324s] -- Installing: /root/ros2_ws/install/kortex_api/include/kortex_api/google/protobuf/stubs/atomicops_internals_solaris.h
[4.324s] -- Installing: /root/ros2_ws/install/kortex_api/include/kortex_api/google/protobuf/stubs/atomicops_internals_generic_c11_atomic.h
[4.324s] -- Installing: /root/ros2_ws/install/kortex_api/include/kortex_api/google/protobuf/stubs/casts.h
[4.324s] -- Installing: /root/ros2_ws/install/kortex_api/include/kortex_api/google/protobuf/stubs/shared_ptr.h
[4.324s] -- Installing: /root/ros2_ws/install/kortex_api/include/kortex_api/google/protobuf/stubs/atomicops_internals_power.h
[4.324s] -- Installing: /root/ros2_ws/install/kortex_api/include/kortex_api/google/protobuf/stubs/atomicops_internals_arm_qnx.h
[4.324s] -- Installing: /root/ros2_ws/install/kortex_api/include/kortex_api/google/protobuf/stubs/stl_util.h
[4.324s] -- Installing: /root/ros2_ws/install/kortex_api/include/kortex_api/google/protobuf/stubs/atomicops_internals_x86_gcc.h
[4.324s] -- Installing: /root/ros2_ws/install/kortex_api/include/kortex_api/google/protobuf/stubs/atomic_sequence_num.h
[4.324s] -- Installing: /root/ros2_ws/install/kortex_api/include/kortex_api/google/protobuf/stubs/logging.h
[4.324s] -- Installing: /root/ros2_ws/install/kortex_api/include/kortex_api/google/protobuf/stubs/callback.h
[4.324s] -- Installing: /root/ros2_ws/install/kortex_api/include/kortex_api/google/protobuf/stubs/atomicops_internals_ppc_gcc.h
[4.325s] -- Installing: /root/ros2_ws/install/kortex_api/include/kortex_api/google/protobuf/stubs/fastmem.h
[4.325s] -- Installing: /root/ros2_ws/install/kortex_api/include/kortex_api/google/protobuf/stubs/type_traits.h
[4.325s] -- Installing: /root/ros2_ws/install/kortex_api/include/kortex_api/google/protobuf/stubs/platform_macros.h
[4.325s] -- Installing: /root/ros2_ws/install/kortex_api/include/kortex_api/google/protobuf/stubs/hash.h
[4.325s] -- Installing: /root/ros2_ws/install/kortex_api/include/kortex_api/google/protobuf/stubs/atomicops.h
[4.325s] -- Installing: /root/ros2_ws/install/kortex_api/include/kortex_api/google/protobuf/stubs/once.h
[4.325s] -- Installing: /root/ros2_ws/install/kortex_api/include/kortex_api/google/protobuf/stubs/stringpiece.h
[4.325s] -- Installing: /root/ros2_ws/install/kortex_api/include/kortex_api/google/protobuf/stubs/atomicops_internals_mips_gcc.h
[4.325s] -- Installing: /root/ros2_ws/install/kortex_api/include/kortex_api/google/protobuf/stubs/atomicops_internals_tsan.h
[4.325s] -- Installing: /root/ros2_ws/install/kortex_api/include/kortex_api/google/protobuf/stubs/macros.h
[4.325s] -- Installing: /root/ros2_ws/install/kortex_api/include/kortex_api/google/protobuf/stubs/mutex.h
[4.325s] -- Installing: /root/ros2_ws/install/kortex_api/include/kortex_api/google/protobuf/stubs/status.h
[4.325s] -- Installing: /root/ros2_ws/install/kortex_api/include/kortex_api/google/protobuf/stubs/atomicops_internals_arm_gcc.h
[4.325s] -- Installing: /root/ros2_ws/install/kortex_api/include/kortex_api/google/protobuf/stubs/port.h
[4.326s] -- Installing: /root/ros2_ws/install/kortex_api/include/kortex_api/google/protobuf/stubs/singleton.h
[4.326s] -- Installing: /root/ros2_ws/install/kortex_api/include/kortex_api/google/protobuf/stubs/template_util.h
[4.326s] -- Installing: /root/ros2_ws/install/kortex_api/include/kortex_api/google/protobuf/stubs/atomicops_internals_x86_msvc.h
[4.326s] -- Installing: /root/ros2_ws/install/kortex_api/include/kortex_api/google/protobuf/stubs/atomicops_internals_generic_gcc.h
[4.326s] -- Installing: /root/ros2_ws/install/kortex_api/include/kortex_api/google/protobuf/stubs/atomicops_internals_arm64_gcc.h
[4.326s] -- Installing: /root/ros2_ws/install/kortex_api/include/kortex_api/google/protobuf/stubs/common.h
[4.326s] -- Installing: /root/ros2_ws/install/kortex_api/include/kortex_api/google/protobuf/stubs/scoped_ptr.h
[4.326s] -- Installing: /root/ros2_ws/install/kortex_api/include/kortex_api/google/protobuf/stubs/bytestream.h
[4.326s] -- Installing: /root/ros2_ws/install/kortex_api/include/kortex_api/google/protobuf/empty.pb.h
[4.326s] -- Installing: /root/ros2_ws/install/kortex_api/include/kortex_api/google/protobuf/api.pb.h
[4.327s] -- Installing: /root/ros2_ws/install/kortex_api/include/kortex_api/google/protobuf/generated_message_table_driven.h
[4.327s] -- Installing: /root/ros2_ws/install/kortex_api/include/kortex_api/google/protobuf/duration.pb.h
[4.327s] -- Installing: /root/ros2_ws/install/kortex_api/include/kortex_api/google/protobuf/struct.pb.h
[4.327s] -- Installing: /root/ros2_ws/install/kortex_api/include/kortex_api/google/protobuf/repeated_field.h
[4.327s] -- Installing: /root/ros2_ws/install/kortex_api/include/kortex_api/google/protobuf/wrappers.pb.h
[4.327s] -- Installing: /root/ros2_ws/install/kortex_api/include/kortex_api/google/protobuf/util
[4.327s] -- Installing: /root/ros2_ws/install/kortex_api/include/kortex_api/google/protobuf/util/field_mask_util.h
[4.327s] -- Installing: /root/ros2_ws/install/kortex_api/include/kortex_api/google/protobuf/util/type_resolver.h
[4.327s] -- Installing: /root/ros2_ws/install/kortex_api/include/kortex_api/google/protobuf/util/json_util.h
[4.327s] -- Installing: /root/ros2_ws/install/kortex_api/include/kortex_api/google/protobuf/util/type_resolver_util.h
[4.327s] -- Installing: /root/ros2_ws/install/kortex_api/include/kortex_api/google/protobuf/util/field_comparator.h
[4.327s] -- Installing: /root/ros2_ws/install/kortex_api/include/kortex_api/google/protobuf/util/delimited_message_util.h
[4.327s] -- Installing: /root/ros2_ws/install/kortex_api/include/kortex_api/google/protobuf/util/message_differencer.h
[4.327s] -- Installing: /root/ros2_ws/install/kortex_api/include/kortex_api/google/protobuf/util/time_util.h
[4.328s] -- Installing: /root/ros2_ws/install/kortex_api/include/kortex_api/google/protobuf/field_mask.pb.h
[4.329s] -- Installing: /root/ros2_ws/install/kortex_api/include/kortex_api/google/protobuf/descriptor.h
[4.329s] -- Installing: /root/ros2_ws/install/kortex_api/include/kortex_api/google/protobuf/arenastring.h
[4.329s] -- Installing: /root/ros2_ws/install/kortex_api/include/kortex_api/google/protobuf/generated_enum_reflection.h
[4.329s] -- Installing: /root/ros2_ws/install/kortex_api/include/kortex_api/google/protobuf/compiler
[4.330s] -- Installing: /root/ros2_ws/install/kortex_api/include/kortex_api/google/protobuf/compiler/plugin.pb.h
[4.330s] -- Installing: /root/ros2_ws/install/kortex_api/include/kortex_api/google/protobuf/compiler/objectivec
[4.331s] -- Installing: /root/ros2_ws/install/kortex_api/include/kortex_api/google/protobuf/compiler/objectivec/objectivec_generator.h
[4.331s] -- Installing: /root/ros2_ws/install/kortex_api/include/kortex_api/google/protobuf/compiler/objectivec/objectivec_helpers.h
[4.332s] -- Installing: /root/ros2_ws/install/kortex_api/include/kortex_api/google/protobuf/compiler/code_generator.h
[4.332s] -- Installing: /root/ros2_ws/install/kortex_api/include/kortex_api/google/protobuf/compiler/cpp
[4.332s] -- Installing: /root/ros2_ws/install/kortex_api/include/kortex_api/google/protobuf/compiler/cpp/cpp_generator.h
[4.332s] -- Installing: /root/ros2_ws/install/kortex_api/include/kortex_api/google/protobuf/compiler/importer.h
[4.332s] -- Installing: /root/ros2_ws/install/kortex_api/include/kortex_api/google/protobuf/compiler/parser.h
[4.332s] -- Installing: /root/ros2_ws/install/kortex_api/include/kortex_api/google/protobuf/compiler/python
[4.333s] -- Installing: /root/ros2_ws/install/kortex_api/include/kortex_api/google/protobuf/compiler/python/python_generator.h
[4.333s] -- Installing: /root/ros2_ws/install/kortex_api/include/kortex_api/google/protobuf/compiler/js
[4.333s] -- Installing: /root/ros2_ws/install/kortex_api/include/kortex_api/google/protobuf/compiler/js/js_generator.h
[4.333s] -- Installing: /root/ros2_ws/install/kortex_api/include/kortex_api/google/protobuf/compiler/js/well_known_types_embed.h
[4.333s] -- Installing: /root/ros2_ws/install/kortex_api/include/kortex_api/google/protobuf/compiler/command_line_interface.h
[4.334s] -- Installing: /root/ros2_ws/install/kortex_api/include/kortex_api/google/protobuf/compiler/plugin.h
[4.334s] -- Installing: /root/ros2_ws/install/kortex_api/include/kortex_api/google/protobuf/compiler/java
[4.334s] -- Installing: /root/ros2_ws/install/kortex_api/include/kortex_api/google/protobuf/compiler/java/java_generator.h
[4.334s] -- Installing: /root/ros2_ws/install/kortex_api/include/kortex_api/google/protobuf/compiler/java/java_names.h
[4.334s] -- Installing: /root/ros2_ws/install/kortex_api/include/kortex_api/google/protobuf/compiler/javanano
[4.335s] -- Installing: /root/ros2_ws/install/kortex_api/include/kortex_api/google/protobuf/compiler/javanano/javanano_generator.h
[4.335s] -- Installing: /root/ros2_ws/install/kortex_api/include/kortex_api/google/protobuf/compiler/php
[4.335s] -- Installing: /root/ros2_ws/install/kortex_api/include/kortex_api/google/protobuf/compiler/php/php_generator.h
[4.335s] -- Installing: /root/ros2_ws/install/kortex_api/include/kortex_api/google/protobuf/compiler/ruby
[4.335s] -- Installing: /root/ros2_ws/install/kortex_api/include/kortex_api/google/protobuf/compiler/ruby/ruby_generator.h
[4.336s] -- Installing: /root/ros2_ws/install/kortex_api/include/kortex_api/google/protobuf/compiler/csharp
[4.336s] -- Installing: /root/ros2_ws/install/kortex_api/include/kortex_api/google/protobuf/compiler/csharp/csharp_generator.h
[4.337s] -- Installing: /root/ros2_ws/install/kortex_api/include/kortex_api/google/protobuf/compiler/csharp/csharp_names.h
[4.337s] -- Installing: /root/ros2_ws/install/kortex_api/include/kortex_api/google/protobuf/wire_format.h
[4.337s] -- Installing: /root/ros2_ws/install/kortex_api/include/kortex_api/google/protobuf/message.h
[4.338s] -- Installing: /root/ros2_ws/install/kortex_api/include/kortex_api/google/protobuf/map_field_inl.h
[4.338s] -- Installing: /root/ros2_ws/install/kortex_api/include/kortex_api/google/protobuf/metadata.h
[4.338s] -- Installing: /root/ros2_ws/install/kortex_api/include/kortex_api/google/protobuf/wire_format_lite.h
[4.338s] -- Installing: /root/ros2_ws/install/kortex_api/include/kortex_api/google/protobuf/wire_format_lite_inl.h
[4.338s] -- Installing: /root/ros2_ws/install/kortex_api/include/kortex_api/google/protobuf/map_type_handler.h
[4.339s] -- Installing: /root/ros2_ws/install/kortex_api/include/kortex_api/google/protobuf/map_entry.h
[4.339s] -- Installing: /root/ros2_ws/install/kortex_api/include/kortex_api/google/protobuf/unknown_field_set.h
[4.339s] -- Installing: /root/ros2_ws/install/kortex_api/include/kortex_api/google/protobuf/any.pb.h
[4.339s] -- Installing: /root/ros2_ws/install/kortex_api/include/kortex_api/google/protobuf/map_entry_lite.h
[4.339s] -- Installing: /root/ros2_ws/install/kortex_api/include/kortex_api/google/protobuf/descriptor.pb.h
[4.340s] -- Installing: /root/ros2_ws/install/kortex_api/include/kortex_api/google/protobuf/has_bits.h
[4.340s] -- Installing: /root/ros2_ws/install/kortex_api/include/kortex_api/google/protobuf/generated_enum_util.h
[4.340s] -- Installing: /root/ros2_ws/install/kortex_api/include/kortex_api/google/protobuf/io
[4.340s] -- Installing: /root/ros2_ws/install/kortex_api/include/kortex_api/google/protobuf/io/zero_copy_stream_impl_lite.h
[4.340s] -- Installing: /root/ros2_ws/install/kortex_api/include/kortex_api/google/protobuf/io/coded_stream.h
[4.340s] -- Installing: /root/ros2_ws/install/kortex_api/include/kortex_api/google/protobuf/io/printer.h
[4.340s] -- Installing: /root/ros2_ws/install/kortex_api/include/kortex_api/google/protobuf/io/strtod.h
[4.341s] -- Installing: /root/ros2_ws/install/kortex_api/include/kortex_api/google/protobuf/io/zero_copy_stream_impl.h
[4.341s] -- Installing: /root/ros2_ws/install/kortex_api/include/kortex_api/google/protobuf/io/tokenizer.h
[4.341s] -- Installing: /root/ros2_ws/install/kortex_api/include/kortex_api/google/protobuf/io/zero_copy_stream.h
[4.341s] -- Installing: /root/ros2_ws/install/kortex_api/include/kortex_api/google/protobuf/io/gzip_stream.h
[4.341s] -- Installing: /root/ros2_ws/install/kortex_api/include/kortex_api/google/protobuf/any.h
[4.341s] -- Installing: /root/ros2_ws/install/kortex_api/include/kortex_api/google/protobuf/type.pb.h
[4.341s] -- Installing: /root/ros2_ws/install/kortex_api/include/kortex_api/google/protobuf/service.h
[4.342s] -- Installing: /root/ros2_ws/install/kortex_api/include/kortex_api/google/protobuf/extension_set.h
[4.342s] -- Installing: /root/ros2_ws/install/kortex_api/include/kortex_api/google/protobuf/generated_message_reflection.h
[4.342s] -- Installing: /root/ros2_ws/install/kortex_api/include/kortex_api/google/protobuf/generated_message_util.h
[4.342s] -- Installing: /root/ros2_ws/install/kortex_api/include/kortex_api/google/protobuf/map_field_lite.h
[4.342s] -- Installing: /root/ros2_ws/install/kortex_api/include/kortex_api/google/protobuf/message_lite.h
[4.343s] -- Installing: /root/ros2_ws/install/kortex_api/include/kortex_api/google/protobuf/source_context.pb.h
[4.343s] -- Installing: /root/ros2_ws/install/kortex_api/include/kortex_api/google/protobuf/reflection_ops.h
[4.343s] -- Installing: /root/ros2_ws/install/kortex_api/include/kortex_api/google/protobuf/dynamic_message.h
[4.343s] -- Installing: /root/ros2_ws/install/kortex_api/include/kortex_api/google/protobuf/metadata_lite.h
[4.344s] -- Installing: /root/ros2_ws/install/kortex_api/include/kortex_api/google/protobuf/descriptor_database.h
[4.344s] -- Installing: /root/ros2_ws/install/kortex_api/include/kortex_api/google/protobuf/arena.h
[4.344s] -- Installing: /root/ros2_ws/install/kortex_api/share/ament_index/resource_index/package_run_dependencies/kortex_api
[4.344s] -- Installing: /root/ros2_ws/install/kortex_api/share/ament_index/resource_index/parent_prefix_path/kortex_api
[4.344s] -- Installing: /root/ros2_ws/install/kortex_api/share/kortex_api/environment/ament_prefix_path.sh
[4.344s] -- Installing: /root/ros2_ws/install/kortex_api/share/kortex_api/environment/ament_prefix_path.dsv
[4.344s] -- Installing: /root/ros2_ws/install/kortex_api/share/kortex_api/environment/path.sh
[4.345s] -- Installing: /root/ros2_ws/install/kortex_api/share/kortex_api/environment/path.dsv
[4.345s] -- Installing: /root/ros2_ws/install/kortex_api/share/kortex_api/local_setup.bash
[4.345s] -- Installing: /root/ros2_ws/install/kortex_api/share/kortex_api/local_setup.sh
[4.345s] -- Installing: /root/ros2_ws/install/kortex_api/share/kortex_api/local_setup.zsh
[4.345s] -- Installing: /root/ros2_ws/install/kortex_api/share/kortex_api/local_setup.dsv
[4.345s] -- Installing: /root/ros2_ws/install/kortex_api/share/kortex_api/package.dsv
[4.346s] -- Installing: /root/ros2_ws/install/kortex_api/share/ament_index/resource_index/packages/kortex_api
[4.346s] -- Installing: /root/ros2_ws/install/kortex_api/share/kortex_api/cmake/ament_cmake_export_include_directories-extras.cmake
[4.346s] -- Installing: /root/ros2_ws/install/kortex_api/share/kortex_api/cmake/kortex_apiConfig.cmake
[4.346s] -- Installing: /root/ros2_ws/install/kortex_api/share/kortex_api/cmake/kortex_apiConfig-version.cmake
[4.346s] -- Installing: /root/ros2_ws/install/kortex_api/share/kortex_api/package.xml
[4.362s] Invoked command in '/root/ros2_ws/build/kortex_api' returned '0': CMAKE_PREFIX_PATH=${CMAKE_PREFIX_PATH}:/opt/ros/jazzy /usr/bin/cmake --install /root/ros2_ws/build/kortex_api
