[0.021s] Invoking command in '/root/ros2_ws/build/chomp_motion_planner': AMENT_PREFIX_PATH=/root/ros2_ws/install/moveit_core:/root/ros2_ws/install/moveit_resources_panda_moveit_config:/root/ros2_ws/install/moveit_resources_pr2_description:/root/ros2_ws/install/moveit_resources_panda_description:/root/ros2_ws/install/moveit_msgs:/root/ros2_ws/install/moveit_common:${AMENT_PREFIX_PATH} CMAKE_PREFIX_PATH=/root/ros2_ws/install/moveit_core:/root/ros2_ws/install/moveit_resources_panda_moveit_config:/root/ros2_ws/install/moveit_resources_pr2_description:/root/ros2_ws/install/moveit_resources_panda_description:/root/ros2_ws/install/moveit_msgs:/root/ros2_ws/install/moveit_common:/opt/ros/jazzy/opt/gz_sim_vendor:/opt/ros/jazzy/opt/gz_sensors_vendor:/opt/ros/jazzy/opt/gz_physics_vendor:/opt/ros/jazzy/opt/sdformat_vendor:/opt/ros/jazzy/opt/gz_gui_vendor:/opt/ros/jazzy/opt/gz_transport_vendor:/opt/ros/jazzy/opt/gz_rendering_vendor:/opt/ros/jazzy/opt/gz_plugin_vendor:/opt/ros/jazzy/opt/gz_fuel_tools_vendor:/opt/ros/jazzy/opt/gz_msgs_vendor:/opt/ros/jazzy/opt/gz_common_vendor:/opt/ros/jazzy/opt/gz_math_vendor:/opt/ros/jazzy/opt/gz_utils_vendor:/opt/ros/jazzy/opt/gz_tools_vendor:/opt/ros/jazzy/opt/gz_ogre_next_vendor:/opt/ros/jazzy/opt/gz_dartsim_vendor:/opt/ros/jazzy/opt/gz_cmake_vendor:/opt/ros/jazzy LD_LIBRARY_PATH=/root/ros2_ws/install/moveit_core/lib:/root/ros2_ws/install/moveit_msgs/lib:${LD_LIBRARY_PATH} PATH=/root/ros2_ws/install/moveit_core/bin:${PATH} PYTHONPATH=/root/ros2_ws/install/moveit_msgs/lib/python3.12/site-packages:${PYTHONPATH} /usr/bin/cmake /root/ros2_ws/src/moveit2/moveit_planners/chomp/chomp_motion_planner -DCMAKE_INSTALL_PREFIX=/root/ros2_ws/install/chomp_motion_planner
[0.109s] -- The CXX compiler identification is GNU 13.3.0
[0.127s] -- Detecting CXX compiler ABI info
[0.254s] -- Detecting CXX compiler ABI info - done
[0.265s] -- Check for working CXX compiler: /usr/bin/c++ - skipped
[0.265s] -- Detecting CXX compile features
[0.265s] -- Detecting CXX compile features - done
[0.267s] -- Found moveit_common: 2.12.0 (/root/ros2_ws/install/moveit_common/share/moveit_common/cmake)
[0.273s] -- Found ament_cmake: 2.5.2 (/opt/ros/jazzy/share/ament_cmake/cmake)
[0.464s] -- Found Python3: /usr/bin/python3 (found version "3.12.3") found components: Interpreter 
[0.732s] [0mchomp_motion_planner: You did not request a specific build type: Choosing 'Release' for maximum performance[0m
[0.733s] -- Found moveit_core: 2.12.0 (/root/ros2_ws/install/moveit_core/share/moveit_core/cmake)
[0.952s] -- Found Boost: /usr/lib/x86_64-linux-gnu/cmake/Boost-1.83.0/BoostConfig.cmake (found version "1.83.0") found components: chrono date_time filesystem iostreams program_options regex serialization system thread 
[1.060s] -- Found parameter_traits: 0.4.0 (/opt/ros/jazzy/share/parameter_traits/cmake)
[1.130s] -- Found rosidl_generator_c: 4.6.4 (/opt/ros/jazzy/share/rosidl_generator_c/cmake)
[1.153s] -- Found rosidl_generator_cpp: 4.6.4 (/opt/ros/jazzy/share/rosidl_generator_cpp/cmake)
[1.185s] -- Using all available rosidl_typesupport_c: rosidl_typesupport_fastrtps_c;rosidl_typesupport_introspection_c
[1.218s] -- Using all available rosidl_typesupport_cpp: rosidl_typesupport_fastrtps_cpp;rosidl_typesupport_introspection_cpp
[1.348s] -- Found rmw_implementation_cmake: 7.3.1 (/opt/ros/jazzy/share/rmw_implementation_cmake/cmake)
[1.360s] -- Found rmw_fastrtps_cpp: 8.4.1 (/opt/ros/jazzy/share/rmw_fastrtps_cpp/cmake)
[1.487s] -- Found OpenSSL: /usr/lib/x86_64-linux-gnu/libcrypto.so (found version "3.0.13")  
[1.510s] -- Found FastRTPS: /opt/ros/jazzy/include (Required is at least version "2.13") 
[1.540s] -- Using RMW implementation 'rmw_fastrtps_cpp' as default
[1.663s] -- Found rclcpp_lifecycle: 28.1.5 (/opt/ros/jazzy/share/rclcpp_lifecycle/cmake)
[1.716s] -- Found Boost: /usr/lib/x86_64-linux-gnu/cmake/Boost-1.83.0/BoostConfig.cmake (found version "1.83.0") found components: filesystem 
[1.909s] -- Found Eigen3: TRUE (found version "3.4.0") 
[1.909s] -- Ensuring Eigen3 include directory is part of orocos-kdl CMake target
[2.360s] -- Configuring done (2.3s)
[2.385s] -- Generating done (0.0s)
[2.390s] -- Build files have been written to: /root/ros2_ws/build/chomp_motion_planner
[2.401s] Invoked command in '/root/ros2_ws/build/chomp_motion_planner' returned '0': AMENT_PREFIX_PATH=/root/ros2_ws/install/moveit_core:/root/ros2_ws/install/moveit_resources_panda_moveit_config:/root/ros2_ws/install/moveit_resources_pr2_description:/root/ros2_ws/install/moveit_resources_panda_description:/root/ros2_ws/install/moveit_msgs:/root/ros2_ws/install/moveit_common:${AMENT_PREFIX_PATH} CMAKE_PREFIX_PATH=/root/ros2_ws/install/moveit_core:/root/ros2_ws/install/moveit_resources_panda_moveit_config:/root/ros2_ws/install/moveit_resources_pr2_description:/root/ros2_ws/install/moveit_resources_panda_description:/root/ros2_ws/install/moveit_msgs:/root/ros2_ws/install/moveit_common:/opt/ros/jazzy/opt/gz_sim_vendor:/opt/ros/jazzy/opt/gz_sensors_vendor:/opt/ros/jazzy/opt/gz_physics_vendor:/opt/ros/jazzy/opt/sdformat_vendor:/opt/ros/jazzy/opt/gz_gui_vendor:/opt/ros/jazzy/opt/gz_transport_vendor:/opt/ros/jazzy/opt/gz_rendering_vendor:/opt/ros/jazzy/opt/gz_plugin_vendor:/opt/ros/jazzy/opt/gz_fuel_tools_vendor:/opt/ros/jazzy/opt/gz_msgs_vendor:/opt/ros/jazzy/opt/gz_common_vendor:/opt/ros/jazzy/opt/gz_math_vendor:/opt/ros/jazzy/opt/gz_utils_vendor:/opt/ros/jazzy/opt/gz_tools_vendor:/opt/ros/jazzy/opt/gz_ogre_next_vendor:/opt/ros/jazzy/opt/gz_dartsim_vendor:/opt/ros/jazzy/opt/gz_cmake_vendor:/opt/ros/jazzy LD_LIBRARY_PATH=/root/ros2_ws/install/moveit_core/lib:/root/ros2_ws/install/moveit_msgs/lib:${LD_LIBRARY_PATH} PATH=/root/ros2_ws/install/moveit_core/bin:${PATH} PYTHONPATH=/root/ros2_ws/install/moveit_msgs/lib/python3.12/site-packages:${PYTHONPATH} /usr/bin/cmake /root/ros2_ws/src/moveit2/moveit_planners/chomp/chomp_motion_planner -DCMAKE_INSTALL_PREFIX=/root/ros2_ws/install/chomp_motion_planner
[2.403s] Invoking command in '/root/ros2_ws/build/chomp_motion_planner': AMENT_PREFIX_PATH=/root/ros2_ws/install/moveit_core:/root/ros2_ws/install/moveit_resources_panda_moveit_config:/root/ros2_ws/install/moveit_resources_pr2_description:/root/ros2_ws/install/moveit_resources_panda_description:/root/ros2_ws/install/moveit_msgs:/root/ros2_ws/install/moveit_common:${AMENT_PREFIX_PATH} CMAKE_PREFIX_PATH=/root/ros2_ws/install/moveit_core:/root/ros2_ws/install/moveit_resources_panda_moveit_config:/root/ros2_ws/install/moveit_resources_pr2_description:/root/ros2_ws/install/moveit_resources_panda_description:/root/ros2_ws/install/moveit_msgs:/root/ros2_ws/install/moveit_common:/opt/ros/jazzy/opt/gz_sim_vendor:/opt/ros/jazzy/opt/gz_sensors_vendor:/opt/ros/jazzy/opt/gz_physics_vendor:/opt/ros/jazzy/opt/sdformat_vendor:/opt/ros/jazzy/opt/gz_gui_vendor:/opt/ros/jazzy/opt/gz_transport_vendor:/opt/ros/jazzy/opt/gz_rendering_vendor:/opt/ros/jazzy/opt/gz_plugin_vendor:/opt/ros/jazzy/opt/gz_fuel_tools_vendor:/opt/ros/jazzy/opt/gz_msgs_vendor:/opt/ros/jazzy/opt/gz_common_vendor:/opt/ros/jazzy/opt/gz_math_vendor:/opt/ros/jazzy/opt/gz_utils_vendor:/opt/ros/jazzy/opt/gz_tools_vendor:/opt/ros/jazzy/opt/gz_ogre_next_vendor:/opt/ros/jazzy/opt/gz_dartsim_vendor:/opt/ros/jazzy/opt/gz_cmake_vendor:/opt/ros/jazzy LD_LIBRARY_PATH=/root/ros2_ws/install/moveit_core/lib:/root/ros2_ws/install/moveit_msgs/lib:${LD_LIBRARY_PATH} PATH=/root/ros2_ws/install/moveit_core/bin:${PATH} PYTHONPATH=/root/ros2_ws/install/moveit_msgs/lib/python3.12/site-packages:${PYTHONPATH} /usr/bin/cmake --build /root/ros2_ws/build/chomp_motion_planner -- -j20 -l20
[2.478s] [ 16%] [32mBuilding CXX object CMakeFiles/chomp_motion_planner.dir/src/chomp_cost.cpp.o[0m
[2.479s] [ 33%] [32mBuilding CXX object CMakeFiles/chomp_motion_planner.dir/src/chomp_trajectory.cpp.o[0m
[2.479s] [ 66%] [32mBuilding CXX object CMakeFiles/chomp_motion_planner.dir/src/chomp_planner.cpp.o[0m
[2.479s] [ 66%] [32mBuilding CXX object CMakeFiles/chomp_motion_planner.dir/src/chomp_optimizer.cpp.o[0m
[2.488s] [ 83%] [32mBuilding CXX object CMakeFiles/chomp_motion_planner.dir/src/chomp_parameters.cpp.o[0m
[38.944s] [100%] [32m[1mLinking CXX shared library libchomp_motion_planner.so[0m
[39.135s] [100%] Built target chomp_motion_planner
[39.147s] Invoked command in '/root/ros2_ws/build/chomp_motion_planner' returned '0': AMENT_PREFIX_PATH=/root/ros2_ws/install/moveit_core:/root/ros2_ws/install/moveit_resources_panda_moveit_config:/root/ros2_ws/install/moveit_resources_pr2_description:/root/ros2_ws/install/moveit_resources_panda_description:/root/ros2_ws/install/moveit_msgs:/root/ros2_ws/install/moveit_common:${AMENT_PREFIX_PATH} CMAKE_PREFIX_PATH=/root/ros2_ws/install/moveit_core:/root/ros2_ws/install/moveit_resources_panda_moveit_config:/root/ros2_ws/install/moveit_resources_pr2_description:/root/ros2_ws/install/moveit_resources_panda_description:/root/ros2_ws/install/moveit_msgs:/root/ros2_ws/install/moveit_common:/opt/ros/jazzy/opt/gz_sim_vendor:/opt/ros/jazzy/opt/gz_sensors_vendor:/opt/ros/jazzy/opt/gz_physics_vendor:/opt/ros/jazzy/opt/sdformat_vendor:/opt/ros/jazzy/opt/gz_gui_vendor:/opt/ros/jazzy/opt/gz_transport_vendor:/opt/ros/jazzy/opt/gz_rendering_vendor:/opt/ros/jazzy/opt/gz_plugin_vendor:/opt/ros/jazzy/opt/gz_fuel_tools_vendor:/opt/ros/jazzy/opt/gz_msgs_vendor:/opt/ros/jazzy/opt/gz_common_vendor:/opt/ros/jazzy/opt/gz_math_vendor:/opt/ros/jazzy/opt/gz_utils_vendor:/opt/ros/jazzy/opt/gz_tools_vendor:/opt/ros/jazzy/opt/gz_ogre_next_vendor:/opt/ros/jazzy/opt/gz_dartsim_vendor:/opt/ros/jazzy/opt/gz_cmake_vendor:/opt/ros/jazzy LD_LIBRARY_PATH=/root/ros2_ws/install/moveit_core/lib:/root/ros2_ws/install/moveit_msgs/lib:${LD_LIBRARY_PATH} PATH=/root/ros2_ws/install/moveit_core/bin:${PATH} PYTHONPATH=/root/ros2_ws/install/moveit_msgs/lib/python3.12/site-packages:${PYTHONPATH} /usr/bin/cmake --build /root/ros2_ws/build/chomp_motion_planner -- -j20 -l20
[39.148s] Invoking command in '/root/ros2_ws/build/chomp_motion_planner': AMENT_PREFIX_PATH=/root/ros2_ws/install/moveit_core:/root/ros2_ws/install/moveit_resources_panda_moveit_config:/root/ros2_ws/install/moveit_resources_pr2_description:/root/ros2_ws/install/moveit_resources_panda_description:/root/ros2_ws/install/moveit_msgs:/root/ros2_ws/install/moveit_common:${AMENT_PREFIX_PATH} CMAKE_PREFIX_PATH=/root/ros2_ws/install/moveit_core:/root/ros2_ws/install/moveit_resources_panda_moveit_config:/root/ros2_ws/install/moveit_resources_pr2_description:/root/ros2_ws/install/moveit_resources_panda_description:/root/ros2_ws/install/moveit_msgs:/root/ros2_ws/install/moveit_common:/opt/ros/jazzy/opt/gz_sim_vendor:/opt/ros/jazzy/opt/gz_sensors_vendor:/opt/ros/jazzy/opt/gz_physics_vendor:/opt/ros/jazzy/opt/sdformat_vendor:/opt/ros/jazzy/opt/gz_gui_vendor:/opt/ros/jazzy/opt/gz_transport_vendor:/opt/ros/jazzy/opt/gz_rendering_vendor:/opt/ros/jazzy/opt/gz_plugin_vendor:/opt/ros/jazzy/opt/gz_fuel_tools_vendor:/opt/ros/jazzy/opt/gz_msgs_vendor:/opt/ros/jazzy/opt/gz_common_vendor:/opt/ros/jazzy/opt/gz_math_vendor:/opt/ros/jazzy/opt/gz_utils_vendor:/opt/ros/jazzy/opt/gz_tools_vendor:/opt/ros/jazzy/opt/gz_ogre_next_vendor:/opt/ros/jazzy/opt/gz_dartsim_vendor:/opt/ros/jazzy/opt/gz_cmake_vendor:/opt/ros/jazzy LD_LIBRARY_PATH=/root/ros2_ws/install/moveit_core/lib:/root/ros2_ws/install/moveit_msgs/lib:${LD_LIBRARY_PATH} PATH=/root/ros2_ws/install/moveit_core/bin:${PATH} PYTHONPATH=/root/ros2_ws/install/moveit_msgs/lib/python3.12/site-packages:${PYTHONPATH} /usr/bin/cmake --install /root/ros2_ws/build/chomp_motion_planner
[39.157s] -- Install configuration: "Release"
[39.157s] -- Installing: /root/ros2_ws/install/chomp_motion_planner/lib/libchomp_motion_planner.so.2.12.0
[39.157s] -- Set non-toolchain portion of runtime path of "/root/ros2_ws/install/chomp_motion_planner/lib/libchomp_motion_planner.so.2.12.0" to ""
[39.157s] -- Installing: /root/ros2_ws/install/chomp_motion_planner/lib/libchomp_motion_planner.so
[39.157s] -- Installing: /root/ros2_ws/install/chomp_motion_planner/include/chomp_motion_planner
[39.158s] -- Installing: /root/ros2_ws/install/chomp_motion_planner/include/chomp_motion_planner/chomp_motion_planner
[39.158s] -- Installing: /root/ros2_ws/install/chomp_motion_planner/include/chomp_motion_planner/chomp_motion_planner/chomp_trajectory.hpp
[39.158s] -- Installing: /root/ros2_ws/install/chomp_motion_planner/include/chomp_motion_planner/chomp_motion_planner/chomp_optimizer.hpp
[39.158s] -- Installing: /root/ros2_ws/install/chomp_motion_planner/include/chomp_motion_planner/chomp_motion_planner/multivariate_gaussian.hpp
[39.158s] -- Installing: /root/ros2_ws/install/chomp_motion_planner/include/chomp_motion_planner/chomp_motion_planner/chomp_parameters.h
[39.158s] -- Installing: /root/ros2_ws/install/chomp_motion_planner/include/chomp_motion_planner/chomp_motion_planner/chomp_cost.h
[39.158s] -- Installing: /root/ros2_ws/install/chomp_motion_planner/include/chomp_motion_planner/chomp_motion_planner/chomp_planner.h
[39.159s] -- Installing: /root/ros2_ws/install/chomp_motion_planner/include/chomp_motion_planner/chomp_motion_planner/chomp_parameters.hpp
[39.159s] -- Installing: /root/ros2_ws/install/chomp_motion_planner/include/chomp_motion_planner/chomp_motion_planner/chomp_optimizer.h
[39.159s] -- Installing: /root/ros2_ws/install/chomp_motion_planner/include/chomp_motion_planner/chomp_motion_planner/chomp_utils.h
[39.159s] -- Installing: /root/ros2_ws/install/chomp_motion_planner/include/chomp_motion_planner/chomp_motion_planner/chomp_cost.hpp
[39.159s] -- Installing: /root/ros2_ws/install/chomp_motion_planner/include/chomp_motion_planner/chomp_motion_planner/multivariate_gaussian.h
[39.159s] -- Installing: /root/ros2_ws/install/chomp_motion_planner/include/chomp_motion_planner/chomp_motion_planner/chomp_utils.hpp
[39.159s] -- Installing: /root/ros2_ws/install/chomp_motion_planner/include/chomp_motion_planner/chomp_motion_planner/chomp_trajectory.h
[39.159s] -- Installing: /root/ros2_ws/install/chomp_motion_planner/include/chomp_motion_planner/chomp_motion_planner/chomp_planner.hpp
[39.159s] -- Installing: /root/ros2_ws/install/chomp_motion_planner/share/chomp_motion_planner/environment/library_path.sh
[39.159s] -- Installing: /root/ros2_ws/install/chomp_motion_planner/share/chomp_motion_planner/environment/library_path.dsv
[39.159s] -- Installing: /root/ros2_ws/install/chomp_motion_planner/share/ament_index/resource_index/package_run_dependencies/chomp_motion_planner
[39.159s] -- Installing: /root/ros2_ws/install/chomp_motion_planner/share/ament_index/resource_index/parent_prefix_path/chomp_motion_planner
[39.159s] -- Installing: /root/ros2_ws/install/chomp_motion_planner/share/chomp_motion_planner/environment/ament_prefix_path.sh
[39.159s] -- Installing: /root/ros2_ws/install/chomp_motion_planner/share/chomp_motion_planner/environment/ament_prefix_path.dsv
[39.159s] -- Installing: /root/ros2_ws/install/chomp_motion_planner/share/chomp_motion_planner/environment/path.sh
[39.160s] -- Installing: /root/ros2_ws/install/chomp_motion_planner/share/chomp_motion_planner/environment/path.dsv
[39.160s] -- Installing: /root/ros2_ws/install/chomp_motion_planner/share/chomp_motion_planner/local_setup.bash
[39.160s] -- Installing: /root/ros2_ws/install/chomp_motion_planner/share/chomp_motion_planner/local_setup.sh
[39.160s] -- Installing: /root/ros2_ws/install/chomp_motion_planner/share/chomp_motion_planner/local_setup.zsh
[39.160s] -- Installing: /root/ros2_ws/install/chomp_motion_planner/share/chomp_motion_planner/local_setup.dsv
[39.160s] -- Installing: /root/ros2_ws/install/chomp_motion_planner/share/chomp_motion_planner/package.dsv
[39.160s] -- Installing: /root/ros2_ws/install/chomp_motion_planner/share/ament_index/resource_index/packages/chomp_motion_planner
[39.160s] -- Installing: /root/ros2_ws/install/chomp_motion_planner/share/chomp_motion_planner/cmake/chomp_motion_plannerTargetsExport.cmake
[39.160s] -- Installing: /root/ros2_ws/install/chomp_motion_planner/share/chomp_motion_planner/cmake/chomp_motion_plannerTargetsExport-release.cmake
[39.160s] -- Installing: /root/ros2_ws/install/chomp_motion_planner/share/chomp_motion_planner/cmake/ament_cmake_export_targets-extras.cmake
[39.160s] -- Installing: /root/ros2_ws/install/chomp_motion_planner/share/chomp_motion_planner/cmake/chomp_motion_plannerConfig.cmake
[39.160s] -- Installing: /root/ros2_ws/install/chomp_motion_planner/share/chomp_motion_planner/cmake/chomp_motion_plannerConfig-version.cmake
[39.160s] -- Installing: /root/ros2_ws/install/chomp_motion_planner/share/chomp_motion_planner/package.xml
[39.162s] Invoked command in '/root/ros2_ws/build/chomp_motion_planner' returned '0': AMENT_PREFIX_PATH=/root/ros2_ws/install/moveit_core:/root/ros2_ws/install/moveit_resources_panda_moveit_config:/root/ros2_ws/install/moveit_resources_pr2_description:/root/ros2_ws/install/moveit_resources_panda_description:/root/ros2_ws/install/moveit_msgs:/root/ros2_ws/install/moveit_common:${AMENT_PREFIX_PATH} CMAKE_PREFIX_PATH=/root/ros2_ws/install/moveit_core:/root/ros2_ws/install/moveit_resources_panda_moveit_config:/root/ros2_ws/install/moveit_resources_pr2_description:/root/ros2_ws/install/moveit_resources_panda_description:/root/ros2_ws/install/moveit_msgs:/root/ros2_ws/install/moveit_common:/opt/ros/jazzy/opt/gz_sim_vendor:/opt/ros/jazzy/opt/gz_sensors_vendor:/opt/ros/jazzy/opt/gz_physics_vendor:/opt/ros/jazzy/opt/sdformat_vendor:/opt/ros/jazzy/opt/gz_gui_vendor:/opt/ros/jazzy/opt/gz_transport_vendor:/opt/ros/jazzy/opt/gz_rendering_vendor:/opt/ros/jazzy/opt/gz_plugin_vendor:/opt/ros/jazzy/opt/gz_fuel_tools_vendor:/opt/ros/jazzy/opt/gz_msgs_vendor:/opt/ros/jazzy/opt/gz_common_vendor:/opt/ros/jazzy/opt/gz_math_vendor:/opt/ros/jazzy/opt/gz_utils_vendor:/opt/ros/jazzy/opt/gz_tools_vendor:/opt/ros/jazzy/opt/gz_ogre_next_vendor:/opt/ros/jazzy/opt/gz_dartsim_vendor:/opt/ros/jazzy/opt/gz_cmake_vendor:/opt/ros/jazzy LD_LIBRARY_PATH=/root/ros2_ws/install/moveit_core/lib:/root/ros2_ws/install/moveit_msgs/lib:${LD_LIBRARY_PATH} PATH=/root/ros2_ws/install/moveit_core/bin:${PATH} PYTHONPATH=/root/ros2_ws/install/moveit_msgs/lib/python3.12/site-packages:${PYTHONPATH} /usr/bin/cmake --install /root/ros2_ws/build/chomp_motion_planner
