[0.286s] Invoking command in '/root/ros2_ws/build/rviz_visual_tools': CMAKE_PREFIX_PATH=${CMAKE_PREFIX_PATH}:/opt/ros/jazzy /usr/bin/cmake /root/ros2_ws/src/rviz_visual_tools -DCMAKE_INSTALL_PREFIX=/root/ros2_ws/install/rviz_visual_tools
[0.366s] -- The C compiler identification is GNU 13.3.0
[0.464s] -- The CXX compiler identification is GNU 13.3.0
[0.493s] -- Detecting C compiler ABI info
[0.614s] -- Detecting C compiler ABI info - done
[0.638s] -- Check for working C compiler: /usr/bin/cc - skipped
[0.638s] -- Detecting C compile features
[0.639s] -- Detecting C compile features - done
[0.654s] -- Detecting CXX compiler ABI info
[0.804s] -- Detecting CXX compiler ABI info - done
[0.818s] -- Check for working CXX compiler: /usr/bin/c++ - skipped
[0.818s] -- Detecting CXX compile features
[0.820s] -- Detecting CXX compile features - done
[0.832s] -- Found ament_cmake: 2.5.2 (/opt/ros/jazzy/share/ament_cmake/cmake)
[1.104s] -- Found Python3: /usr/bin/python3 (found version "3.12.3") found components: Interpreter 
[1.326s] -- Found rclcpp: 28.1.5 (/opt/ros/jazzy/share/rclcpp/cmake)
[1.452s] -- Found rosidl_generator_c: 4.6.4 (/opt/ros/jazzy/share/rosidl_generator_c/cmake)
[1.493s] -- Found rosidl_generator_cpp: 4.6.4 (/opt/ros/jazzy/share/rosidl_generator_cpp/cmake)
[1.555s] -- Using all available rosidl_typesupport_c: rosidl_typesupport_fastrtps_c;rosidl_typesupport_introspection_c
[1.623s] -- Using all available rosidl_typesupport_cpp: rosidl_typesupport_fastrtps_cpp;rosidl_typesupport_introspection_cpp
[1.888s] -- Found rmw_implementation_cmake: 7.3.1 (/opt/ros/jazzy/share/rmw_implementation_cmake/cmake)
[1.905s] -- Found rmw_fastrtps_cpp: 8.4.1 (/opt/ros/jazzy/share/rmw_fastrtps_cpp/cmake)
[2.091s] -- Found OpenSSL: /usr/lib/x86_64-linux-gnu/libcrypto.so (found version "3.0.13")  
[2.122s] -- Found FastRTPS: /opt/ros/jazzy/include (Required is at least version "2.13") 
[2.154s] -- Using RMW implementation 'rmw_fastrtps_cpp' as default
[2.284s] -- Found rclcpp_components: 28.1.5 (/opt/ros/jazzy/share/rclcpp_components/cmake)
[2.417s] -- Found rviz_ogre_vendor: 14.1.5 (/opt/ros/jazzy/share/rviz_ogre_vendor/cmake)
[2.417s] -- Setting OGRE_DIR to: '/opt/ros/jazzy/share/rviz_ogre_vendor/cmake/../../../opt/rviz_ogre_vendor/lib/OGRE/cmake'
[2.420s] -- Found OGRE
[2.420s] --   static     : OFF
[2.420s] --   components : MeshLodGenerator;Overlay;Paging;Property;RTShaderSystem;Terrain;Volume
[2.421s] --   plugins    : Plugin_BSPSceneManager;Plugin_OctreeSceneManager;Plugin_PCZSceneManager;Plugin_ParticleFX;RenderSystem_GL;RenderSystem_GL3Plus;Codec_STBI
[2.421s] --   media      : /opt/ros/jazzy/opt/rviz_ogre_vendor/share/OGRE/Media
[2.421s] -- OGRE_LIBRARIES: OgreMeshLodGenerator;OgreOverlay;OgrePaging;OgreProperty;OgreRTShaderSystem;OgreTerrain;OgreVolume;OgreMain
[2.421s] -- OGRE_LIBRARY_DIRS: /opt/ros/jazzy/opt/rviz_ogre_vendor/lib
[2.421s] -- OGRE_PLUGINS: Plugin_BSPSceneManager;Plugin_OctreeSceneManager;Plugin_PCZSceneManager;Plugin_ParticleFX;RenderSystem_GL;RenderSystem_GL3Plus;Codec_STBI
[2.421s] -- OGRE_PLUGIN_DIR: /opt/ros/jazzy/opt/rviz_ogre_vendor/lib/OGRE
[2.421s] -- rviz_ogre_vendor::OgreOverlay for IMPORTED_LOCATION_RELEASE: /opt/ros/jazzy/opt/rviz_ogre_vendor/lib/libOgreOverlay.so
[2.422s] -- rviz_ogre_vendor::OgreOverlay for IMPORTED_LOCATION_DEBUG: /opt/ros/jazzy/opt/rviz_ogre_vendor/lib/libOgreOverlay.so
[2.422s] -- rviz_ogre_vendor::OgreMain for IMPORTED_LOCATION_RELEASE: /opt/ros/jazzy/opt/rviz_ogre_vendor/lib/libOgreMain.so
[2.422s] -- rviz_ogre_vendor::OgreMain for IMPORTED_LOCATION_DEBUG: /opt/ros/jazzy/opt/rviz_ogre_vendor/lib/libOgreMain.so
[2.498s] -- Found ZLIB: /usr/lib/x86_64-linux-gnu/libz.so (found version "1.3")  
[2.525s] -- Found OpenGL: /usr/lib/x86_64-linux-gnu/libOpenGL.so   
[2.871s] -- Found X11: /usr/include   
[2.871s] -- Looking for XOpenDisplay in /usr/lib/x86_64-linux-gnu/libX11.so;/usr/lib/x86_64-linux-gnu/libXext.so
[2.996s] -- Looking for XOpenDisplay in /usr/lib/x86_64-linux-gnu/libX11.so;/usr/lib/x86_64-linux-gnu/libXext.so - found
[2.996s] -- Looking for gethostbyname
[3.098s] -- Looking for gethostbyname - found
[3.098s] -- Looking for connect
[3.214s] -- Looking for connect - found
[3.214s] -- Looking for remove
[3.341s] -- Looking for remove - found
[3.341s] -- Looking for shmat
[3.451s] -- Looking for shmat - found
[3.452s] -- Looking for IceConnectionNumber in ICE
[3.567s] -- Looking for IceConnectionNumber in ICE - found
[3.574s] -- Found sensor_msgs: 5.3.5 (/opt/ros/jazzy/share/sensor_msgs/cmake)
[3.670s] -- Found shape_msgs: 5.3.5 (/opt/ros/jazzy/share/shape_msgs/cmake)
[3.699s] -- Found visualization_msgs: 5.3.5 (/opt/ros/jazzy/share/visualization_msgs/cmake)
[3.743s] -- Found trajectory_msgs: 5.3.5 (/opt/ros/jazzy/share/trajectory_msgs/cmake)
[3.774s] -- Found eigen3_cmake_module: 0.3.0 (/opt/ros/jazzy/share/eigen3_cmake_module/cmake)
[3.780s] -- Found eigen_stl_containers: 1.0.0 (/opt/ros/jazzy/share/eigen_stl_containers/cmake)
[3.796s] -- Found Eigen3: TRUE (found version "3.4.0") 
[3.803s] -- Found PkgConfig: /usr/bin/pkg-config (found version "1.8.1") 
[3.809s] -- Found tf2: 0.36.4 (/opt/ros/jazzy/share/tf2/cmake)
[3.819s] -- Found tf2_eigen: 0.36.4 (/opt/ros/jazzy/share/tf2_eigen/cmake)
[4.018s] -- Found tf2_geometry_msgs: 0.36.4 (/opt/ros/jazzy/share/tf2_geometry_msgs/cmake)
[4.038s] -- Ensuring Eigen3 include directory is part of orocos-kdl CMake target
[4.048s] -- Found pluginlib: 5.4.2 (/opt/ros/jazzy/share/pluginlib/cmake)
[4.062s] -- Found interactive_markers: 2.5.4 (/opt/ros/jazzy/share/interactive_markers/cmake)
[4.074s] -- Found rviz_common: 14.1.5 (/opt/ros/jazzy/share/rviz_common/cmake)
[4.154s] -- Setting yaml-cpp_DIR to: '/opt/ros/jazzy/share/yaml_cpp_vendor/cmake/../../../opt/yaml_cpp_vendor/share/cmake/yaml-cpp'
[4.170s] -- Found rviz_default_plugins: 14.1.5 (/opt/ros/jazzy/share/rviz_default_plugins/cmake)
[4.398s] -- Found ament_cmake_gtest: 2.5.2 (/opt/ros/jazzy/share/ament_cmake_gtest/cmake)
[4.406s] -- Found gtest sources under '/opt/ros/jazzy/src/gtest_vendor': C++ tests using 'Google Test' will be built
[4.411s] -- Performing Test CMAKE_HAVE_LIBC_PTHREAD
[4.533s] -- Performing Test CMAKE_HAVE_LIBC_PTHREAD - Success
[4.535s] -- Found Threads: TRUE  
[4.656s] -- Configuring done (4.4s)
[4.777s] -- Generating done (0.1s)
[4.805s] -- Build files have been written to: /root/ros2_ws/build/rviz_visual_tools
[4.824s] Invoked command in '/root/ros2_ws/build/rviz_visual_tools' returned '0': CMAKE_PREFIX_PATH=${CMAKE_PREFIX_PATH}:/opt/ros/jazzy /usr/bin/cmake /root/ros2_ws/src/rviz_visual_tools -DCMAKE_INSTALL_PREFIX=/root/ros2_ws/install/rviz_visual_tools
[4.826s] Invoking command in '/root/ros2_ws/build/rviz_visual_tools': CMAKE_PREFIX_PATH=${CMAKE_PREFIX_PATH}:/opt/ros/jazzy /usr/bin/cmake --build /root/ros2_ws/build/rviz_visual_tools -- -j20 -l20
[4.905s] [  0%] Built target gtest_autogen_timestamp_deps
[4.905s] [  0%] Built target gtest_main_autogen_timestamp_deps
[4.906s] [  0%] Built target rviz_visual_tools_gui_autogen_timestamp_deps
[4.912s] [  0%] Built target rviz_visual_tools_remote_control_autogen_timestamp_deps
[4.931s] [  2%] [34m[1mAutomatic MOC for target rviz_visual_tools_gui[0m
[4.938s] [  4%] [34m[1mAutomatic MOC for target gtest_main[0m
[4.940s] [  6%] [34m[1mAutomatic MOC for target gtest[0m
[4.951s] [  8%] [34m[1mAutomatic MOC for target rviz_visual_tools_remote_control[0m
[4.984s] [  8%] Built target gtest_main_autogen
[4.990s] [  8%] Built target gtest_autogen
[4.996s] [  8%] Built target rviz_visual_tools_remote_control_autogen
[5.021s] [ 10%] [32mBuilding CXX object gtest/CMakeFiles/gtest_main.dir/gtest_main_autogen/mocs_compilation.cpp.o[0m
[5.021s] [ 12%] [32mBuilding CXX object gtest/CMakeFiles/gtest_main.dir/src/gtest_main.cc.o[0m
[5.028s] [ 14%] [32mBuilding CXX object gtest/CMakeFiles/gtest.dir/src/gtest-all.cc.o[0m
[5.032s] [ 16%] [32mBuilding CXX object gtest/CMakeFiles/gtest.dir/gtest_autogen/mocs_compilation.cpp.o[0m
[5.039s] [ 18%] [32mBuilding CXX object CMakeFiles/rviz_visual_tools_remote_control.dir/src/remote_control.cpp.o[0m
[5.040s] [ 20%] [32mBuilding CXX object CMakeFiles/rviz_visual_tools_remote_control.dir/rviz_visual_tools_remote_control_autogen/mocs_compilation.cpp.o[0m
[5.416s] [ 20%] Built target rviz_visual_tools_gui_autogen
[5.474s] [ 22%] [32mBuilding CXX object CMakeFiles/rviz_visual_tools_gui.dir/rviz_visual_tools_gui_autogen/mocs_compilation.cpp.o[0m
[5.477s] [ 25%] [32mBuilding CXX object CMakeFiles/rviz_visual_tools_gui.dir/src/key_tool.cpp.o[0m
[5.481s] [ 29%] [32mBuilding CXX object CMakeFiles/rviz_visual_tools_gui.dir/src/rviz_visual_tools_gui.cpp.o[0m
[5.482s] [ 29%] [32mBuilding CXX object CMakeFiles/rviz_visual_tools_gui.dir/src/remote_control.cpp.o[0m
[6.256s] [ 31%] [32m[1mLinking CXX static library libgtest_main.a[0m
[6.497s] [ 33%] Built target gtest_main
[11.442s] [ 35%] [32m[1mLinking CXX static library libgtest.a[0m
[11.607s] [ 37%] Built target gtest
[16.790s] [ 39%] [32m[1mLinking CXX shared library librviz_visual_tools_gui.so[0m
[18.551s] [ 41%] Built target rviz_visual_tools_gui
[18.685s] [ 43%] [32m[1mLinking CXX shared library librviz_visual_tools_remote_control.so[0m
[18.999s] [ 45%] Built target rviz_visual_tools_remote_control
[19.035s] [ 45%] Built target rviz_visual_tools_autogen_timestamp_deps
[19.069s] [ 47%] [34m[1mAutomatic MOC for target rviz_visual_tools[0m
[19.110s] [ 47%] Built target rviz_visual_tools_autogen
[19.168s] [ 52%] [32mBuilding CXX object CMakeFiles/rviz_visual_tools.dir/src/rviz_visual_tools.cpp.o[0m
[19.168s] [ 52%] [32mBuilding CXX object CMakeFiles/rviz_visual_tools.dir/rviz_visual_tools_autogen/mocs_compilation.cpp.o[0m
[19.169s] [ 54%] [32mBuilding CXX object CMakeFiles/rviz_visual_tools.dir/src/tf_visual_tools.cpp.o[0m
[36.440s] [ 56%] [32m[1mLinking CXX shared library librviz_visual_tools.so[0m
[36.989s] [ 58%] Built target rviz_visual_tools
[37.026s] [ 58%] Built target rviz_visual_tools_demo_autogen_timestamp_deps
[37.031s] [ 58%] Built target rviz_visual_tools_imarker_simple_autogen_timestamp_deps
[37.031s] [ 58%] Built target rviz_visual_tools_rvt_test_autogen_timestamp_deps
[37.049s] [ 60%] [34m[1mAutomatic MOC for target rviz_visual_tools_demo[0m
[37.062s] [ 62%] [34m[1mAutomatic MOC for target rviz_visual_tools_rvt_test[0m
[37.068s] [ 64%] [34m[1mAutomatic MOC for target rviz_visual_tools_imarker_simple[0m
[37.098s] [ 64%] Built target rviz_visual_tools_demo_autogen
[37.108s] [ 64%] Built target rviz_visual_tools_rvt_test_autogen
[37.110s] [ 64%] Built target rviz_visual_tools_imarker_simple_autogen
[37.135s] [ 66%] [32mBuilding CXX object CMakeFiles/rviz_visual_tools_demo.dir/rviz_visual_tools_demo_autogen/mocs_compilation.cpp.o[0m
[37.142s] [ 68%] [32mBuilding CXX object CMakeFiles/rviz_visual_tools_demo.dir/src/rviz_visual_tools_demo.cpp.o[0m
[37.144s] [ 70%] [32mBuilding CXX object CMakeFiles/rviz_visual_tools_rvt_test.dir/tests/rvt_test.cpp.o[0m
[37.147s] [ 72%] [32mBuilding CXX object CMakeFiles/rviz_visual_tools_rvt_test.dir/rviz_visual_tools_rvt_test_autogen/mocs_compilation.cpp.o[0m
[37.151s] [ 75%] [32mBuilding CXX object CMakeFiles/rviz_visual_tools_imarker_simple.dir/rviz_visual_tools_imarker_simple_autogen/mocs_compilation.cpp.o[0m
[37.152s] [ 77%] [32mBuilding CXX object CMakeFiles/rviz_visual_tools_imarker_simple.dir/src/imarker_simple.cpp.o[0m
[45.224s] [ 79%] [32m[1mLinking CXX shared library librviz_visual_tools_imarker_simple.so[0m
[46.045s] [ 81%] [32m[1mLinking CXX executable rviz_visual_tools_demo[0m
[46.077s] [ 83%] Built target rviz_visual_tools_imarker_simple
[46.140s] [ 83%] Built target rviz_visual_tools_imarker_simple_demo_autogen_timestamp_deps
[46.222s] [ 85%] [34m[1mAutomatic MOC for target rviz_visual_tools_imarker_simple_demo[0m
[46.341s] [ 85%] Built target rviz_visual_tools_imarker_simple_demo_autogen
[46.474s] [ 87%] [32mBuilding CXX object CMakeFiles/rviz_visual_tools_imarker_simple_demo.dir/src/imarker_simple_demo.cpp.o[0m
[46.481s] [ 89%] [32mBuilding CXX object CMakeFiles/rviz_visual_tools_imarker_simple_demo.dir/rviz_visual_tools_imarker_simple_demo_autogen/mocs_compilation.cpp.o[0m
[46.798s] [ 91%] Built target rviz_visual_tools_demo
[46.876s] [ 93%] [32m[1mLinking CXX executable rviz_visual_tools_rvt_test[0m
[47.758s] [ 95%] Built target rviz_visual_tools_rvt_test
[55.705s] [ 97%] [32m[1mLinking CXX executable rviz_visual_tools_imarker_simple_demo[0m
[56.554s] [100%] Built target rviz_visual_tools_imarker_simple_demo
[56.620s] Invoked command in '/root/ros2_ws/build/rviz_visual_tools' returned '0': CMAKE_PREFIX_PATH=${CMAKE_PREFIX_PATH}:/opt/ros/jazzy /usr/bin/cmake --build /root/ros2_ws/build/rviz_visual_tools -- -j20 -l20
[56.620s] Invoking command in '/root/ros2_ws/build/rviz_visual_tools': CMAKE_PREFIX_PATH=${CMAKE_PREFIX_PATH}:/opt/ros/jazzy /usr/bin/cmake --install /root/ros2_ws/build/rviz_visual_tools
[56.647s] -- Install configuration: ""
[56.647s] -- Installing: /root/ros2_ws/install/rviz_visual_tools/share/rviz_visual_tools/plugin_description.xml
[56.648s] -- Installing: /root/ros2_ws/install/rviz_visual_tools/lib/librviz_visual_tools.so
[56.660s] -- Set non-toolchain portion of runtime path of "/root/ros2_ws/install/rviz_visual_tools/lib/librviz_visual_tools.so" to ""
[56.660s] -- Installing: /root/ros2_ws/install/rviz_visual_tools/lib/librviz_visual_tools_remote_control.so
[56.676s] -- Set non-toolchain portion of runtime path of "/root/ros2_ws/install/rviz_visual_tools/lib/librviz_visual_tools_remote_control.so" to ""
[56.676s] -- Installing: /root/ros2_ws/install/rviz_visual_tools/lib/librviz_visual_tools_gui.so
[56.683s] -- Set non-toolchain portion of runtime path of "/root/ros2_ws/install/rviz_visual_tools/lib/librviz_visual_tools_gui.so" to ""
[56.684s] -- Installing: /root/ros2_ws/install/rviz_visual_tools/lib/librviz_visual_tools_imarker_simple.so
[56.690s] -- Set non-toolchain portion of runtime path of "/root/ros2_ws/install/rviz_visual_tools/lib/librviz_visual_tools_imarker_simple.so" to ""
[56.690s] -- Installing: /root/ros2_ws/install/rviz_visual_tools/lib/rviz_visual_tools/rviz_visual_tools_demo
[56.691s] -- Set non-toolchain portion of runtime path of "/root/ros2_ws/install/rviz_visual_tools/lib/rviz_visual_tools/rviz_visual_tools_demo" to ""
[56.696s] -- Installing: /root/ros2_ws/install/rviz_visual_tools/lib/rviz_visual_tools/rviz_visual_tools_imarker_simple_demo
[56.700s] -- Set non-toolchain portion of runtime path of "/root/ros2_ws/install/rviz_visual_tools/lib/rviz_visual_tools/rviz_visual_tools_imarker_simple_demo" to ""
[56.700s] -- Installing: /root/ros2_ws/install/rviz_visual_tools/include
[56.702s] -- Installing: /root/ros2_ws/install/rviz_visual_tools/include/rviz_visual_tools
[56.702s] -- Installing: /root/ros2_ws/install/rviz_visual_tools/include/rviz_visual_tools/rviz_visual_tools_gui.hpp
[56.702s] -- Installing: /root/ros2_ws/install/rviz_visual_tools/include/rviz_visual_tools/rviz_visual_tools.hpp
[56.702s] -- Installing: /root/ros2_ws/install/rviz_visual_tools/include/rviz_visual_tools/tf_visual_tools.hpp
[56.702s] -- Installing: /root/ros2_ws/install/rviz_visual_tools/include/rviz_visual_tools/remote_control.hpp
[56.702s] -- Installing: /root/ros2_ws/install/rviz_visual_tools/include/rviz_visual_tools/key_tool.hpp
[56.703s] -- Installing: /root/ros2_ws/install/rviz_visual_tools/include/rviz_visual_tools/imarker_simple.hpp
[56.703s] -- Installing: /root/ros2_ws/install/rviz_visual_tools/include/rviz_visual_tools/remote_reciever.hpp
[56.703s] -- Installing: /root/ros2_ws/install/rviz_visual_tools/share/rviz_visual_tools/launch
[56.703s] -- Installing: /root/ros2_ws/install/rviz_visual_tools/share/rviz_visual_tools/launch/demo.rviz
[56.703s] -- Installing: /root/ros2_ws/install/rviz_visual_tools/share/rviz_visual_tools/launch/demo_combined.launch.py
[56.703s] -- Installing: /root/ros2_ws/install/rviz_visual_tools/share/rviz_visual_tools/launch/rvt_test.launch
[56.704s] -- Installing: /root/ros2_ws/install/rviz_visual_tools/share/rviz_visual_tools/launch/demo_rviz.launch.py
[56.704s] -- Installing: /root/ros2_ws/install/rviz_visual_tools/share/rviz_visual_tools/environment/library_path.sh
[56.708s] -- Installing: /root/ros2_ws/install/rviz_visual_tools/share/rviz_visual_tools/environment/library_path.dsv
[56.708s] -- Installing: /root/ros2_ws/install/rviz_visual_tools/share/ament_index/resource_index/package_run_dependencies/rviz_visual_tools
[56.712s] -- Installing: /root/ros2_ws/install/rviz_visual_tools/share/ament_index/resource_index/parent_prefix_path/rviz_visual_tools
[56.712s] -- Installing: /root/ros2_ws/install/rviz_visual_tools/share/rviz_visual_tools/environment/ament_prefix_path.sh
[56.712s] -- Installing: /root/ros2_ws/install/rviz_visual_tools/share/rviz_visual_tools/environment/ament_prefix_path.dsv
[56.713s] -- Installing: /root/ros2_ws/install/rviz_visual_tools/share/rviz_visual_tools/environment/path.sh
[56.713s] -- Installing: /root/ros2_ws/install/rviz_visual_tools/share/rviz_visual_tools/environment/path.dsv
[56.713s] -- Installing: /root/ros2_ws/install/rviz_visual_tools/share/rviz_visual_tools/local_setup.bash
[56.720s] -- Installing: /root/ros2_ws/install/rviz_visual_tools/share/rviz_visual_tools/local_setup.sh
[56.720s] -- Installing: /root/ros2_ws/install/rviz_visual_tools/share/rviz_visual_tools/local_setup.zsh
[56.720s] -- Installing: /root/ros2_ws/install/rviz_visual_tools/share/rviz_visual_tools/local_setup.dsv
[56.720s] -- Installing: /root/ros2_ws/install/rviz_visual_tools/share/rviz_visual_tools/package.dsv
[56.721s] -- Installing: /root/ros2_ws/install/rviz_visual_tools/share/ament_index/resource_index/packages/rviz_visual_tools
[56.721s] -- Installing: /root/ros2_ws/install/rviz_visual_tools/share/ament_index/resource_index/rviz_common__pluginlib__plugin/rviz_visual_tools
[56.721s] -- Installing: /root/ros2_ws/install/rviz_visual_tools/share/rviz_visual_tools/cmake/export_rviz_visual_toolsExport.cmake
[56.721s] -- Installing: /root/ros2_ws/install/rviz_visual_tools/share/rviz_visual_tools/cmake/export_rviz_visual_toolsExport-noconfig.cmake
[56.721s] -- Installing: /root/ros2_ws/install/rviz_visual_tools/share/rviz_visual_tools/cmake/ament_cmake_export_targets-extras.cmake
[56.721s] -- Installing: /root/ros2_ws/install/rviz_visual_tools/share/rviz_visual_tools/cmake/ament_cmake_export_dependencies-extras.cmake
[56.722s] -- Installing: /root/ros2_ws/install/rviz_visual_tools/share/rviz_visual_tools/cmake/ament_cmake_export_include_directories-extras.cmake
[56.722s] -- Installing: /root/ros2_ws/install/rviz_visual_tools/share/rviz_visual_tools/cmake/ament_cmake_export_libraries-extras.cmake
[56.722s] -- Installing: /root/ros2_ws/install/rviz_visual_tools/share/rviz_visual_tools/cmake/rviz_visual_toolsConfig.cmake
[56.722s] -- Installing: /root/ros2_ws/install/rviz_visual_tools/share/rviz_visual_tools/cmake/rviz_visual_toolsConfig-version.cmake
[56.722s] -- Installing: /root/ros2_ws/install/rviz_visual_tools/share/rviz_visual_tools/package.xml
[56.736s] Invoked command in '/root/ros2_ws/build/rviz_visual_tools' returned '0': CMAKE_PREFIX_PATH=${CMAKE_PREFIX_PATH}:/opt/ros/jazzy /usr/bin/cmake --install /root/ros2_ws/build/rviz_visual_tools
