[0.082s] Invoking command in '/root/ros2_ws/build/moveit_hybrid_planning': AMENT_PREFIX_PATH=/root/ros2_ws/install/moveit_ros_planning_interface:/root/ros2_ws/install/moveit_ros_move_group:/root/ros2_ws/install/moveit_ros_warehouse:/root/ros2_ws/install/moveit_planners_ompl:/root/ros2_ws/install/moveit_kinematics:/root/ros2_ws/install/moveit_ros_planning:/root/ros2_ws/install/moveit_simple_controller_manager:/root/ros2_ws/install/moveit_ros_occupancy_map_monitor:/root/ros2_ws/install/moveit_core:/root/ros2_ws/install/moveit_resources_panda_moveit_config:/root/ros2_ws/install/moveit_resources_fanuc_moveit_config:/root/ros2_ws/install/moveit_resources_pr2_description:/root/ros2_ws/install/moveit_resources_panda_description:/root/ros2_ws/install/moveit_resources_fanuc_description:/root/ros2_ws/install/moveit_msgs:/root/ros2_ws/install/moveit_configs_utils:/root/ros2_ws/install/moveit_common:${AMENT_PREFIX_PATH} CMAKE_PREFIX_PATH=/root/ros2_ws/install/moveit_ros_planning_interface:/root/ros2_ws/install/moveit_ros_move_group:/root/ros2_ws/install/moveit_ros_warehouse:/root/ros2_ws/install/moveit_planners_ompl:/root/ros2_ws/install/moveit_kinematics:/root/ros2_ws/install/moveit_ros_planning:/root/ros2_ws/install/moveit_simple_controller_manager:/root/ros2_ws/install/moveit_ros_occupancy_map_monitor:/root/ros2_ws/install/moveit_core:/root/ros2_ws/install/moveit_resources_panda_moveit_config:/root/ros2_ws/install/moveit_resources_fanuc_moveit_config:/root/ros2_ws/install/moveit_resources_pr2_description:/root/ros2_ws/install/moveit_resources_panda_description:/root/ros2_ws/install/moveit_resources_fanuc_description:/root/ros2_ws/install/moveit_msgs:/root/ros2_ws/install/moveit_common:/opt/ros/jazzy/opt/gz_sim_vendor:/opt/ros/jazzy/opt/gz_sensors_vendor:/opt/ros/jazzy/opt/gz_physics_vendor:/opt/ros/jazzy/opt/sdformat_vendor:/opt/ros/jazzy/opt/gz_gui_vendor:/opt/ros/jazzy/opt/gz_transport_vendor:/opt/ros/jazzy/opt/gz_rendering_vendor:/opt/ros/jazzy/opt/gz_plugin_vendor:/opt/ros/jazzy/opt/gz_fuel_tools_vendor:/opt/ros/jazzy/opt/gz_msgs_vendor:/opt/ros/jazzy/opt/gz_common_vendor:/opt/ros/jazzy/opt/gz_math_vendor:/opt/ros/jazzy/opt/gz_utils_vendor:/opt/ros/jazzy/opt/gz_tools_vendor:/opt/ros/jazzy/opt/gz_ogre_next_vendor:/opt/ros/jazzy/opt/gz_dartsim_vendor:/opt/ros/jazzy/opt/gz_cmake_vendor:/opt/ros/jazzy LD_LIBRARY_PATH=/root/ros2_ws/install/moveit_ros_planning_interface/lib:/root/ros2_ws/install/moveit_ros_move_group/lib:/root/ros2_ws/install/moveit_ros_warehouse/lib:/root/ros2_ws/install/moveit_planners_ompl/lib:/root/ros2_ws/install/moveit_kinematics/lib:/root/ros2_ws/install/moveit_ros_planning/lib:/root/ros2_ws/install/moveit_simple_controller_manager/lib:/root/ros2_ws/install/moveit_ros_occupancy_map_monitor/lib:/root/ros2_ws/install/moveit_core/lib:/root/ros2_ws/install/moveit_msgs/lib:${LD_LIBRARY_PATH} PATH=/root/ros2_ws/install/moveit_core/bin:${PATH} PYTHONPATH=/root/ros2_ws/install/moveit_msgs/lib/python3.12/site-packages:/root/ros2_ws/install/moveit_configs_utils/lib/python3.12/site-packages:${PYTHONPATH} /usr/bin/cmake /root/ros2_ws/src/moveit2/moveit_ros/hybrid_planning -DCMAKE_INSTALL_PREFIX=/root/ros2_ws/install/moveit_hybrid_planning
[0.180s] -- The CXX compiler identification is GNU 13.3.0
[0.208s] -- Detecting CXX compiler ABI info
[0.372s] -- Detecting CXX compiler ABI info - done
[0.384s] -- Check for working CXX compiler: /usr/bin/c++ - skipped
[0.385s] -- Detecting CXX compile features
[0.385s] -- Detecting CXX compile features - done
[0.388s] -- Found moveit_common: 2.12.0 (/root/ros2_ws/install/moveit_common/share/moveit_common/cmake)
[0.394s] -- Found ament_cmake: 2.5.2 (/opt/ros/jazzy/share/ament_cmake/cmake)
[0.686s] -- Found Python3: /usr/bin/python3 (found version "3.12.3") found components: Interpreter 
[1.046s] [0mmoveit_hybrid_planning: You did not request a specific build type: Choosing 'Release' for maximum performance[0m
[1.053s] -- Found generate_parameter_library: 0.4.0 (/opt/ros/jazzy/share/generate_parameter_library/cmake)
[1.070s] -- Found parameter_traits: 0.4.0 (/opt/ros/jazzy/share/parameter_traits/cmake)
[1.178s] -- Found rosidl_generator_c: 4.6.4 (/opt/ros/jazzy/share/rosidl_generator_c/cmake)
[1.220s] -- Found rosidl_generator_cpp: 4.6.4 (/opt/ros/jazzy/share/rosidl_generator_cpp/cmake)
[1.279s] -- Using all available rosidl_typesupport_c: rosidl_typesupport_fastrtps_c;rosidl_typesupport_introspection_c
[1.325s] -- Using all available rosidl_typesupport_cpp: rosidl_typesupport_fastrtps_cpp;rosidl_typesupport_introspection_cpp
[1.524s] -- Found rmw_implementation_cmake: 7.3.1 (/opt/ros/jazzy/share/rmw_implementation_cmake/cmake)
[1.531s] -- Found rmw_fastrtps_cpp: 8.4.1 (/opt/ros/jazzy/share/rmw_fastrtps_cpp/cmake)
[1.675s] -- Found OpenSSL: /usr/lib/x86_64-linux-gnu/libcrypto.so (found version "3.0.13")  
[1.701s] -- Found FastRTPS: /opt/ros/jazzy/include (Required is at least version "2.13") 
[1.739s] -- Using RMW implementation 'rmw_fastrtps_cpp' as default
[2.065s] -- Found rclcpp_lifecycle: 28.1.5 (/opt/ros/jazzy/share/rclcpp_lifecycle/cmake)
[2.119s] -- Found moveit_core: 2.12.0 (/root/ros2_ws/install/moveit_core/share/moveit_core/cmake)
[2.413s] -- Found Boost: /usr/lib/x86_64-linux-gnu/cmake/Boost-1.83.0/BoostConfig.cmake (found version "1.83.0") found components: chrono date_time filesystem iostreams program_options regex serialization system thread 
[2.516s] -- Found Boost: /usr/lib/x86_64-linux-gnu/cmake/Boost-1.83.0/BoostConfig.cmake (found version "1.83.0") found components: filesystem 
[2.722s] -- Found Eigen3: TRUE (found version "3.4.0") 
[2.723s] -- Ensuring Eigen3 include directory is part of orocos-kdl CMake target
[3.632s] -- Found moveit_ros_planning: 2.12.0 (/root/ros2_ws/install/moveit_ros_planning/share/moveit_ros_planning/cmake)
[3.637s] -- Found Boost: /usr/lib/x86_64-linux-gnu/cmake/Boost-1.83.0/BoostConfig.cmake (found version "1.83.0") found components: system filesystem date_time program_options thread chrono 
[3.685s] -- Found moveit_ros_planning_interface: 2.12.0 (/root/ros2_ws/install/moveit_ros_planning_interface/share/moveit_ros_planning_interface/cmake)
[3.691s] -- Found Boost: /usr/lib/x86_64-linux-gnu/cmake/Boost-1.83.0/BoostConfig.cmake (found version "1.83.0") found components: date_time filesystem program_options system thread 
[3.709s] -- Found Boost: /usr/lib/x86_64-linux-gnu/cmake/Boost-1.83.0/BoostConfig.cmake (found version "1.83.0") found components: thread system filesystem regex date_time program_options 
[3.742s] -- Found Boost: /usr/lib/x86_64-linux-gnu/cmake/Boost-1.83.0/BoostConfig.cmake (found version "1.83.0") found components: system filesystem date_time program_options thread 
[3.931s] -- Found ament_cmake_gtest: 2.5.2 (/opt/ros/jazzy/share/ament_cmake_gtest/cmake)
[3.938s] -- Found ros_testing: 0.6.0 (/opt/ros/jazzy/share/ros_testing/cmake)
[3.943s] -- Found launch_testing_ament_cmake: 3.4.2 (/opt/ros/jazzy/share/launch_testing_ament_cmake/cmake)
[3.950s] -- Found python_cmake_module: 0.11.1 (/opt/ros/jazzy/share/python_cmake_module/cmake)
[4.143s] -- Found PythonExtra: /usr/bin/python3  
[4.148s] -- Found Boost: /usr/lib/x86_64-linux-gnu/cmake/Boost-1.83.0/BoostConfig.cmake (found version "1.83.0") found components: filesystem 
[4.155s] -- Configuring done (4.1s)
[4.351s] -- Generating done (0.2s)
[4.388s] -- Build files have been written to: /root/ros2_ws/build/moveit_hybrid_planning
[4.409s] Invoked command in '/root/ros2_ws/build/moveit_hybrid_planning' returned '0': AMENT_PREFIX_PATH=/root/ros2_ws/install/moveit_ros_planning_interface:/root/ros2_ws/install/moveit_ros_move_group:/root/ros2_ws/install/moveit_ros_warehouse:/root/ros2_ws/install/moveit_planners_ompl:/root/ros2_ws/install/moveit_kinematics:/root/ros2_ws/install/moveit_ros_planning:/root/ros2_ws/install/moveit_simple_controller_manager:/root/ros2_ws/install/moveit_ros_occupancy_map_monitor:/root/ros2_ws/install/moveit_core:/root/ros2_ws/install/moveit_resources_panda_moveit_config:/root/ros2_ws/install/moveit_resources_fanuc_moveit_config:/root/ros2_ws/install/moveit_resources_pr2_description:/root/ros2_ws/install/moveit_resources_panda_description:/root/ros2_ws/install/moveit_resources_fanuc_description:/root/ros2_ws/install/moveit_msgs:/root/ros2_ws/install/moveit_configs_utils:/root/ros2_ws/install/moveit_common:${AMENT_PREFIX_PATH} CMAKE_PREFIX_PATH=/root/ros2_ws/install/moveit_ros_planning_interface:/root/ros2_ws/install/moveit_ros_move_group:/root/ros2_ws/install/moveit_ros_warehouse:/root/ros2_ws/install/moveit_planners_ompl:/root/ros2_ws/install/moveit_kinematics:/root/ros2_ws/install/moveit_ros_planning:/root/ros2_ws/install/moveit_simple_controller_manager:/root/ros2_ws/install/moveit_ros_occupancy_map_monitor:/root/ros2_ws/install/moveit_core:/root/ros2_ws/install/moveit_resources_panda_moveit_config:/root/ros2_ws/install/moveit_resources_fanuc_moveit_config:/root/ros2_ws/install/moveit_resources_pr2_description:/root/ros2_ws/install/moveit_resources_panda_description:/root/ros2_ws/install/moveit_resources_fanuc_description:/root/ros2_ws/install/moveit_msgs:/root/ros2_ws/install/moveit_common:/opt/ros/jazzy/opt/gz_sim_vendor:/opt/ros/jazzy/opt/gz_sensors_vendor:/opt/ros/jazzy/opt/gz_physics_vendor:/opt/ros/jazzy/opt/sdformat_vendor:/opt/ros/jazzy/opt/gz_gui_vendor:/opt/ros/jazzy/opt/gz_transport_vendor:/opt/ros/jazzy/opt/gz_rendering_vendor:/opt/ros/jazzy/opt/gz_plugin_vendor:/opt/ros/jazzy/opt/gz_fuel_tools_vendor:/opt/ros/jazzy/opt/gz_msgs_vendor:/opt/ros/jazzy/opt/gz_common_vendor:/opt/ros/jazzy/opt/gz_math_vendor:/opt/ros/jazzy/opt/gz_utils_vendor:/opt/ros/jazzy/opt/gz_tools_vendor:/opt/ros/jazzy/opt/gz_ogre_next_vendor:/opt/ros/jazzy/opt/gz_dartsim_vendor:/opt/ros/jazzy/opt/gz_cmake_vendor:/opt/ros/jazzy LD_LIBRARY_PATH=/root/ros2_ws/install/moveit_ros_planning_interface/lib:/root/ros2_ws/install/moveit_ros_move_group/lib:/root/ros2_ws/install/moveit_ros_warehouse/lib:/root/ros2_ws/install/moveit_planners_ompl/lib:/root/ros2_ws/install/moveit_kinematics/lib:/root/ros2_ws/install/moveit_ros_planning/lib:/root/ros2_ws/install/moveit_simple_controller_manager/lib:/root/ros2_ws/install/moveit_ros_occupancy_map_monitor/lib:/root/ros2_ws/install/moveit_core/lib:/root/ros2_ws/install/moveit_msgs/lib:${LD_LIBRARY_PATH} PATH=/root/ros2_ws/install/moveit_core/bin:${PATH} PYTHONPATH=/root/ros2_ws/install/moveit_msgs/lib/python3.12/site-packages:/root/ros2_ws/install/moveit_configs_utils/lib/python3.12/site-packages:${PYTHONPATH} /usr/bin/cmake /root/ros2_ws/src/moveit2/moveit_ros/hybrid_planning -DCMAKE_INSTALL_PREFIX=/root/ros2_ws/install/moveit_hybrid_planning
[4.411s] Invoking command in '/root/ros2_ws/build/moveit_hybrid_planning': AMENT_PREFIX_PATH=/root/ros2_ws/install/moveit_ros_planning_interface:/root/ros2_ws/install/moveit_ros_move_group:/root/ros2_ws/install/moveit_ros_warehouse:/root/ros2_ws/install/moveit_planners_ompl:/root/ros2_ws/install/moveit_kinematics:/root/ros2_ws/install/moveit_ros_planning:/root/ros2_ws/install/moveit_simple_controller_manager:/root/ros2_ws/install/moveit_ros_occupancy_map_monitor:/root/ros2_ws/install/moveit_core:/root/ros2_ws/install/moveit_resources_panda_moveit_config:/root/ros2_ws/install/moveit_resources_fanuc_moveit_config:/root/ros2_ws/install/moveit_resources_pr2_description:/root/ros2_ws/install/moveit_resources_panda_description:/root/ros2_ws/install/moveit_resources_fanuc_description:/root/ros2_ws/install/moveit_msgs:/root/ros2_ws/install/moveit_configs_utils:/root/ros2_ws/install/moveit_common:${AMENT_PREFIX_PATH} CMAKE_PREFIX_PATH=/root/ros2_ws/install/moveit_ros_planning_interface:/root/ros2_ws/install/moveit_ros_move_group:/root/ros2_ws/install/moveit_ros_warehouse:/root/ros2_ws/install/moveit_planners_ompl:/root/ros2_ws/install/moveit_kinematics:/root/ros2_ws/install/moveit_ros_planning:/root/ros2_ws/install/moveit_simple_controller_manager:/root/ros2_ws/install/moveit_ros_occupancy_map_monitor:/root/ros2_ws/install/moveit_core:/root/ros2_ws/install/moveit_resources_panda_moveit_config:/root/ros2_ws/install/moveit_resources_fanuc_moveit_config:/root/ros2_ws/install/moveit_resources_pr2_description:/root/ros2_ws/install/moveit_resources_panda_description:/root/ros2_ws/install/moveit_resources_fanuc_description:/root/ros2_ws/install/moveit_msgs:/root/ros2_ws/install/moveit_common:/opt/ros/jazzy/opt/gz_sim_vendor:/opt/ros/jazzy/opt/gz_sensors_vendor:/opt/ros/jazzy/opt/gz_physics_vendor:/opt/ros/jazzy/opt/sdformat_vendor:/opt/ros/jazzy/opt/gz_gui_vendor:/opt/ros/jazzy/opt/gz_transport_vendor:/opt/ros/jazzy/opt/gz_rendering_vendor:/opt/ros/jazzy/opt/gz_plugin_vendor:/opt/ros/jazzy/opt/gz_fuel_tools_vendor:/opt/ros/jazzy/opt/gz_msgs_vendor:/opt/ros/jazzy/opt/gz_common_vendor:/opt/ros/jazzy/opt/gz_math_vendor:/opt/ros/jazzy/opt/gz_utils_vendor:/opt/ros/jazzy/opt/gz_tools_vendor:/opt/ros/jazzy/opt/gz_ogre_next_vendor:/opt/ros/jazzy/opt/gz_dartsim_vendor:/opt/ros/jazzy/opt/gz_cmake_vendor:/opt/ros/jazzy LD_LIBRARY_PATH=/root/ros2_ws/install/moveit_ros_planning_interface/lib:/root/ros2_ws/install/moveit_ros_move_group/lib:/root/ros2_ws/install/moveit_ros_warehouse/lib:/root/ros2_ws/install/moveit_planners_ompl/lib:/root/ros2_ws/install/moveit_kinematics/lib:/root/ros2_ws/install/moveit_ros_planning/lib:/root/ros2_ws/install/moveit_simple_controller_manager/lib:/root/ros2_ws/install/moveit_ros_occupancy_map_monitor/lib:/root/ros2_ws/install/moveit_core/lib:/root/ros2_ws/install/moveit_msgs/lib:${LD_LIBRARY_PATH} PATH=/root/ros2_ws/install/moveit_core/bin:${PATH} PYTHONPATH=/root/ros2_ws/install/moveit_msgs/lib/python3.12/site-packages:/root/ros2_ws/install/moveit_configs_utils/lib/python3.12/site-packages:${PYTHONPATH} /usr/bin/cmake --build /root/ros2_ws/build/moveit_hybrid_planning -- -j20 -l20
[4.486s] [  4%] [32mBuilding CXX object test/CMakeFiles/cancel_action.dir/cancel_action.cpp.o[0m
[4.494s] [  9%] [32mBuilding CXX object local_planner/trajectory_operator_plugins/CMakeFiles/simple_sampler_plugin.dir/src/simple_sampler.cpp.o[0m
[4.495s] [ 13%] [32mBuilding CXX object global_planner/global_planner_plugins/CMakeFiles/motion_planning_pipeline_plugin.dir/src/moveit_planning_pipeline.cpp.o[0m
[4.502s] [ 22%] [34m[1mRunning `/opt/ros/jazzy/bin/generate_parameter_library_cpp /root/ros2_ws/build/moveit_hybrid_planning/hybrid_planning_manager/hybrid_planning_manager_component/include/moveit_hybrid_planning/hp_manager_parameters.hpp /root/ros2_ws/src/moveit2/moveit_ros/hybrid_planning/hybrid_planning_manager/hybrid_planning_manager_component/res/hp_manager_parameters.yaml `[0m
[4.502s] [ 22%] [34m[1mRunning `/opt/ros/jazzy/bin/generate_parameter_library_cpp /root/ros2_ws/build/moveit_hybrid_planning/local_planner/local_planner_component/include/moveit_hybrid_planning/local_planner_parameters.hpp /root/ros2_ws/src/moveit2/moveit_ros/hybrid_planning/local_planner/local_planner_component/res/local_planner_parameters.yaml `[0m
[4.502s] [ 27%] [32mBuilding CXX object global_planner/global_planner_component/CMakeFiles/moveit_global_planner_component.dir/src/global_planner_component.cpp.o[0m
[4.504s] [ 31%] [32mBuilding CXX object local_planner/local_constraint_solver_plugins/CMakeFiles/forward_trajectory_plugin.dir/src/forward_trajectory.cpp.o[0m
[5.256s] [ 36%] [34m[1mCreating deprecated header file /root/ros2_ws/build/moveit_hybrid_planning/hybrid_planning_manager/hybrid_planning_manager_component/include/hp_manager_parameters.hpp[0m
[5.339s] [ 36%] Built target hp_manager_parameters
[5.375s] [ 40%] [32mBuilding CXX object hybrid_planning_manager/hybrid_planning_manager_component/CMakeFiles/moveit_hybrid_planning_manager.dir/src/hybrid_planning_manager.cpp.o[0m
[6.126s] [ 45%] [34m[1mCreating deprecated header file /root/ros2_ws/build/moveit_hybrid_planning/local_planner/local_planner_component/include/local_planner_parameters.hpp[0m
[6.224s] [ 45%] Built target local_planner_parameters
[6.270s] [ 50%] [32mBuilding CXX object local_planner/local_planner_component/CMakeFiles/moveit_local_planner_component.dir/src/local_planner_component.cpp.o[0m
[17.100s] [ 54%] [32m[1mLinking CXX executable cancel_action[0m
[18.007s] [ 54%] Built target cancel_action
[26.519s] [ 59%] [32m[1mLinking CXX shared library libsimple_sampler_plugin.so[0m
[27.403s] [ 59%] Built target simple_sampler_plugin
[45.414s] [ 63%] [32m[1mLinking CXX shared library libforward_trajectory_plugin.so[0m
[49.288s] [ 63%] Built target forward_trajectory_plugin
[56.376s] [ 68%] [32m[1mLinking CXX shared library libmotion_planning_pipeline_plugin.so[0m
[59.075s] [ 68%] Built target motion_planning_pipeline_plugin
[83.501s] [ 72%] [32m[1mLinking CXX shared library libmoveit_global_planner_component.so[0m
[84.476s] [ 72%] Built target moveit_global_planner_component
[84.506s] [ 77%] [32m[1mLinking CXX shared library libmoveit_hybrid_planning_manager.so[0m
[85.524s] [ 77%] Built target moveit_hybrid_planning_manager
[93.283s] [ 81%] [32m[1mLinking CXX shared library libmoveit_local_planner_component.so[0m
[93.719s] [ 81%] Built target moveit_local_planner_component
[93.748s] [ 86%] [32mBuilding CXX object hybrid_planning_manager/planner_logic_plugins/CMakeFiles/single_plan_execution_plugin.dir/src/single_plan_execution.cpp.o[0m
[97.234s] [ 90%] [32m[1mLinking CXX shared library libsingle_plan_execution_plugin.so[0m
[101.178s] [ 90%] Built target single_plan_execution_plugin
[101.205s] [ 95%] [32mBuilding CXX object hybrid_planning_manager/planner_logic_plugins/CMakeFiles/replan_invalidated_trajectory_plugin.dir/src/replan_invalidated_trajectory.cpp.o[0m
[104.643s] [100%] [32m[1mLinking CXX shared library libreplan_invalidated_trajectory_plugin.so[0m
[108.846s] [100%] Built target replan_invalidated_trajectory_plugin
[108.859s] Invoked command in '/root/ros2_ws/build/moveit_hybrid_planning' returned '0': AMENT_PREFIX_PATH=/root/ros2_ws/install/moveit_ros_planning_interface:/root/ros2_ws/install/moveit_ros_move_group:/root/ros2_ws/install/moveit_ros_warehouse:/root/ros2_ws/install/moveit_planners_ompl:/root/ros2_ws/install/moveit_kinematics:/root/ros2_ws/install/moveit_ros_planning:/root/ros2_ws/install/moveit_simple_controller_manager:/root/ros2_ws/install/moveit_ros_occupancy_map_monitor:/root/ros2_ws/install/moveit_core:/root/ros2_ws/install/moveit_resources_panda_moveit_config:/root/ros2_ws/install/moveit_resources_fanuc_moveit_config:/root/ros2_ws/install/moveit_resources_pr2_description:/root/ros2_ws/install/moveit_resources_panda_description:/root/ros2_ws/install/moveit_resources_fanuc_description:/root/ros2_ws/install/moveit_msgs:/root/ros2_ws/install/moveit_configs_utils:/root/ros2_ws/install/moveit_common:${AMENT_PREFIX_PATH} CMAKE_PREFIX_PATH=/root/ros2_ws/install/moveit_ros_planning_interface:/root/ros2_ws/install/moveit_ros_move_group:/root/ros2_ws/install/moveit_ros_warehouse:/root/ros2_ws/install/moveit_planners_ompl:/root/ros2_ws/install/moveit_kinematics:/root/ros2_ws/install/moveit_ros_planning:/root/ros2_ws/install/moveit_simple_controller_manager:/root/ros2_ws/install/moveit_ros_occupancy_map_monitor:/root/ros2_ws/install/moveit_core:/root/ros2_ws/install/moveit_resources_panda_moveit_config:/root/ros2_ws/install/moveit_resources_fanuc_moveit_config:/root/ros2_ws/install/moveit_resources_pr2_description:/root/ros2_ws/install/moveit_resources_panda_description:/root/ros2_ws/install/moveit_resources_fanuc_description:/root/ros2_ws/install/moveit_msgs:/root/ros2_ws/install/moveit_common:/opt/ros/jazzy/opt/gz_sim_vendor:/opt/ros/jazzy/opt/gz_sensors_vendor:/opt/ros/jazzy/opt/gz_physics_vendor:/opt/ros/jazzy/opt/sdformat_vendor:/opt/ros/jazzy/opt/gz_gui_vendor:/opt/ros/jazzy/opt/gz_transport_vendor:/opt/ros/jazzy/opt/gz_rendering_vendor:/opt/ros/jazzy/opt/gz_plugin_vendor:/opt/ros/jazzy/opt/gz_fuel_tools_vendor:/opt/ros/jazzy/opt/gz_msgs_vendor:/opt/ros/jazzy/opt/gz_common_vendor:/opt/ros/jazzy/opt/gz_math_vendor:/opt/ros/jazzy/opt/gz_utils_vendor:/opt/ros/jazzy/opt/gz_tools_vendor:/opt/ros/jazzy/opt/gz_ogre_next_vendor:/opt/ros/jazzy/opt/gz_dartsim_vendor:/opt/ros/jazzy/opt/gz_cmake_vendor:/opt/ros/jazzy LD_LIBRARY_PATH=/root/ros2_ws/install/moveit_ros_planning_interface/lib:/root/ros2_ws/install/moveit_ros_move_group/lib:/root/ros2_ws/install/moveit_ros_warehouse/lib:/root/ros2_ws/install/moveit_planners_ompl/lib:/root/ros2_ws/install/moveit_kinematics/lib:/root/ros2_ws/install/moveit_ros_planning/lib:/root/ros2_ws/install/moveit_simple_controller_manager/lib:/root/ros2_ws/install/moveit_ros_occupancy_map_monitor/lib:/root/ros2_ws/install/moveit_core/lib:/root/ros2_ws/install/moveit_msgs/lib:${LD_LIBRARY_PATH} PATH=/root/ros2_ws/install/moveit_core/bin:${PATH} PYTHONPATH=/root/ros2_ws/install/moveit_msgs/lib/python3.12/site-packages:/root/ros2_ws/install/moveit_configs_utils/lib/python3.12/site-packages:${PYTHONPATH} /usr/bin/cmake --build /root/ros2_ws/build/moveit_hybrid_planning -- -j20 -l20
[108.860s] Invoking command in '/root/ros2_ws/build/moveit_hybrid_planning': AMENT_PREFIX_PATH=/root/ros2_ws/install/moveit_ros_planning_interface:/root/ros2_ws/install/moveit_ros_move_group:/root/ros2_ws/install/moveit_ros_warehouse:/root/ros2_ws/install/moveit_planners_ompl:/root/ros2_ws/install/moveit_kinematics:/root/ros2_ws/install/moveit_ros_planning:/root/ros2_ws/install/moveit_simple_controller_manager:/root/ros2_ws/install/moveit_ros_occupancy_map_monitor:/root/ros2_ws/install/moveit_core:/root/ros2_ws/install/moveit_resources_panda_moveit_config:/root/ros2_ws/install/moveit_resources_fanuc_moveit_config:/root/ros2_ws/install/moveit_resources_pr2_description:/root/ros2_ws/install/moveit_resources_panda_description:/root/ros2_ws/install/moveit_resources_fanuc_description:/root/ros2_ws/install/moveit_msgs:/root/ros2_ws/install/moveit_configs_utils:/root/ros2_ws/install/moveit_common:${AMENT_PREFIX_PATH} CMAKE_PREFIX_PATH=/root/ros2_ws/install/moveit_ros_planning_interface:/root/ros2_ws/install/moveit_ros_move_group:/root/ros2_ws/install/moveit_ros_warehouse:/root/ros2_ws/install/moveit_planners_ompl:/root/ros2_ws/install/moveit_kinematics:/root/ros2_ws/install/moveit_ros_planning:/root/ros2_ws/install/moveit_simple_controller_manager:/root/ros2_ws/install/moveit_ros_occupancy_map_monitor:/root/ros2_ws/install/moveit_core:/root/ros2_ws/install/moveit_resources_panda_moveit_config:/root/ros2_ws/install/moveit_resources_fanuc_moveit_config:/root/ros2_ws/install/moveit_resources_pr2_description:/root/ros2_ws/install/moveit_resources_panda_description:/root/ros2_ws/install/moveit_resources_fanuc_description:/root/ros2_ws/install/moveit_msgs:/root/ros2_ws/install/moveit_common:/opt/ros/jazzy/opt/gz_sim_vendor:/opt/ros/jazzy/opt/gz_sensors_vendor:/opt/ros/jazzy/opt/gz_physics_vendor:/opt/ros/jazzy/opt/sdformat_vendor:/opt/ros/jazzy/opt/gz_gui_vendor:/opt/ros/jazzy/opt/gz_transport_vendor:/opt/ros/jazzy/opt/gz_rendering_vendor:/opt/ros/jazzy/opt/gz_plugin_vendor:/opt/ros/jazzy/opt/gz_fuel_tools_vendor:/opt/ros/jazzy/opt/gz_msgs_vendor:/opt/ros/jazzy/opt/gz_common_vendor:/opt/ros/jazzy/opt/gz_math_vendor:/opt/ros/jazzy/opt/gz_utils_vendor:/opt/ros/jazzy/opt/gz_tools_vendor:/opt/ros/jazzy/opt/gz_ogre_next_vendor:/opt/ros/jazzy/opt/gz_dartsim_vendor:/opt/ros/jazzy/opt/gz_cmake_vendor:/opt/ros/jazzy LD_LIBRARY_PATH=/root/ros2_ws/install/moveit_ros_planning_interface/lib:/root/ros2_ws/install/moveit_ros_move_group/lib:/root/ros2_ws/install/moveit_ros_warehouse/lib:/root/ros2_ws/install/moveit_planners_ompl/lib:/root/ros2_ws/install/moveit_kinematics/lib:/root/ros2_ws/install/moveit_ros_planning/lib:/root/ros2_ws/install/moveit_simple_controller_manager/lib:/root/ros2_ws/install/moveit_ros_occupancy_map_monitor/lib:/root/ros2_ws/install/moveit_core/lib:/root/ros2_ws/install/moveit_msgs/lib:${LD_LIBRARY_PATH} PATH=/root/ros2_ws/install/moveit_core/bin:${PATH} PYTHONPATH=/root/ros2_ws/install/moveit_msgs/lib/python3.12/site-packages:/root/ros2_ws/install/moveit_configs_utils/lib/python3.12/site-packages:${PYTHONPATH} /usr/bin/cmake --install /root/ros2_ws/build/moveit_hybrid_planning
[108.869s] -- Install configuration: "Release"
[108.869s] -- Installing: /root/ros2_ws/install/moveit_hybrid_planning/include/moveit_hybrid_planning
[108.869s] -- Installing: /root/ros2_ws/install/moveit_hybrid_planning/include/moveit_hybrid_planning/hp_manager_parameters.hpp
[108.870s] -- Up-to-date: /root/ros2_ws/install/moveit_hybrid_planning/include/moveit_hybrid_planning
[108.870s] -- Installing: /root/ros2_ws/install/moveit_hybrid_planning/include/moveit_hybrid_planning/local_planner_parameters.hpp
[108.870s] -- Installing: /root/ros2_ws/install/moveit_hybrid_planning/lib/libmoveit_global_planner_component.so.2.12.0
[108.871s] -- Set non-toolchain portion of runtime path of "/root/ros2_ws/install/moveit_hybrid_planning/lib/libmoveit_global_planner_component.so.2.12.0" to ""
[108.871s] -- Installing: /root/ros2_ws/install/moveit_hybrid_planning/lib/libmoveit_global_planner_component.so
[108.871s] -- Installing: /root/ros2_ws/install/moveit_hybrid_planning/lib/libmoveit_hybrid_planning_manager.so.2.12.0
[108.872s] -- Set non-toolchain portion of runtime path of "/root/ros2_ws/install/moveit_hybrid_planning/lib/libmoveit_hybrid_planning_manager.so.2.12.0" to ""
[108.872s] -- Installing: /root/ros2_ws/install/moveit_hybrid_planning/lib/libmoveit_hybrid_planning_manager.so
[108.872s] -- Installing: /root/ros2_ws/install/moveit_hybrid_planning/lib/libmoveit_local_planner_component.so.2.12.0
[108.873s] -- Set non-toolchain portion of runtime path of "/root/ros2_ws/install/moveit_hybrid_planning/lib/libmoveit_local_planner_component.so.2.12.0" to ""
[108.874s] -- Installing: /root/ros2_ws/install/moveit_hybrid_planning/lib/libmoveit_local_planner_component.so
[108.874s] -- Installing: /root/ros2_ws/install/moveit_hybrid_planning/lib/libforward_trajectory_plugin.so.2.12.0
[108.874s] -- Set non-toolchain portion of runtime path of "/root/ros2_ws/install/moveit_hybrid_planning/lib/libforward_trajectory_plugin.so.2.12.0" to ""
[108.874s] -- Installing: /root/ros2_ws/install/moveit_hybrid_planning/lib/libforward_trajectory_plugin.so
[108.874s] -- Installing: /root/ros2_ws/install/moveit_hybrid_planning/lib/libmotion_planning_pipeline_plugin.so.2.12.0
[108.874s] -- Set non-toolchain portion of runtime path of "/root/ros2_ws/install/moveit_hybrid_planning/lib/libmotion_planning_pipeline_plugin.so.2.12.0" to ""
[108.874s] -- Installing: /root/ros2_ws/install/moveit_hybrid_planning/lib/libmotion_planning_pipeline_plugin.so
[108.875s] -- Installing: /root/ros2_ws/install/moveit_hybrid_planning/lib/libreplan_invalidated_trajectory_plugin.so.2.12.0
[108.875s] -- Set non-toolchain portion of runtime path of "/root/ros2_ws/install/moveit_hybrid_planning/lib/libreplan_invalidated_trajectory_plugin.so.2.12.0" to ""
[108.875s] -- Installing: /root/ros2_ws/install/moveit_hybrid_planning/lib/libreplan_invalidated_trajectory_plugin.so
[108.875s] -- Installing: /root/ros2_ws/install/moveit_hybrid_planning/lib/libsimple_sampler_plugin.so.2.12.0
[108.875s] -- Set non-toolchain portion of runtime path of "/root/ros2_ws/install/moveit_hybrid_planning/lib/libsimple_sampler_plugin.so.2.12.0" to ""
[108.875s] -- Installing: /root/ros2_ws/install/moveit_hybrid_planning/lib/libsimple_sampler_plugin.so
[108.875s] -- Installing: /root/ros2_ws/install/moveit_hybrid_planning/lib/libsingle_plan_execution_plugin.so.2.12.0
[108.875s] -- Set non-toolchain portion of runtime path of "/root/ros2_ws/install/moveit_hybrid_planning/lib/libsingle_plan_execution_plugin.so.2.12.0" to ""
[108.875s] -- Installing: /root/ros2_ws/install/moveit_hybrid_planning/lib/libsingle_plan_execution_plugin.so
[108.875s] -- Installing: /root/ros2_ws/install/moveit_hybrid_planning/lib/moveit_hybrid_planning/cancel_action
[108.875s] -- Set non-toolchain portion of runtime path of "/root/ros2_ws/install/moveit_hybrid_planning/lib/moveit_hybrid_planning/cancel_action" to ""
[108.875s] -- Up-to-date: /root/ros2_ws/install/moveit_hybrid_planning/include/moveit_hybrid_planning
[108.875s] -- Installing: /root/ros2_ws/install/moveit_hybrid_planning/include/moveit_hybrid_planning/moveit
[108.875s] -- Installing: /root/ros2_ws/install/moveit_hybrid_planning/include/moveit_hybrid_planning/moveit/global_planner
[108.875s] -- Installing: /root/ros2_ws/install/moveit_hybrid_planning/include/moveit_hybrid_planning/moveit/global_planner/global_planner_interface.h
[108.875s] -- Installing: /root/ros2_ws/install/moveit_hybrid_planning/include/moveit_hybrid_planning/moveit/global_planner/global_planner_component.h
[108.876s] -- Installing: /root/ros2_ws/install/moveit_hybrid_planning/include/moveit_hybrid_planning/moveit/global_planner/global_planner_interface.hpp
[108.876s] -- Installing: /root/ros2_ws/install/moveit_hybrid_planning/include/moveit_hybrid_planning/moveit/global_planner/global_planner_component.hpp
[108.876s] -- Up-to-date: /root/ros2_ws/install/moveit_hybrid_planning/include/moveit_hybrid_planning
[108.876s] -- Up-to-date: /root/ros2_ws/install/moveit_hybrid_planning/include/moveit_hybrid_planning/moveit
[108.876s] -- Up-to-date: /root/ros2_ws/install/moveit_hybrid_planning/include/moveit_hybrid_planning/moveit/global_planner
[108.876s] -- Installing: /root/ros2_ws/install/moveit_hybrid_planning/include/moveit_hybrid_planning/moveit/global_planner/moveit_planning_pipeline.hpp
[108.876s] -- Installing: /root/ros2_ws/install/moveit_hybrid_planning/include/moveit_hybrid_planning/moveit/global_planner/moveit_planning_pipeline.h
[108.876s] -- Up-to-date: /root/ros2_ws/install/moveit_hybrid_planning/include/moveit_hybrid_planning
[108.876s] -- Up-to-date: /root/ros2_ws/install/moveit_hybrid_planning/include/moveit_hybrid_planning/moveit
[108.876s] -- Installing: /root/ros2_ws/install/moveit_hybrid_planning/include/moveit_hybrid_planning/moveit/hybrid_planning_manager
[108.876s] -- Installing: /root/ros2_ws/install/moveit_hybrid_planning/include/moveit_hybrid_planning/moveit/hybrid_planning_manager/hybrid_planning_manager.hpp
[108.876s] -- Installing: /root/ros2_ws/install/moveit_hybrid_planning/include/moveit_hybrid_planning/moveit/hybrid_planning_manager/planner_logic_interface.h
[108.876s] -- Installing: /root/ros2_ws/install/moveit_hybrid_planning/include/moveit_hybrid_planning/moveit/hybrid_planning_manager/planner_logic_interface.hpp
[108.876s] -- Installing: /root/ros2_ws/install/moveit_hybrid_planning/include/moveit_hybrid_planning/moveit/hybrid_planning_manager/hybrid_planning_manager.h
[108.877s] -- Installing: /root/ros2_ws/install/moveit_hybrid_planning/include/moveit_hybrid_planning/moveit/hybrid_planning_manager/hybrid_planning_events.h
[108.877s] -- Installing: /root/ros2_ws/install/moveit_hybrid_planning/include/moveit_hybrid_planning/moveit/hybrid_planning_manager/hybrid_planning_events.hpp
[108.877s] -- Up-to-date: /root/ros2_ws/install/moveit_hybrid_planning/include/moveit_hybrid_planning
[108.877s] -- Up-to-date: /root/ros2_ws/install/moveit_hybrid_planning/include/moveit_hybrid_planning/moveit
[108.877s] -- Installing: /root/ros2_ws/install/moveit_hybrid_planning/include/moveit_hybrid_planning/moveit/planner_logic_plugins
[108.877s] -- Installing: /root/ros2_ws/install/moveit_hybrid_planning/include/moveit_hybrid_planning/moveit/planner_logic_plugins/replan_invalidated_trajectory.h
[108.877s] -- Installing: /root/ros2_ws/install/moveit_hybrid_planning/include/moveit_hybrid_planning/moveit/planner_logic_plugins/replan_invalidated_trajectory.hpp
[108.877s] -- Installing: /root/ros2_ws/install/moveit_hybrid_planning/include/moveit_hybrid_planning/moveit/planner_logic_plugins/single_plan_execution.hpp
[108.877s] -- Installing: /root/ros2_ws/install/moveit_hybrid_planning/include/moveit_hybrid_planning/moveit/planner_logic_plugins/single_plan_execution.h
[108.877s] -- Up-to-date: /root/ros2_ws/install/moveit_hybrid_planning/include/moveit_hybrid_planning
[108.877s] -- Up-to-date: /root/ros2_ws/install/moveit_hybrid_planning/include/moveit_hybrid_planning/moveit
[108.877s] -- Installing: /root/ros2_ws/install/moveit_hybrid_planning/include/moveit_hybrid_planning/moveit/local_planner
[108.877s] -- Installing: /root/ros2_ws/install/moveit_hybrid_planning/include/moveit_hybrid_planning/moveit/local_planner/trajectory_operator_interface.hpp
[108.877s] -- Installing: /root/ros2_ws/install/moveit_hybrid_planning/include/moveit_hybrid_planning/moveit/local_planner/trajectory_operator_interface.h
[108.877s] -- Installing: /root/ros2_ws/install/moveit_hybrid_planning/include/moveit_hybrid_planning/moveit/local_planner/feedback_types.hpp
[108.877s] -- Installing: /root/ros2_ws/install/moveit_hybrid_planning/include/moveit_hybrid_planning/moveit/local_planner/local_constraint_solver_interface.h
[108.877s] -- Installing: /root/ros2_ws/install/moveit_hybrid_planning/include/moveit_hybrid_planning/moveit/local_planner/local_constraint_solver_interface.hpp
[108.878s] -- Installing: /root/ros2_ws/install/moveit_hybrid_planning/include/moveit_hybrid_planning/moveit/local_planner/local_planner_component.hpp
[108.878s] -- Installing: /root/ros2_ws/install/moveit_hybrid_planning/include/moveit_hybrid_planning/moveit/local_planner/feedback_types.h
[108.878s] -- Installing: /root/ros2_ws/install/moveit_hybrid_planning/include/moveit_hybrid_planning/moveit/local_planner/local_planner_component.h
[108.878s] -- Up-to-date: /root/ros2_ws/install/moveit_hybrid_planning/include/moveit_hybrid_planning
[108.878s] -- Up-to-date: /root/ros2_ws/install/moveit_hybrid_planning/include/moveit_hybrid_planning/moveit
[108.878s] -- Installing: /root/ros2_ws/install/moveit_hybrid_planning/include/moveit_hybrid_planning/moveit/trajectory_operator_plugins
[108.878s] -- Installing: /root/ros2_ws/install/moveit_hybrid_planning/include/moveit_hybrid_planning/moveit/trajectory_operator_plugins/simple_sampler.h
[108.878s] -- Installing: /root/ros2_ws/install/moveit_hybrid_planning/include/moveit_hybrid_planning/moveit/trajectory_operator_plugins/simple_sampler.hpp
[108.878s] -- Up-to-date: /root/ros2_ws/install/moveit_hybrid_planning/include/moveit_hybrid_planning
[108.878s] -- Up-to-date: /root/ros2_ws/install/moveit_hybrid_planning/include/moveit_hybrid_planning/moveit
[108.878s] -- Installing: /root/ros2_ws/install/moveit_hybrid_planning/include/moveit_hybrid_planning/moveit/local_constraint_solver_plugins
[108.878s] -- Installing: /root/ros2_ws/install/moveit_hybrid_planning/include/moveit_hybrid_planning/moveit/local_constraint_solver_plugins/forward_trajectory.hpp
[108.878s] -- Installing: /root/ros2_ws/install/moveit_hybrid_planning/include/moveit_hybrid_planning/moveit/local_constraint_solver_plugins/forward_trajectory.h
[108.878s] -- Installing: /root/ros2_ws/install/moveit_hybrid_planning/share/moveit_hybrid_planning/launch
[108.878s] -- Installing: /root/ros2_ws/install/moveit_hybrid_planning/share/moveit_hybrid_planning/launch/test_basic_integration.test.py
[108.878s] -- Installing: /root/ros2_ws/install/moveit_hybrid_planning/share/moveit_hybrid_planning/launch/hybrid_planning_common.py
[108.879s] -- Installing: /root/ros2_ws/install/moveit_hybrid_planning/share/moveit_hybrid_planning/config
[108.879s] -- Installing: /root/ros2_ws/install/moveit_hybrid_planning/share/moveit_hybrid_planning/config/local_planner.yaml
[108.879s] -- Installing: /root/ros2_ws/install/moveit_hybrid_planning/share/moveit_hybrid_planning/config/hybrid_planning_demo.rviz
[108.879s] -- Installing: /root/ros2_ws/install/moveit_hybrid_planning/share/moveit_hybrid_planning/config/demo_controller.yaml
[108.879s] -- Installing: /root/ros2_ws/install/moveit_hybrid_planning/share/moveit_hybrid_planning/config/global_planner.yaml
[108.879s] -- Installing: /root/ros2_ws/install/moveit_hybrid_planning/share/moveit_hybrid_planning/config/hybrid_planning_manager.yaml
[108.879s] -- Installing: /root/ros2_ws/install/moveit_hybrid_planning/share/moveit_hybrid_planning/single_plan_execution_plugin.xml
[108.879s] -- Installing: /root/ros2_ws/install/moveit_hybrid_planning/share/moveit_hybrid_planning/moveit_planning_pipeline_plugin.xml
[108.879s] -- Installing: /root/ros2_ws/install/moveit_hybrid_planning/share/moveit_hybrid_planning/simple_sampler_plugin.xml
[108.879s] -- Installing: /root/ros2_ws/install/moveit_hybrid_planning/share/moveit_hybrid_planning/replan_invalidated_trajectory_plugin.xml
[108.879s] -- Installing: /root/ros2_ws/install/moveit_hybrid_planning/share/moveit_hybrid_planning/forward_trajectory_plugin.xml
[108.879s] -- Installing: /root/ros2_ws/install/moveit_hybrid_planning/share/moveit_hybrid_planning/environment/library_path.sh
[108.879s] -- Installing: /root/ros2_ws/install/moveit_hybrid_planning/share/moveit_hybrid_planning/environment/library_path.dsv
[108.879s] -- Installing: /root/ros2_ws/install/moveit_hybrid_planning/share/ament_index/resource_index/package_run_dependencies/moveit_hybrid_planning
[108.880s] -- Installing: /root/ros2_ws/install/moveit_hybrid_planning/share/ament_index/resource_index/parent_prefix_path/moveit_hybrid_planning
[108.880s] -- Installing: /root/ros2_ws/install/moveit_hybrid_planning/share/moveit_hybrid_planning/environment/ament_prefix_path.sh
[108.880s] -- Installing: /root/ros2_ws/install/moveit_hybrid_planning/share/moveit_hybrid_planning/environment/ament_prefix_path.dsv
[108.880s] -- Installing: /root/ros2_ws/install/moveit_hybrid_planning/share/moveit_hybrid_planning/environment/path.sh
[108.880s] -- Installing: /root/ros2_ws/install/moveit_hybrid_planning/share/moveit_hybrid_planning/environment/path.dsv
[108.880s] -- Installing: /root/ros2_ws/install/moveit_hybrid_planning/share/moveit_hybrid_planning/local_setup.bash
[108.880s] -- Installing: /root/ros2_ws/install/moveit_hybrid_planning/share/moveit_hybrid_planning/local_setup.sh
[108.880s] -- Installing: /root/ros2_ws/install/moveit_hybrid_planning/share/moveit_hybrid_planning/local_setup.zsh
[108.880s] -- Installing: /root/ros2_ws/install/moveit_hybrid_planning/share/moveit_hybrid_planning/local_setup.dsv
[108.880s] -- Installing: /root/ros2_ws/install/moveit_hybrid_planning/share/moveit_hybrid_planning/package.dsv
[108.880s] -- Installing: /root/ros2_ws/install/moveit_hybrid_planning/share/ament_index/resource_index/packages/moveit_hybrid_planning
[108.880s] -- Installing: /root/ros2_ws/install/moveit_hybrid_planning/share/ament_index/resource_index/moveit_hybrid_planning__pluginlib__plugin/moveit_hybrid_planning
[108.880s] -- Installing: /root/ros2_ws/install/moveit_hybrid_planning/share/ament_index/resource_index/rclcpp_components/moveit_hybrid_planning
[108.880s] -- Installing: /root/ros2_ws/install/moveit_hybrid_planning/share/moveit_hybrid_planning/cmake/moveit_hybrid_planningTargetsExport.cmake
[108.880s] -- Installing: /root/ros2_ws/install/moveit_hybrid_planning/share/moveit_hybrid_planning/cmake/moveit_hybrid_planningTargetsExport-release.cmake
[108.880s] -- Installing: /root/ros2_ws/install/moveit_hybrid_planning/share/moveit_hybrid_planning/cmake/ament_cmake_export_dependencies-extras.cmake
[108.880s] -- Installing: /root/ros2_ws/install/moveit_hybrid_planning/share/moveit_hybrid_planning/cmake/ament_cmake_export_targets-extras.cmake
[108.880s] -- Installing: /root/ros2_ws/install/moveit_hybrid_planning/share/moveit_hybrid_planning/cmake/moveit_hybrid_planningConfig.cmake
[108.880s] -- Installing: /root/ros2_ws/install/moveit_hybrid_planning/share/moveit_hybrid_planning/cmake/moveit_hybrid_planningConfig-version.cmake
[108.880s] -- Installing: /root/ros2_ws/install/moveit_hybrid_planning/share/moveit_hybrid_planning/package.xml
[108.881s] Invoked command in '/root/ros2_ws/build/moveit_hybrid_planning' returned '0': AMENT_PREFIX_PATH=/root/ros2_ws/install/moveit_ros_planning_interface:/root/ros2_ws/install/moveit_ros_move_group:/root/ros2_ws/install/moveit_ros_warehouse:/root/ros2_ws/install/moveit_planners_ompl:/root/ros2_ws/install/moveit_kinematics:/root/ros2_ws/install/moveit_ros_planning:/root/ros2_ws/install/moveit_simple_controller_manager:/root/ros2_ws/install/moveit_ros_occupancy_map_monitor:/root/ros2_ws/install/moveit_core:/root/ros2_ws/install/moveit_resources_panda_moveit_config:/root/ros2_ws/install/moveit_resources_fanuc_moveit_config:/root/ros2_ws/install/moveit_resources_pr2_description:/root/ros2_ws/install/moveit_resources_panda_description:/root/ros2_ws/install/moveit_resources_fanuc_description:/root/ros2_ws/install/moveit_msgs:/root/ros2_ws/install/moveit_configs_utils:/root/ros2_ws/install/moveit_common:${AMENT_PREFIX_PATH} CMAKE_PREFIX_PATH=/root/ros2_ws/install/moveit_ros_planning_interface:/root/ros2_ws/install/moveit_ros_move_group:/root/ros2_ws/install/moveit_ros_warehouse:/root/ros2_ws/install/moveit_planners_ompl:/root/ros2_ws/install/moveit_kinematics:/root/ros2_ws/install/moveit_ros_planning:/root/ros2_ws/install/moveit_simple_controller_manager:/root/ros2_ws/install/moveit_ros_occupancy_map_monitor:/root/ros2_ws/install/moveit_core:/root/ros2_ws/install/moveit_resources_panda_moveit_config:/root/ros2_ws/install/moveit_resources_fanuc_moveit_config:/root/ros2_ws/install/moveit_resources_pr2_description:/root/ros2_ws/install/moveit_resources_panda_description:/root/ros2_ws/install/moveit_resources_fanuc_description:/root/ros2_ws/install/moveit_msgs:/root/ros2_ws/install/moveit_common:/opt/ros/jazzy/opt/gz_sim_vendor:/opt/ros/jazzy/opt/gz_sensors_vendor:/opt/ros/jazzy/opt/gz_physics_vendor:/opt/ros/jazzy/opt/sdformat_vendor:/opt/ros/jazzy/opt/gz_gui_vendor:/opt/ros/jazzy/opt/gz_transport_vendor:/opt/ros/jazzy/opt/gz_rendering_vendor:/opt/ros/jazzy/opt/gz_plugin_vendor:/opt/ros/jazzy/opt/gz_fuel_tools_vendor:/opt/ros/jazzy/opt/gz_msgs_vendor:/opt/ros/jazzy/opt/gz_common_vendor:/opt/ros/jazzy/opt/gz_math_vendor:/opt/ros/jazzy/opt/gz_utils_vendor:/opt/ros/jazzy/opt/gz_tools_vendor:/opt/ros/jazzy/opt/gz_ogre_next_vendor:/opt/ros/jazzy/opt/gz_dartsim_vendor:/opt/ros/jazzy/opt/gz_cmake_vendor:/opt/ros/jazzy LD_LIBRARY_PATH=/root/ros2_ws/install/moveit_ros_planning_interface/lib:/root/ros2_ws/install/moveit_ros_move_group/lib:/root/ros2_ws/install/moveit_ros_warehouse/lib:/root/ros2_ws/install/moveit_planners_ompl/lib:/root/ros2_ws/install/moveit_kinematics/lib:/root/ros2_ws/install/moveit_ros_planning/lib:/root/ros2_ws/install/moveit_simple_controller_manager/lib:/root/ros2_ws/install/moveit_ros_occupancy_map_monitor/lib:/root/ros2_ws/install/moveit_core/lib:/root/ros2_ws/install/moveit_msgs/lib:${LD_LIBRARY_PATH} PATH=/root/ros2_ws/install/moveit_core/bin:${PATH} PYTHONPATH=/root/ros2_ws/install/moveit_msgs/lib/python3.12/site-packages:/root/ros2_ws/install/moveit_configs_utils/lib/python3.12/site-packages:${PYTHONPATH} /usr/bin/cmake --install /root/ros2_ws/build/moveit_hybrid_planning
