[0.092s] Invoking command in '/root/ros2_ws/build/moveit_setup_core_plugins': AMENT_PREFIX_PATH=/root/ros2_ws/install/moveit_setup_framework:/root/ros2_ws/install/moveit_ros_visualization:/root/ros2_ws/install/moveit_ros_planning_interface:/root/ros2_ws/install/moveit_ros_move_group:/root/ros2_ws/install/moveit_ros_warehouse:/root/ros2_ws/install/moveit_ros_robot_interaction:/root/ros2_ws/install/moveit_kinematics:/root/ros2_ws/install/moveit_ros_planning:/root/ros2_ws/install/moveit_simple_controller_manager:/root/ros2_ws/install/moveit_ros_occupancy_map_monitor:/root/ros2_ws/install/moveit_core:/root/ros2_ws/install/moveit_resources_panda_moveit_config:/root/ros2_ws/install/moveit_resources_fanuc_moveit_config:/root/ros2_ws/install/moveit_resources_pr2_description:/root/ros2_ws/install/moveit_resources_panda_description:/root/ros2_ws/install/moveit_resources_fanuc_description:/root/ros2_ws/install/moveit_msgs:/root/ros2_ws/install/moveit_configs_utils:/root/ros2_ws/install/moveit_common:${AMENT_PREFIX_PATH} CMAKE_PREFIX_PATH=/root/ros2_ws/install/moveit_setup_framework:/root/ros2_ws/install/moveit_ros_visualization:/root/ros2_ws/install/moveit_ros_planning_interface:/root/ros2_ws/install/moveit_ros_move_group:/root/ros2_ws/install/moveit_ros_warehouse:/root/ros2_ws/install/moveit_ros_robot_interaction:/root/ros2_ws/install/moveit_kinematics:/root/ros2_ws/install/moveit_ros_planning:/root/ros2_ws/install/moveit_simple_controller_manager:/root/ros2_ws/install/moveit_ros_occupancy_map_monitor:/root/ros2_ws/install/moveit_core:/root/ros2_ws/install/moveit_resources_panda_moveit_config:/root/ros2_ws/install/moveit_resources_fanuc_moveit_config:/root/ros2_ws/install/moveit_resources_pr2_description:/root/ros2_ws/install/moveit_resources_panda_description:/root/ros2_ws/install/moveit_resources_fanuc_description:/root/ros2_ws/install/moveit_msgs:/root/ros2_ws/install/moveit_common:/opt/ros/jazzy/opt/gz_sim_vendor:/opt/ros/jazzy/opt/gz_sensors_vendor:/opt/ros/jazzy/opt/gz_physics_vendor:/opt/ros/jazzy/opt/sdformat_vendor:/opt/ros/jazzy/opt/gz_gui_vendor:/opt/ros/jazzy/opt/gz_transport_vendor:/opt/ros/jazzy/opt/gz_rendering_vendor:/opt/ros/jazzy/opt/gz_plugin_vendor:/opt/ros/jazzy/opt/gz_fuel_tools_vendor:/opt/ros/jazzy/opt/gz_msgs_vendor:/opt/ros/jazzy/opt/gz_common_vendor:/opt/ros/jazzy/opt/gz_math_vendor:/opt/ros/jazzy/opt/gz_utils_vendor:/opt/ros/jazzy/opt/gz_tools_vendor:/opt/ros/jazzy/opt/gz_ogre_next_vendor:/opt/ros/jazzy/opt/gz_dartsim_vendor:/opt/ros/jazzy/opt/gz_cmake_vendor:/opt/ros/jazzy LD_LIBRARY_PATH=/root/ros2_ws/install/moveit_setup_framework/lib:/root/ros2_ws/install/moveit_ros_visualization/lib:/root/ros2_ws/install/moveit_ros_planning_interface/lib:/root/ros2_ws/install/moveit_ros_move_group/lib:/root/ros2_ws/install/moveit_ros_warehouse/lib:/root/ros2_ws/install/moveit_ros_robot_interaction/lib:/root/ros2_ws/install/moveit_kinematics/lib:/root/ros2_ws/install/moveit_ros_planning/lib:/root/ros2_ws/install/moveit_simple_controller_manager/lib:/root/ros2_ws/install/moveit_ros_occupancy_map_monitor/lib:/root/ros2_ws/install/moveit_core/lib:/root/ros2_ws/install/moveit_msgs/lib:${LD_LIBRARY_PATH} PATH=/root/ros2_ws/install/moveit_core/bin:${PATH} PYTHONPATH=/root/ros2_ws/install/moveit_msgs/lib/python3.12/site-packages:/root/ros2_ws/install/moveit_configs_utils/lib/python3.12/site-packages:${PYTHONPATH} /usr/bin/cmake /root/ros2_ws/src/moveit2/moveit_setup_assistant/moveit_setup_core_plugins -DCMAKE_INSTALL_PREFIX=/root/ros2_ws/install/moveit_setup_core_plugins
[0.276s] -- The CXX compiler identification is GNU 13.3.0
[0.316s] -- Detecting CXX compiler ABI info
[0.541s] -- Detecting CXX compiler ABI info - done
[0.562s] -- Check for working CXX compiler: /usr/bin/c++ - skipped
[0.562s] -- Detecting CXX compile features
[0.563s] -- Detecting CXX compile features - done
[0.569s] -- Found moveit_common: 2.12.0 (/root/ros2_ws/install/moveit_common/share/moveit_common/cmake)
[0.584s] -- Found ament_cmake: 2.5.2 (/opt/ros/jazzy/share/ament_cmake/cmake)
[0.897s] -- Found Python3: /usr/bin/python3 (found version "3.12.3") found components: Interpreter 
[1.361s] [0mmoveit_setup_core_plugins: You did not request a specific build type: Choosing 'Release' for maximum performance[0m
[1.375s] -- Found ament_cmake_ros: 0.12.0 (/opt/ros/jazzy/share/ament_cmake_ros/cmake)
[1.423s] -- Found ament_index_cpp: 1.8.1 (/opt/ros/jazzy/share/ament_index_cpp/cmake)
[1.425s] -- Found moveit_ros_visualization: 2.12.0 (/root/ros2_ws/install/moveit_ros_visualization/share/moveit_ros_visualization/cmake)
[1.720s] -- Found Boost: /usr/lib/x86_64-linux-gnu/cmake/Boost-1.83.0/BoostConfig.cmake (found version "1.83.0") found components: thread date_time system filesystem 
[1.814s] -- Found Boost: /usr/lib/x86_64-linux-gnu/cmake/Boost-1.83.0/BoostConfig.cmake (found version "1.83.0") found components: filesystem 
[2.036s] -- Found rosidl_generator_c: 4.6.4 (/opt/ros/jazzy/share/rosidl_generator_c/cmake)
[2.108s] -- Found rosidl_generator_cpp: 4.6.4 (/opt/ros/jazzy/share/rosidl_generator_cpp/cmake)
[2.170s] -- Using all available rosidl_typesupport_c: rosidl_typesupport_fastrtps_c;rosidl_typesupport_introspection_c
[2.202s] -- Using all available rosidl_typesupport_cpp: rosidl_typesupport_fastrtps_cpp;rosidl_typesupport_introspection_cpp
[2.435s] -- Found rmw_implementation_cmake: 7.3.1 (/opt/ros/jazzy/share/rmw_implementation_cmake/cmake)
[2.447s] -- Found rmw_fastrtps_cpp: 8.4.1 (/opt/ros/jazzy/share/rmw_fastrtps_cpp/cmake)
[2.613s] -- Found OpenSSL: /usr/lib/x86_64-linux-gnu/libcrypto.so (found version "3.0.13")  
[2.652s] -- Found FastRTPS: /opt/ros/jazzy/include (Required is at least version "2.13") 
[2.702s] -- Using RMW implementation 'rmw_fastrtps_cpp' as default
[2.992s] -- Found Boost: /usr/lib/x86_64-linux-gnu/cmake/Boost-1.83.0/BoostConfig.cmake (found version "1.83.0") found components: system filesystem date_time program_options thread chrono 
[3.018s] -- Found parameter_traits: 0.4.0 (/opt/ros/jazzy/share/parameter_traits/cmake)
[3.056s] -- Found rclcpp_lifecycle: 28.1.5 (/opt/ros/jazzy/share/rclcpp_lifecycle/cmake)
[3.287s] -- Found Boost: /usr/lib/x86_64-linux-gnu/cmake/Boost-1.83.0/BoostConfig.cmake (found version "1.83.0") found components: chrono date_time filesystem iostreams program_options regex serialization system thread 
[3.516s] -- Found Eigen3: TRUE (found version "3.4.0") 
[3.516s] -- Ensuring Eigen3 include directory is part of orocos-kdl CMake target
[4.109s] -- Found Boost: /usr/lib/x86_64-linux-gnu/cmake/Boost-1.83.0/BoostConfig.cmake (found version "1.83.0") found components: date_time filesystem program_options system thread 
[4.129s] -- Found Boost: /usr/lib/x86_64-linux-gnu/cmake/Boost-1.83.0/BoostConfig.cmake (found version "1.83.0") found components: thread system filesystem regex date_time program_options 
[4.168s] -- Found Boost: /usr/lib/x86_64-linux-gnu/cmake/Boost-1.83.0/BoostConfig.cmake (found version "1.83.0") found components: system filesystem date_time program_options thread 
[4.380s] -- Setting OGRE_DIR to: '/opt/ros/jazzy/share/rviz_ogre_vendor/cmake/../../../opt/rviz_ogre_vendor/lib/OGRE/cmake'
[4.384s] -- Found OGRE
[4.384s] --   static     : OFF
[4.385s] --   components : MeshLodGenerator;Overlay;Paging;Property;RTShaderSystem;Terrain;Volume
[4.385s] --   plugins    : Plugin_BSPSceneManager;Plugin_OctreeSceneManager;Plugin_PCZSceneManager;Plugin_ParticleFX;RenderSystem_GL;RenderSystem_GL3Plus;Codec_STBI
[4.385s] --   media      : /opt/ros/jazzy/opt/rviz_ogre_vendor/share/OGRE/Media
[4.385s] -- OGRE_LIBRARIES: OgreMeshLodGenerator;OgreOverlay;OgrePaging;OgreProperty;OgreRTShaderSystem;OgreTerrain;OgreVolume;OgreMain
[4.385s] -- OGRE_LIBRARY_DIRS: /opt/ros/jazzy/opt/rviz_ogre_vendor/lib
[4.386s] -- OGRE_PLUGINS: Plugin_BSPSceneManager;Plugin_OctreeSceneManager;Plugin_PCZSceneManager;Plugin_ParticleFX;RenderSystem_GL;RenderSystem_GL3Plus;Codec_STBI
[4.386s] -- OGRE_PLUGIN_DIR: /opt/ros/jazzy/opt/rviz_ogre_vendor/lib/OGRE
[4.386s] -- rviz_ogre_vendor::OgreOverlay for IMPORTED_LOCATION_RELEASE: /opt/ros/jazzy/opt/rviz_ogre_vendor/lib/libOgreOverlay.so
[4.386s] -- rviz_ogre_vendor::OgreOverlay for IMPORTED_LOCATION_DEBUG: /opt/ros/jazzy/opt/rviz_ogre_vendor/lib/libOgreOverlay.so
[4.386s] -- rviz_ogre_vendor::OgreMain for IMPORTED_LOCATION_RELEASE: /opt/ros/jazzy/opt/rviz_ogre_vendor/lib/libOgreMain.so
[4.387s] -- rviz_ogre_vendor::OgreMain for IMPORTED_LOCATION_DEBUG: /opt/ros/jazzy/opt/rviz_ogre_vendor/lib/libOgreMain.so
[4.460s] -- Found ZLIB: /usr/lib/x86_64-linux-gnu/libz.so (found version "1.3")  
[4.474s] -- Found OpenGL: /usr/lib/x86_64-linux-gnu/libOpenGL.so   
[4.748s] -- Found X11: /usr/include   
[4.749s] -- Looking for XOpenDisplay in /usr/lib/x86_64-linux-gnu/libX11.so;/usr/lib/x86_64-linux-gnu/libXext.so
[4.954s] -- Looking for XOpenDisplay in /usr/lib/x86_64-linux-gnu/libX11.so;/usr/lib/x86_64-linux-gnu/libXext.so - found
[4.955s] -- Looking for gethostbyname
[5.145s] -- Looking for gethostbyname - found
[5.145s] -- Looking for connect
[5.322s] -- Looking for connect - found
[5.322s] -- Looking for remove
[5.508s] -- Looking for remove - found
[5.508s] -- Looking for shmat
[5.739s] -- Looking for shmat - found
[5.739s] -- Looking for IceConnectionNumber in ICE
[5.995s] -- Looking for IceConnectionNumber in ICE - found
[6.058s] -- Setting yaml-cpp_DIR to: '/opt/ros/jazzy/share/yaml_cpp_vendor/cmake/../../../opt/yaml_cpp_vendor/share/cmake/yaml-cpp'
[6.359s] -- Found moveit_setup_framework: 2.12.0 (/root/ros2_ws/install/moveit_setup_framework/share/moveit_setup_framework/cmake)
[6.397s] -- Configuring done (6.3s)
[6.503s] -- Generating done (0.0s)
[6.514s] -- Build files have been written to: /root/ros2_ws/build/moveit_setup_core_plugins
[6.538s] Invoked command in '/root/ros2_ws/build/moveit_setup_core_plugins' returned '0': AMENT_PREFIX_PATH=/root/ros2_ws/install/moveit_setup_framework:/root/ros2_ws/install/moveit_ros_visualization:/root/ros2_ws/install/moveit_ros_planning_interface:/root/ros2_ws/install/moveit_ros_move_group:/root/ros2_ws/install/moveit_ros_warehouse:/root/ros2_ws/install/moveit_ros_robot_interaction:/root/ros2_ws/install/moveit_kinematics:/root/ros2_ws/install/moveit_ros_planning:/root/ros2_ws/install/moveit_simple_controller_manager:/root/ros2_ws/install/moveit_ros_occupancy_map_monitor:/root/ros2_ws/install/moveit_core:/root/ros2_ws/install/moveit_resources_panda_moveit_config:/root/ros2_ws/install/moveit_resources_fanuc_moveit_config:/root/ros2_ws/install/moveit_resources_pr2_description:/root/ros2_ws/install/moveit_resources_panda_description:/root/ros2_ws/install/moveit_resources_fanuc_description:/root/ros2_ws/install/moveit_msgs:/root/ros2_ws/install/moveit_configs_utils:/root/ros2_ws/install/moveit_common:${AMENT_PREFIX_PATH} CMAKE_PREFIX_PATH=/root/ros2_ws/install/moveit_setup_framework:/root/ros2_ws/install/moveit_ros_visualization:/root/ros2_ws/install/moveit_ros_planning_interface:/root/ros2_ws/install/moveit_ros_move_group:/root/ros2_ws/install/moveit_ros_warehouse:/root/ros2_ws/install/moveit_ros_robot_interaction:/root/ros2_ws/install/moveit_kinematics:/root/ros2_ws/install/moveit_ros_planning:/root/ros2_ws/install/moveit_simple_controller_manager:/root/ros2_ws/install/moveit_ros_occupancy_map_monitor:/root/ros2_ws/install/moveit_core:/root/ros2_ws/install/moveit_resources_panda_moveit_config:/root/ros2_ws/install/moveit_resources_fanuc_moveit_config:/root/ros2_ws/install/moveit_resources_pr2_description:/root/ros2_ws/install/moveit_resources_panda_description:/root/ros2_ws/install/moveit_resources_fanuc_description:/root/ros2_ws/install/moveit_msgs:/root/ros2_ws/install/moveit_common:/opt/ros/jazzy/opt/gz_sim_vendor:/opt/ros/jazzy/opt/gz_sensors_vendor:/opt/ros/jazzy/opt/gz_physics_vendor:/opt/ros/jazzy/opt/sdformat_vendor:/opt/ros/jazzy/opt/gz_gui_vendor:/opt/ros/jazzy/opt/gz_transport_vendor:/opt/ros/jazzy/opt/gz_rendering_vendor:/opt/ros/jazzy/opt/gz_plugin_vendor:/opt/ros/jazzy/opt/gz_fuel_tools_vendor:/opt/ros/jazzy/opt/gz_msgs_vendor:/opt/ros/jazzy/opt/gz_common_vendor:/opt/ros/jazzy/opt/gz_math_vendor:/opt/ros/jazzy/opt/gz_utils_vendor:/opt/ros/jazzy/opt/gz_tools_vendor:/opt/ros/jazzy/opt/gz_ogre_next_vendor:/opt/ros/jazzy/opt/gz_dartsim_vendor:/opt/ros/jazzy/opt/gz_cmake_vendor:/opt/ros/jazzy LD_LIBRARY_PATH=/root/ros2_ws/install/moveit_setup_framework/lib:/root/ros2_ws/install/moveit_ros_visualization/lib:/root/ros2_ws/install/moveit_ros_planning_interface/lib:/root/ros2_ws/install/moveit_ros_move_group/lib:/root/ros2_ws/install/moveit_ros_warehouse/lib:/root/ros2_ws/install/moveit_ros_robot_interaction/lib:/root/ros2_ws/install/moveit_kinematics/lib:/root/ros2_ws/install/moveit_ros_planning/lib:/root/ros2_ws/install/moveit_simple_controller_manager/lib:/root/ros2_ws/install/moveit_ros_occupancy_map_monitor/lib:/root/ros2_ws/install/moveit_core/lib:/root/ros2_ws/install/moveit_msgs/lib:${LD_LIBRARY_PATH} PATH=/root/ros2_ws/install/moveit_core/bin:${PATH} PYTHONPATH=/root/ros2_ws/install/moveit_msgs/lib/python3.12/site-packages:/root/ros2_ws/install/moveit_configs_utils/lib/python3.12/site-packages:${PYTHONPATH} /usr/bin/cmake /root/ros2_ws/src/moveit2/moveit_setup_assistant/moveit_setup_core_plugins -DCMAKE_INSTALL_PREFIX=/root/ros2_ws/install/moveit_setup_core_plugins
[6.541s] Invoking command in '/root/ros2_ws/build/moveit_setup_core_plugins': AMENT_PREFIX_PATH=/root/ros2_ws/install/moveit_setup_framework:/root/ros2_ws/install/moveit_ros_visualization:/root/ros2_ws/install/moveit_ros_planning_interface:/root/ros2_ws/install/moveit_ros_move_group:/root/ros2_ws/install/moveit_ros_warehouse:/root/ros2_ws/install/moveit_ros_robot_interaction:/root/ros2_ws/install/moveit_kinematics:/root/ros2_ws/install/moveit_ros_planning:/root/ros2_ws/install/moveit_simple_controller_manager:/root/ros2_ws/install/moveit_ros_occupancy_map_monitor:/root/ros2_ws/install/moveit_core:/root/ros2_ws/install/moveit_resources_panda_moveit_config:/root/ros2_ws/install/moveit_resources_fanuc_moveit_config:/root/ros2_ws/install/moveit_resources_pr2_description:/root/ros2_ws/install/moveit_resources_panda_description:/root/ros2_ws/install/moveit_resources_fanuc_description:/root/ros2_ws/install/moveit_msgs:/root/ros2_ws/install/moveit_configs_utils:/root/ros2_ws/install/moveit_common:${AMENT_PREFIX_PATH} CMAKE_PREFIX_PATH=/root/ros2_ws/install/moveit_setup_framework:/root/ros2_ws/install/moveit_ros_visualization:/root/ros2_ws/install/moveit_ros_planning_interface:/root/ros2_ws/install/moveit_ros_move_group:/root/ros2_ws/install/moveit_ros_warehouse:/root/ros2_ws/install/moveit_ros_robot_interaction:/root/ros2_ws/install/moveit_kinematics:/root/ros2_ws/install/moveit_ros_planning:/root/ros2_ws/install/moveit_simple_controller_manager:/root/ros2_ws/install/moveit_ros_occupancy_map_monitor:/root/ros2_ws/install/moveit_core:/root/ros2_ws/install/moveit_resources_panda_moveit_config:/root/ros2_ws/install/moveit_resources_fanuc_moveit_config:/root/ros2_ws/install/moveit_resources_pr2_description:/root/ros2_ws/install/moveit_resources_panda_description:/root/ros2_ws/install/moveit_resources_fanuc_description:/root/ros2_ws/install/moveit_msgs:/root/ros2_ws/install/moveit_common:/opt/ros/jazzy/opt/gz_sim_vendor:/opt/ros/jazzy/opt/gz_sensors_vendor:/opt/ros/jazzy/opt/gz_physics_vendor:/opt/ros/jazzy/opt/sdformat_vendor:/opt/ros/jazzy/opt/gz_gui_vendor:/opt/ros/jazzy/opt/gz_transport_vendor:/opt/ros/jazzy/opt/gz_rendering_vendor:/opt/ros/jazzy/opt/gz_plugin_vendor:/opt/ros/jazzy/opt/gz_fuel_tools_vendor:/opt/ros/jazzy/opt/gz_msgs_vendor:/opt/ros/jazzy/opt/gz_common_vendor:/opt/ros/jazzy/opt/gz_math_vendor:/opt/ros/jazzy/opt/gz_utils_vendor:/opt/ros/jazzy/opt/gz_tools_vendor:/opt/ros/jazzy/opt/gz_ogre_next_vendor:/opt/ros/jazzy/opt/gz_dartsim_vendor:/opt/ros/jazzy/opt/gz_cmake_vendor:/opt/ros/jazzy LD_LIBRARY_PATH=/root/ros2_ws/install/moveit_setup_framework/lib:/root/ros2_ws/install/moveit_ros_visualization/lib:/root/ros2_ws/install/moveit_ros_planning_interface/lib:/root/ros2_ws/install/moveit_ros_move_group/lib:/root/ros2_ws/install/moveit_ros_warehouse/lib:/root/ros2_ws/install/moveit_ros_robot_interaction/lib:/root/ros2_ws/install/moveit_kinematics/lib:/root/ros2_ws/install/moveit_ros_planning/lib:/root/ros2_ws/install/moveit_simple_controller_manager/lib:/root/ros2_ws/install/moveit_ros_occupancy_map_monitor/lib:/root/ros2_ws/install/moveit_core/lib:/root/ros2_ws/install/moveit_msgs/lib:${LD_LIBRARY_PATH} PATH=/root/ros2_ws/install/moveit_core/bin:${PATH} PYTHONPATH=/root/ros2_ws/install/moveit_msgs/lib/python3.12/site-packages:/root/ros2_ws/install/moveit_configs_utils/lib/python3.12/site-packages:${PYTHONPATH} /usr/bin/cmake --build /root/ros2_ws/build/moveit_setup_core_plugins -- -j20 -l20
[6.657s] [  0%] Built target moveit_setup_core_plugins_autogen_timestamp_deps
[6.714s] [  6%] [34m[1mAutomatic MOC for target moveit_setup_core_plugins[0m
[6.836s] [  6%] Built target moveit_setup_core_plugins_autogen
[6.873s] [ 13%] [34m[1mGenerating include/moveit_setup_core_plugins/moc_start_screen_widget.cpp[0m
[6.873s] [ 20%] [34m[1mGenerating include/moveit_setup_core_plugins/moc_author_information_widget.cpp[0m
[6.873s] [ 26%] [34m[1mGenerating include/moveit_setup_core_plugins/moc_configuration_files_widget.cpp[0m
[6.951s] [ 33%] [32mBuilding CXX object CMakeFiles/moveit_setup_core_plugins.dir/src/start_screen.cpp.o[0m
[6.951s] [ 40%] [32mBuilding CXX object CMakeFiles/moveit_setup_core_plugins.dir/moveit_setup_core_plugins_autogen/mocs_compilation.cpp.o[0m
[6.956s] [ 46%] [32mBuilding CXX object CMakeFiles/moveit_setup_core_plugins.dir/src/start_screen_widget.cpp.o[0m
[6.964s] [ 53%] [32mBuilding CXX object CMakeFiles/moveit_setup_core_plugins.dir/src/configuration_files.cpp.o[0m
[6.985s] [ 60%] [32mBuilding CXX object CMakeFiles/moveit_setup_core_plugins.dir/src/configuration_files_widget.cpp.o[0m
[7.055s] [ 66%] [32mBuilding CXX object CMakeFiles/moveit_setup_core_plugins.dir/src/author_information.cpp.o[0m
[7.071s] [ 73%] [32mBuilding CXX object CMakeFiles/moveit_setup_core_plugins.dir/include/moveit_setup_core_plugins/moc_author_information_widget.cpp.o[0m
[70.598s] [ 80%] [32mBuilding CXX object CMakeFiles/moveit_setup_core_plugins.dir/include/moveit_setup_core_plugins/moc_configuration_files_widget.cpp.o[0m
[82.130s] [ 86%] [32mBuilding CXX object CMakeFiles/moveit_setup_core_plugins.dir/include/moveit_setup_core_plugins/moc_start_screen_widget.cpp.o[0m
[94.059s] [ 93%] [32mBuilding CXX object CMakeFiles/moveit_setup_core_plugins.dir/src/author_information_widget.cpp.o[0m
[117.277s] [100%] [32m[1mLinking CXX shared library libmoveit_setup_core_plugins.so[0m
[118.930s] [100%] Built target moveit_setup_core_plugins
[119.002s] Invoked command in '/root/ros2_ws/build/moveit_setup_core_plugins' returned '0': AMENT_PREFIX_PATH=/root/ros2_ws/install/moveit_setup_framework:/root/ros2_ws/install/moveit_ros_visualization:/root/ros2_ws/install/moveit_ros_planning_interface:/root/ros2_ws/install/moveit_ros_move_group:/root/ros2_ws/install/moveit_ros_warehouse:/root/ros2_ws/install/moveit_ros_robot_interaction:/root/ros2_ws/install/moveit_kinematics:/root/ros2_ws/install/moveit_ros_planning:/root/ros2_ws/install/moveit_simple_controller_manager:/root/ros2_ws/install/moveit_ros_occupancy_map_monitor:/root/ros2_ws/install/moveit_core:/root/ros2_ws/install/moveit_resources_panda_moveit_config:/root/ros2_ws/install/moveit_resources_fanuc_moveit_config:/root/ros2_ws/install/moveit_resources_pr2_description:/root/ros2_ws/install/moveit_resources_panda_description:/root/ros2_ws/install/moveit_resources_fanuc_description:/root/ros2_ws/install/moveit_msgs:/root/ros2_ws/install/moveit_configs_utils:/root/ros2_ws/install/moveit_common:${AMENT_PREFIX_PATH} CMAKE_PREFIX_PATH=/root/ros2_ws/install/moveit_setup_framework:/root/ros2_ws/install/moveit_ros_visualization:/root/ros2_ws/install/moveit_ros_planning_interface:/root/ros2_ws/install/moveit_ros_move_group:/root/ros2_ws/install/moveit_ros_warehouse:/root/ros2_ws/install/moveit_ros_robot_interaction:/root/ros2_ws/install/moveit_kinematics:/root/ros2_ws/install/moveit_ros_planning:/root/ros2_ws/install/moveit_simple_controller_manager:/root/ros2_ws/install/moveit_ros_occupancy_map_monitor:/root/ros2_ws/install/moveit_core:/root/ros2_ws/install/moveit_resources_panda_moveit_config:/root/ros2_ws/install/moveit_resources_fanuc_moveit_config:/root/ros2_ws/install/moveit_resources_pr2_description:/root/ros2_ws/install/moveit_resources_panda_description:/root/ros2_ws/install/moveit_resources_fanuc_description:/root/ros2_ws/install/moveit_msgs:/root/ros2_ws/install/moveit_common:/opt/ros/jazzy/opt/gz_sim_vendor:/opt/ros/jazzy/opt/gz_sensors_vendor:/opt/ros/jazzy/opt/gz_physics_vendor:/opt/ros/jazzy/opt/sdformat_vendor:/opt/ros/jazzy/opt/gz_gui_vendor:/opt/ros/jazzy/opt/gz_transport_vendor:/opt/ros/jazzy/opt/gz_rendering_vendor:/opt/ros/jazzy/opt/gz_plugin_vendor:/opt/ros/jazzy/opt/gz_fuel_tools_vendor:/opt/ros/jazzy/opt/gz_msgs_vendor:/opt/ros/jazzy/opt/gz_common_vendor:/opt/ros/jazzy/opt/gz_math_vendor:/opt/ros/jazzy/opt/gz_utils_vendor:/opt/ros/jazzy/opt/gz_tools_vendor:/opt/ros/jazzy/opt/gz_ogre_next_vendor:/opt/ros/jazzy/opt/gz_dartsim_vendor:/opt/ros/jazzy/opt/gz_cmake_vendor:/opt/ros/jazzy LD_LIBRARY_PATH=/root/ros2_ws/install/moveit_setup_framework/lib:/root/ros2_ws/install/moveit_ros_visualization/lib:/root/ros2_ws/install/moveit_ros_planning_interface/lib:/root/ros2_ws/install/moveit_ros_move_group/lib:/root/ros2_ws/install/moveit_ros_warehouse/lib:/root/ros2_ws/install/moveit_ros_robot_interaction/lib:/root/ros2_ws/install/moveit_kinematics/lib:/root/ros2_ws/install/moveit_ros_planning/lib:/root/ros2_ws/install/moveit_simple_controller_manager/lib:/root/ros2_ws/install/moveit_ros_occupancy_map_monitor/lib:/root/ros2_ws/install/moveit_core/lib:/root/ros2_ws/install/moveit_msgs/lib:${LD_LIBRARY_PATH} PATH=/root/ros2_ws/install/moveit_core/bin:${PATH} PYTHONPATH=/root/ros2_ws/install/moveit_msgs/lib/python3.12/site-packages:/root/ros2_ws/install/moveit_configs_utils/lib/python3.12/site-packages:${PYTHONPATH} /usr/bin/cmake --build /root/ros2_ws/build/moveit_setup_core_plugins -- -j20 -l20
[119.006s] Invoking command in '/root/ros2_ws/build/moveit_setup_core_plugins': AMENT_PREFIX_PATH=/root/ros2_ws/install/moveit_setup_framework:/root/ros2_ws/install/moveit_ros_visualization:/root/ros2_ws/install/moveit_ros_planning_interface:/root/ros2_ws/install/moveit_ros_move_group:/root/ros2_ws/install/moveit_ros_warehouse:/root/ros2_ws/install/moveit_ros_robot_interaction:/root/ros2_ws/install/moveit_kinematics:/root/ros2_ws/install/moveit_ros_planning:/root/ros2_ws/install/moveit_simple_controller_manager:/root/ros2_ws/install/moveit_ros_occupancy_map_monitor:/root/ros2_ws/install/moveit_core:/root/ros2_ws/install/moveit_resources_panda_moveit_config:/root/ros2_ws/install/moveit_resources_fanuc_moveit_config:/root/ros2_ws/install/moveit_resources_pr2_description:/root/ros2_ws/install/moveit_resources_panda_description:/root/ros2_ws/install/moveit_resources_fanuc_description:/root/ros2_ws/install/moveit_msgs:/root/ros2_ws/install/moveit_configs_utils:/root/ros2_ws/install/moveit_common:${AMENT_PREFIX_PATH} CMAKE_PREFIX_PATH=/root/ros2_ws/install/moveit_setup_framework:/root/ros2_ws/install/moveit_ros_visualization:/root/ros2_ws/install/moveit_ros_planning_interface:/root/ros2_ws/install/moveit_ros_move_group:/root/ros2_ws/install/moveit_ros_warehouse:/root/ros2_ws/install/moveit_ros_robot_interaction:/root/ros2_ws/install/moveit_kinematics:/root/ros2_ws/install/moveit_ros_planning:/root/ros2_ws/install/moveit_simple_controller_manager:/root/ros2_ws/install/moveit_ros_occupancy_map_monitor:/root/ros2_ws/install/moveit_core:/root/ros2_ws/install/moveit_resources_panda_moveit_config:/root/ros2_ws/install/moveit_resources_fanuc_moveit_config:/root/ros2_ws/install/moveit_resources_pr2_description:/root/ros2_ws/install/moveit_resources_panda_description:/root/ros2_ws/install/moveit_resources_fanuc_description:/root/ros2_ws/install/moveit_msgs:/root/ros2_ws/install/moveit_common:/opt/ros/jazzy/opt/gz_sim_vendor:/opt/ros/jazzy/opt/gz_sensors_vendor:/opt/ros/jazzy/opt/gz_physics_vendor:/opt/ros/jazzy/opt/sdformat_vendor:/opt/ros/jazzy/opt/gz_gui_vendor:/opt/ros/jazzy/opt/gz_transport_vendor:/opt/ros/jazzy/opt/gz_rendering_vendor:/opt/ros/jazzy/opt/gz_plugin_vendor:/opt/ros/jazzy/opt/gz_fuel_tools_vendor:/opt/ros/jazzy/opt/gz_msgs_vendor:/opt/ros/jazzy/opt/gz_common_vendor:/opt/ros/jazzy/opt/gz_math_vendor:/opt/ros/jazzy/opt/gz_utils_vendor:/opt/ros/jazzy/opt/gz_tools_vendor:/opt/ros/jazzy/opt/gz_ogre_next_vendor:/opt/ros/jazzy/opt/gz_dartsim_vendor:/opt/ros/jazzy/opt/gz_cmake_vendor:/opt/ros/jazzy LD_LIBRARY_PATH=/root/ros2_ws/install/moveit_setup_framework/lib:/root/ros2_ws/install/moveit_ros_visualization/lib:/root/ros2_ws/install/moveit_ros_planning_interface/lib:/root/ros2_ws/install/moveit_ros_move_group/lib:/root/ros2_ws/install/moveit_ros_warehouse/lib:/root/ros2_ws/install/moveit_ros_robot_interaction/lib:/root/ros2_ws/install/moveit_kinematics/lib:/root/ros2_ws/install/moveit_ros_planning/lib:/root/ros2_ws/install/moveit_simple_controller_manager/lib:/root/ros2_ws/install/moveit_ros_occupancy_map_monitor/lib:/root/ros2_ws/install/moveit_core/lib:/root/ros2_ws/install/moveit_msgs/lib:${LD_LIBRARY_PATH} PATH=/root/ros2_ws/install/moveit_core/bin:${PATH} PYTHONPATH=/root/ros2_ws/install/moveit_msgs/lib/python3.12/site-packages:/root/ros2_ws/install/moveit_configs_utils/lib/python3.12/site-packages:${PYTHONPATH} /usr/bin/cmake --install /root/ros2_ws/build/moveit_setup_core_plugins
[119.056s] -- Install configuration: "Release"
[119.057s] -- Installing: /root/ros2_ws/install/moveit_setup_core_plugins/lib/libmoveit_setup_core_plugins.so
[119.057s] -- Set non-toolchain portion of runtime path of "/root/ros2_ws/install/moveit_setup_core_plugins/lib/libmoveit_setup_core_plugins.so" to ""
[119.057s] -- Installing: /root/ros2_ws/install/moveit_setup_core_plugins/share/moveit_setup_core_plugins/moveit_setup_framework_plugins.xml
[119.057s] -- Installing: /root/ros2_ws/install/moveit_setup_core_plugins/include/moveit_setup_core_plugins
[119.057s] -- Installing: /root/ros2_ws/install/moveit_setup_core_plugins/include/moveit_setup_core_plugins/moveit_setup_core_plugins
[119.058s] -- Installing: /root/ros2_ws/install/moveit_setup_core_plugins/include/moveit_setup_core_plugins/moveit_setup_core_plugins/configuration_files.hpp
[119.058s] -- Installing: /root/ros2_ws/install/moveit_setup_core_plugins/include/moveit_setup_core_plugins/moveit_setup_core_plugins/configuration_files_widget.h
[119.058s] -- Installing: /root/ros2_ws/install/moveit_setup_core_plugins/include/moveit_setup_core_plugins/moveit_setup_core_plugins/configuration_files.h
[119.061s] -- Installing: /root/ros2_ws/install/moveit_setup_core_plugins/include/moveit_setup_core_plugins/moveit_setup_core_plugins/start_screen_widget.hpp
[119.061s] -- Installing: /root/ros2_ws/install/moveit_setup_core_plugins/include/moveit_setup_core_plugins/moveit_setup_core_plugins/start_screen.hpp
[119.062s] -- Installing: /root/ros2_ws/install/moveit_setup_core_plugins/include/moveit_setup_core_plugins/moveit_setup_core_plugins/author_information_widget.hpp
[119.062s] -- Installing: /root/ros2_ws/install/moveit_setup_core_plugins/include/moveit_setup_core_plugins/moveit_setup_core_plugins/start_screen_widget.h
[119.062s] -- Installing: /root/ros2_ws/install/moveit_setup_core_plugins/include/moveit_setup_core_plugins/moveit_setup_core_plugins/author_information_widget.h
[119.062s] -- Installing: /root/ros2_ws/install/moveit_setup_core_plugins/include/moveit_setup_core_plugins/moveit_setup_core_plugins/author_information.h
[119.062s] -- Installing: /root/ros2_ws/install/moveit_setup_core_plugins/include/moveit_setup_core_plugins/moveit_setup_core_plugins/start_screen.h
[119.062s] -- Installing: /root/ros2_ws/install/moveit_setup_core_plugins/include/moveit_setup_core_plugins/moveit_setup_core_plugins/author_information.hpp
[119.068s] -- Installing: /root/ros2_ws/install/moveit_setup_core_plugins/include/moveit_setup_core_plugins/moveit_setup_core_plugins/configuration_files_widget.hpp
[119.069s] -- Installing: /root/ros2_ws/install/moveit_setup_core_plugins/share/moveit_setup_core_plugins/environment/library_path.sh
[119.069s] -- Installing: /root/ros2_ws/install/moveit_setup_core_plugins/share/moveit_setup_core_plugins/environment/library_path.dsv
[119.069s] -- Up-to-date: /root/ros2_ws/install/moveit_setup_core_plugins/share/moveit_setup_core_plugins/moveit_setup_framework_plugins.xml
[119.069s] -- Installing: /root/ros2_ws/install/moveit_setup_core_plugins/share/ament_index/resource_index/package_run_dependencies/moveit_setup_core_plugins
[119.070s] -- Installing: /root/ros2_ws/install/moveit_setup_core_plugins/share/ament_index/resource_index/parent_prefix_path/moveit_setup_core_plugins
[119.070s] -- Installing: /root/ros2_ws/install/moveit_setup_core_plugins/share/moveit_setup_core_plugins/environment/ament_prefix_path.sh
[119.070s] -- Installing: /root/ros2_ws/install/moveit_setup_core_plugins/share/moveit_setup_core_plugins/environment/ament_prefix_path.dsv
[119.070s] -- Installing: /root/ros2_ws/install/moveit_setup_core_plugins/share/moveit_setup_core_plugins/environment/path.sh
[119.070s] -- Installing: /root/ros2_ws/install/moveit_setup_core_plugins/share/moveit_setup_core_plugins/environment/path.dsv
[119.070s] -- Installing: /root/ros2_ws/install/moveit_setup_core_plugins/share/moveit_setup_core_plugins/local_setup.bash
[119.071s] -- Installing: /root/ros2_ws/install/moveit_setup_core_plugins/share/moveit_setup_core_plugins/local_setup.sh
[119.071s] -- Installing: /root/ros2_ws/install/moveit_setup_core_plugins/share/moveit_setup_core_plugins/local_setup.zsh
[119.071s] -- Installing: /root/ros2_ws/install/moveit_setup_core_plugins/share/moveit_setup_core_plugins/local_setup.dsv
[119.071s] -- Installing: /root/ros2_ws/install/moveit_setup_core_plugins/share/moveit_setup_core_plugins/package.dsv
[119.071s] -- Installing: /root/ros2_ws/install/moveit_setup_core_plugins/share/ament_index/resource_index/packages/moveit_setup_core_plugins
[119.072s] -- Installing: /root/ros2_ws/install/moveit_setup_core_plugins/share/ament_index/resource_index/moveit_setup_framework__pluginlib__plugin/moveit_setup_core_plugins
[119.072s] -- Installing: /root/ros2_ws/install/moveit_setup_core_plugins/share/moveit_setup_core_plugins/cmake/moveit_setup_core_pluginsTargetsExport.cmake
[119.077s] -- Installing: /root/ros2_ws/install/moveit_setup_core_plugins/share/moveit_setup_core_plugins/cmake/moveit_setup_core_pluginsTargetsExport-release.cmake
[119.077s] -- Installing: /root/ros2_ws/install/moveit_setup_core_plugins/share/moveit_setup_core_plugins/cmake/ament_cmake_export_targets-extras.cmake
[119.078s] -- Installing: /root/ros2_ws/install/moveit_setup_core_plugins/share/moveit_setup_core_plugins/cmake/moveit_setup_core_pluginsConfig.cmake
[119.086s] -- Installing: /root/ros2_ws/install/moveit_setup_core_plugins/share/moveit_setup_core_plugins/cmake/moveit_setup_core_pluginsConfig-version.cmake
[119.087s] -- Installing: /root/ros2_ws/install/moveit_setup_core_plugins/share/moveit_setup_core_plugins/package.xml
[119.109s] Invoked command in '/root/ros2_ws/build/moveit_setup_core_plugins' returned '0': AMENT_PREFIX_PATH=/root/ros2_ws/install/moveit_setup_framework:/root/ros2_ws/install/moveit_ros_visualization:/root/ros2_ws/install/moveit_ros_planning_interface:/root/ros2_ws/install/moveit_ros_move_group:/root/ros2_ws/install/moveit_ros_warehouse:/root/ros2_ws/install/moveit_ros_robot_interaction:/root/ros2_ws/install/moveit_kinematics:/root/ros2_ws/install/moveit_ros_planning:/root/ros2_ws/install/moveit_simple_controller_manager:/root/ros2_ws/install/moveit_ros_occupancy_map_monitor:/root/ros2_ws/install/moveit_core:/root/ros2_ws/install/moveit_resources_panda_moveit_config:/root/ros2_ws/install/moveit_resources_fanuc_moveit_config:/root/ros2_ws/install/moveit_resources_pr2_description:/root/ros2_ws/install/moveit_resources_panda_description:/root/ros2_ws/install/moveit_resources_fanuc_description:/root/ros2_ws/install/moveit_msgs:/root/ros2_ws/install/moveit_configs_utils:/root/ros2_ws/install/moveit_common:${AMENT_PREFIX_PATH} CMAKE_PREFIX_PATH=/root/ros2_ws/install/moveit_setup_framework:/root/ros2_ws/install/moveit_ros_visualization:/root/ros2_ws/install/moveit_ros_planning_interface:/root/ros2_ws/install/moveit_ros_move_group:/root/ros2_ws/install/moveit_ros_warehouse:/root/ros2_ws/install/moveit_ros_robot_interaction:/root/ros2_ws/install/moveit_kinematics:/root/ros2_ws/install/moveit_ros_planning:/root/ros2_ws/install/moveit_simple_controller_manager:/root/ros2_ws/install/moveit_ros_occupancy_map_monitor:/root/ros2_ws/install/moveit_core:/root/ros2_ws/install/moveit_resources_panda_moveit_config:/root/ros2_ws/install/moveit_resources_fanuc_moveit_config:/root/ros2_ws/install/moveit_resources_pr2_description:/root/ros2_ws/install/moveit_resources_panda_description:/root/ros2_ws/install/moveit_resources_fanuc_description:/root/ros2_ws/install/moveit_msgs:/root/ros2_ws/install/moveit_common:/opt/ros/jazzy/opt/gz_sim_vendor:/opt/ros/jazzy/opt/gz_sensors_vendor:/opt/ros/jazzy/opt/gz_physics_vendor:/opt/ros/jazzy/opt/sdformat_vendor:/opt/ros/jazzy/opt/gz_gui_vendor:/opt/ros/jazzy/opt/gz_transport_vendor:/opt/ros/jazzy/opt/gz_rendering_vendor:/opt/ros/jazzy/opt/gz_plugin_vendor:/opt/ros/jazzy/opt/gz_fuel_tools_vendor:/opt/ros/jazzy/opt/gz_msgs_vendor:/opt/ros/jazzy/opt/gz_common_vendor:/opt/ros/jazzy/opt/gz_math_vendor:/opt/ros/jazzy/opt/gz_utils_vendor:/opt/ros/jazzy/opt/gz_tools_vendor:/opt/ros/jazzy/opt/gz_ogre_next_vendor:/opt/ros/jazzy/opt/gz_dartsim_vendor:/opt/ros/jazzy/opt/gz_cmake_vendor:/opt/ros/jazzy LD_LIBRARY_PATH=/root/ros2_ws/install/moveit_setup_framework/lib:/root/ros2_ws/install/moveit_ros_visualization/lib:/root/ros2_ws/install/moveit_ros_planning_interface/lib:/root/ros2_ws/install/moveit_ros_move_group/lib:/root/ros2_ws/install/moveit_ros_warehouse/lib:/root/ros2_ws/install/moveit_ros_robot_interaction/lib:/root/ros2_ws/install/moveit_kinematics/lib:/root/ros2_ws/install/moveit_ros_planning/lib:/root/ros2_ws/install/moveit_simple_controller_manager/lib:/root/ros2_ws/install/moveit_ros_occupancy_map_monitor/lib:/root/ros2_ws/install/moveit_core/lib:/root/ros2_ws/install/moveit_msgs/lib:${LD_LIBRARY_PATH} PATH=/root/ros2_ws/install/moveit_core/bin:${PATH} PYTHONPATH=/root/ros2_ws/install/moveit_msgs/lib/python3.12/site-packages:/root/ros2_ws/install/moveit_configs_utils/lib/python3.12/site-packages:${PYTHONPATH} /usr/bin/cmake --install /root/ros2_ws/build/moveit_setup_core_plugins
