[0.050s] Invoking command in '/root/ros2_ws/build/pilz_industrial_motion_planner': AMENT_PREFIX_PATH=/root/ros2_ws/install/moveit_resources_prbt_pg70_support:/root/ros2_ws/install/moveit_resources_prbt_moveit_config:/root/ros2_ws/install/moveit_ros_move_group:/root/ros2_ws/install/moveit_kinematics:/root/ros2_ws/install/moveit_ros_planning:/root/ros2_ws/install/pilz_industrial_motion_planner_testutils:/root/ros2_ws/install/moveit_ros_occupancy_map_monitor:/root/ros2_ws/install/moveit_resources_prbt_ikfast_manipulator_plugin:/root/ros2_ws/install/moveit_core:/root/ros2_ws/install/moveit_resources_panda_moveit_config:/root/ros2_ws/install/moveit_resources_fanuc_moveit_config:/root/ros2_ws/install/moveit_resources_prbt_support:/root/ros2_ws/install/moveit_resources_pr2_description:/root/ros2_ws/install/moveit_resources_panda_description:/root/ros2_ws/install/moveit_resources_fanuc_description:/root/ros2_ws/install/moveit_msgs:/root/ros2_ws/install/moveit_configs_utils:/root/ros2_ws/install/moveit_common:${AMENT_PREFIX_PATH} CMAKE_PREFIX_PATH=/root/ros2_ws/install/moveit_resources_prbt_pg70_support:/root/ros2_ws/install/moveit_resources_prbt_moveit_config:/root/ros2_ws/install/moveit_ros_move_group:/root/ros2_ws/install/moveit_kinematics:/root/ros2_ws/install/moveit_ros_planning:/root/ros2_ws/install/pilz_industrial_motion_planner_testutils:/root/ros2_ws/install/moveit_ros_occupancy_map_monitor:/root/ros2_ws/install/moveit_resources_prbt_ikfast_manipulator_plugin:/root/ros2_ws/install/moveit_core:/root/ros2_ws/install/moveit_resources_panda_moveit_config:/root/ros2_ws/install/moveit_resources_fanuc_moveit_config:/root/ros2_ws/install/moveit_resources_prbt_support:/root/ros2_ws/install/moveit_resources_pr2_description:/root/ros2_ws/install/moveit_resources_panda_description:/root/ros2_ws/install/moveit_resources_fanuc_description:/root/ros2_ws/install/moveit_msgs:/root/ros2_ws/install/moveit_common:/opt/ros/jazzy/opt/gz_sim_vendor:/opt/ros/jazzy/opt/gz_sensors_vendor:/opt/ros/jazzy/opt/gz_physics_vendor:/opt/ros/jazzy/opt/sdformat_vendor:/opt/ros/jazzy/opt/gz_gui_vendor:/opt/ros/jazzy/opt/gz_transport_vendor:/opt/ros/jazzy/opt/gz_rendering_vendor:/opt/ros/jazzy/opt/gz_plugin_vendor:/opt/ros/jazzy/opt/gz_fuel_tools_vendor:/opt/ros/jazzy/opt/gz_msgs_vendor:/opt/ros/jazzy/opt/gz_common_vendor:/opt/ros/jazzy/opt/gz_math_vendor:/opt/ros/jazzy/opt/gz_utils_vendor:/opt/ros/jazzy/opt/gz_tools_vendor:/opt/ros/jazzy/opt/gz_ogre_next_vendor:/opt/ros/jazzy/opt/gz_dartsim_vendor:/opt/ros/jazzy/opt/gz_cmake_vendor:/opt/ros/jazzy LD_LIBRARY_PATH=/root/ros2_ws/install/moveit_ros_move_group/lib:/root/ros2_ws/install/moveit_kinematics/lib:/root/ros2_ws/install/moveit_ros_planning/lib:/root/ros2_ws/install/pilz_industrial_motion_planner_testutils/lib:/root/ros2_ws/install/moveit_ros_occupancy_map_monitor/lib:/root/ros2_ws/install/moveit_resources_prbt_ikfast_manipulator_plugin/lib:/root/ros2_ws/install/moveit_core/lib:/root/ros2_ws/install/moveit_msgs/lib:${LD_LIBRARY_PATH} PATH=/root/ros2_ws/install/moveit_core/bin:${PATH} PYTHONPATH=/root/ros2_ws/install/moveit_msgs/lib/python3.12/site-packages:/root/ros2_ws/install/moveit_configs_utils/lib/python3.12/site-packages:${PYTHONPATH} /usr/bin/cmake /root/ros2_ws/src/moveit2/moveit_planners/pilz_industrial_motion_planner -DCMAKE_INSTALL_PREFIX=/root/ros2_ws/install/pilz_industrial_motion_planner
[0.112s] -- The CXX compiler identification is GNU 13.3.0
[0.129s] -- Detecting CXX compiler ABI info
[0.232s] -- Detecting CXX compiler ABI info - done
[0.240s] -- Check for working CXX compiler: /usr/bin/c++ - skipped
[0.241s] -- Detecting CXX compile features
[0.241s] -- Detecting CXX compile features - done
[0.243s] -- Found moveit_common: 2.12.0 (/root/ros2_ws/install/moveit_common/share/moveit_common/cmake)
[0.248s] -- Found ament_cmake: 2.5.2 (/opt/ros/jazzy/share/ament_cmake/cmake)
[0.399s] -- Found Python3: /usr/bin/python3 (found version "3.12.3") found components: Interpreter 
[0.598s] [0mpilz_industrial_motion_planner: You did not request a specific build type: Choosing 'Release' for maximum performance[0m
[0.603s] -- Found eigen3_cmake_module: 0.3.0 (/opt/ros/jazzy/share/eigen3_cmake_module/cmake)
[0.612s] -- Found Eigen3: TRUE (found version "3.4.0") 
[0.617s] -- Found generate_parameter_library: 0.4.0 (/opt/ros/jazzy/share/generate_parameter_library/cmake)
[0.627s] -- Found parameter_traits: 0.4.0 (/opt/ros/jazzy/share/parameter_traits/cmake)
[0.692s] -- Found rosidl_generator_c: 4.6.4 (/opt/ros/jazzy/share/rosidl_generator_c/cmake)
[0.711s] -- Found rosidl_generator_cpp: 4.6.4 (/opt/ros/jazzy/share/rosidl_generator_cpp/cmake)
[0.733s] -- Using all available rosidl_typesupport_c: rosidl_typesupport_fastrtps_c;rosidl_typesupport_introspection_c
[0.758s] -- Using all available rosidl_typesupport_cpp: rosidl_typesupport_fastrtps_cpp;rosidl_typesupport_introspection_cpp
[0.851s] -- Found rmw_implementation_cmake: 7.3.1 (/opt/ros/jazzy/share/rmw_implementation_cmake/cmake)
[0.857s] -- Found rmw_fastrtps_cpp: 8.4.1 (/opt/ros/jazzy/share/rmw_fastrtps_cpp/cmake)
[0.955s] -- Found OpenSSL: /usr/lib/x86_64-linux-gnu/libcrypto.so (found version "3.0.13")  
[0.974s] -- Found FastRTPS: /opt/ros/jazzy/include (Required is at least version "2.13") 
[0.998s] -- Using RMW implementation 'rmw_fastrtps_cpp' as default
[1.113s] -- Found rclcpp_lifecycle: 28.1.5 (/opt/ros/jazzy/share/rclcpp_lifecycle/cmake)
[1.154s] -- Found geometry_msgs: 5.3.5 (/opt/ros/jazzy/share/geometry_msgs/cmake)
[1.188s] -- Found moveit_core: 2.12.0 (/root/ros2_ws/install/moveit_core/share/moveit_core/cmake)
[1.426s] -- Found Boost: /usr/lib/x86_64-linux-gnu/cmake/Boost-1.83.0/BoostConfig.cmake (found version "1.83.0") found components: chrono date_time filesystem iostreams program_options regex serialization system thread 
[1.515s] -- Found Boost: /usr/lib/x86_64-linux-gnu/cmake/Boost-1.83.0/BoostConfig.cmake (found version "1.83.0") found components: filesystem 
[1.689s] -- Ensuring Eigen3 include directory is part of orocos-kdl CMake target
[2.117s] -- Found moveit_ros_move_group: 2.12.0 (/root/ros2_ws/install/moveit_ros_move_group/share/moveit_ros_move_group/cmake)
[2.122s] -- Found Boost: /usr/lib/x86_64-linux-gnu/cmake/Boost-1.83.0/BoostConfig.cmake (found version "1.83.0") found components: system filesystem date_time program_options thread 
[2.148s] -- Found Boost: /usr/lib/x86_64-linux-gnu/cmake/Boost-1.83.0/BoostConfig.cmake (found version "1.83.0") found components: system filesystem date_time program_options thread chrono 
[2.211s] -- Found tf2_eigen_kdl: 0.36.4 (/opt/ros/jazzy/share/tf2_eigen_kdl/cmake)
[2.220s] -- Found Boost: /usr/lib/x86_64-linux-gnu/cmake/Boost-1.83.0/BoostConfig.cmake (found version "1.83.0")  
[2.329s] -- Found ament_cmake_gtest: 2.5.2 (/opt/ros/jazzy/share/ament_cmake_gtest/cmake)
[2.336s] -- Found ament_cmake_gmock: 2.5.2 (/opt/ros/jazzy/share/ament_cmake_gmock/cmake)
[2.343s] -- Found ros_testing: 0.6.0 (/opt/ros/jazzy/share/ros_testing/cmake)
[2.349s] -- Found launch_testing_ament_cmake: 3.4.2 (/opt/ros/jazzy/share/launch_testing_ament_cmake/cmake)
[2.355s] -- Found python_cmake_module: 0.11.1 (/opt/ros/jazzy/share/python_cmake_module/cmake)
[2.547s] -- Found PythonExtra: /usr/bin/python3  
[2.548s] -- Found moveit_resources_prbt_support: 2.12.0 (/root/ros2_ws/install/moveit_resources_prbt_support/share/moveit_resources_prbt_support/cmake)
[2.549s] -- Found moveit_resources_prbt_moveit_config: 2.12.0 (/root/ros2_ws/install/moveit_resources_prbt_moveit_config/share/moveit_resources_prbt_moveit_config/cmake)
[2.554s] -- Found Boost: /usr/lib/x86_64-linux-gnu/cmake/Boost-1.83.0/BoostConfig.cmake (found version "1.83.0") found components: thread 
[2.555s] -- Found pilz_industrial_motion_planner_testutils: 2.12.0 (/root/ros2_ws/install/pilz_industrial_motion_planner_testutils/share/pilz_industrial_motion_planner_testutils/cmake)
[2.586s] -- Found gtest sources under '/opt/ros/jazzy/src/gtest_vendor': C++ tests using 'Google Test' will be built
[2.636s] -- The C compiler identification is GNU 13.3.0
[2.655s] -- Detecting C compiler ABI info
[2.793s] -- Detecting C compiler ABI info - done
[2.801s] -- Check for working C compiler: /usr/bin/cc - skipped
[2.801s] -- Detecting C compile features
[2.802s] -- Detecting C compile features - done
[2.804s] -- Found Threads: TRUE  
[2.842s] -- Found gmock sources under '/opt/ros/jazzy/src/gmock_vendor': C++ tests using 'Google Mock' will be built
[2.852s] -- Configuring done (2.8s)
[3.241s] -- Generating done (0.3s)
[3.322s] -- Build files have been written to: /root/ros2_ws/build/pilz_industrial_motion_planner
[3.348s] Invoked command in '/root/ros2_ws/build/pilz_industrial_motion_planner' returned '0': AMENT_PREFIX_PATH=/root/ros2_ws/install/moveit_resources_prbt_pg70_support:/root/ros2_ws/install/moveit_resources_prbt_moveit_config:/root/ros2_ws/install/moveit_ros_move_group:/root/ros2_ws/install/moveit_kinematics:/root/ros2_ws/install/moveit_ros_planning:/root/ros2_ws/install/pilz_industrial_motion_planner_testutils:/root/ros2_ws/install/moveit_ros_occupancy_map_monitor:/root/ros2_ws/install/moveit_resources_prbt_ikfast_manipulator_plugin:/root/ros2_ws/install/moveit_core:/root/ros2_ws/install/moveit_resources_panda_moveit_config:/root/ros2_ws/install/moveit_resources_fanuc_moveit_config:/root/ros2_ws/install/moveit_resources_prbt_support:/root/ros2_ws/install/moveit_resources_pr2_description:/root/ros2_ws/install/moveit_resources_panda_description:/root/ros2_ws/install/moveit_resources_fanuc_description:/root/ros2_ws/install/moveit_msgs:/root/ros2_ws/install/moveit_configs_utils:/root/ros2_ws/install/moveit_common:${AMENT_PREFIX_PATH} CMAKE_PREFIX_PATH=/root/ros2_ws/install/moveit_resources_prbt_pg70_support:/root/ros2_ws/install/moveit_resources_prbt_moveit_config:/root/ros2_ws/install/moveit_ros_move_group:/root/ros2_ws/install/moveit_kinematics:/root/ros2_ws/install/moveit_ros_planning:/root/ros2_ws/install/pilz_industrial_motion_planner_testutils:/root/ros2_ws/install/moveit_ros_occupancy_map_monitor:/root/ros2_ws/install/moveit_resources_prbt_ikfast_manipulator_plugin:/root/ros2_ws/install/moveit_core:/root/ros2_ws/install/moveit_resources_panda_moveit_config:/root/ros2_ws/install/moveit_resources_fanuc_moveit_config:/root/ros2_ws/install/moveit_resources_prbt_support:/root/ros2_ws/install/moveit_resources_pr2_description:/root/ros2_ws/install/moveit_resources_panda_description:/root/ros2_ws/install/moveit_resources_fanuc_description:/root/ros2_ws/install/moveit_msgs:/root/ros2_ws/install/moveit_common:/opt/ros/jazzy/opt/gz_sim_vendor:/opt/ros/jazzy/opt/gz_sensors_vendor:/opt/ros/jazzy/opt/gz_physics_vendor:/opt/ros/jazzy/opt/sdformat_vendor:/opt/ros/jazzy/opt/gz_gui_vendor:/opt/ros/jazzy/opt/gz_transport_vendor:/opt/ros/jazzy/opt/gz_rendering_vendor:/opt/ros/jazzy/opt/gz_plugin_vendor:/opt/ros/jazzy/opt/gz_fuel_tools_vendor:/opt/ros/jazzy/opt/gz_msgs_vendor:/opt/ros/jazzy/opt/gz_common_vendor:/opt/ros/jazzy/opt/gz_math_vendor:/opt/ros/jazzy/opt/gz_utils_vendor:/opt/ros/jazzy/opt/gz_tools_vendor:/opt/ros/jazzy/opt/gz_ogre_next_vendor:/opt/ros/jazzy/opt/gz_dartsim_vendor:/opt/ros/jazzy/opt/gz_cmake_vendor:/opt/ros/jazzy LD_LIBRARY_PATH=/root/ros2_ws/install/moveit_ros_move_group/lib:/root/ros2_ws/install/moveit_kinematics/lib:/root/ros2_ws/install/moveit_ros_planning/lib:/root/ros2_ws/install/pilz_industrial_motion_planner_testutils/lib:/root/ros2_ws/install/moveit_ros_occupancy_map_monitor/lib:/root/ros2_ws/install/moveit_resources_prbt_ikfast_manipulator_plugin/lib:/root/ros2_ws/install/moveit_core/lib:/root/ros2_ws/install/moveit_msgs/lib:${LD_LIBRARY_PATH} PATH=/root/ros2_ws/install/moveit_core/bin:${PATH} PYTHONPATH=/root/ros2_ws/install/moveit_msgs/lib/python3.12/site-packages:/root/ros2_ws/install/moveit_configs_utils/lib/python3.12/site-packages:${PYTHONPATH} /usr/bin/cmake /root/ros2_ws/src/moveit2/moveit_planners/pilz_industrial_motion_planner -DCMAKE_INSTALL_PREFIX=/root/ros2_ws/install/pilz_industrial_motion_planner
[3.349s] Invoking command in '/root/ros2_ws/build/pilz_industrial_motion_planner': AMENT_PREFIX_PATH=/root/ros2_ws/install/moveit_resources_prbt_pg70_support:/root/ros2_ws/install/moveit_resources_prbt_moveit_config:/root/ros2_ws/install/moveit_ros_move_group:/root/ros2_ws/install/moveit_kinematics:/root/ros2_ws/install/moveit_ros_planning:/root/ros2_ws/install/pilz_industrial_motion_planner_testutils:/root/ros2_ws/install/moveit_ros_occupancy_map_monitor:/root/ros2_ws/install/moveit_resources_prbt_ikfast_manipulator_plugin:/root/ros2_ws/install/moveit_core:/root/ros2_ws/install/moveit_resources_panda_moveit_config:/root/ros2_ws/install/moveit_resources_fanuc_moveit_config:/root/ros2_ws/install/moveit_resources_prbt_support:/root/ros2_ws/install/moveit_resources_pr2_description:/root/ros2_ws/install/moveit_resources_panda_description:/root/ros2_ws/install/moveit_resources_fanuc_description:/root/ros2_ws/install/moveit_msgs:/root/ros2_ws/install/moveit_configs_utils:/root/ros2_ws/install/moveit_common:${AMENT_PREFIX_PATH} CMAKE_PREFIX_PATH=/root/ros2_ws/install/moveit_resources_prbt_pg70_support:/root/ros2_ws/install/moveit_resources_prbt_moveit_config:/root/ros2_ws/install/moveit_ros_move_group:/root/ros2_ws/install/moveit_kinematics:/root/ros2_ws/install/moveit_ros_planning:/root/ros2_ws/install/pilz_industrial_motion_planner_testutils:/root/ros2_ws/install/moveit_ros_occupancy_map_monitor:/root/ros2_ws/install/moveit_resources_prbt_ikfast_manipulator_plugin:/root/ros2_ws/install/moveit_core:/root/ros2_ws/install/moveit_resources_panda_moveit_config:/root/ros2_ws/install/moveit_resources_fanuc_moveit_config:/root/ros2_ws/install/moveit_resources_prbt_support:/root/ros2_ws/install/moveit_resources_pr2_description:/root/ros2_ws/install/moveit_resources_panda_description:/root/ros2_ws/install/moveit_resources_fanuc_description:/root/ros2_ws/install/moveit_msgs:/root/ros2_ws/install/moveit_common:/opt/ros/jazzy/opt/gz_sim_vendor:/opt/ros/jazzy/opt/gz_sensors_vendor:/opt/ros/jazzy/opt/gz_physics_vendor:/opt/ros/jazzy/opt/sdformat_vendor:/opt/ros/jazzy/opt/gz_gui_vendor:/opt/ros/jazzy/opt/gz_transport_vendor:/opt/ros/jazzy/opt/gz_rendering_vendor:/opt/ros/jazzy/opt/gz_plugin_vendor:/opt/ros/jazzy/opt/gz_fuel_tools_vendor:/opt/ros/jazzy/opt/gz_msgs_vendor:/opt/ros/jazzy/opt/gz_common_vendor:/opt/ros/jazzy/opt/gz_math_vendor:/opt/ros/jazzy/opt/gz_utils_vendor:/opt/ros/jazzy/opt/gz_tools_vendor:/opt/ros/jazzy/opt/gz_ogre_next_vendor:/opt/ros/jazzy/opt/gz_dartsim_vendor:/opt/ros/jazzy/opt/gz_cmake_vendor:/opt/ros/jazzy LD_LIBRARY_PATH=/root/ros2_ws/install/moveit_ros_move_group/lib:/root/ros2_ws/install/moveit_kinematics/lib:/root/ros2_ws/install/moveit_ros_planning/lib:/root/ros2_ws/install/pilz_industrial_motion_planner_testutils/lib:/root/ros2_ws/install/moveit_ros_occupancy_map_monitor/lib:/root/ros2_ws/install/moveit_resources_prbt_ikfast_manipulator_plugin/lib:/root/ros2_ws/install/moveit_core/lib:/root/ros2_ws/install/moveit_msgs/lib:${LD_LIBRARY_PATH} PATH=/root/ros2_ws/install/moveit_core/bin:${PATH} PYTHONPATH=/root/ros2_ws/install/moveit_msgs/lib/python3.12/site-packages:/root/ros2_ws/install/moveit_configs_utils/lib/python3.12/site-packages:${PYTHONPATH} /usr/bin/cmake --build /root/ros2_ws/build/pilz_industrial_motion_planner -- -j20 -l20
[3.418s] [  2%] [32mBuilding CXX object gmock/CMakeFiles/gmock.dir/src/gmock-all.cc.o[0m
[3.418s] [  2%] [32mBuilding CXX object gmock/CMakeFiles/gmock.dir/opt/ros/jazzy/src/gtest_vendor/src/gtest-all.cc.o[0m
[3.423s] [  3%] [32mBuilding CXX object gtest/CMakeFiles/gtest.dir/src/gtest-all.cc.o[0m
[3.425s] [  4%] [32mBuilding CXX object gmock/CMakeFiles/gmock_main.dir/src/gmock_main.cc.o[0m
[3.430s] [  7%] [32mBuilding CXX object gtest/CMakeFiles/gtest_main.dir/src/gtest_main.cc.o[0m
[3.430s] [  7%] [34m[1mRunning `/opt/ros/jazzy/bin/generate_parameter_library_cpp /root/ros2_ws/build/pilz_industrial_motion_planner/include/pilz_industrial_motion_planner/cartesian_limits_parameters.hpp /root/ros2_ws/src/moveit2/moveit_planners/pilz_industrial_motion_planner/src/cartesian_limits_parameters.yaml `[0m
[4.191s] [  8%] [34m[1mCreating deprecated header file /root/ros2_ws/build/pilz_industrial_motion_planner/include/cartesian_limits_parameters.hpp[0m
[4.275s] [  8%] Built target cartesian_limits_parameters
[4.322s] [ 11%] [32mBuilding CXX object CMakeFiles/joint_limits_common.dir/src/joint_limits_aggregator.cpp.o[0m
[4.322s] [ 11%] [32mBuilding CXX object CMakeFiles/planning_context_loader_base.dir/src/planning_context_loader.cpp.o[0m
[4.324s] [ 12%] [32mBuilding CXX object CMakeFiles/joint_limits_common.dir/src/joint_limits_container.cpp.o[0m
[4.324s] [ 13%] [32mBuilding CXX object CMakeFiles/joint_limits_common.dir/src/limits_container.cpp.o[0m
[4.325s] [ 14%] [32mBuilding CXX object CMakeFiles/trajectory_generation_common.dir/src/trajectory_functions.cpp.o[0m
[4.325s] [ 16%] [32mBuilding CXX object CMakeFiles/trajectory_generation_common.dir/src/trajectory_generator.cpp.o[0m
[4.327s] [ 17%] [32mBuilding CXX object CMakeFiles/joint_limits_common.dir/src/joint_limits_validator.cpp.o[0m
[4.328s] [ 18%] [32mBuilding CXX object CMakeFiles/trajectory_generation_common.dir/src/trajectory_blender_transition_window.cpp.o[0m
[4.527s] [ 19%] [32m[1mLinking CXX static library libgtest_main.a[0m
[4.642s] [ 19%] Built target gtest_main
[4.836s] [ 20%] [32m[1mLinking CXX static library libgmock_main.a[0m
[4.914s] [ 20%] Built target gmock_main
[14.409s] [ 22%] [32m[1mLinking CXX static library libgmock.a[0m
[14.535s] [ 22%] Built target gmock
[15.475s] [ 23%] [32m[1mLinking CXX static library libgtest.a[0m
[15.594s] [ 23%] Built target gtest
[15.719s] [ 24%] [32m[1mLinking CXX shared library libplanning_context_loader_base.so[0m
[15.793s] [ 25%] [32m[1mLinking CXX shared library libjoint_limits_common.so[0m
[16.206s] [ 25%] Built target joint_limits_common
[16.257s] [ 27%] [32mBuilding CXX object test/unit_tests/CMakeFiles/unittest_joint_limits_container.dir/src/unittest_joint_limits_container.cpp.o[0m
[16.258s] [ 28%] [32mBuilding CXX object test/unit_tests/CMakeFiles/unittest_joint_limit.dir/src/unittest_joint_limit.cpp.o[0m
[16.258s] [ 29%] [32mBuilding CXX object test/unit_tests/CMakeFiles/unittest_joint_limits_validator.dir/src/unittest_joint_limits_validator.cpp.o[0m
[16.259s] [ 30%] [32mBuilding CXX object test/unit_tests/CMakeFiles/unittest_joint_limits_aggregator.dir/src/unittest_joint_limits_aggregator.cpp.o[0m
[16.825s] [ 30%] Built target planning_context_loader_base
[16.875s] [ 32%] [32mBuilding CXX object CMakeFiles/pilz_industrial_motion_planner.dir/src/pilz_industrial_motion_planner.cpp.o[0m
[18.169s] [ 33%] [32m[1mLinking CXX executable unittest_joint_limits_container[0m
[18.490s] [ 33%] Built target unittest_joint_limits_container
[19.009s] [ 34%] [32m[1mLinking CXX shared library libtrajectory_generation_common.so[0m
[19.306s] [ 34%] Built target trajectory_generation_common
[19.348s] [ 35%] [32mBuilding CXX object CMakeFiles/planning_context_loader_ptp.dir/src/trajectory_generator_ptp.cpp.o[0m
[19.350s] [ 37%] [32mBuilding CXX object CMakeFiles/planning_context_loader_circ.dir/src/planning_context_loader_circ.cpp.o[0m
[19.354s] [ 39%] [32mBuilding CXX object CMakeFiles/planning_context_loader_ptp.dir/src/planning_context_loader_ptp.cpp.o[0m
[19.355s] [ 39%] [32mBuilding CXX object CMakeFiles/planning_context_loader_ptp.dir/src/velocity_profile_atrap.cpp.o[0m
[19.358s] [ 40%] [32mBuilding CXX object CMakeFiles/command_list_manager.dir/src/plan_components_builder.cpp.o[0m
[19.359s] [ 41%] [32mBuilding CXX object test/CMakeFiles/pilz_industrial_motion_planner_test_utils.dir/test_utils.cpp.o[0m
[19.363s] [ 43%] [32mBuilding CXX object CMakeFiles/planning_context_loader_circ.dir/src/path_circle_generator.cpp.o[0m
[19.363s] [ 44%] [32mBuilding CXX object CMakeFiles/planning_context_loader_circ.dir/src/trajectory_generator_circ.cpp.o[0m
[19.368s] [ 45%] [32mBuilding CXX object CMakeFiles/command_list_manager.dir/src/command_list_manager.cpp.o[0m
[19.368s] [ 48%] [32mBuilding CXX object CMakeFiles/planning_context_loader_lin.dir/src/trajectory_generator_lin.cpp.o[0m
[19.368s] [ 48%] [32mBuilding CXX object CMakeFiles/planning_context_loader_lin.dir/src/planning_context_loader_lin.cpp.o[0m
[19.368s] [ 49%] [32mBuilding CXX object CMakeFiles/planning_context_loader_lin.dir/src/velocity_profile_atrap.cpp.o[0m
[20.688s] [ 50%] [32m[1mLinking CXX executable unittest_joint_limits_validator[0m
[21.146s] [ 50%] Built target unittest_joint_limits_validator
[23.738s] [ 51%] [32m[1mLinking CXX executable unittest_joint_limit[0m
[24.240s] [ 51%] Built target unittest_joint_limit
[28.752s] [ 53%] [32m[1mLinking CXX executable unittest_joint_limits_aggregator[0m
[29.561s] [ 53%] Built target unittest_joint_limits_aggregator
[31.833s] [ 54%] [32m[1mLinking CXX shared library libplanning_context_loader_lin.so[0m
[32.313s] [ 54%] Built target planning_context_loader_lin
[33.183s] [ 55%] [32m[1mLinking CXX shared library libplanning_context_loader_circ.so[0m
[33.524s] [ 55%] Built target planning_context_loader_circ
[35.107s] [ 56%] [32m[1mLinking CXX shared library libpilz_industrial_motion_planner.so[0m
[35.374s] [ 56%] Built target pilz_industrial_motion_planner
[35.414s] [ 59%] [32mBuilding CXX object test/unit_tests/CMakeFiles/unittest_trajectory_generator.dir/__/__/src/trajectory_generator.cpp.o[0m
[35.415s] [ 59%] [32mBuilding CXX object test/unit_tests/CMakeFiles/unittest_trajectory_generator.dir/src/unittest_trajectory_generator.cpp.o[0m
[35.415s] [ 60%] [32mBuilding CXX object test/unit_tests/CMakeFiles/unittest_pilz_industrial_motion_planner.dir/src/unittest_pilz_industrial_motion_planner.cpp.o[0m
[35.420s] [ 61%] [32mBuilding CXX object test/unit_tests/CMakeFiles/unittest_velocity_profile_atrap.dir/src/unittest_velocity_profile_atrap.cpp.o[0m
[35.420s] [ 62%] [32mBuilding CXX object test/unit_tests/CMakeFiles/unittest_velocity_profile_atrap.dir/__/__/src/velocity_profile_atrap.cpp.o[0m
[35.421s] [ 64%] [32mBuilding CXX object test/unit_tests/CMakeFiles/unittest_get_solver_tip_frame.dir/src/unittest_get_solver_tip_frame.cpp.o[0m
[35.796s] [ 65%] [32m[1mLinking CXX shared library libplanning_context_loader_ptp.so[0m
[36.127s] [ 65%] Built target planning_context_loader_ptp
[36.177s] [ 66%] [32mBuilding CXX object test/unit_tests/CMakeFiles/unittest_pilz_industrial_motion_planner_direct.dir/src/unittest_pilz_industrial_motion_planner_direct.cpp.o[0m
[38.829s] [ 67%] [32m[1mLinking CXX shared library libcommand_list_manager.so[0m
[39.127s] [ 67%] Built target command_list_manager
[39.166s] [ 69%] [32mBuilding CXX object CMakeFiles/sequence_capability.dir/src/move_group_sequence_service.cpp.o[0m
[39.166s] [ 70%] [32mBuilding CXX object CMakeFiles/sequence_capability.dir/src/move_group_sequence_action.cpp.o[0m
[39.882s] [ 71%] [32m[1mLinking CXX executable unittest_velocity_profile_atrap[0m
[43.785s] [ 72%] [32m[1mLinking CXX executable unittest_get_solver_tip_frame[0m
[44.855s] [ 74%] [32m[1mLinking CXX static library libpilz_industrial_motion_planner_test_utils.a[0m
[44.944s] [ 74%] Built target pilz_industrial_motion_planner_test_utils
[44.988s] [ 75%] [32mBuilding CXX object test/unit_tests/CMakeFiles/unittest_trajectory_generator_lin.dir/src/unittest_trajectory_generator_lin.cpp.o[0m
[44.990s] [ 76%] [32mBuilding CXX object test/unit_tests/CMakeFiles/unittest_planning_context_loaders.dir/src/unittest_planning_context_loaders.cpp.o[0m
[44.992s] [ 77%] [32mBuilding CXX object test/unit_tests/CMakeFiles/unittest_trajectory_generator_ptp.dir/src/unittest_trajectory_generator_ptp.cpp.o[0m
[44.994s] [ 79%] [32mBuilding CXX object test/unit_tests/CMakeFiles/unittest_trajectory_blender_transition_window.dir/__/__/src/trajectory_blender_transition_window.cpp.o[0m
[44.996s] [ 80%] [32mBuilding CXX object test/unit_tests/CMakeFiles/unittest_trajectory_blender_transition_window.dir/src/unittest_trajectory_blender_transition_window.cpp.o[0m
[44.999s] [ 81%] [32mBuilding CXX object test/unit_tests/CMakeFiles/unittest_trajectory_generator_circ.dir/src/unittest_trajectory_generator_circ.cpp.o[0m
[45.004s] [ 82%] [32mBuilding CXX object test/unit_tests/CMakeFiles/unittest_trajectory_functions.dir/src/unittest_trajectory_functions.cpp.o[0m
[45.005s] [ 83%] [32mBuilding CXX object test/unit_tests/CMakeFiles/unittest_trajectory_generator_common.dir/src/unittest_trajectory_generator_common.cpp.o[0m
[45.006s] [ 85%] [32mBuilding CXX object test/unit_tests/CMakeFiles/unittest_planning_context.dir/src/unittest_planning_context.cpp.o[0m
[45.748s] [ 85%] Built target unittest_velocity_profile_atrap
[52.974s] [ 85%] Built target unittest_get_solver_tip_frame
[58.096s] [ 86%] [32m[1mLinking CXX executable unittest_pilz_industrial_motion_planner[0m
[59.007s] [ 86%] Built target unittest_pilz_industrial_motion_planner
[59.214s] [ 87%] [32m[1mLinking CXX executable unittest_trajectory_generator[0m
[59.790s] [ 87%] Built target unittest_trajectory_generator
[64.408s] [ 88%] [32m[1mLinking CXX shared library libsequence_capability.so[0m
[65.599s] [ 88%] Built target sequence_capability
[66.409s] [ 90%] [32m[1mLinking CXX executable unittest_trajectory_generator_lin[0m
[66.432s] [ 91%] [32m[1mLinking CXX executable unittest_trajectory_functions[0m
[66.493s] [ 92%] [32m[1mLinking CXX executable unittest_planning_context[0m
[66.666s] [ 93%] [32m[1mLinking CXX executable unittest_pilz_industrial_motion_planner_direct[0m
[67.113s] [ 93%] Built target unittest_trajectory_generator_lin
[67.274s] [ 93%] Built target unittest_trajectory_functions
[67.324s] [ 93%] Built target unittest_pilz_industrial_motion_planner_direct
[67.649s] [ 95%] [32m[1mLinking CXX executable unittest_planning_context_loaders[0m
[67.659s] [ 95%] Built target unittest_planning_context
[68.191s] [ 95%] Built target unittest_planning_context_loaders
[68.785s] [ 96%] [32m[1mLinking CXX executable unittest_trajectory_generator_common[0m
[69.438s] [ 96%] Built target unittest_trajectory_generator_common
[70.838s] [ 97%] [32m[1mLinking CXX executable unittest_trajectory_generator_ptp[0m
[71.233s] [ 97%] Built target unittest_trajectory_generator_ptp
[73.499s] [ 98%] [32m[1mLinking CXX executable unittest_trajectory_blender_transition_window[0m
[74.024s] [ 98%] Built target unittest_trajectory_blender_transition_window
[74.465s] [100%] [32m[1mLinking CXX executable unittest_trajectory_generator_circ[0m
[75.202s] [100%] Built target unittest_trajectory_generator_circ
[75.239s] Invoked command in '/root/ros2_ws/build/pilz_industrial_motion_planner' returned '0': AMENT_PREFIX_PATH=/root/ros2_ws/install/moveit_resources_prbt_pg70_support:/root/ros2_ws/install/moveit_resources_prbt_moveit_config:/root/ros2_ws/install/moveit_ros_move_group:/root/ros2_ws/install/moveit_kinematics:/root/ros2_ws/install/moveit_ros_planning:/root/ros2_ws/install/pilz_industrial_motion_planner_testutils:/root/ros2_ws/install/moveit_ros_occupancy_map_monitor:/root/ros2_ws/install/moveit_resources_prbt_ikfast_manipulator_plugin:/root/ros2_ws/install/moveit_core:/root/ros2_ws/install/moveit_resources_panda_moveit_config:/root/ros2_ws/install/moveit_resources_fanuc_moveit_config:/root/ros2_ws/install/moveit_resources_prbt_support:/root/ros2_ws/install/moveit_resources_pr2_description:/root/ros2_ws/install/moveit_resources_panda_description:/root/ros2_ws/install/moveit_resources_fanuc_description:/root/ros2_ws/install/moveit_msgs:/root/ros2_ws/install/moveit_configs_utils:/root/ros2_ws/install/moveit_common:${AMENT_PREFIX_PATH} CMAKE_PREFIX_PATH=/root/ros2_ws/install/moveit_resources_prbt_pg70_support:/root/ros2_ws/install/moveit_resources_prbt_moveit_config:/root/ros2_ws/install/moveit_ros_move_group:/root/ros2_ws/install/moveit_kinematics:/root/ros2_ws/install/moveit_ros_planning:/root/ros2_ws/install/pilz_industrial_motion_planner_testutils:/root/ros2_ws/install/moveit_ros_occupancy_map_monitor:/root/ros2_ws/install/moveit_resources_prbt_ikfast_manipulator_plugin:/root/ros2_ws/install/moveit_core:/root/ros2_ws/install/moveit_resources_panda_moveit_config:/root/ros2_ws/install/moveit_resources_fanuc_moveit_config:/root/ros2_ws/install/moveit_resources_prbt_support:/root/ros2_ws/install/moveit_resources_pr2_description:/root/ros2_ws/install/moveit_resources_panda_description:/root/ros2_ws/install/moveit_resources_fanuc_description:/root/ros2_ws/install/moveit_msgs:/root/ros2_ws/install/moveit_common:/opt/ros/jazzy/opt/gz_sim_vendor:/opt/ros/jazzy/opt/gz_sensors_vendor:/opt/ros/jazzy/opt/gz_physics_vendor:/opt/ros/jazzy/opt/sdformat_vendor:/opt/ros/jazzy/opt/gz_gui_vendor:/opt/ros/jazzy/opt/gz_transport_vendor:/opt/ros/jazzy/opt/gz_rendering_vendor:/opt/ros/jazzy/opt/gz_plugin_vendor:/opt/ros/jazzy/opt/gz_fuel_tools_vendor:/opt/ros/jazzy/opt/gz_msgs_vendor:/opt/ros/jazzy/opt/gz_common_vendor:/opt/ros/jazzy/opt/gz_math_vendor:/opt/ros/jazzy/opt/gz_utils_vendor:/opt/ros/jazzy/opt/gz_tools_vendor:/opt/ros/jazzy/opt/gz_ogre_next_vendor:/opt/ros/jazzy/opt/gz_dartsim_vendor:/opt/ros/jazzy/opt/gz_cmake_vendor:/opt/ros/jazzy LD_LIBRARY_PATH=/root/ros2_ws/install/moveit_ros_move_group/lib:/root/ros2_ws/install/moveit_kinematics/lib:/root/ros2_ws/install/moveit_ros_planning/lib:/root/ros2_ws/install/pilz_industrial_motion_planner_testutils/lib:/root/ros2_ws/install/moveit_ros_occupancy_map_monitor/lib:/root/ros2_ws/install/moveit_resources_prbt_ikfast_manipulator_plugin/lib:/root/ros2_ws/install/moveit_core/lib:/root/ros2_ws/install/moveit_msgs/lib:${LD_LIBRARY_PATH} PATH=/root/ros2_ws/install/moveit_core/bin:${PATH} PYTHONPATH=/root/ros2_ws/install/moveit_msgs/lib/python3.12/site-packages:/root/ros2_ws/install/moveit_configs_utils/lib/python3.12/site-packages:${PYTHONPATH} /usr/bin/cmake --build /root/ros2_ws/build/pilz_industrial_motion_planner -- -j20 -l20
[75.247s] Invoking command in '/root/ros2_ws/build/pilz_industrial_motion_planner': AMENT_PREFIX_PATH=/root/ros2_ws/install/moveit_resources_prbt_pg70_support:/root/ros2_ws/install/moveit_resources_prbt_moveit_config:/root/ros2_ws/install/moveit_ros_move_group:/root/ros2_ws/install/moveit_kinematics:/root/ros2_ws/install/moveit_ros_planning:/root/ros2_ws/install/pilz_industrial_motion_planner_testutils:/root/ros2_ws/install/moveit_ros_occupancy_map_monitor:/root/ros2_ws/install/moveit_resources_prbt_ikfast_manipulator_plugin:/root/ros2_ws/install/moveit_core:/root/ros2_ws/install/moveit_resources_panda_moveit_config:/root/ros2_ws/install/moveit_resources_fanuc_moveit_config:/root/ros2_ws/install/moveit_resources_prbt_support:/root/ros2_ws/install/moveit_resources_pr2_description:/root/ros2_ws/install/moveit_resources_panda_description:/root/ros2_ws/install/moveit_resources_fanuc_description:/root/ros2_ws/install/moveit_msgs:/root/ros2_ws/install/moveit_configs_utils:/root/ros2_ws/install/moveit_common:${AMENT_PREFIX_PATH} CMAKE_PREFIX_PATH=/root/ros2_ws/install/moveit_resources_prbt_pg70_support:/root/ros2_ws/install/moveit_resources_prbt_moveit_config:/root/ros2_ws/install/moveit_ros_move_group:/root/ros2_ws/install/moveit_kinematics:/root/ros2_ws/install/moveit_ros_planning:/root/ros2_ws/install/pilz_industrial_motion_planner_testutils:/root/ros2_ws/install/moveit_ros_occupancy_map_monitor:/root/ros2_ws/install/moveit_resources_prbt_ikfast_manipulator_plugin:/root/ros2_ws/install/moveit_core:/root/ros2_ws/install/moveit_resources_panda_moveit_config:/root/ros2_ws/install/moveit_resources_fanuc_moveit_config:/root/ros2_ws/install/moveit_resources_prbt_support:/root/ros2_ws/install/moveit_resources_pr2_description:/root/ros2_ws/install/moveit_resources_panda_description:/root/ros2_ws/install/moveit_resources_fanuc_description:/root/ros2_ws/install/moveit_msgs:/root/ros2_ws/install/moveit_common:/opt/ros/jazzy/opt/gz_sim_vendor:/opt/ros/jazzy/opt/gz_sensors_vendor:/opt/ros/jazzy/opt/gz_physics_vendor:/opt/ros/jazzy/opt/sdformat_vendor:/opt/ros/jazzy/opt/gz_gui_vendor:/opt/ros/jazzy/opt/gz_transport_vendor:/opt/ros/jazzy/opt/gz_rendering_vendor:/opt/ros/jazzy/opt/gz_plugin_vendor:/opt/ros/jazzy/opt/gz_fuel_tools_vendor:/opt/ros/jazzy/opt/gz_msgs_vendor:/opt/ros/jazzy/opt/gz_common_vendor:/opt/ros/jazzy/opt/gz_math_vendor:/opt/ros/jazzy/opt/gz_utils_vendor:/opt/ros/jazzy/opt/gz_tools_vendor:/opt/ros/jazzy/opt/gz_ogre_next_vendor:/opt/ros/jazzy/opt/gz_dartsim_vendor:/opt/ros/jazzy/opt/gz_cmake_vendor:/opt/ros/jazzy LD_LIBRARY_PATH=/root/ros2_ws/install/moveit_ros_move_group/lib:/root/ros2_ws/install/moveit_kinematics/lib:/root/ros2_ws/install/moveit_ros_planning/lib:/root/ros2_ws/install/pilz_industrial_motion_planner_testutils/lib:/root/ros2_ws/install/moveit_ros_occupancy_map_monitor/lib:/root/ros2_ws/install/moveit_resources_prbt_ikfast_manipulator_plugin/lib:/root/ros2_ws/install/moveit_core/lib:/root/ros2_ws/install/moveit_msgs/lib:${LD_LIBRARY_PATH} PATH=/root/ros2_ws/install/moveit_core/bin:${PATH} PYTHONPATH=/root/ros2_ws/install/moveit_msgs/lib/python3.12/site-packages:/root/ros2_ws/install/moveit_configs_utils/lib/python3.12/site-packages:${PYTHONPATH} /usr/bin/cmake --install /root/ros2_ws/build/pilz_industrial_motion_planner
[75.268s] -- Install configuration: "Release"
[75.268s] -- Installing: /root/ros2_ws/install/pilz_industrial_motion_planner/include/pilz_industrial_motion_planner
[75.268s] -- Installing: /root/ros2_ws/install/pilz_industrial_motion_planner/include/pilz_industrial_motion_planner/cartesian_limits_parameters.hpp
[75.268s] -- Installing: /root/ros2_ws/install/pilz_industrial_motion_planner/share/pilz_industrial_motion_planner/plugins/pilz_industrial_motion_planner_plugin_description.xml
[75.268s] -- Installing: /root/ros2_ws/install/pilz_industrial_motion_planner/share/pilz_industrial_motion_planner/plugins/sequence_capability_plugin_description.xml
[75.268s] -- Installing: /root/ros2_ws/install/pilz_industrial_motion_planner/share/pilz_industrial_motion_planner/plugins/planning_context_plugin_description.xml
[75.269s] -- Installing: /root/ros2_ws/install/pilz_industrial_motion_planner/lib/libpilz_industrial_motion_planner.so
[75.275s] -- Set non-toolchain portion of runtime path of "/root/ros2_ws/install/pilz_industrial_motion_planner/lib/libpilz_industrial_motion_planner.so" to ""
[75.276s] -- Installing: /root/ros2_ws/install/pilz_industrial_motion_planner/lib/libjoint_limits_common.so
[75.276s] -- Set non-toolchain portion of runtime path of "/root/ros2_ws/install/pilz_industrial_motion_planner/lib/libjoint_limits_common.so" to ""
[75.276s] -- Installing: /root/ros2_ws/install/pilz_industrial_motion_planner/lib/libplanning_context_loader_base.so
[75.276s] -- Set non-toolchain portion of runtime path of "/root/ros2_ws/install/pilz_industrial_motion_planner/lib/libplanning_context_loader_base.so" to ""
[75.276s] -- Installing: /root/ros2_ws/install/pilz_industrial_motion_planner/lib/libplanning_context_loader_ptp.so
[75.276s] -- Set non-toolchain portion of runtime path of "/root/ros2_ws/install/pilz_industrial_motion_planner/lib/libplanning_context_loader_ptp.so" to ""
[75.276s] -- Installing: /root/ros2_ws/install/pilz_industrial_motion_planner/lib/libplanning_context_loader_lin.so
[75.276s] -- Set non-toolchain portion of runtime path of "/root/ros2_ws/install/pilz_industrial_motion_planner/lib/libplanning_context_loader_lin.so" to ""
[75.277s] -- Installing: /root/ros2_ws/install/pilz_industrial_motion_planner/lib/libplanning_context_loader_circ.so
[75.277s] -- Set non-toolchain portion of runtime path of "/root/ros2_ws/install/pilz_industrial_motion_planner/lib/libplanning_context_loader_circ.so" to ""
[75.277s] -- Installing: /root/ros2_ws/install/pilz_industrial_motion_planner/lib/libcommand_list_manager.so
[75.277s] -- Set non-toolchain portion of runtime path of "/root/ros2_ws/install/pilz_industrial_motion_planner/lib/libcommand_list_manager.so" to ""
[75.277s] -- Installing: /root/ros2_ws/install/pilz_industrial_motion_planner/lib/libsequence_capability.so
[75.278s] -- Set non-toolchain portion of runtime path of "/root/ros2_ws/install/pilz_industrial_motion_planner/lib/libsequence_capability.so" to ""
[75.279s] -- Installing: /root/ros2_ws/install/pilz_industrial_motion_planner/lib/libtrajectory_generation_common.so
[75.280s] -- Set non-toolchain portion of runtime path of "/root/ros2_ws/install/pilz_industrial_motion_planner/lib/libtrajectory_generation_common.so" to ""
[75.280s] -- Up-to-date: /root/ros2_ws/install/pilz_industrial_motion_planner/include/pilz_industrial_motion_planner
[75.280s] -- Installing: /root/ros2_ws/install/pilz_industrial_motion_planner/include/pilz_industrial_motion_planner/pilz_industrial_motion_planner
[75.280s] -- Installing: /root/ros2_ws/install/pilz_industrial_motion_planner/include/pilz_industrial_motion_planner/pilz_industrial_motion_planner/cartesian_trajectory.hpp
[75.280s] -- Installing: /root/ros2_ws/install/pilz_industrial_motion_planner/include/pilz_industrial_motion_planner/pilz_industrial_motion_planner/planning_context_loader_lin.h
[75.281s] -- Installing: /root/ros2_ws/install/pilz_industrial_motion_planner/include/pilz_industrial_motion_planner/pilz_industrial_motion_planner/trajectory_generator.hpp
[75.281s] -- Installing: /root/ros2_ws/install/pilz_industrial_motion_planner/include/pilz_industrial_motion_planner/pilz_industrial_motion_planner/move_group_sequence_action.h
[75.282s] -- Installing: /root/ros2_ws/install/pilz_industrial_motion_planner/include/pilz_industrial_motion_planner/pilz_industrial_motion_planner/command_list_manager.hpp
[75.282s] -- Installing: /root/ros2_ws/install/pilz_industrial_motion_planner/include/pilz_industrial_motion_planner/pilz_industrial_motion_planner/joint_limits_validator.h
[75.282s] -- Installing: /root/ros2_ws/install/pilz_industrial_motion_planner/include/pilz_industrial_motion_planner/pilz_industrial_motion_planner/joint_limits_extension.h
[75.283s] -- Installing: /root/ros2_ws/install/pilz_industrial_motion_planner/include/pilz_industrial_motion_planner/pilz_industrial_motion_planner/pilz_industrial_motion_planner.hpp
[75.283s] -- Installing: /root/ros2_ws/install/pilz_industrial_motion_planner/include/pilz_industrial_motion_planner/pilz_industrial_motion_planner/trajectory_generator_circ.hpp
[75.284s] -- Installing: /root/ros2_ws/install/pilz_industrial_motion_planner/include/pilz_industrial_motion_planner/pilz_industrial_motion_planner/planning_context_ptp.h
[75.288s] -- Installing: /root/ros2_ws/install/pilz_industrial_motion_planner/include/pilz_industrial_motion_planner/pilz_industrial_motion_planner/trajectory_blender.h
[75.288s] -- Installing: /root/ros2_ws/install/pilz_industrial_motion_planner/include/pilz_industrial_motion_planner/pilz_industrial_motion_planner/planning_context_loader.hpp
[75.288s] -- Installing: /root/ros2_ws/install/pilz_industrial_motion_planner/include/pilz_industrial_motion_planner/pilz_industrial_motion_planner/limits_container.hpp
[75.288s] -- Installing: /root/ros2_ws/install/pilz_industrial_motion_planner/include/pilz_industrial_motion_planner/pilz_industrial_motion_planner/cartesian_trajectory.h
[75.288s] -- Installing: /root/ros2_ws/install/pilz_industrial_motion_planner/include/pilz_industrial_motion_planner/pilz_industrial_motion_planner/trajectory_generation_exceptions.hpp
[75.289s] -- Installing: /root/ros2_ws/install/pilz_industrial_motion_planner/include/pilz_industrial_motion_planner/pilz_industrial_motion_planner/joint_limits_aggregator.h
[75.289s] -- Installing: /root/ros2_ws/install/pilz_industrial_motion_planner/include/pilz_industrial_motion_planner/pilz_industrial_motion_planner/trajectory_generator.h
[75.289s] -- Installing: /root/ros2_ws/install/pilz_industrial_motion_planner/include/pilz_industrial_motion_planner/pilz_industrial_motion_planner/trajectory_blender.hpp
[75.289s] -- Installing: /root/ros2_ws/install/pilz_industrial_motion_planner/include/pilz_industrial_motion_planner/pilz_industrial_motion_planner/command_list_manager.h
[75.289s] -- Installing: /root/ros2_ws/install/pilz_industrial_motion_planner/include/pilz_industrial_motion_planner/pilz_industrial_motion_planner/velocity_profile_atrap.hpp
[75.289s] -- Installing: /root/ros2_ws/install/pilz_industrial_motion_planner/include/pilz_industrial_motion_planner/pilz_industrial_motion_planner/move_group_sequence_service.h
[75.289s] -- Installing: /root/ros2_ws/install/pilz_industrial_motion_planner/include/pilz_industrial_motion_planner/pilz_industrial_motion_planner/planning_context_ptp.hpp
[75.289s] -- Installing: /root/ros2_ws/install/pilz_industrial_motion_planner/include/pilz_industrial_motion_planner/pilz_industrial_motion_planner/pilz_industrial_motion_planner.h
[75.289s] -- Installing: /root/ros2_ws/install/pilz_industrial_motion_planner/include/pilz_industrial_motion_planner/pilz_industrial_motion_planner/trajectory_blend_request.hpp
[75.290s] -- Installing: /root/ros2_ws/install/pilz_industrial_motion_planner/include/pilz_industrial_motion_planner/pilz_industrial_motion_planner/trajectory_blend_response.hpp
[75.290s] -- Installing: /root/ros2_ws/install/pilz_industrial_motion_planner/include/pilz_industrial_motion_planner/pilz_industrial_motion_planner/planning_context_loader_lin.hpp
[75.290s] -- Installing: /root/ros2_ws/install/pilz_industrial_motion_planner/include/pilz_industrial_motion_planner/pilz_industrial_motion_planner/move_group_sequence_service.hpp
[75.290s] -- Installing: /root/ros2_ws/install/pilz_industrial_motion_planner/include/pilz_industrial_motion_planner/pilz_industrial_motion_planner/trajectory_functions.h
[75.290s] -- Installing: /root/ros2_ws/install/pilz_industrial_motion_planner/include/pilz_industrial_motion_planner/pilz_industrial_motion_planner/cartesian_trajectory_point.h
[75.290s] -- Installing: /root/ros2_ws/install/pilz_industrial_motion_planner/include/pilz_industrial_motion_planner/pilz_industrial_motion_planner/limits_container.h
[75.290s] -- Installing: /root/ros2_ws/install/pilz_industrial_motion_planner/include/pilz_industrial_motion_planner/pilz_industrial_motion_planner/trajectory_functions.hpp
[75.290s] -- Installing: /root/ros2_ws/install/pilz_industrial_motion_planner/include/pilz_industrial_motion_planner/pilz_industrial_motion_planner/path_circle_generator.hpp
[75.290s] -- Installing: /root/ros2_ws/install/pilz_industrial_motion_planner/include/pilz_industrial_motion_planner/pilz_industrial_motion_planner/planning_context_loader_circ.hpp
[75.290s] -- Installing: /root/ros2_ws/install/pilz_industrial_motion_planner/include/pilz_industrial_motion_planner/pilz_industrial_motion_planner/planning_context_circ.h
[75.291s] -- Installing: /root/ros2_ws/install/pilz_industrial_motion_planner/include/pilz_industrial_motion_planner/pilz_industrial_motion_planner/planning_context_lin.hpp
[75.292s] -- Installing: /root/ros2_ws/install/pilz_industrial_motion_planner/include/pilz_industrial_motion_planner/pilz_industrial_motion_planner/velocity_profile_atrap.h
[75.292s] -- Installing: /root/ros2_ws/install/pilz_industrial_motion_planner/include/pilz_industrial_motion_planner/pilz_industrial_motion_planner/trajectory_generator_lin.h
[75.292s] -- Installing: /root/ros2_ws/install/pilz_industrial_motion_planner/include/pilz_industrial_motion_planner/pilz_industrial_motion_planner/planning_context_loader_circ.h
[75.292s] -- Installing: /root/ros2_ws/install/pilz_industrial_motion_planner/include/pilz_industrial_motion_planner/pilz_industrial_motion_planner/path_circle_generator.h
[75.292s] -- Installing: /root/ros2_ws/install/pilz_industrial_motion_planner/include/pilz_industrial_motion_planner/pilz_industrial_motion_planner/trajectory_generator_circ.h
[75.293s] -- Installing: /root/ros2_ws/install/pilz_industrial_motion_planner/include/pilz_industrial_motion_planner/pilz_industrial_motion_planner/cartesian_trajectory_point.hpp
[75.293s] -- Installing: /root/ros2_ws/install/pilz_industrial_motion_planner/include/pilz_industrial_motion_planner/pilz_industrial_motion_planner/trajectory_generator_ptp.hpp
[75.293s] -- Installing: /root/ros2_ws/install/pilz_industrial_motion_planner/include/pilz_industrial_motion_planner/pilz_industrial_motion_planner/move_group_sequence_action.hpp
[75.293s] -- Installing: /root/ros2_ws/install/pilz_industrial_motion_planner/include/pilz_industrial_motion_planner/pilz_industrial_motion_planner/joint_limits_aggregator.hpp
[75.293s] -- Installing: /root/ros2_ws/install/pilz_industrial_motion_planner/include/pilz_industrial_motion_planner/pilz_industrial_motion_planner/planning_context_base.hpp
[75.294s] -- Installing: /root/ros2_ws/install/pilz_industrial_motion_planner/include/pilz_industrial_motion_planner/pilz_industrial_motion_planner/planning_context_loader.h
[75.294s] -- Installing: /root/ros2_ws/install/pilz_industrial_motion_planner/include/pilz_industrial_motion_planner/pilz_industrial_motion_planner/joint_limits_container.h
[75.294s] -- Installing: /root/ros2_ws/install/pilz_industrial_motion_planner/include/pilz_industrial_motion_planner/pilz_industrial_motion_planner/plan_components_builder.hpp
[75.294s] -- Installing: /root/ros2_ws/install/pilz_industrial_motion_planner/include/pilz_industrial_motion_planner/pilz_industrial_motion_planner/joint_limits_interface_extension.h
[75.294s] -- Installing: /root/ros2_ws/install/pilz_industrial_motion_planner/include/pilz_industrial_motion_planner/pilz_industrial_motion_planner/tip_frame_getter.h
[75.295s] -- Installing: /root/ros2_ws/install/pilz_industrial_motion_planner/include/pilz_industrial_motion_planner/pilz_industrial_motion_planner/joint_limits_extension.hpp
[75.295s] -- Installing: /root/ros2_ws/install/pilz_industrial_motion_planner/include/pilz_industrial_motion_planner/pilz_industrial_motion_planner/trajectory_generator_ptp.h
[75.295s] -- Installing: /root/ros2_ws/install/pilz_industrial_motion_planner/include/pilz_industrial_motion_planner/pilz_industrial_motion_planner/plan_components_builder.h
[75.295s] -- Installing: /root/ros2_ws/install/pilz_industrial_motion_planner/include/pilz_industrial_motion_planner/pilz_industrial_motion_planner/planning_exceptions.hpp
[75.296s] -- Installing: /root/ros2_ws/install/pilz_industrial_motion_planner/include/pilz_industrial_motion_planner/pilz_industrial_motion_planner/joint_limits_interface_extension.hpp
[75.296s] -- Installing: /root/ros2_ws/install/pilz_industrial_motion_planner/include/pilz_industrial_motion_planner/pilz_industrial_motion_planner/trajectory_blender_transition_window.hpp
[75.296s] -- Installing: /root/ros2_ws/install/pilz_industrial_motion_planner/include/pilz_industrial_motion_planner/pilz_industrial_motion_planner/capability_names.h
[75.296s] -- Installing: /root/ros2_ws/install/pilz_industrial_motion_planner/include/pilz_industrial_motion_planner/pilz_industrial_motion_planner/planning_context_lin.h
[75.296s] -- Installing: /root/ros2_ws/install/pilz_industrial_motion_planner/include/pilz_industrial_motion_planner/pilz_industrial_motion_planner/joint_limits_validator.hpp
[75.297s] -- Installing: /root/ros2_ws/install/pilz_industrial_motion_planner/include/pilz_industrial_motion_planner/pilz_industrial_motion_planner/joint_limits_container.hpp
[75.297s] -- Installing: /root/ros2_ws/install/pilz_industrial_motion_planner/include/pilz_industrial_motion_planner/pilz_industrial_motion_planner/tip_frame_getter.hpp
[75.297s] -- Installing: /root/ros2_ws/install/pilz_industrial_motion_planner/include/pilz_industrial_motion_planner/pilz_industrial_motion_planner/trajectory_generation_exceptions.h
[75.297s] -- Installing: /root/ros2_ws/install/pilz_industrial_motion_planner/include/pilz_industrial_motion_planner/pilz_industrial_motion_planner/trajectory_blend_response.h
[75.298s] -- Installing: /root/ros2_ws/install/pilz_industrial_motion_planner/include/pilz_industrial_motion_planner/pilz_industrial_motion_planner/capability_names.hpp
[75.298s] -- Installing: /root/ros2_ws/install/pilz_industrial_motion_planner/include/pilz_industrial_motion_planner/pilz_industrial_motion_planner/planning_context_circ.hpp
[75.298s] -- Installing: /root/ros2_ws/install/pilz_industrial_motion_planner/include/pilz_industrial_motion_planner/pilz_industrial_motion_planner/trajectory_blend_request.h
[75.298s] -- Installing: /root/ros2_ws/install/pilz_industrial_motion_planner/include/pilz_industrial_motion_planner/pilz_industrial_motion_planner/planning_context_loader_ptp.hpp
[75.298s] -- Installing: /root/ros2_ws/install/pilz_industrial_motion_planner/include/pilz_industrial_motion_planner/pilz_industrial_motion_planner/trajectory_blender_transition_window.h
[75.298s] -- Installing: /root/ros2_ws/install/pilz_industrial_motion_planner/include/pilz_industrial_motion_planner/pilz_industrial_motion_planner/planning_exceptions.h
[75.298s] -- Installing: /root/ros2_ws/install/pilz_industrial_motion_planner/include/pilz_industrial_motion_planner/pilz_industrial_motion_planner/planning_context_loader_ptp.h
[75.299s] -- Installing: /root/ros2_ws/install/pilz_industrial_motion_planner/include/pilz_industrial_motion_planner/pilz_industrial_motion_planner/trajectory_generator_lin.hpp
[75.299s] -- Installing: /root/ros2_ws/install/pilz_industrial_motion_planner/include/pilz_industrial_motion_planner/pilz_industrial_motion_planner/planning_context_base.h
[75.299s] -- Installing: /root/ros2_ws/install/pilz_industrial_motion_planner/include/pilz_industrial_motion_planner/joint_limits_copy
[75.299s] -- Installing: /root/ros2_ws/install/pilz_industrial_motion_planner/include/pilz_industrial_motion_planner/joint_limits_copy/joint_limits_rosparam.h
[75.299s] -- Installing: /root/ros2_ws/install/pilz_industrial_motion_planner/include/pilz_industrial_motion_planner/joint_limits_copy/joint_limits_rosparam.hpp
[75.299s] -- Installing: /root/ros2_ws/install/pilz_industrial_motion_planner/include/pilz_industrial_motion_planner/joint_limits_copy/joint_limits.h
[75.299s] -- Installing: /root/ros2_ws/install/pilz_industrial_motion_planner/include/pilz_industrial_motion_planner/joint_limits_copy/joint_limits.hpp
[75.300s] -- Installing: /root/ros2_ws/install/pilz_industrial_motion_planner/share/pilz_industrial_motion_planner/environment/library_path.sh
[75.300s] -- Installing: /root/ros2_ws/install/pilz_industrial_motion_planner/share/pilz_industrial_motion_planner/environment/library_path.dsv
[75.300s] -- Installing: /root/ros2_ws/install/pilz_industrial_motion_planner/lib/pilz_industrial_motion_planner/unittest_pilz_industrial_motion_planner_direct
[75.302s] -- Set non-toolchain portion of runtime path of "/root/ros2_ws/install/pilz_industrial_motion_planner/lib/pilz_industrial_motion_planner/unittest_pilz_industrial_motion_planner_direct" to ""
[75.302s] -- Installing: /root/ros2_ws/install/pilz_industrial_motion_planner/lib/pilz_industrial_motion_planner/unittest_velocity_profile_atrap
[75.304s] -- Set non-toolchain portion of runtime path of "/root/ros2_ws/install/pilz_industrial_motion_planner/lib/pilz_industrial_motion_planner/unittest_velocity_profile_atrap" to ""
[75.304s] -- Installing: /root/ros2_ws/install/pilz_industrial_motion_planner/lib/pilz_industrial_motion_planner/unittest_trajectory_generator
[75.305s] -- Set non-toolchain portion of runtime path of "/root/ros2_ws/install/pilz_industrial_motion_planner/lib/pilz_industrial_motion_planner/unittest_trajectory_generator" to ""
[75.305s] -- Installing: /root/ros2_ws/install/pilz_industrial_motion_planner/lib/pilz_industrial_motion_planner/unittest_trajectory_functions
[75.307s] -- Set non-toolchain portion of runtime path of "/root/ros2_ws/install/pilz_industrial_motion_planner/lib/pilz_industrial_motion_planner/unittest_trajectory_functions" to ""
[75.307s] -- Installing: /root/ros2_ws/install/pilz_industrial_motion_planner/lib/pilz_industrial_motion_planner/unittest_trajectory_blender_transition_window
[75.309s] -- Set non-toolchain portion of runtime path of "/root/ros2_ws/install/pilz_industrial_motion_planner/lib/pilz_industrial_motion_planner/unittest_trajectory_blender_transition_window" to ""
[75.309s] -- Installing: /root/ros2_ws/install/pilz_industrial_motion_planner/lib/pilz_industrial_motion_planner/unittest_trajectory_generator_common
[75.312s] -- Set non-toolchain portion of runtime path of "/root/ros2_ws/install/pilz_industrial_motion_planner/lib/pilz_industrial_motion_planner/unittest_trajectory_generator_common" to ""
[75.312s] -- Installing: /root/ros2_ws/install/pilz_industrial_motion_planner/lib/pilz_industrial_motion_planner/unittest_trajectory_generator_circ
[75.314s] -- Set non-toolchain portion of runtime path of "/root/ros2_ws/install/pilz_industrial_motion_planner/lib/pilz_industrial_motion_planner/unittest_trajectory_generator_circ" to ""
[75.314s] -- Installing: /root/ros2_ws/install/pilz_industrial_motion_planner/lib/pilz_industrial_motion_planner/unittest_trajectory_generator_lin
[75.316s] -- Set non-toolchain portion of runtime path of "/root/ros2_ws/install/pilz_industrial_motion_planner/lib/pilz_industrial_motion_planner/unittest_trajectory_generator_lin" to ""
[75.316s] -- Installing: /root/ros2_ws/install/pilz_industrial_motion_planner/lib/pilz_industrial_motion_planner/unittest_trajectory_generator_ptp
[75.318s] -- Set non-toolchain portion of runtime path of "/root/ros2_ws/install/pilz_industrial_motion_planner/lib/pilz_industrial_motion_planner/unittest_trajectory_generator_ptp" to ""
[75.318s] -- Installing: /root/ros2_ws/install/pilz_industrial_motion_planner/lib/pilz_industrial_motion_planner/unittest_pilz_industrial_motion_planner
[75.320s] -- Set non-toolchain portion of runtime path of "/root/ros2_ws/install/pilz_industrial_motion_planner/lib/pilz_industrial_motion_planner/unittest_pilz_industrial_motion_planner" to ""
[75.320s] -- Installing: /root/ros2_ws/install/pilz_industrial_motion_planner/lib/pilz_industrial_motion_planner/unittest_joint_limit
[75.322s] -- Set non-toolchain portion of runtime path of "/root/ros2_ws/install/pilz_industrial_motion_planner/lib/pilz_industrial_motion_planner/unittest_joint_limit" to ""
[75.322s] -- Installing: /root/ros2_ws/install/pilz_industrial_motion_planner/lib/pilz_industrial_motion_planner/unittest_joint_limits_aggregator
[75.323s] -- Set non-toolchain portion of runtime path of "/root/ros2_ws/install/pilz_industrial_motion_planner/lib/pilz_industrial_motion_planner/unittest_joint_limits_aggregator" to ""
[75.323s] -- Installing: /root/ros2_ws/install/pilz_industrial_motion_planner/lib/pilz_industrial_motion_planner/unittest_joint_limits_container
[75.324s] -- Set non-toolchain portion of runtime path of "/root/ros2_ws/install/pilz_industrial_motion_planner/lib/pilz_industrial_motion_planner/unittest_joint_limits_container" to ""
[75.325s] -- Installing: /root/ros2_ws/install/pilz_industrial_motion_planner/lib/pilz_industrial_motion_planner/unittest_joint_limits_validator
[75.326s] -- Set non-toolchain portion of runtime path of "/root/ros2_ws/install/pilz_industrial_motion_planner/lib/pilz_industrial_motion_planner/unittest_joint_limits_validator" to ""
[75.326s] -- Installing: /root/ros2_ws/install/pilz_industrial_motion_planner/lib/pilz_industrial_motion_planner/unittest_planning_context_loaders
[75.328s] -- Set non-toolchain portion of runtime path of "/root/ros2_ws/install/pilz_industrial_motion_planner/lib/pilz_industrial_motion_planner/unittest_planning_context_loaders" to ""
[75.328s] -- Installing: /root/ros2_ws/install/pilz_industrial_motion_planner/lib/pilz_industrial_motion_planner/unittest_planning_context
[75.330s] -- Set non-toolchain portion of runtime path of "/root/ros2_ws/install/pilz_industrial_motion_planner/lib/pilz_industrial_motion_planner/unittest_planning_context" to ""
[75.330s] -- Installing: /root/ros2_ws/install/pilz_industrial_motion_planner/lib/pilz_industrial_motion_planner/unittest_get_solver_tip_frame
[75.332s] -- Set non-toolchain portion of runtime path of "/root/ros2_ws/install/pilz_industrial_motion_planner/lib/pilz_industrial_motion_planner/unittest_get_solver_tip_frame" to ""
[75.332s] -- Installing: /root/ros2_ws/install/pilz_industrial_motion_planner/share/pilz_industrial_motion_planner/config
[75.332s] -- Installing: /root/ros2_ws/install/pilz_industrial_motion_planner/share/pilz_industrial_motion_planner/config/unittest_trajectory_generator_lin.yaml
[75.333s] -- Installing: /root/ros2_ws/install/pilz_industrial_motion_planner/share/pilz_industrial_motion_planner/config/unittest_trajectory_generator_circ.yaml
[75.333s] -- Installing: /root/ros2_ws/install/pilz_industrial_motion_planner/share/pilz_industrial_motion_planner/config/unittest_trajectory_blender_transition_window.yaml
[75.333s] -- Installing: /root/ros2_ws/install/pilz_industrial_motion_planner/share/pilz_industrial_motion_planner/config/unittest_joint_limits_aggregator.yaml
[75.335s] -- Installing: /root/ros2_ws/install/pilz_industrial_motion_planner/share/pilz_industrial_motion_planner/config/unittest_trajectory_generator_common.yaml
[75.335s] -- Installing: /root/ros2_ws/install/pilz_industrial_motion_planner/share/pilz_industrial_motion_planner/config/unittest_joint_limit_config.yaml
[75.336s] -- Installing: /root/ros2_ws/install/pilz_industrial_motion_planner/share/pilz_industrial_motion_planner/config/unittest_trajectory_functions.yaml
[75.336s] -- Installing: /root/ros2_ws/install/pilz_industrial_motion_planner/share/pilz_industrial_motion_planner/config/unittest_trajectory_generator_ptp.yaml
[75.336s] -- Installing: /root/ros2_ws/install/pilz_industrial_motion_planner/share/pilz_industrial_motion_planner/launch
[75.336s] -- Installing: /root/ros2_ws/install/pilz_industrial_motion_planner/share/pilz_industrial_motion_planner/launch/unittest_trajectory_generator_ptp.test.py
[75.338s] -- Installing: /root/ros2_ws/install/pilz_industrial_motion_planner/share/pilz_industrial_motion_planner/launch/unittest_cartesian_limits_aggregator.test.py
[75.339s] -- Installing: /root/ros2_ws/install/pilz_industrial_motion_planner/share/pilz_industrial_motion_planner/launch/unittest_joint_limit.test.py
[75.339s] -- Installing: /root/ros2_ws/install/pilz_industrial_motion_planner/share/pilz_industrial_motion_planner/launch/unittest_trajectory_generator_circ.test.py
[75.339s] -- Installing: /root/ros2_ws/install/pilz_industrial_motion_planner/share/pilz_industrial_motion_planner/launch/unittest_trajectory_blender_transition_window.test.py
[75.339s] -- Installing: /root/ros2_ws/install/pilz_industrial_motion_planner/share/pilz_industrial_motion_planner/launch/unittest_trajectory_functions.test.py
[75.340s] -- Installing: /root/ros2_ws/install/pilz_industrial_motion_planner/share/pilz_industrial_motion_planner/launch/unittest_pilz_industrial_motion_planner.test.py
[75.340s] -- Installing: /root/ros2_ws/install/pilz_industrial_motion_planner/share/pilz_industrial_motion_planner/launch/unittest_planning_context.test.py
[75.340s] -- Installing: /root/ros2_ws/install/pilz_industrial_motion_planner/share/pilz_industrial_motion_planner/launch/unittest_trajectory_generator_common.test.py
[75.340s] -- Installing: /root/ros2_ws/install/pilz_industrial_motion_planner/share/pilz_industrial_motion_planner/launch/unittest_joint_limits_aggregator.test.py
[75.340s] -- Installing: /root/ros2_ws/install/pilz_industrial_motion_planner/share/pilz_industrial_motion_planner/launch/unittest_planning_context_loaders.test.py
[75.340s] -- Installing: /root/ros2_ws/install/pilz_industrial_motion_planner/share/pilz_industrial_motion_planner/launch/unittest_trajectory_generator_lin.test.py
[75.341s] -- Installing: /root/ros2_ws/install/pilz_industrial_motion_planner/share/pilz_industrial_motion_planner/launch/common_parameters.py
[75.342s] -- Installing: /root/ros2_ws/install/pilz_industrial_motion_planner/share/pilz_industrial_motion_planner/test_data
[75.342s] -- Installing: /root/ros2_ws/install/pilz_industrial_motion_planner/share/pilz_industrial_motion_planner/test_data/testpoints.py
[75.343s] -- Installing: /root/ros2_ws/install/pilz_industrial_motion_planner/share/pilz_industrial_motion_planner/test_data/prbt
[75.343s] -- Installing: /root/ros2_ws/install/pilz_industrial_motion_planner/share/pilz_industrial_motion_planner/test_data/prbt/testdata_sequence.xml
[75.343s] -- Installing: /root/ros2_ws/install/pilz_industrial_motion_planner/share/pilz_industrial_motion_planner/test_data/prbt/testdata_with_gripper.xml
[75.343s] -- Installing: /root/ros2_ws/install/pilz_industrial_motion_planner/share/pilz_industrial_motion_planner/test_data/prbt/testdata_deprecated.xml
[75.343s] -- Installing: /root/ros2_ws/install/pilz_industrial_motion_planner/share/pilz_industrial_motion_planner/test_data/concept_testdata.png
[75.343s] -- Installing: /root/ros2_ws/install/pilz_industrial_motion_planner/share/pilz_industrial_motion_planner/test_data/frankaemika_panda
[75.343s] -- Installing: /root/ros2_ws/install/pilz_industrial_motion_planner/share/pilz_industrial_motion_planner/test_data/frankaemika_panda/testdata_sequence.xml
[75.344s] -- Installing: /root/ros2_ws/install/pilz_industrial_motion_planner/share/pilz_industrial_motion_planner/test_data/concept_testdata.odp
[75.345s] -- Installing: /root/ros2_ws/install/pilz_industrial_motion_planner/share/ament_index/resource_index/package_run_dependencies/pilz_industrial_motion_planner
[75.345s] -- Installing: /root/ros2_ws/install/pilz_industrial_motion_planner/share/ament_index/resource_index/parent_prefix_path/pilz_industrial_motion_planner
[75.345s] -- Installing: /root/ros2_ws/install/pilz_industrial_motion_planner/share/pilz_industrial_motion_planner/environment/ament_prefix_path.sh
[75.345s] -- Installing: /root/ros2_ws/install/pilz_industrial_motion_planner/share/pilz_industrial_motion_planner/environment/ament_prefix_path.dsv
[75.345s] -- Installing: /root/ros2_ws/install/pilz_industrial_motion_planner/share/pilz_industrial_motion_planner/environment/path.sh
[75.345s] -- Installing: /root/ros2_ws/install/pilz_industrial_motion_planner/share/pilz_industrial_motion_planner/environment/path.dsv
[75.346s] -- Installing: /root/ros2_ws/install/pilz_industrial_motion_planner/share/pilz_industrial_motion_planner/local_setup.bash
[75.346s] -- Installing: /root/ros2_ws/install/pilz_industrial_motion_planner/share/pilz_industrial_motion_planner/local_setup.sh
[75.346s] -- Installing: /root/ros2_ws/install/pilz_industrial_motion_planner/share/pilz_industrial_motion_planner/local_setup.zsh
[75.346s] -- Installing: /root/ros2_ws/install/pilz_industrial_motion_planner/share/pilz_industrial_motion_planner/local_setup.dsv
[75.346s] -- Installing: /root/ros2_ws/install/pilz_industrial_motion_planner/share/pilz_industrial_motion_planner/package.dsv
[75.346s] -- Installing: /root/ros2_ws/install/pilz_industrial_motion_planner/share/ament_index/resource_index/packages/pilz_industrial_motion_planner
[75.347s] -- Installing: /root/ros2_ws/install/pilz_industrial_motion_planner/share/ament_index/resource_index/moveit_core__pluginlib__plugin/pilz_industrial_motion_planner
[75.347s] -- Installing: /root/ros2_ws/install/pilz_industrial_motion_planner/share/ament_index/resource_index/moveit_ros_move_group__pluginlib__plugin/pilz_industrial_motion_planner
[75.347s] -- Installing: /root/ros2_ws/install/pilz_industrial_motion_planner/share/ament_index/resource_index/pilz_industrial_motion_planner__pluginlib__plugin/pilz_industrial_motion_planner
[75.347s] -- Installing: /root/ros2_ws/install/pilz_industrial_motion_planner/share/pilz_industrial_motion_planner/cmake/pilz_industrial_motion_plannerTargetsExport.cmake
[75.347s] -- Installing: /root/ros2_ws/install/pilz_industrial_motion_planner/share/pilz_industrial_motion_planner/cmake/pilz_industrial_motion_plannerTargetsExport-release.cmake
[75.348s] -- Installing: /root/ros2_ws/install/pilz_industrial_motion_planner/share/pilz_industrial_motion_planner/cmake/ament_cmake_export_dependencies-extras.cmake
[75.348s] -- Installing: /root/ros2_ws/install/pilz_industrial_motion_planner/share/pilz_industrial_motion_planner/cmake/ament_cmake_export_include_directories-extras.cmake
[75.348s] -- Installing: /root/ros2_ws/install/pilz_industrial_motion_planner/share/pilz_industrial_motion_planner/cmake/ament_cmake_export_targets-extras.cmake
[75.348s] -- Installing: /root/ros2_ws/install/pilz_industrial_motion_planner/share/pilz_industrial_motion_planner/cmake/pilz_industrial_motion_plannerConfig.cmake
[75.348s] -- Installing: /root/ros2_ws/install/pilz_industrial_motion_planner/share/pilz_industrial_motion_planner/cmake/pilz_industrial_motion_plannerConfig-version.cmake
[75.348s] -- Installing: /root/ros2_ws/install/pilz_industrial_motion_planner/share/pilz_industrial_motion_planner/package.xml
[75.353s] Invoked command in '/root/ros2_ws/build/pilz_industrial_motion_planner' returned '0': AMENT_PREFIX_PATH=/root/ros2_ws/install/moveit_resources_prbt_pg70_support:/root/ros2_ws/install/moveit_resources_prbt_moveit_config:/root/ros2_ws/install/moveit_ros_move_group:/root/ros2_ws/install/moveit_kinematics:/root/ros2_ws/install/moveit_ros_planning:/root/ros2_ws/install/pilz_industrial_motion_planner_testutils:/root/ros2_ws/install/moveit_ros_occupancy_map_monitor:/root/ros2_ws/install/moveit_resources_prbt_ikfast_manipulator_plugin:/root/ros2_ws/install/moveit_core:/root/ros2_ws/install/moveit_resources_panda_moveit_config:/root/ros2_ws/install/moveit_resources_fanuc_moveit_config:/root/ros2_ws/install/moveit_resources_prbt_support:/root/ros2_ws/install/moveit_resources_pr2_description:/root/ros2_ws/install/moveit_resources_panda_description:/root/ros2_ws/install/moveit_resources_fanuc_description:/root/ros2_ws/install/moveit_msgs:/root/ros2_ws/install/moveit_configs_utils:/root/ros2_ws/install/moveit_common:${AMENT_PREFIX_PATH} CMAKE_PREFIX_PATH=/root/ros2_ws/install/moveit_resources_prbt_pg70_support:/root/ros2_ws/install/moveit_resources_prbt_moveit_config:/root/ros2_ws/install/moveit_ros_move_group:/root/ros2_ws/install/moveit_kinematics:/root/ros2_ws/install/moveit_ros_planning:/root/ros2_ws/install/pilz_industrial_motion_planner_testutils:/root/ros2_ws/install/moveit_ros_occupancy_map_monitor:/root/ros2_ws/install/moveit_resources_prbt_ikfast_manipulator_plugin:/root/ros2_ws/install/moveit_core:/root/ros2_ws/install/moveit_resources_panda_moveit_config:/root/ros2_ws/install/moveit_resources_fanuc_moveit_config:/root/ros2_ws/install/moveit_resources_prbt_support:/root/ros2_ws/install/moveit_resources_pr2_description:/root/ros2_ws/install/moveit_resources_panda_description:/root/ros2_ws/install/moveit_resources_fanuc_description:/root/ros2_ws/install/moveit_msgs:/root/ros2_ws/install/moveit_common:/opt/ros/jazzy/opt/gz_sim_vendor:/opt/ros/jazzy/opt/gz_sensors_vendor:/opt/ros/jazzy/opt/gz_physics_vendor:/opt/ros/jazzy/opt/sdformat_vendor:/opt/ros/jazzy/opt/gz_gui_vendor:/opt/ros/jazzy/opt/gz_transport_vendor:/opt/ros/jazzy/opt/gz_rendering_vendor:/opt/ros/jazzy/opt/gz_plugin_vendor:/opt/ros/jazzy/opt/gz_fuel_tools_vendor:/opt/ros/jazzy/opt/gz_msgs_vendor:/opt/ros/jazzy/opt/gz_common_vendor:/opt/ros/jazzy/opt/gz_math_vendor:/opt/ros/jazzy/opt/gz_utils_vendor:/opt/ros/jazzy/opt/gz_tools_vendor:/opt/ros/jazzy/opt/gz_ogre_next_vendor:/opt/ros/jazzy/opt/gz_dartsim_vendor:/opt/ros/jazzy/opt/gz_cmake_vendor:/opt/ros/jazzy LD_LIBRARY_PATH=/root/ros2_ws/install/moveit_ros_move_group/lib:/root/ros2_ws/install/moveit_kinematics/lib:/root/ros2_ws/install/moveit_ros_planning/lib:/root/ros2_ws/install/pilz_industrial_motion_planner_testutils/lib:/root/ros2_ws/install/moveit_ros_occupancy_map_monitor/lib:/root/ros2_ws/install/moveit_resources_prbt_ikfast_manipulator_plugin/lib:/root/ros2_ws/install/moveit_core/lib:/root/ros2_ws/install/moveit_msgs/lib:${LD_LIBRARY_PATH} PATH=/root/ros2_ws/install/moveit_core/bin:${PATH} PYTHONPATH=/root/ros2_ws/install/moveit_msgs/lib/python3.12/site-packages:/root/ros2_ws/install/moveit_configs_utils/lib/python3.12/site-packages:${PYTHONPATH} /usr/bin/cmake --install /root/ros2_ws/build/pilz_industrial_motion_planner
