[0.102s] Invoking command in '/root/ros2_ws/build/moveit_task_constructor_visualization': AMENT_PREFIX_PATH=/root/ros2_ws/install/moveit_task_constructor_core:/root/ros2_ws/install/moveit_planners:/root/ros2_ws/install/pilz_industrial_motion_planner:/root/ros2_ws/install/moveit_ros_visualization:/root/ros2_ws/install/moveit_resources_prbt_pg70_support:/root/ros2_ws/install/moveit_ros_planning_interface:/root/ros2_ws/install/moveit_resources_prbt_moveit_config:/root/ros2_ws/install/moveit_ros_move_group:/root/ros2_ws/install/moveit_ros_warehouse:/root/ros2_ws/install/moveit_ros_robot_interaction:/root/ros2_ws/install/moveit_planners_ompl:/root/ros2_ws/install/moveit_kinematics:/root/ros2_ws/install/moveit_ros_planning:/root/ros2_ws/install/moveit_planners_chomp:/root/ros2_ws/install/pilz_industrial_motion_planner_testutils:/root/ros2_ws/install/moveit_simple_controller_manager:/root/ros2_ws/install/moveit_ros_occupancy_map_monitor:/root/ros2_ws/install/moveit_resources_prbt_ikfast_manipulator_plugin:/root/ros2_ws/install/moveit_planners_stomp:/root/ros2_ws/install/chomp_motion_planner:/root/ros2_ws/install/moveit_core:/root/ros2_ws/install/rviz_marker_tools:/root/ros2_ws/install/moveit_task_constructor_msgs:/root/ros2_ws/install/moveit_resources_panda_moveit_config:/root/ros2_ws/install/moveit_resources_fanuc_moveit_config:/root/ros2_ws/install/moveit_resources_prbt_support:/root/ros2_ws/install/moveit_resources_pr2_description:/root/ros2_ws/install/moveit_resources_panda_description:/root/ros2_ws/install/moveit_resources_fanuc_description:/root/ros2_ws/install/moveit_msgs:/root/ros2_ws/install/moveit_configs_utils:/root/ros2_ws/install/moveit_common:${AMENT_PREFIX_PATH} CMAKE_MODULE_PATH=/root/ros2_ws/install/moveit_task_constructor_core/share/moveit_task_constructor_core/cmake CMAKE_PREFIX_PATH=/root/ros2_ws/install/moveit_task_constructor_core:/root/ros2_ws/install/moveit_planners:/root/ros2_ws/install/pilz_industrial_motion_planner:/root/ros2_ws/install/moveit_ros_visualization:/root/ros2_ws/install/moveit_resources_prbt_pg70_support:/root/ros2_ws/install/moveit_ros_planning_interface:/root/ros2_ws/install/moveit_resources_prbt_moveit_config:/root/ros2_ws/install/moveit_ros_move_group:/root/ros2_ws/install/moveit_ros_warehouse:/root/ros2_ws/install/moveit_ros_robot_interaction:/root/ros2_ws/install/moveit_planners_ompl:/root/ros2_ws/install/moveit_kinematics:/root/ros2_ws/install/moveit_ros_planning:/root/ros2_ws/install/moveit_planners_chomp:/root/ros2_ws/install/pilz_industrial_motion_planner_testutils:/root/ros2_ws/install/moveit_simple_controller_manager:/root/ros2_ws/install/moveit_ros_occupancy_map_monitor:/root/ros2_ws/install/moveit_resources_prbt_ikfast_manipulator_plugin:/root/ros2_ws/install/moveit_planners_stomp:/root/ros2_ws/install/chomp_motion_planner:/root/ros2_ws/install/moveit_core:/root/ros2_ws/install/rviz_marker_tools:/root/ros2_ws/install/moveit_task_constructor_msgs:/root/ros2_ws/install/moveit_resources_panda_moveit_config:/root/ros2_ws/install/moveit_resources_fanuc_moveit_config:/root/ros2_ws/install/moveit_resources_prbt_support:/root/ros2_ws/install/moveit_resources_pr2_description:/root/ros2_ws/install/moveit_resources_panda_description:/root/ros2_ws/install/moveit_resources_fanuc_description:/root/ros2_ws/install/moveit_msgs:/root/ros2_ws/install/moveit_common:/opt/ros/jazzy/opt/gz_sim_vendor:/opt/ros/jazzy/opt/gz_sensors_vendor:/opt/ros/jazzy/opt/gz_physics_vendor:/opt/ros/jazzy/opt/sdformat_vendor:/opt/ros/jazzy/opt/gz_gui_vendor:/opt/ros/jazzy/opt/gz_transport_vendor:/opt/ros/jazzy/opt/gz_rendering_vendor:/opt/ros/jazzy/opt/gz_plugin_vendor:/opt/ros/jazzy/opt/gz_fuel_tools_vendor:/opt/ros/jazzy/opt/gz_msgs_vendor:/opt/ros/jazzy/opt/gz_common_vendor:/opt/ros/jazzy/opt/gz_math_vendor:/opt/ros/jazzy/opt/gz_utils_vendor:/opt/ros/jazzy/opt/gz_tools_vendor:/opt/ros/jazzy/opt/gz_ogre_next_vendor:/opt/ros/jazzy/opt/gz_dartsim_vendor:/opt/ros/jazzy/opt/gz_cmake_vendor:/opt/ros/jazzy LD_LIBRARY_PATH=/root/ros2_ws/install/moveit_task_constructor_core/lib:/root/ros2_ws/install/pilz_industrial_motion_planner/lib:/root/ros2_ws/install/moveit_ros_visualization/lib:/root/ros2_ws/install/moveit_ros_planning_interface/lib:/root/ros2_ws/install/moveit_ros_move_group/lib:/root/ros2_ws/install/moveit_ros_warehouse/lib:/root/ros2_ws/install/moveit_ros_robot_interaction/lib:/root/ros2_ws/install/moveit_planners_ompl/lib:/root/ros2_ws/install/moveit_kinematics/lib:/root/ros2_ws/install/moveit_ros_planning/lib:/root/ros2_ws/install/moveit_planners_chomp/lib:/root/ros2_ws/install/pilz_industrial_motion_planner_testutils/lib:/root/ros2_ws/install/moveit_simple_controller_manager/lib:/root/ros2_ws/install/moveit_ros_occupancy_map_monitor/lib:/root/ros2_ws/install/moveit_resources_prbt_ikfast_manipulator_plugin/lib:/root/ros2_ws/install/moveit_planners_stomp/lib:/root/ros2_ws/install/chomp_motion_planner/lib:/root/ros2_ws/install/moveit_core/lib:/root/ros2_ws/install/rviz_marker_tools/lib:/root/ros2_ws/install/moveit_task_constructor_msgs/lib:/root/ros2_ws/install/moveit_msgs/lib:${LD_LIBRARY_PATH} PATH=/root/ros2_ws/install/moveit_core/bin:${PATH} PYTHONPATH=/root/ros2_ws/install/moveit_task_constructor_core/lib/python3.12/site-packages:/root/ros2_ws/install/moveit_task_constructor_msgs/lib/python3.12/site-packages:/root/ros2_ws/install/moveit_msgs/lib/python3.12/site-packages:/root/ros2_ws/install/moveit_configs_utils/lib/python3.12/site-packages:${PYTHONPATH} /usr/bin/cmake /root/ros2_ws/src/moveit_task_constructor/visualization -DCMAKE_INSTALL_PREFIX=/root/ros2_ws/install/moveit_task_constructor_visualization
[0.179s] -- The C compiler identification is GNU 13.3.0
[0.247s] -- The CXX compiler identification is GNU 13.3.0
[0.278s] -- Detecting C compiler ABI info
[0.432s] -- Detecting C compiler ABI info - done
[0.450s] -- Check for working C compiler: /usr/bin/cc - skipped
[0.450s] -- Detecting C compile features
[0.450s] -- Detecting C compile features - done
[0.469s] -- Detecting CXX compiler ABI info
[0.646s] -- Detecting CXX compiler ABI info - done
[0.668s] -- Check for working CXX compiler: /usr/bin/c++ - skipped
[0.668s] -- Detecting CXX compile features
[0.670s] -- Detecting CXX compile features - done
[0.688s] -- Found ament_cmake: 2.5.2 (/opt/ros/jazzy/share/ament_cmake/cmake)
[1.014s] -- Found Python3: /usr/bin/python3 (found version "3.12.3") found components: Interpreter 
[1.358s] -- Found Boost: /usr/lib/x86_64-linux-gnu/cmake/Boost-1.83.0/BoostConfig.cmake (found version "1.83.0")  
[1.362s] -- Found moveit_common: 2.12.0 (/root/ros2_ws/install/moveit_common/share/moveit_common/cmake)
[1.494s] [0mmoveit_task_constructor_visualization: You did not request a specific build type: Choosing 'Release' for maximum performance[0m
[1.496s] -- Found moveit_core: 2.12.0 (/root/ros2_ws/install/moveit_core/share/moveit_core/cmake)
[1.770s] -- Found Boost: /usr/lib/x86_64-linux-gnu/cmake/Boost-1.83.0/BoostConfig.cmake (found version "1.83.0") found components: chrono date_time filesystem iostreams program_options regex serialization system thread 
[1.928s] -- Found parameter_traits: 0.4.0 (/opt/ros/jazzy/share/parameter_traits/cmake)
[2.027s] -- Found rosidl_generator_c: 4.6.4 (/opt/ros/jazzy/share/rosidl_generator_c/cmake)
[2.062s] -- Found rosidl_generator_cpp: 4.6.4 (/opt/ros/jazzy/share/rosidl_generator_cpp/cmake)
[2.102s] -- Using all available rosidl_typesupport_c: rosidl_typesupport_fastrtps_c;rosidl_typesupport_introspection_c
[2.142s] -- Using all available rosidl_typesupport_cpp: rosidl_typesupport_fastrtps_cpp;rosidl_typesupport_introspection_cpp
[2.300s] -- Found rmw_implementation_cmake: 7.3.1 (/opt/ros/jazzy/share/rmw_implementation_cmake/cmake)
[2.310s] -- Found rmw_fastrtps_cpp: 8.4.1 (/opt/ros/jazzy/share/rmw_fastrtps_cpp/cmake)
[2.489s] -- Found OpenSSL: /usr/lib/x86_64-linux-gnu/libcrypto.so (found version "3.0.13")  
[2.525s] -- Found FastRTPS: /opt/ros/jazzy/include (Required is at least version "2.13") 
[2.568s] -- Using RMW implementation 'rmw_fastrtps_cpp' as default
[2.777s] -- Found rclcpp_lifecycle: 28.1.5 (/opt/ros/jazzy/share/rclcpp_lifecycle/cmake)
[2.845s] -- Found Boost: /usr/lib/x86_64-linux-gnu/cmake/Boost-1.83.0/BoostConfig.cmake (found version "1.83.0") found components: filesystem 
[3.316s] -- Found Eigen3: TRUE (found version "3.4.0") 
[3.316s] -- Ensuring Eigen3 include directory is part of orocos-kdl CMake target
[4.523s] -- Found moveit_ros_visualization: 2.12.0 (/root/ros2_ws/install/moveit_ros_visualization/share/moveit_ros_visualization/cmake)
[4.532s] -- Found Boost: /usr/lib/x86_64-linux-gnu/cmake/Boost-1.83.0/BoostConfig.cmake (found version "1.83.0") found components: thread date_time system filesystem 
[4.588s] -- Found Boost: /usr/lib/x86_64-linux-gnu/cmake/Boost-1.83.0/BoostConfig.cmake (found version "1.83.0") found components: system filesystem date_time program_options thread chrono 
[4.732s] -- Found Boost: /usr/lib/x86_64-linux-gnu/cmake/Boost-1.83.0/BoostConfig.cmake (found version "1.83.0") found components: date_time filesystem program_options system thread 
[4.774s] -- Found Boost: /usr/lib/x86_64-linux-gnu/cmake/Boost-1.83.0/BoostConfig.cmake (found version "1.83.0") found components: thread system filesystem regex date_time program_options 
[4.857s] -- Found Boost: /usr/lib/x86_64-linux-gnu/cmake/Boost-1.83.0/BoostConfig.cmake (found version "1.83.0") found components: system filesystem date_time program_options thread 
[5.146s] -- Setting OGRE_DIR to: '/opt/ros/jazzy/share/rviz_ogre_vendor/cmake/../../../opt/rviz_ogre_vendor/lib/OGRE/cmake'
[5.153s] -- Found OGRE
[5.153s] --   static     : OFF
[5.153s] --   components : MeshLodGenerator;Overlay;Paging;Property;RTShaderSystem;Terrain;Volume
[5.153s] --   plugins    : Plugin_BSPSceneManager;Plugin_OctreeSceneManager;Plugin_PCZSceneManager;Plugin_ParticleFX;RenderSystem_GL;RenderSystem_GL3Plus;Codec_STBI
[5.153s] --   media      : /opt/ros/jazzy/opt/rviz_ogre_vendor/share/OGRE/Media
[5.153s] -- OGRE_LIBRARIES: OgreMeshLodGenerator;OgreOverlay;OgrePaging;OgreProperty;OgreRTShaderSystem;OgreTerrain;OgreVolume;OgreMain
[5.154s] -- OGRE_LIBRARY_DIRS: /opt/ros/jazzy/opt/rviz_ogre_vendor/lib
[5.154s] -- OGRE_PLUGINS: Plugin_BSPSceneManager;Plugin_OctreeSceneManager;Plugin_PCZSceneManager;Plugin_ParticleFX;RenderSystem_GL;RenderSystem_GL3Plus;Codec_STBI
[5.154s] -- OGRE_PLUGIN_DIR: /opt/ros/jazzy/opt/rviz_ogre_vendor/lib/OGRE
[5.154s] -- rviz_ogre_vendor::OgreOverlay for IMPORTED_LOCATION_RELEASE: /opt/ros/jazzy/opt/rviz_ogre_vendor/lib/libOgreOverlay.so
[5.154s] -- rviz_ogre_vendor::OgreOverlay for IMPORTED_LOCATION_DEBUG: /opt/ros/jazzy/opt/rviz_ogre_vendor/lib/libOgreOverlay.so
[5.154s] -- rviz_ogre_vendor::OgreMain for IMPORTED_LOCATION_RELEASE: /opt/ros/jazzy/opt/rviz_ogre_vendor/lib/libOgreMain.so
[5.154s] -- rviz_ogre_vendor::OgreMain for IMPORTED_LOCATION_DEBUG: /opt/ros/jazzy/opt/rviz_ogre_vendor/lib/libOgreMain.so
[5.249s] -- Found ZLIB: /usr/lib/x86_64-linux-gnu/libz.so (found version "1.3")  
[5.286s] -- Found OpenGL: /usr/lib/x86_64-linux-gnu/libOpenGL.so   
[5.791s] -- Found X11: /usr/include   
[5.792s] -- Looking for XOpenDisplay in /usr/lib/x86_64-linux-gnu/libX11.so;/usr/lib/x86_64-linux-gnu/libXext.so
[6.035s] -- Looking for XOpenDisplay in /usr/lib/x86_64-linux-gnu/libX11.so;/usr/lib/x86_64-linux-gnu/libXext.so - found
[6.035s] -- Looking for gethostbyname
[6.449s] -- Looking for gethostbyname - found
[6.449s] -- Looking for connect
[7.105s] -- Looking for connect - found
[7.109s] -- Looking for remove
[7.723s] -- Looking for remove - found
[7.723s] -- Looking for shmat
[8.175s] -- Looking for shmat - found
[8.176s] -- Looking for IceConnectionNumber in ICE
[8.695s] -- Looking for IceConnectionNumber in ICE - found
[8.995s] -- Setting yaml-cpp_DIR to: '/opt/ros/jazzy/share/yaml_cpp_vendor/cmake/../../../opt/yaml_cpp_vendor/share/cmake/yaml-cpp'
[9.719s] -- Found moveit_task_constructor_core: 0.1.3 (/root/ros2_ws/install/moveit_task_constructor_core/share/moveit_task_constructor_core/cmake)
[10.318s] -- Found PkgConfig: /usr/bin/pkg-config (found version "1.8.1") 
[10.322s] -- Checking for module 'yaml-0.1'
[10.445s] --   Found yaml-0.1, version 0.2.5
[10.774s] -- Found ament_cmake_gtest: 2.5.2 (/opt/ros/jazzy/share/ament_cmake_gtest/cmake)
[10.807s] -- Found ament_cmake_gmock: 2.5.2 (/opt/ros/jazzy/share/ament_cmake_gmock/cmake)
[10.850s] -- Found launch_testing_ament_cmake: 3.4.2 (/opt/ros/jazzy/share/launch_testing_ament_cmake/cmake)
[10.885s] -- Found python_cmake_module: 0.11.1 (/opt/ros/jazzy/share/python_cmake_module/cmake)
[11.706s] -- Found PythonExtra: /usr/bin/python3  
[11.777s] -- Found gtest sources under '/opt/ros/jazzy/src/gtest_vendor': C++ tests using 'Google Test' will be built
[11.814s] -- Found Threads: TRUE  
[11.907s] -- Found gmock sources under '/opt/ros/jazzy/src/gmock_vendor': C++ tests using 'Google Mock' will be built
[12.018s] -- Configuring done (11.9s)
[14.220s] -- Generating done (1.3s)
[14.356s] -- Build files have been written to: /root/ros2_ws/build/moveit_task_constructor_visualization
[14.505s] Invoked command in '/root/ros2_ws/build/moveit_task_constructor_visualization' returned '0': AMENT_PREFIX_PATH=/root/ros2_ws/install/moveit_task_constructor_core:/root/ros2_ws/install/moveit_planners:/root/ros2_ws/install/pilz_industrial_motion_planner:/root/ros2_ws/install/moveit_ros_visualization:/root/ros2_ws/install/moveit_resources_prbt_pg70_support:/root/ros2_ws/install/moveit_ros_planning_interface:/root/ros2_ws/install/moveit_resources_prbt_moveit_config:/root/ros2_ws/install/moveit_ros_move_group:/root/ros2_ws/install/moveit_ros_warehouse:/root/ros2_ws/install/moveit_ros_robot_interaction:/root/ros2_ws/install/moveit_planners_ompl:/root/ros2_ws/install/moveit_kinematics:/root/ros2_ws/install/moveit_ros_planning:/root/ros2_ws/install/moveit_planners_chomp:/root/ros2_ws/install/pilz_industrial_motion_planner_testutils:/root/ros2_ws/install/moveit_simple_controller_manager:/root/ros2_ws/install/moveit_ros_occupancy_map_monitor:/root/ros2_ws/install/moveit_resources_prbt_ikfast_manipulator_plugin:/root/ros2_ws/install/moveit_planners_stomp:/root/ros2_ws/install/chomp_motion_planner:/root/ros2_ws/install/moveit_core:/root/ros2_ws/install/rviz_marker_tools:/root/ros2_ws/install/moveit_task_constructor_msgs:/root/ros2_ws/install/moveit_resources_panda_moveit_config:/root/ros2_ws/install/moveit_resources_fanuc_moveit_config:/root/ros2_ws/install/moveit_resources_prbt_support:/root/ros2_ws/install/moveit_resources_pr2_description:/root/ros2_ws/install/moveit_resources_panda_description:/root/ros2_ws/install/moveit_resources_fanuc_description:/root/ros2_ws/install/moveit_msgs:/root/ros2_ws/install/moveit_configs_utils:/root/ros2_ws/install/moveit_common:${AMENT_PREFIX_PATH} CMAKE_MODULE_PATH=/root/ros2_ws/install/moveit_task_constructor_core/share/moveit_task_constructor_core/cmake CMAKE_PREFIX_PATH=/root/ros2_ws/install/moveit_task_constructor_core:/root/ros2_ws/install/moveit_planners:/root/ros2_ws/install/pilz_industrial_motion_planner:/root/ros2_ws/install/moveit_ros_visualization:/root/ros2_ws/install/moveit_resources_prbt_pg70_support:/root/ros2_ws/install/moveit_ros_planning_interface:/root/ros2_ws/install/moveit_resources_prbt_moveit_config:/root/ros2_ws/install/moveit_ros_move_group:/root/ros2_ws/install/moveit_ros_warehouse:/root/ros2_ws/install/moveit_ros_robot_interaction:/root/ros2_ws/install/moveit_planners_ompl:/root/ros2_ws/install/moveit_kinematics:/root/ros2_ws/install/moveit_ros_planning:/root/ros2_ws/install/moveit_planners_chomp:/root/ros2_ws/install/pilz_industrial_motion_planner_testutils:/root/ros2_ws/install/moveit_simple_controller_manager:/root/ros2_ws/install/moveit_ros_occupancy_map_monitor:/root/ros2_ws/install/moveit_resources_prbt_ikfast_manipulator_plugin:/root/ros2_ws/install/moveit_planners_stomp:/root/ros2_ws/install/chomp_motion_planner:/root/ros2_ws/install/moveit_core:/root/ros2_ws/install/rviz_marker_tools:/root/ros2_ws/install/moveit_task_constructor_msgs:/root/ros2_ws/install/moveit_resources_panda_moveit_config:/root/ros2_ws/install/moveit_resources_fanuc_moveit_config:/root/ros2_ws/install/moveit_resources_prbt_support:/root/ros2_ws/install/moveit_resources_pr2_description:/root/ros2_ws/install/moveit_resources_panda_description:/root/ros2_ws/install/moveit_resources_fanuc_description:/root/ros2_ws/install/moveit_msgs:/root/ros2_ws/install/moveit_common:/opt/ros/jazzy/opt/gz_sim_vendor:/opt/ros/jazzy/opt/gz_sensors_vendor:/opt/ros/jazzy/opt/gz_physics_vendor:/opt/ros/jazzy/opt/sdformat_vendor:/opt/ros/jazzy/opt/gz_gui_vendor:/opt/ros/jazzy/opt/gz_transport_vendor:/opt/ros/jazzy/opt/gz_rendering_vendor:/opt/ros/jazzy/opt/gz_plugin_vendor:/opt/ros/jazzy/opt/gz_fuel_tools_vendor:/opt/ros/jazzy/opt/gz_msgs_vendor:/opt/ros/jazzy/opt/gz_common_vendor:/opt/ros/jazzy/opt/gz_math_vendor:/opt/ros/jazzy/opt/gz_utils_vendor:/opt/ros/jazzy/opt/gz_tools_vendor:/opt/ros/jazzy/opt/gz_ogre_next_vendor:/opt/ros/jazzy/opt/gz_dartsim_vendor:/opt/ros/jazzy/opt/gz_cmake_vendor:/opt/ros/jazzy LD_LIBRARY_PATH=/root/ros2_ws/install/moveit_task_constructor_core/lib:/root/ros2_ws/install/pilz_industrial_motion_planner/lib:/root/ros2_ws/install/moveit_ros_visualization/lib:/root/ros2_ws/install/moveit_ros_planning_interface/lib:/root/ros2_ws/install/moveit_ros_move_group/lib:/root/ros2_ws/install/moveit_ros_warehouse/lib:/root/ros2_ws/install/moveit_ros_robot_interaction/lib:/root/ros2_ws/install/moveit_planners_ompl/lib:/root/ros2_ws/install/moveit_kinematics/lib:/root/ros2_ws/install/moveit_ros_planning/lib:/root/ros2_ws/install/moveit_planners_chomp/lib:/root/ros2_ws/install/pilz_industrial_motion_planner_testutils/lib:/root/ros2_ws/install/moveit_simple_controller_manager/lib:/root/ros2_ws/install/moveit_ros_occupancy_map_monitor/lib:/root/ros2_ws/install/moveit_resources_prbt_ikfast_manipulator_plugin/lib:/root/ros2_ws/install/moveit_planners_stomp/lib:/root/ros2_ws/install/chomp_motion_planner/lib:/root/ros2_ws/install/moveit_core/lib:/root/ros2_ws/install/rviz_marker_tools/lib:/root/ros2_ws/install/moveit_task_constructor_msgs/lib:/root/ros2_ws/install/moveit_msgs/lib:${LD_LIBRARY_PATH} PATH=/root/ros2_ws/install/moveit_core/bin:${PATH} PYTHONPATH=/root/ros2_ws/install/moveit_task_constructor_core/lib/python3.12/site-packages:/root/ros2_ws/install/moveit_task_constructor_msgs/lib/python3.12/site-packages:/root/ros2_ws/install/moveit_msgs/lib/python3.12/site-packages:/root/ros2_ws/install/moveit_configs_utils/lib/python3.12/site-packages:${PYTHONPATH} /usr/bin/cmake /root/ros2_ws/src/moveit_task_constructor/visualization -DCMAKE_INSTALL_PREFIX=/root/ros2_ws/install/moveit_task_constructor_visualization
[14.508s] Invoking command in '/root/ros2_ws/build/moveit_task_constructor_visualization': AMENT_PREFIX_PATH=/root/ros2_ws/install/moveit_task_constructor_core:/root/ros2_ws/install/moveit_planners:/root/ros2_ws/install/pilz_industrial_motion_planner:/root/ros2_ws/install/moveit_ros_visualization:/root/ros2_ws/install/moveit_resources_prbt_pg70_support:/root/ros2_ws/install/moveit_ros_planning_interface:/root/ros2_ws/install/moveit_resources_prbt_moveit_config:/root/ros2_ws/install/moveit_ros_move_group:/root/ros2_ws/install/moveit_ros_warehouse:/root/ros2_ws/install/moveit_ros_robot_interaction:/root/ros2_ws/install/moveit_planners_ompl:/root/ros2_ws/install/moveit_kinematics:/root/ros2_ws/install/moveit_ros_planning:/root/ros2_ws/install/moveit_planners_chomp:/root/ros2_ws/install/pilz_industrial_motion_planner_testutils:/root/ros2_ws/install/moveit_simple_controller_manager:/root/ros2_ws/install/moveit_ros_occupancy_map_monitor:/root/ros2_ws/install/moveit_resources_prbt_ikfast_manipulator_plugin:/root/ros2_ws/install/moveit_planners_stomp:/root/ros2_ws/install/chomp_motion_planner:/root/ros2_ws/install/moveit_core:/root/ros2_ws/install/rviz_marker_tools:/root/ros2_ws/install/moveit_task_constructor_msgs:/root/ros2_ws/install/moveit_resources_panda_moveit_config:/root/ros2_ws/install/moveit_resources_fanuc_moveit_config:/root/ros2_ws/install/moveit_resources_prbt_support:/root/ros2_ws/install/moveit_resources_pr2_description:/root/ros2_ws/install/moveit_resources_panda_description:/root/ros2_ws/install/moveit_resources_fanuc_description:/root/ros2_ws/install/moveit_msgs:/root/ros2_ws/install/moveit_configs_utils:/root/ros2_ws/install/moveit_common:${AMENT_PREFIX_PATH} CMAKE_MODULE_PATH=/root/ros2_ws/install/moveit_task_constructor_core/share/moveit_task_constructor_core/cmake CMAKE_PREFIX_PATH=/root/ros2_ws/install/moveit_task_constructor_core:/root/ros2_ws/install/moveit_planners:/root/ros2_ws/install/pilz_industrial_motion_planner:/root/ros2_ws/install/moveit_ros_visualization:/root/ros2_ws/install/moveit_resources_prbt_pg70_support:/root/ros2_ws/install/moveit_ros_planning_interface:/root/ros2_ws/install/moveit_resources_prbt_moveit_config:/root/ros2_ws/install/moveit_ros_move_group:/root/ros2_ws/install/moveit_ros_warehouse:/root/ros2_ws/install/moveit_ros_robot_interaction:/root/ros2_ws/install/moveit_planners_ompl:/root/ros2_ws/install/moveit_kinematics:/root/ros2_ws/install/moveit_ros_planning:/root/ros2_ws/install/moveit_planners_chomp:/root/ros2_ws/install/pilz_industrial_motion_planner_testutils:/root/ros2_ws/install/moveit_simple_controller_manager:/root/ros2_ws/install/moveit_ros_occupancy_map_monitor:/root/ros2_ws/install/moveit_resources_prbt_ikfast_manipulator_plugin:/root/ros2_ws/install/moveit_planners_stomp:/root/ros2_ws/install/chomp_motion_planner:/root/ros2_ws/install/moveit_core:/root/ros2_ws/install/rviz_marker_tools:/root/ros2_ws/install/moveit_task_constructor_msgs:/root/ros2_ws/install/moveit_resources_panda_moveit_config:/root/ros2_ws/install/moveit_resources_fanuc_moveit_config:/root/ros2_ws/install/moveit_resources_prbt_support:/root/ros2_ws/install/moveit_resources_pr2_description:/root/ros2_ws/install/moveit_resources_panda_description:/root/ros2_ws/install/moveit_resources_fanuc_description:/root/ros2_ws/install/moveit_msgs:/root/ros2_ws/install/moveit_common:/opt/ros/jazzy/opt/gz_sim_vendor:/opt/ros/jazzy/opt/gz_sensors_vendor:/opt/ros/jazzy/opt/gz_physics_vendor:/opt/ros/jazzy/opt/sdformat_vendor:/opt/ros/jazzy/opt/gz_gui_vendor:/opt/ros/jazzy/opt/gz_transport_vendor:/opt/ros/jazzy/opt/gz_rendering_vendor:/opt/ros/jazzy/opt/gz_plugin_vendor:/opt/ros/jazzy/opt/gz_fuel_tools_vendor:/opt/ros/jazzy/opt/gz_msgs_vendor:/opt/ros/jazzy/opt/gz_common_vendor:/opt/ros/jazzy/opt/gz_math_vendor:/opt/ros/jazzy/opt/gz_utils_vendor:/opt/ros/jazzy/opt/gz_tools_vendor:/opt/ros/jazzy/opt/gz_ogre_next_vendor:/opt/ros/jazzy/opt/gz_dartsim_vendor:/opt/ros/jazzy/opt/gz_cmake_vendor:/opt/ros/jazzy LD_LIBRARY_PATH=/root/ros2_ws/install/moveit_task_constructor_core/lib:/root/ros2_ws/install/pilz_industrial_motion_planner/lib:/root/ros2_ws/install/moveit_ros_visualization/lib:/root/ros2_ws/install/moveit_ros_planning_interface/lib:/root/ros2_ws/install/moveit_ros_move_group/lib:/root/ros2_ws/install/moveit_ros_warehouse/lib:/root/ros2_ws/install/moveit_ros_robot_interaction/lib:/root/ros2_ws/install/moveit_planners_ompl/lib:/root/ros2_ws/install/moveit_kinematics/lib:/root/ros2_ws/install/moveit_ros_planning/lib:/root/ros2_ws/install/moveit_planners_chomp/lib:/root/ros2_ws/install/pilz_industrial_motion_planner_testutils/lib:/root/ros2_ws/install/moveit_simple_controller_manager/lib:/root/ros2_ws/install/moveit_ros_occupancy_map_monitor/lib:/root/ros2_ws/install/moveit_resources_prbt_ikfast_manipulator_plugin/lib:/root/ros2_ws/install/moveit_planners_stomp/lib:/root/ros2_ws/install/chomp_motion_planner/lib:/root/ros2_ws/install/moveit_core/lib:/root/ros2_ws/install/rviz_marker_tools/lib:/root/ros2_ws/install/moveit_task_constructor_msgs/lib:/root/ros2_ws/install/moveit_msgs/lib:${LD_LIBRARY_PATH} PATH=/root/ros2_ws/install/moveit_core/bin:${PATH} PYTHONPATH=/root/ros2_ws/install/moveit_task_constructor_core/lib/python3.12/site-packages:/root/ros2_ws/install/moveit_task_constructor_msgs/lib/python3.12/site-packages:/root/ros2_ws/install/moveit_msgs/lib/python3.12/site-packages:/root/ros2_ws/install/moveit_configs_utils/lib/python3.12/site-packages:${PYTHONPATH} /usr/bin/cmake --build /root/ros2_ws/build/moveit_task_constructor_visualization -- -j20 -l20
[14.833s] [  0%] Built target moveit_task_visualization_tools_autogen_timestamp_deps
[14.867s] [  0%] Built target gtest_main_autogen_timestamp_deps
[14.905s] [  0%] Built target gmock_autogen_timestamp_deps
[14.909s] [  0%] Built target motion_planning_tasks_utils_autogen_timestamp_deps
[14.918s] [  0%] Built target motion_planning_tasks_properties_autogen_timestamp_deps
[14.929s] [  0%] Built target gmock_main_autogen_timestamp_deps
[14.969s] [  0%] Built target gtest_autogen_timestamp_deps
[14.987s] [  1%] [34m[1mAutomatic MOC for target moveit_task_visualization_tools[0m
[15.046s] [  2%] [34m[1mAutomatic MOC for target gtest_main[0m
[15.062s] [  3%] [34m[1mAutomatic MOC for target gmock_main[0m
[15.071s] [  5%] [34m[1mAutomatic MOC for target gmock[0m
[15.072s] [  6%] [34m[1mAutomatic MOC for target motion_planning_tasks_utils[0m
[15.136s] [  7%] [34m[1mAutomatic MOC for target motion_planning_tasks_properties[0m
[15.157s] [  9%] [34m[1mAutomatic MOC for target gtest[0m
[15.337s] [  9%] Built target gtest_main_autogen
[15.340s] [  9%] Built target gmock_main_autogen
[15.365s] [  9%] Built target gmock_autogen
[15.464s] [  9%] Built target gtest_autogen
[15.464s] [  9%] Built target motion_planning_tasks_properties_autogen
[15.473s] [ 10%] [32mBuilding CXX object gtest/CMakeFiles/gtest_main.dir/src/gtest_main.cc.o[0m
[15.496s] [ 11%] [32mBuilding CXX object gtest/CMakeFiles/gtest_main.dir/gtest_main_autogen/mocs_compilation.cpp.o[0m
[15.507s] [ 13%] [32mBuilding CXX object gmock/CMakeFiles/gmock_main.dir/src/gmock_main.cc.o[0m
[15.507s] [ 14%] [32mBuilding CXX object gmock/CMakeFiles/gmock.dir/gmock_autogen/mocs_compilation.cpp.o[0m
[15.520s] [ 15%] [32mBuilding CXX object gmock/CMakeFiles/gmock_main.dir/gmock_main_autogen/mocs_compilation.cpp.o[0m
[15.552s] [ 17%] [32mBuilding CXX object gmock/CMakeFiles/gmock.dir/opt/ros/jazzy/src/gtest_vendor/src/gtest-all.cc.o[0m
[15.565s] [ 18%] [32mBuilding CXX object gmock/CMakeFiles/gmock.dir/src/gmock-all.cc.o[0m
[15.644s] [ 19%] [32mBuilding CXX object gtest/CMakeFiles/gtest.dir/gtest_autogen/mocs_compilation.cpp.o[0m
[15.663s] [ 21%] [32mBuilding CXX object motion_planning_tasks/properties/CMakeFiles/motion_planning_tasks_properties.dir/property_factory.cpp.o[0m
[15.685s] [ 22%] [32mBuilding CXX object gtest/CMakeFiles/gtest.dir/src/gtest-all.cc.o[0m
[15.692s] [ 23%] [32mBuilding CXX object motion_planning_tasks/properties/CMakeFiles/motion_planning_tasks_properties.dir/property_from_yaml.cpp.o[0m
[15.722s] [ 25%] [32mBuilding CXX object motion_planning_tasks/properties/CMakeFiles/motion_planning_tasks_properties.dir/motion_planning_tasks_properties_autogen/mocs_compilation.cpp.o[0m
[16.168s] [ 25%] Built target motion_planning_tasks_utils_autogen
[16.355s] [ 26%] [32mBuilding CXX object motion_planning_tasks/utils/CMakeFiles/motion_planning_tasks_utils.dir/flat_merge_proxy_model.cpp.o[0m
[16.361s] [ 27%] [32mBuilding CXX object motion_planning_tasks/utils/CMakeFiles/motion_planning_tasks_utils.dir/icon.cpp.o[0m
[16.393s] [ 28%] [32mBuilding CXX object motion_planning_tasks/utils/CMakeFiles/motion_planning_tasks_utils.dir/motion_planning_tasks_utils_autogen/mocs_compilation.cpp.o[0m
[16.400s] [ 30%] [32mBuilding CXX object motion_planning_tasks/utils/CMakeFiles/motion_planning_tasks_utils.dir/tree_merge_proxy_model.cpp.o[0m
[17.113s] [ 30%] Built target moveit_task_visualization_tools_autogen
[17.305s] [ 31%] [32mBuilding CXX object visualization_tools/CMakeFiles/moveit_task_visualization_tools.dir/moveit_task_visualization_tools_autogen/mocs_compilation.cpp.o[0m
[17.330s] [ 32%] [32mBuilding CXX object visualization_tools/CMakeFiles/moveit_task_visualization_tools.dir/src/marker_visualization.cpp.o[0m
[17.338s] [ 34%] [32mBuilding CXX object visualization_tools/CMakeFiles/moveit_task_visualization_tools.dir/src/display_solution.cpp.o[0m
[17.342s] [ 35%] [32mBuilding CXX object visualization_tools/CMakeFiles/moveit_task_visualization_tools.dir/src/task_solution_panel.cpp.o[0m
[17.357s] [ 36%] [32mBuilding CXX object visualization_tools/CMakeFiles/moveit_task_visualization_tools.dir/src/task_solution_visualization.cpp.o[0m
[22.166s] [ 38%] [32m[1mLinking CXX static library libgtest_main.a[0m
[22.476s] [ 39%] Built target gtest_main
[22.497s] [ 40%] [32m[1mLinking CXX static library libgmock_main.a[0m
[22.723s] [ 42%] Built target gmock_main
[29.081s] [ 43%] [32m[1mLinking CXX shared library libmotion_planning_tasks_utils.so[0m
[30.412s] [ 44%] Built target motion_planning_tasks_utils
[38.718s] [ 46%] [32m[1mLinking CXX shared library libmotion_planning_tasks_properties.so[0m
[41.957s] [ 47%] Built target motion_planning_tasks_properties
[49.871s] [ 48%] [32m[1mLinking CXX static library libgmock.a[0m
[49.972s] [ 50%] Built target gmock
[51.896s] [ 51%] [32m[1mLinking CXX static library libgtest.a[0m
[52.018s] [ 52%] Built target gtest
[56.602s] [ 53%] [32m[1mLinking CXX shared library libmoveit_task_visualization_tools.so[0m
[63.261s] [ 55%] Built target moveit_task_visualization_tools
[63.303s] [ 55%] Built target motion_planning_tasks_rviz_plugin_autogen_timestamp_deps
[63.304s] [ 55%] Built target moveit_task_constructor_visualization-test-merge-models_autogen_timestamp_deps
[63.340s] [ 56%] [34m[1mAutomatic MOC for target motion_planning_tasks_rviz_plugin[0m
[63.340s] [ 57%] [34m[1mAutomatic MOC for target moveit_task_constructor_visualization-test-merge-models[0m
[63.434s] [ 57%] Built target moveit_task_constructor_visualization-test-merge-models_autogen
[63.500s] [ 59%] [32mBuilding CXX object motion_planning_tasks/test/CMakeFiles/moveit_task_constructor_visualization-test-merge-models.dir/test_merge_models.cpp.o[0m
[63.501s] [ 60%] [32mBuilding CXX object motion_planning_tasks/test/CMakeFiles/moveit_task_constructor_visualization-test-merge-models.dir/moveit_task_constructor_visualization-test-merge-models_autogen/mocs_compilation.cpp.o[0m
[65.776s] [ 60%] Built target motion_planning_tasks_rviz_plugin_autogen
[65.849s] [ 61%] [34m[1mGenerating ui_task_view.h[0m
[65.869s] [ 63%] [34m[1mAutomatic RCC for resources.qrc[0m
[65.896s] [ 64%] [34m[1mGenerating ui_task_panel.h[0m
[65.901s] [ 65%] [34m[1mGenerating ui_global_settings.h[0m
[66.203s] [ 67%] [32mBuilding CXX object motion_planning_tasks/src/CMakeFiles/motion_planning_tasks_rviz_plugin.dir/motion_planning_tasks_rviz_plugin_autogen/mocs_compilation.cpp.o[0m
[66.204s] [ 68%] [32mBuilding CXX object motion_planning_tasks/src/CMakeFiles/motion_planning_tasks_rviz_plugin.dir/factory_model.cpp.o[0m
[66.209s] [ 69%] [32mBuilding CXX object motion_planning_tasks/src/CMakeFiles/motion_planning_tasks_rviz_plugin.dir/icons.cpp.o[0m
[66.237s] [ 71%] [32mBuilding CXX object motion_planning_tasks/src/CMakeFiles/motion_planning_tasks_rviz_plugin.dir/job_queue.cpp.o[0m
[74.248s] [ 72%] [32m[1mLinking CXX executable moveit_task_constructor_visualization-test-merge-models[0m
[76.063s] [ 73%] Built target moveit_task_constructor_visualization-test-merge-models
[116.174s] [ 75%] [32mBuilding CXX object motion_planning_tasks/src/CMakeFiles/motion_planning_tasks_rviz_plugin.dir/motion_planning_tasks_rviz_plugin_autogen/EWIEGA46WW/qrc_resources.cpp.o[0m
[116.383s] [ 76%] [32mBuilding CXX object motion_planning_tasks/src/CMakeFiles/motion_planning_tasks_rviz_plugin.dir/task_panel.cpp.o[0m
[142.848s] [ 77%] [32mBuilding CXX object motion_planning_tasks/src/CMakeFiles/motion_planning_tasks_rviz_plugin.dir/task_list_model.cpp.o[0m
[159.509s] [ 78%] [32mBuilding CXX object motion_planning_tasks/src/CMakeFiles/motion_planning_tasks_rviz_plugin.dir/task_display.cpp.o[0m
[159.509s] [ 80%] [32mBuilding CXX object motion_planning_tasks/src/CMakeFiles/motion_planning_tasks_rviz_plugin.dir/remote_task_model.cpp.o[0m
[159.513s] [ 82%] [32mBuilding CXX object motion_planning_tasks/src/CMakeFiles/motion_planning_tasks_rviz_plugin.dir/local_task_model.cpp.o[0m
[159.514s] [ 82%] [32mBuilding CXX object motion_planning_tasks/src/CMakeFiles/motion_planning_tasks_rviz_plugin.dir/meta_task_list_model.cpp.o[0m
[159.514s] [ 84%] [32mBuilding CXX object motion_planning_tasks/src/CMakeFiles/motion_planning_tasks_rviz_plugin.dir/plugin_init.cpp.o[0m
[210.597s] [ 85%] [32m[1mLinking CXX shared library libmotion_planning_tasks_rviz_plugin.so[0m
[214.136s] [ 86%] Built target motion_planning_tasks_rviz_plugin
[214.173s] [ 86%] Built target moveit_task_constructor_visualization-test-solution-models_autogen_timestamp_deps
[214.175s] [ 86%] Built target moveit_task_constructor_visualization-test-task_model_autogen_timestamp_deps
[214.211s] [ 88%] [34m[1mAutomatic MOC for target moveit_task_constructor_visualization-test-task_model[0m
[214.219s] [ 89%] [34m[1mAutomatic MOC for target moveit_task_constructor_visualization-test-solution-models[0m
[214.269s] [ 89%] Built target moveit_task_constructor_visualization-test-task_model_autogen
[214.284s] [ 89%] Built target moveit_task_constructor_visualization-test-solution-models_autogen
[214.305s] [ 90%] [32mBuilding CXX object motion_planning_tasks/test/CMakeFiles/moveit_task_constructor_visualization-test-task_model.dir/moveit_task_constructor_visualization-test-task_model_autogen/mocs_compilation.cpp.o[0m
[214.309s] [ 92%] [32mBuilding CXX object motion_planning_tasks/test/CMakeFiles/moveit_task_constructor_visualization-test-task_model.dir/test_task_model.cpp.o[0m
[214.327s] [ 93%] [32mBuilding CXX object motion_planning_tasks/test/CMakeFiles/moveit_task_constructor_visualization-test-solution-models.dir/test_solution_models.cpp.o[0m
[214.332s] [ 94%] [32mBuilding CXX object motion_planning_tasks/test/CMakeFiles/moveit_task_constructor_visualization-test-solution-models.dir/moveit_task_constructor_visualization-test-solution-models_autogen/mocs_compilation.cpp.o[0m
[220.855s] [ 96%] [32m[1mLinking CXX executable moveit_task_constructor_visualization-test-solution-models[0m
[221.491s] [ 97%] [32m[1mLinking CXX executable moveit_task_constructor_visualization-test-task_model[0m
[221.598s] [ 98%] Built target moveit_task_constructor_visualization-test-solution-models
[222.200s] [100%] Built target moveit_task_constructor_visualization-test-task_model
[222.216s] Invoked command in '/root/ros2_ws/build/moveit_task_constructor_visualization' returned '0': AMENT_PREFIX_PATH=/root/ros2_ws/install/moveit_task_constructor_core:/root/ros2_ws/install/moveit_planners:/root/ros2_ws/install/pilz_industrial_motion_planner:/root/ros2_ws/install/moveit_ros_visualization:/root/ros2_ws/install/moveit_resources_prbt_pg70_support:/root/ros2_ws/install/moveit_ros_planning_interface:/root/ros2_ws/install/moveit_resources_prbt_moveit_config:/root/ros2_ws/install/moveit_ros_move_group:/root/ros2_ws/install/moveit_ros_warehouse:/root/ros2_ws/install/moveit_ros_robot_interaction:/root/ros2_ws/install/moveit_planners_ompl:/root/ros2_ws/install/moveit_kinematics:/root/ros2_ws/install/moveit_ros_planning:/root/ros2_ws/install/moveit_planners_chomp:/root/ros2_ws/install/pilz_industrial_motion_planner_testutils:/root/ros2_ws/install/moveit_simple_controller_manager:/root/ros2_ws/install/moveit_ros_occupancy_map_monitor:/root/ros2_ws/install/moveit_resources_prbt_ikfast_manipulator_plugin:/root/ros2_ws/install/moveit_planners_stomp:/root/ros2_ws/install/chomp_motion_planner:/root/ros2_ws/install/moveit_core:/root/ros2_ws/install/rviz_marker_tools:/root/ros2_ws/install/moveit_task_constructor_msgs:/root/ros2_ws/install/moveit_resources_panda_moveit_config:/root/ros2_ws/install/moveit_resources_fanuc_moveit_config:/root/ros2_ws/install/moveit_resources_prbt_support:/root/ros2_ws/install/moveit_resources_pr2_description:/root/ros2_ws/install/moveit_resources_panda_description:/root/ros2_ws/install/moveit_resources_fanuc_description:/root/ros2_ws/install/moveit_msgs:/root/ros2_ws/install/moveit_configs_utils:/root/ros2_ws/install/moveit_common:${AMENT_PREFIX_PATH} CMAKE_MODULE_PATH=/root/ros2_ws/install/moveit_task_constructor_core/share/moveit_task_constructor_core/cmake CMAKE_PREFIX_PATH=/root/ros2_ws/install/moveit_task_constructor_core:/root/ros2_ws/install/moveit_planners:/root/ros2_ws/install/pilz_industrial_motion_planner:/root/ros2_ws/install/moveit_ros_visualization:/root/ros2_ws/install/moveit_resources_prbt_pg70_support:/root/ros2_ws/install/moveit_ros_planning_interface:/root/ros2_ws/install/moveit_resources_prbt_moveit_config:/root/ros2_ws/install/moveit_ros_move_group:/root/ros2_ws/install/moveit_ros_warehouse:/root/ros2_ws/install/moveit_ros_robot_interaction:/root/ros2_ws/install/moveit_planners_ompl:/root/ros2_ws/install/moveit_kinematics:/root/ros2_ws/install/moveit_ros_planning:/root/ros2_ws/install/moveit_planners_chomp:/root/ros2_ws/install/pilz_industrial_motion_planner_testutils:/root/ros2_ws/install/moveit_simple_controller_manager:/root/ros2_ws/install/moveit_ros_occupancy_map_monitor:/root/ros2_ws/install/moveit_resources_prbt_ikfast_manipulator_plugin:/root/ros2_ws/install/moveit_planners_stomp:/root/ros2_ws/install/chomp_motion_planner:/root/ros2_ws/install/moveit_core:/root/ros2_ws/install/rviz_marker_tools:/root/ros2_ws/install/moveit_task_constructor_msgs:/root/ros2_ws/install/moveit_resources_panda_moveit_config:/root/ros2_ws/install/moveit_resources_fanuc_moveit_config:/root/ros2_ws/install/moveit_resources_prbt_support:/root/ros2_ws/install/moveit_resources_pr2_description:/root/ros2_ws/install/moveit_resources_panda_description:/root/ros2_ws/install/moveit_resources_fanuc_description:/root/ros2_ws/install/moveit_msgs:/root/ros2_ws/install/moveit_common:/opt/ros/jazzy/opt/gz_sim_vendor:/opt/ros/jazzy/opt/gz_sensors_vendor:/opt/ros/jazzy/opt/gz_physics_vendor:/opt/ros/jazzy/opt/sdformat_vendor:/opt/ros/jazzy/opt/gz_gui_vendor:/opt/ros/jazzy/opt/gz_transport_vendor:/opt/ros/jazzy/opt/gz_rendering_vendor:/opt/ros/jazzy/opt/gz_plugin_vendor:/opt/ros/jazzy/opt/gz_fuel_tools_vendor:/opt/ros/jazzy/opt/gz_msgs_vendor:/opt/ros/jazzy/opt/gz_common_vendor:/opt/ros/jazzy/opt/gz_math_vendor:/opt/ros/jazzy/opt/gz_utils_vendor:/opt/ros/jazzy/opt/gz_tools_vendor:/opt/ros/jazzy/opt/gz_ogre_next_vendor:/opt/ros/jazzy/opt/gz_dartsim_vendor:/opt/ros/jazzy/opt/gz_cmake_vendor:/opt/ros/jazzy LD_LIBRARY_PATH=/root/ros2_ws/install/moveit_task_constructor_core/lib:/root/ros2_ws/install/pilz_industrial_motion_planner/lib:/root/ros2_ws/install/moveit_ros_visualization/lib:/root/ros2_ws/install/moveit_ros_planning_interface/lib:/root/ros2_ws/install/moveit_ros_move_group/lib:/root/ros2_ws/install/moveit_ros_warehouse/lib:/root/ros2_ws/install/moveit_ros_robot_interaction/lib:/root/ros2_ws/install/moveit_planners_ompl/lib:/root/ros2_ws/install/moveit_kinematics/lib:/root/ros2_ws/install/moveit_ros_planning/lib:/root/ros2_ws/install/moveit_planners_chomp/lib:/root/ros2_ws/install/pilz_industrial_motion_planner_testutils/lib:/root/ros2_ws/install/moveit_simple_controller_manager/lib:/root/ros2_ws/install/moveit_ros_occupancy_map_monitor/lib:/root/ros2_ws/install/moveit_resources_prbt_ikfast_manipulator_plugin/lib:/root/ros2_ws/install/moveit_planners_stomp/lib:/root/ros2_ws/install/chomp_motion_planner/lib:/root/ros2_ws/install/moveit_core/lib:/root/ros2_ws/install/rviz_marker_tools/lib:/root/ros2_ws/install/moveit_task_constructor_msgs/lib:/root/ros2_ws/install/moveit_msgs/lib:${LD_LIBRARY_PATH} PATH=/root/ros2_ws/install/moveit_core/bin:${PATH} PYTHONPATH=/root/ros2_ws/install/moveit_task_constructor_core/lib/python3.12/site-packages:/root/ros2_ws/install/moveit_task_constructor_msgs/lib/python3.12/site-packages:/root/ros2_ws/install/moveit_msgs/lib/python3.12/site-packages:/root/ros2_ws/install/moveit_configs_utils/lib/python3.12/site-packages:${PYTHONPATH} /usr/bin/cmake --build /root/ros2_ws/build/moveit_task_constructor_visualization -- -j20 -l20
[222.218s] Invoking command in '/root/ros2_ws/build/moveit_task_constructor_visualization': AMENT_PREFIX_PATH=/root/ros2_ws/install/moveit_task_constructor_core:/root/ros2_ws/install/moveit_planners:/root/ros2_ws/install/pilz_industrial_motion_planner:/root/ros2_ws/install/moveit_ros_visualization:/root/ros2_ws/install/moveit_resources_prbt_pg70_support:/root/ros2_ws/install/moveit_ros_planning_interface:/root/ros2_ws/install/moveit_resources_prbt_moveit_config:/root/ros2_ws/install/moveit_ros_move_group:/root/ros2_ws/install/moveit_ros_warehouse:/root/ros2_ws/install/moveit_ros_robot_interaction:/root/ros2_ws/install/moveit_planners_ompl:/root/ros2_ws/install/moveit_kinematics:/root/ros2_ws/install/moveit_ros_planning:/root/ros2_ws/install/moveit_planners_chomp:/root/ros2_ws/install/pilz_industrial_motion_planner_testutils:/root/ros2_ws/install/moveit_simple_controller_manager:/root/ros2_ws/install/moveit_ros_occupancy_map_monitor:/root/ros2_ws/install/moveit_resources_prbt_ikfast_manipulator_plugin:/root/ros2_ws/install/moveit_planners_stomp:/root/ros2_ws/install/chomp_motion_planner:/root/ros2_ws/install/moveit_core:/root/ros2_ws/install/rviz_marker_tools:/root/ros2_ws/install/moveit_task_constructor_msgs:/root/ros2_ws/install/moveit_resources_panda_moveit_config:/root/ros2_ws/install/moveit_resources_fanuc_moveit_config:/root/ros2_ws/install/moveit_resources_prbt_support:/root/ros2_ws/install/moveit_resources_pr2_description:/root/ros2_ws/install/moveit_resources_panda_description:/root/ros2_ws/install/moveit_resources_fanuc_description:/root/ros2_ws/install/moveit_msgs:/root/ros2_ws/install/moveit_configs_utils:/root/ros2_ws/install/moveit_common:${AMENT_PREFIX_PATH} CMAKE_MODULE_PATH=/root/ros2_ws/install/moveit_task_constructor_core/share/moveit_task_constructor_core/cmake CMAKE_PREFIX_PATH=/root/ros2_ws/install/moveit_task_constructor_core:/root/ros2_ws/install/moveit_planners:/root/ros2_ws/install/pilz_industrial_motion_planner:/root/ros2_ws/install/moveit_ros_visualization:/root/ros2_ws/install/moveit_resources_prbt_pg70_support:/root/ros2_ws/install/moveit_ros_planning_interface:/root/ros2_ws/install/moveit_resources_prbt_moveit_config:/root/ros2_ws/install/moveit_ros_move_group:/root/ros2_ws/install/moveit_ros_warehouse:/root/ros2_ws/install/moveit_ros_robot_interaction:/root/ros2_ws/install/moveit_planners_ompl:/root/ros2_ws/install/moveit_kinematics:/root/ros2_ws/install/moveit_ros_planning:/root/ros2_ws/install/moveit_planners_chomp:/root/ros2_ws/install/pilz_industrial_motion_planner_testutils:/root/ros2_ws/install/moveit_simple_controller_manager:/root/ros2_ws/install/moveit_ros_occupancy_map_monitor:/root/ros2_ws/install/moveit_resources_prbt_ikfast_manipulator_plugin:/root/ros2_ws/install/moveit_planners_stomp:/root/ros2_ws/install/chomp_motion_planner:/root/ros2_ws/install/moveit_core:/root/ros2_ws/install/rviz_marker_tools:/root/ros2_ws/install/moveit_task_constructor_msgs:/root/ros2_ws/install/moveit_resources_panda_moveit_config:/root/ros2_ws/install/moveit_resources_fanuc_moveit_config:/root/ros2_ws/install/moveit_resources_prbt_support:/root/ros2_ws/install/moveit_resources_pr2_description:/root/ros2_ws/install/moveit_resources_panda_description:/root/ros2_ws/install/moveit_resources_fanuc_description:/root/ros2_ws/install/moveit_msgs:/root/ros2_ws/install/moveit_common:/opt/ros/jazzy/opt/gz_sim_vendor:/opt/ros/jazzy/opt/gz_sensors_vendor:/opt/ros/jazzy/opt/gz_physics_vendor:/opt/ros/jazzy/opt/sdformat_vendor:/opt/ros/jazzy/opt/gz_gui_vendor:/opt/ros/jazzy/opt/gz_transport_vendor:/opt/ros/jazzy/opt/gz_rendering_vendor:/opt/ros/jazzy/opt/gz_plugin_vendor:/opt/ros/jazzy/opt/gz_fuel_tools_vendor:/opt/ros/jazzy/opt/gz_msgs_vendor:/opt/ros/jazzy/opt/gz_common_vendor:/opt/ros/jazzy/opt/gz_math_vendor:/opt/ros/jazzy/opt/gz_utils_vendor:/opt/ros/jazzy/opt/gz_tools_vendor:/opt/ros/jazzy/opt/gz_ogre_next_vendor:/opt/ros/jazzy/opt/gz_dartsim_vendor:/opt/ros/jazzy/opt/gz_cmake_vendor:/opt/ros/jazzy LD_LIBRARY_PATH=/root/ros2_ws/install/moveit_task_constructor_core/lib:/root/ros2_ws/install/pilz_industrial_motion_planner/lib:/root/ros2_ws/install/moveit_ros_visualization/lib:/root/ros2_ws/install/moveit_ros_planning_interface/lib:/root/ros2_ws/install/moveit_ros_move_group/lib:/root/ros2_ws/install/moveit_ros_warehouse/lib:/root/ros2_ws/install/moveit_ros_robot_interaction/lib:/root/ros2_ws/install/moveit_planners_ompl/lib:/root/ros2_ws/install/moveit_kinematics/lib:/root/ros2_ws/install/moveit_ros_planning/lib:/root/ros2_ws/install/moveit_planners_chomp/lib:/root/ros2_ws/install/pilz_industrial_motion_planner_testutils/lib:/root/ros2_ws/install/moveit_simple_controller_manager/lib:/root/ros2_ws/install/moveit_ros_occupancy_map_monitor/lib:/root/ros2_ws/install/moveit_resources_prbt_ikfast_manipulator_plugin/lib:/root/ros2_ws/install/moveit_planners_stomp/lib:/root/ros2_ws/install/chomp_motion_planner/lib:/root/ros2_ws/install/moveit_core/lib:/root/ros2_ws/install/rviz_marker_tools/lib:/root/ros2_ws/install/moveit_task_constructor_msgs/lib:/root/ros2_ws/install/moveit_msgs/lib:${LD_LIBRARY_PATH} PATH=/root/ros2_ws/install/moveit_core/bin:${PATH} PYTHONPATH=/root/ros2_ws/install/moveit_task_constructor_core/lib/python3.12/site-packages:/root/ros2_ws/install/moveit_task_constructor_msgs/lib/python3.12/site-packages:/root/ros2_ws/install/moveit_msgs/lib/python3.12/site-packages:/root/ros2_ws/install/moveit_configs_utils/lib/python3.12/site-packages:${PYTHONPATH} /usr/bin/cmake --install /root/ros2_ws/build/moveit_task_constructor_visualization
[222.230s] -- Install configuration: "Release"
[222.230s] -- Installing: /root/ros2_ws/install/moveit_task_constructor_visualization/include
[222.230s] -- Installing: /root/ros2_ws/install/moveit_task_constructor_visualization/include/moveit
[222.230s] -- Installing: /root/ros2_ws/install/moveit_task_constructor_visualization/include/moveit/visualization_tools
[222.230s] -- Installing: /root/ros2_ws/install/moveit_task_constructor_visualization/include/moveit/visualization_tools/task_solution_visualization.h
[222.230s] -- Installing: /root/ros2_ws/install/moveit_task_constructor_visualization/include/moveit/visualization_tools/display_solution.h
[222.230s] -- Installing: /root/ros2_ws/install/moveit_task_constructor_visualization/include/moveit/visualization_tools/marker_visualization.h
[222.231s] -- Installing: /root/ros2_ws/install/moveit_task_constructor_visualization/include/moveit/visualization_tools/task_solution_panel.h
[222.231s] -- Installing: /root/ros2_ws/install/moveit_task_constructor_visualization/lib/libmoveit_task_visualization_tools.so.0.1.3
[222.231s] -- Set non-toolchain portion of runtime path of "/root/ros2_ws/install/moveit_task_constructor_visualization/lib/libmoveit_task_visualization_tools.so.0.1.3" to ""
[222.231s] -- Installing: /root/ros2_ws/install/moveit_task_constructor_visualization/lib/libmoveit_task_visualization_tools.so
[222.231s] -- Installing: /root/ros2_ws/install/moveit_task_constructor_visualization/lib/libmotion_planning_tasks_utils.so
[222.232s] -- Installing: /root/ros2_ws/install/moveit_task_constructor_visualization/lib/libmotion_planning_tasks_properties.so
[222.232s] -- Set non-toolchain portion of runtime path of "/root/ros2_ws/install/moveit_task_constructor_visualization/lib/libmotion_planning_tasks_properties.so" to ""
[222.232s] -- Installing: /root/ros2_ws/install/moveit_task_constructor_visualization/lib/libmotion_planning_tasks_rviz_plugin.so.0.1.3
[222.234s] -- Set non-toolchain portion of runtime path of "/root/ros2_ws/install/moveit_task_constructor_visualization/lib/libmotion_planning_tasks_rviz_plugin.so.0.1.3" to ""
[222.234s] -- Installing: /root/ros2_ws/install/moveit_task_constructor_visualization/lib/libmotion_planning_tasks_rviz_plugin.so
[222.235s] -- Installing: /root/ros2_ws/install/moveit_task_constructor_visualization/share/icons
[222.235s] -- Installing: /root/ros2_ws/install/moveit_task_constructor_visualization/share/icons/classes
[222.235s] -- Installing: /root/ros2_ws/install/moveit_task_constructor_visualization/share/icons/classes/Motion Planning Tasks.svg
[222.235s] -- Installing: /root/ros2_ws/install/moveit_task_constructor_visualization/share/moveit_task_constructor_visualization/motion_planning_tasks_rviz_plugin_description.xml
[222.235s] -- Installing: /root/ros2_ws/install/moveit_task_constructor_visualization/share/moveit_task_constructor_visualization/environment/library_path.sh
[222.235s] -- Installing: /root/ros2_ws/install/moveit_task_constructor_visualization/share/moveit_task_constructor_visualization/environment/library_path.dsv
[222.235s] -- Installing: /root/ros2_ws/install/moveit_task_constructor_visualization/share/ament_index/resource_index/package_run_dependencies/moveit_task_constructor_visualization
[222.235s] -- Installing: /root/ros2_ws/install/moveit_task_constructor_visualization/share/ament_index/resource_index/parent_prefix_path/moveit_task_constructor_visualization
[222.235s] -- Installing: /root/ros2_ws/install/moveit_task_constructor_visualization/share/moveit_task_constructor_visualization/environment/ament_prefix_path.sh
[222.235s] -- Installing: /root/ros2_ws/install/moveit_task_constructor_visualization/share/moveit_task_constructor_visualization/environment/ament_prefix_path.dsv
[222.235s] -- Installing: /root/ros2_ws/install/moveit_task_constructor_visualization/share/moveit_task_constructor_visualization/environment/path.sh
[222.235s] -- Installing: /root/ros2_ws/install/moveit_task_constructor_visualization/share/moveit_task_constructor_visualization/environment/path.dsv
[222.235s] -- Installing: /root/ros2_ws/install/moveit_task_constructor_visualization/share/moveit_task_constructor_visualization/local_setup.bash
[222.236s] -- Installing: /root/ros2_ws/install/moveit_task_constructor_visualization/share/moveit_task_constructor_visualization/local_setup.sh
[222.236s] -- Installing: /root/ros2_ws/install/moveit_task_constructor_visualization/share/moveit_task_constructor_visualization/local_setup.zsh
[222.236s] -- Installing: /root/ros2_ws/install/moveit_task_constructor_visualization/share/moveit_task_constructor_visualization/local_setup.dsv
[222.236s] -- Installing: /root/ros2_ws/install/moveit_task_constructor_visualization/share/moveit_task_constructor_visualization/package.dsv
[222.236s] -- Installing: /root/ros2_ws/install/moveit_task_constructor_visualization/share/ament_index/resource_index/packages/moveit_task_constructor_visualization
[222.236s] -- Installing: /root/ros2_ws/install/moveit_task_constructor_visualization/share/ament_index/resource_index/rviz_common__pluginlib__plugin/moveit_task_constructor_visualization
[222.236s] -- Installing: /root/ros2_ws/install/moveit_task_constructor_visualization/share/moveit_task_constructor_visualization/cmake/ament_cmake_export_include_directories-extras.cmake
[222.236s] -- Installing: /root/ros2_ws/install/moveit_task_constructor_visualization/share/moveit_task_constructor_visualization/cmake/ament_cmake_export_libraries-extras.cmake
[222.236s] -- Installing: /root/ros2_ws/install/moveit_task_constructor_visualization/share/moveit_task_constructor_visualization/cmake/ament_cmake_export_dependencies-extras.cmake
[222.236s] -- Installing: /root/ros2_ws/install/moveit_task_constructor_visualization/share/moveit_task_constructor_visualization/cmake/moveit_task_constructor_visualizationConfig.cmake
[222.236s] -- Installing: /root/ros2_ws/install/moveit_task_constructor_visualization/share/moveit_task_constructor_visualization/cmake/moveit_task_constructor_visualizationConfig-version.cmake
[222.236s] -- Installing: /root/ros2_ws/install/moveit_task_constructor_visualization/share/moveit_task_constructor_visualization/package.xml
[222.239s] Invoked command in '/root/ros2_ws/build/moveit_task_constructor_visualization' returned '0': AMENT_PREFIX_PATH=/root/ros2_ws/install/moveit_task_constructor_core:/root/ros2_ws/install/moveit_planners:/root/ros2_ws/install/pilz_industrial_motion_planner:/root/ros2_ws/install/moveit_ros_visualization:/root/ros2_ws/install/moveit_resources_prbt_pg70_support:/root/ros2_ws/install/moveit_ros_planning_interface:/root/ros2_ws/install/moveit_resources_prbt_moveit_config:/root/ros2_ws/install/moveit_ros_move_group:/root/ros2_ws/install/moveit_ros_warehouse:/root/ros2_ws/install/moveit_ros_robot_interaction:/root/ros2_ws/install/moveit_planners_ompl:/root/ros2_ws/install/moveit_kinematics:/root/ros2_ws/install/moveit_ros_planning:/root/ros2_ws/install/moveit_planners_chomp:/root/ros2_ws/install/pilz_industrial_motion_planner_testutils:/root/ros2_ws/install/moveit_simple_controller_manager:/root/ros2_ws/install/moveit_ros_occupancy_map_monitor:/root/ros2_ws/install/moveit_resources_prbt_ikfast_manipulator_plugin:/root/ros2_ws/install/moveit_planners_stomp:/root/ros2_ws/install/chomp_motion_planner:/root/ros2_ws/install/moveit_core:/root/ros2_ws/install/rviz_marker_tools:/root/ros2_ws/install/moveit_task_constructor_msgs:/root/ros2_ws/install/moveit_resources_panda_moveit_config:/root/ros2_ws/install/moveit_resources_fanuc_moveit_config:/root/ros2_ws/install/moveit_resources_prbt_support:/root/ros2_ws/install/moveit_resources_pr2_description:/root/ros2_ws/install/moveit_resources_panda_description:/root/ros2_ws/install/moveit_resources_fanuc_description:/root/ros2_ws/install/moveit_msgs:/root/ros2_ws/install/moveit_configs_utils:/root/ros2_ws/install/moveit_common:${AMENT_PREFIX_PATH} CMAKE_MODULE_PATH=/root/ros2_ws/install/moveit_task_constructor_core/share/moveit_task_constructor_core/cmake CMAKE_PREFIX_PATH=/root/ros2_ws/install/moveit_task_constructor_core:/root/ros2_ws/install/moveit_planners:/root/ros2_ws/install/pilz_industrial_motion_planner:/root/ros2_ws/install/moveit_ros_visualization:/root/ros2_ws/install/moveit_resources_prbt_pg70_support:/root/ros2_ws/install/moveit_ros_planning_interface:/root/ros2_ws/install/moveit_resources_prbt_moveit_config:/root/ros2_ws/install/moveit_ros_move_group:/root/ros2_ws/install/moveit_ros_warehouse:/root/ros2_ws/install/moveit_ros_robot_interaction:/root/ros2_ws/install/moveit_planners_ompl:/root/ros2_ws/install/moveit_kinematics:/root/ros2_ws/install/moveit_ros_planning:/root/ros2_ws/install/moveit_planners_chomp:/root/ros2_ws/install/pilz_industrial_motion_planner_testutils:/root/ros2_ws/install/moveit_simple_controller_manager:/root/ros2_ws/install/moveit_ros_occupancy_map_monitor:/root/ros2_ws/install/moveit_resources_prbt_ikfast_manipulator_plugin:/root/ros2_ws/install/moveit_planners_stomp:/root/ros2_ws/install/chomp_motion_planner:/root/ros2_ws/install/moveit_core:/root/ros2_ws/install/rviz_marker_tools:/root/ros2_ws/install/moveit_task_constructor_msgs:/root/ros2_ws/install/moveit_resources_panda_moveit_config:/root/ros2_ws/install/moveit_resources_fanuc_moveit_config:/root/ros2_ws/install/moveit_resources_prbt_support:/root/ros2_ws/install/moveit_resources_pr2_description:/root/ros2_ws/install/moveit_resources_panda_description:/root/ros2_ws/install/moveit_resources_fanuc_description:/root/ros2_ws/install/moveit_msgs:/root/ros2_ws/install/moveit_common:/opt/ros/jazzy/opt/gz_sim_vendor:/opt/ros/jazzy/opt/gz_sensors_vendor:/opt/ros/jazzy/opt/gz_physics_vendor:/opt/ros/jazzy/opt/sdformat_vendor:/opt/ros/jazzy/opt/gz_gui_vendor:/opt/ros/jazzy/opt/gz_transport_vendor:/opt/ros/jazzy/opt/gz_rendering_vendor:/opt/ros/jazzy/opt/gz_plugin_vendor:/opt/ros/jazzy/opt/gz_fuel_tools_vendor:/opt/ros/jazzy/opt/gz_msgs_vendor:/opt/ros/jazzy/opt/gz_common_vendor:/opt/ros/jazzy/opt/gz_math_vendor:/opt/ros/jazzy/opt/gz_utils_vendor:/opt/ros/jazzy/opt/gz_tools_vendor:/opt/ros/jazzy/opt/gz_ogre_next_vendor:/opt/ros/jazzy/opt/gz_dartsim_vendor:/opt/ros/jazzy/opt/gz_cmake_vendor:/opt/ros/jazzy LD_LIBRARY_PATH=/root/ros2_ws/install/moveit_task_constructor_core/lib:/root/ros2_ws/install/pilz_industrial_motion_planner/lib:/root/ros2_ws/install/moveit_ros_visualization/lib:/root/ros2_ws/install/moveit_ros_planning_interface/lib:/root/ros2_ws/install/moveit_ros_move_group/lib:/root/ros2_ws/install/moveit_ros_warehouse/lib:/root/ros2_ws/install/moveit_ros_robot_interaction/lib:/root/ros2_ws/install/moveit_planners_ompl/lib:/root/ros2_ws/install/moveit_kinematics/lib:/root/ros2_ws/install/moveit_ros_planning/lib:/root/ros2_ws/install/moveit_planners_chomp/lib:/root/ros2_ws/install/pilz_industrial_motion_planner_testutils/lib:/root/ros2_ws/install/moveit_simple_controller_manager/lib:/root/ros2_ws/install/moveit_ros_occupancy_map_monitor/lib:/root/ros2_ws/install/moveit_resources_prbt_ikfast_manipulator_plugin/lib:/root/ros2_ws/install/moveit_planners_stomp/lib:/root/ros2_ws/install/chomp_motion_planner/lib:/root/ros2_ws/install/moveit_core/lib:/root/ros2_ws/install/rviz_marker_tools/lib:/root/ros2_ws/install/moveit_task_constructor_msgs/lib:/root/ros2_ws/install/moveit_msgs/lib:${LD_LIBRARY_PATH} PATH=/root/ros2_ws/install/moveit_core/bin:${PATH} PYTHONPATH=/root/ros2_ws/install/moveit_task_constructor_core/lib/python3.12/site-packages:/root/ros2_ws/install/moveit_task_constructor_msgs/lib/python3.12/site-packages:/root/ros2_ws/install/moveit_msgs/lib/python3.12/site-packages:/root/ros2_ws/install/moveit_configs_utils/lib/python3.12/site-packages:${PYTHONPATH} /usr/bin/cmake --install /root/ros2_ws/build/moveit_task_constructor_visualization
