[0.286s] Invoking command in '/root/ros2_ws/build/robotiq_description': CMAKE_PREFIX_PATH=${CMAKE_PREFIX_PATH}:/opt/ros/jazzy /usr/bin/cmake /root/ros2_ws/src/ros2_robotiq_gripper/robotiq_description -DCMAKE_INSTALL_PREFIX=/root/ros2_ws/install/robotiq_description
[0.368s] -- The C compiler identification is GNU 13.3.0
[0.461s] -- The CXX compiler identification is GNU 13.3.0
[0.488s] -- Detecting C compiler ABI info
[0.631s] -- Detecting C compiler ABI info - done
[0.645s] -- Check for working C compiler: /usr/bin/cc - skipped
[0.645s] -- Detecting C compile features
[0.646s] -- Detecting C compile features - done
[0.659s] -- Detecting CXX compiler ABI info
[0.787s] -- Detecting CXX compiler ABI info - done
[0.801s] -- Check for working CXX compiler: /usr/bin/c++ - skipped
[0.801s] -- Detecting CXX compile features
[0.802s] -- Detecting CXX compile features - done
[0.809s] -- Found ament_cmake: 2.5.2 (/opt/ros/jazzy/share/ament_cmake/cmake)
[1.091s] -- Found Python3: /usr/bin/python3 (found version "3.12.3") found components: Interpreter 
[1.473s] -- Configuring done (1.2s)
[1.480s] -- Generating done (0.0s)
[1.484s] -- Build files have been written to: /root/ros2_ws/build/robotiq_description
[1.511s] Invoked command in '/root/ros2_ws/build/robotiq_description' returned '0': CMAKE_PREFIX_PATH=${CMAKE_PREFIX_PATH}:/opt/ros/jazzy /usr/bin/cmake /root/ros2_ws/src/ros2_robotiq_gripper/robotiq_description -DCMAKE_INSTALL_PREFIX=/root/ros2_ws/install/robotiq_description
[1.512s] Invoking command in '/root/ros2_ws/build/robotiq_description': CMAKE_PREFIX_PATH=${CMAKE_PREFIX_PATH}:/opt/ros/jazzy /usr/bin/cmake --build /root/ros2_ws/build/robotiq_description -- -j20 -l20
[1.592s] Invoked command in '/root/ros2_ws/build/robotiq_description' returned '0': CMAKE_PREFIX_PATH=${CMAKE_PREFIX_PATH}:/opt/ros/jazzy /usr/bin/cmake --build /root/ros2_ws/build/robotiq_description -- -j20 -l20
[1.594s] Invoking command in '/root/ros2_ws/build/robotiq_description': CMAKE_PREFIX_PATH=${CMAKE_PREFIX_PATH}:/opt/ros/jazzy /usr/bin/cmake --install /root/ros2_ws/build/robotiq_description
[1.616s] -- Install configuration: ""
[1.616s] -- Installing: /root/ros2_ws/install/robotiq_description/share/robotiq_description/config
[1.616s] -- Installing: /root/ros2_ws/install/robotiq_description/share/robotiq_description/config/robotiq_controllers.yaml
[1.617s] -- Installing: /root/ros2_ws/install/robotiq_description/share/robotiq_description/launch
[1.617s] -- Installing: /root/ros2_ws/install/robotiq_description/share/robotiq_description/launch/view_gripper.launch.py
[1.617s] -- Installing: /root/ros2_ws/install/robotiq_description/share/robotiq_description/launch/robotiq_control.launch.py
[1.617s] -- Installing: /root/ros2_ws/install/robotiq_description/share/robotiq_description/meshes
[1.617s] -- Installing: /root/ros2_ws/install/robotiq_description/share/robotiq_description/meshes/collision
[1.617s] -- Installing: /root/ros2_ws/install/robotiq_description/share/robotiq_description/meshes/collision/2f_140
[1.618s] -- Installing: /root/ros2_ws/install/robotiq_description/share/robotiq_description/meshes/collision/2f_140/robotiq_2f_140_inner_finger.stl
[1.618s] -- Installing: /root/ros2_ws/install/robotiq_description/share/robotiq_description/meshes/collision/2f_140/robotiq_2f_140_base_link.stl
[1.618s] -- Installing: /root/ros2_ws/install/robotiq_description/share/robotiq_description/meshes/collision/2f_140/robotiq_2f_140_inner_knuckle.stl
[1.618s] -- Installing: /root/ros2_ws/install/robotiq_description/share/robotiq_description/meshes/collision/2f_140/robotiq_2f_140_coupling.stl
[1.618s] -- Installing: /root/ros2_ws/install/robotiq_description/share/robotiq_description/meshes/collision/2f_140/robotiq_2f_140_outer_finger.stl
[1.618s] -- Installing: /root/ros2_ws/install/robotiq_description/share/robotiq_description/meshes/collision/2f_140/robotiq_2f_140_outer_knuckle.stl
[1.618s] -- Installing: /root/ros2_ws/install/robotiq_description/share/robotiq_description/meshes/collision/2f_85
[1.618s] -- Installing: /root/ros2_ws/install/robotiq_description/share/robotiq_description/meshes/collision/2f_85/right_knuckle.stl
[1.618s] -- Installing: /root/ros2_ws/install/robotiq_description/share/robotiq_description/meshes/collision/2f_85/left_inner_knuckle.stl
[1.618s] -- Installing: /root/ros2_ws/install/robotiq_description/share/robotiq_description/meshes/collision/2f_85/right_finger_tip.stl
[1.618s] -- Installing: /root/ros2_ws/install/robotiq_description/share/robotiq_description/meshes/collision/2f_85/left_knuckle.stl
[1.619s] -- Installing: /root/ros2_ws/install/robotiq_description/share/robotiq_description/meshes/collision/2f_85/robotiq_base.stl
[1.619s] -- Installing: /root/ros2_ws/install/robotiq_description/share/robotiq_description/meshes/collision/2f_85/right_finger.stl
[1.619s] -- Installing: /root/ros2_ws/install/robotiq_description/share/robotiq_description/meshes/collision/2f_85/left_finger.stl
[1.619s] -- Installing: /root/ros2_ws/install/robotiq_description/share/robotiq_description/meshes/collision/2f_85/left_finger_tip.stl
[1.619s] -- Installing: /root/ros2_ws/install/robotiq_description/share/robotiq_description/meshes/collision/2f_85/ur_to_robotiq_adapter.stl
[1.619s] -- Installing: /root/ros2_ws/install/robotiq_description/share/robotiq_description/meshes/collision/2f_85/right_inner_knuckle.stl
[1.619s] -- Installing: /root/ros2_ws/install/robotiq_description/share/robotiq_description/meshes/visual
[1.619s] -- Installing: /root/ros2_ws/install/robotiq_description/share/robotiq_description/meshes/visual/2f_140
[1.619s] -- Installing: /root/ros2_ws/install/robotiq_description/share/robotiq_description/meshes/visual/2f_140/robotiq_2f_140_inner_finger.stl
[1.620s] -- Installing: /root/ros2_ws/install/robotiq_description/share/robotiq_description/meshes/visual/2f_140/robotiq_2f_140_base_link.stl
[1.620s] -- Installing: /root/ros2_ws/install/robotiq_description/share/robotiq_description/meshes/visual/2f_140/robotiq_2f_140_inner_knuckle.stl
[1.620s] -- Installing: /root/ros2_ws/install/robotiq_description/share/robotiq_description/meshes/visual/2f_140/robotiq_2f_140_coupling.stl
[1.620s] -- Installing: /root/ros2_ws/install/robotiq_description/share/robotiq_description/meshes/visual/2f_140/robotiq_2f_140_outer_finger.stl
[1.620s] -- Installing: /root/ros2_ws/install/robotiq_description/share/robotiq_description/meshes/visual/2f_140/robotiq_2f_140_outer_knuckle.stl
[1.621s] -- Installing: /root/ros2_ws/install/robotiq_description/share/robotiq_description/meshes/visual/2f_85
[1.621s] -- Installing: /root/ros2_ws/install/robotiq_description/share/robotiq_description/meshes/visual/2f_85/right_finger.dae
[1.621s] -- Installing: /root/ros2_ws/install/robotiq_description/share/robotiq_description/meshes/visual/2f_85/left_knuckle.dae
[1.622s] -- Installing: /root/ros2_ws/install/robotiq_description/share/robotiq_description/meshes/visual/2f_85/left_inner_knuckle.dae
[1.622s] -- Installing: /root/ros2_ws/install/robotiq_description/share/robotiq_description/meshes/visual/2f_85/left_finger.dae
[1.622s] -- Installing: /root/ros2_ws/install/robotiq_description/share/robotiq_description/meshes/visual/2f_85/left_finger_tip.dae
[1.622s] -- Installing: /root/ros2_ws/install/robotiq_description/share/robotiq_description/meshes/visual/2f_85/right_finger_tip.dae
[1.622s] -- Installing: /root/ros2_ws/install/robotiq_description/share/robotiq_description/meshes/visual/2f_85/right_inner_knuckle.dae
[1.622s] -- Installing: /root/ros2_ws/install/robotiq_description/share/robotiq_description/meshes/visual/2f_85/ur_to_robotiq_adapter.dae
[1.623s] -- Installing: /root/ros2_ws/install/robotiq_description/share/robotiq_description/meshes/visual/2f_85/right_knuckle.dae
[1.623s] -- Installing: /root/ros2_ws/install/robotiq_description/share/robotiq_description/meshes/visual/2f_85/robotiq_base.dae
[1.623s] -- Installing: /root/ros2_ws/install/robotiq_description/share/robotiq_description/rviz
[1.623s] -- Installing: /root/ros2_ws/install/robotiq_description/share/robotiq_description/rviz/view_urdf.rviz
[1.623s] -- Installing: /root/ros2_ws/install/robotiq_description/share/robotiq_description/urdf
[1.624s] -- Installing: /root/ros2_ws/install/robotiq_description/share/robotiq_description/urdf/ur_to_robotiq_adapter.urdf.xacro
[1.624s] -- Installing: /root/ros2_ws/install/robotiq_description/share/robotiq_description/urdf/robotiq_2f_140_macro.urdf.xacro
[1.624s] -- Installing: /root/ros2_ws/install/robotiq_description/share/robotiq_description/urdf/robotiq_2f_85_macro.urdf.xacro
[1.624s] -- Installing: /root/ros2_ws/install/robotiq_description/share/robotiq_description/urdf/robotiq_2f_140.xacro
[1.625s] -- Installing: /root/ros2_ws/install/robotiq_description/share/robotiq_description/urdf/2f_140.ros2_control.xacro
[1.625s] -- Installing: /root/ros2_ws/install/robotiq_description/share/robotiq_description/urdf/robotiq_2f_140_gripper.urdf.xacro
[1.626s] -- Installing: /root/ros2_ws/install/robotiq_description/share/robotiq_description/urdf/robotiq_2f_85_gripper.urdf.xacro
[1.626s] -- Installing: /root/ros2_ws/install/robotiq_description/share/robotiq_description/urdf/2f_85.ros2_control.xacro
[1.626s] -- Installing: /root/ros2_ws/install/robotiq_description/share/ament_index/resource_index/package_run_dependencies/robotiq_description
[1.626s] -- Installing: /root/ros2_ws/install/robotiq_description/share/ament_index/resource_index/parent_prefix_path/robotiq_description
[1.626s] -- Installing: /root/ros2_ws/install/robotiq_description/share/robotiq_description/environment/ament_prefix_path.sh
[1.626s] -- Installing: /root/ros2_ws/install/robotiq_description/share/robotiq_description/environment/ament_prefix_path.dsv
[1.627s] -- Installing: /root/ros2_ws/install/robotiq_description/share/robotiq_description/environment/path.sh
[1.627s] -- Installing: /root/ros2_ws/install/robotiq_description/share/robotiq_description/environment/path.dsv
[1.627s] -- Installing: /root/ros2_ws/install/robotiq_description/share/robotiq_description/local_setup.bash
[1.627s] -- Installing: /root/ros2_ws/install/robotiq_description/share/robotiq_description/local_setup.sh
[1.627s] -- Installing: /root/ros2_ws/install/robotiq_description/share/robotiq_description/local_setup.zsh
[1.627s] -- Installing: /root/ros2_ws/install/robotiq_description/share/robotiq_description/local_setup.dsv
[1.627s] -- Installing: /root/ros2_ws/install/robotiq_description/share/robotiq_description/package.dsv
[1.627s] -- Installing: /root/ros2_ws/install/robotiq_description/share/ament_index/resource_index/packages/robotiq_description
[1.627s] -- Installing: /root/ros2_ws/install/robotiq_description/share/robotiq_description/cmake/robotiq_descriptionConfig.cmake
[1.628s] -- Installing: /root/ros2_ws/install/robotiq_description/share/robotiq_description/cmake/robotiq_descriptionConfig-version.cmake
[1.628s] -- Installing: /root/ros2_ws/install/robotiq_description/share/robotiq_description/package.xml
[1.632s] Invoked command in '/root/ros2_ws/build/robotiq_description' returned '0': CMAKE_PREFIX_PATH=${CMAKE_PREFIX_PATH}:/opt/ros/jazzy /usr/bin/cmake --install /root/ros2_ws/build/robotiq_description
