[0.054s] Invoking command in '/root/ros2_ws/build/moveit_setup_framework': AMENT_PREFIX_PATH=/root/ros2_ws/install/moveit_ros_visualization:/root/ros2_ws/install/moveit_ros_planning_interface:/root/ros2_ws/install/moveit_ros_move_group:/root/ros2_ws/install/moveit_ros_warehouse:/root/ros2_ws/install/moveit_ros_robot_interaction:/root/ros2_ws/install/moveit_kinematics:/root/ros2_ws/install/moveit_ros_planning:/root/ros2_ws/install/moveit_simple_controller_manager:/root/ros2_ws/install/moveit_ros_occupancy_map_monitor:/root/ros2_ws/install/moveit_core:/root/ros2_ws/install/moveit_resources_panda_moveit_config:/root/ros2_ws/install/moveit_resources_fanuc_moveit_config:/root/ros2_ws/install/moveit_resources_pr2_description:/root/ros2_ws/install/moveit_resources_panda_description:/root/ros2_ws/install/moveit_resources_fanuc_description:/root/ros2_ws/install/moveit_msgs:/root/ros2_ws/install/moveit_configs_utils:/root/ros2_ws/install/moveit_common:${AMENT_PREFIX_PATH} CMAKE_PREFIX_PATH=/root/ros2_ws/install/moveit_ros_visualization:/root/ros2_ws/install/moveit_ros_planning_interface:/root/ros2_ws/install/moveit_ros_move_group:/root/ros2_ws/install/moveit_ros_warehouse:/root/ros2_ws/install/moveit_ros_robot_interaction:/root/ros2_ws/install/moveit_kinematics:/root/ros2_ws/install/moveit_ros_planning:/root/ros2_ws/install/moveit_simple_controller_manager:/root/ros2_ws/install/moveit_ros_occupancy_map_monitor:/root/ros2_ws/install/moveit_core:/root/ros2_ws/install/moveit_resources_panda_moveit_config:/root/ros2_ws/install/moveit_resources_fanuc_moveit_config:/root/ros2_ws/install/moveit_resources_pr2_description:/root/ros2_ws/install/moveit_resources_panda_description:/root/ros2_ws/install/moveit_resources_fanuc_description:/root/ros2_ws/install/moveit_msgs:/root/ros2_ws/install/moveit_common:/opt/ros/jazzy/opt/gz_sim_vendor:/opt/ros/jazzy/opt/gz_sensors_vendor:/opt/ros/jazzy/opt/gz_physics_vendor:/opt/ros/jazzy/opt/sdformat_vendor:/opt/ros/jazzy/opt/gz_gui_vendor:/opt/ros/jazzy/opt/gz_transport_vendor:/opt/ros/jazzy/opt/gz_rendering_vendor:/opt/ros/jazzy/opt/gz_plugin_vendor:/opt/ros/jazzy/opt/gz_fuel_tools_vendor:/opt/ros/jazzy/opt/gz_msgs_vendor:/opt/ros/jazzy/opt/gz_common_vendor:/opt/ros/jazzy/opt/gz_math_vendor:/opt/ros/jazzy/opt/gz_utils_vendor:/opt/ros/jazzy/opt/gz_tools_vendor:/opt/ros/jazzy/opt/gz_ogre_next_vendor:/opt/ros/jazzy/opt/gz_dartsim_vendor:/opt/ros/jazzy/opt/gz_cmake_vendor:/opt/ros/jazzy LD_LIBRARY_PATH=/root/ros2_ws/install/moveit_ros_visualization/lib:/root/ros2_ws/install/moveit_ros_planning_interface/lib:/root/ros2_ws/install/moveit_ros_move_group/lib:/root/ros2_ws/install/moveit_ros_warehouse/lib:/root/ros2_ws/install/moveit_ros_robot_interaction/lib:/root/ros2_ws/install/moveit_kinematics/lib:/root/ros2_ws/install/moveit_ros_planning/lib:/root/ros2_ws/install/moveit_simple_controller_manager/lib:/root/ros2_ws/install/moveit_ros_occupancy_map_monitor/lib:/root/ros2_ws/install/moveit_core/lib:/root/ros2_ws/install/moveit_msgs/lib:${LD_LIBRARY_PATH} PATH=/root/ros2_ws/install/moveit_core/bin:${PATH} PYTHONPATH=/root/ros2_ws/install/moveit_msgs/lib/python3.12/site-packages:/root/ros2_ws/install/moveit_configs_utils/lib/python3.12/site-packages:${PYTHONPATH} /usr/bin/cmake /root/ros2_ws/src/moveit2/moveit_setup_assistant/moveit_setup_framework -DCMAKE_INSTALL_PREFIX=/root/ros2_ws/install/moveit_setup_framework
[0.125s] -- The CXX compiler identification is GNU 13.3.0
[0.144s] -- Detecting CXX compiler ABI info
[0.289s] -- Detecting CXX compiler ABI info - done
[0.302s] -- Check for working CXX compiler: /usr/bin/c++ - skipped
[0.302s] -- Detecting CXX compile features
[0.303s] -- Detecting CXX compile features - done
[0.305s] -- Found moveit_common: 2.12.0 (/root/ros2_ws/install/moveit_common/share/moveit_common/cmake)
[0.313s] -- Found ament_cmake: 2.5.2 (/opt/ros/jazzy/share/ament_cmake/cmake)
[0.586s] -- Found Python3: /usr/bin/python3 (found version "3.12.3") found components: Interpreter 
[1.008s] [0mmoveit_setup_framework: You did not request a specific build type: Choosing 'Release' for maximum performance[0m
[1.016s] -- Found ament_cmake_ros: 0.12.0 (/opt/ros/jazzy/share/ament_cmake_ros/cmake)
[1.045s] -- Found ament_index_cpp: 1.8.1 (/opt/ros/jazzy/share/ament_index_cpp/cmake)
[1.056s] -- Found moveit_core: 2.12.0 (/root/ros2_ws/install/moveit_core/share/moveit_core/cmake)
[1.420s] -- Found Boost: /usr/lib/x86_64-linux-gnu/cmake/Boost-1.83.0/BoostConfig.cmake (found version "1.83.0") found components: chrono date_time filesystem iostreams program_options regex serialization system thread 
[1.568s] -- Found parameter_traits: 0.4.0 (/opt/ros/jazzy/share/parameter_traits/cmake)
[1.685s] -- Found rosidl_generator_c: 4.6.4 (/opt/ros/jazzy/share/rosidl_generator_c/cmake)
[1.717s] -- Found rosidl_generator_cpp: 4.6.4 (/opt/ros/jazzy/share/rosidl_generator_cpp/cmake)
[1.752s] -- Using all available rosidl_typesupport_c: rosidl_typesupport_fastrtps_c;rosidl_typesupport_introspection_c
[1.792s] -- Using all available rosidl_typesupport_cpp: rosidl_typesupport_fastrtps_cpp;rosidl_typesupport_introspection_cpp
[1.944s] -- Found rmw_implementation_cmake: 7.3.1 (/opt/ros/jazzy/share/rmw_implementation_cmake/cmake)
[1.957s] -- Found rmw_fastrtps_cpp: 8.4.1 (/opt/ros/jazzy/share/rmw_fastrtps_cpp/cmake)
[2.138s] -- Found OpenSSL: /usr/lib/x86_64-linux-gnu/libcrypto.so (found version "3.0.13")  
[2.175s] -- Found FastRTPS: /opt/ros/jazzy/include (Required is at least version "2.13") 
[2.224s] -- Using RMW implementation 'rmw_fastrtps_cpp' as default
[2.454s] -- Found rclcpp_lifecycle: 28.1.5 (/opt/ros/jazzy/share/rclcpp_lifecycle/cmake)
[2.529s] -- Found Boost: /usr/lib/x86_64-linux-gnu/cmake/Boost-1.83.0/BoostConfig.cmake (found version "1.83.0") found components: filesystem 
[2.798s] -- Found Eigen3: TRUE (found version "3.4.0") 
[2.798s] -- Ensuring Eigen3 include directory is part of orocos-kdl CMake target
[3.393s] -- Found moveit_ros_planning: 2.12.0 (/root/ros2_ws/install/moveit_ros_planning/share/moveit_ros_planning/cmake)
[3.400s] -- Found Boost: /usr/lib/x86_64-linux-gnu/cmake/Boost-1.83.0/BoostConfig.cmake (found version "1.83.0") found components: system filesystem date_time program_options thread chrono 
[3.457s] -- Found moveit_ros_visualization: 2.12.0 (/root/ros2_ws/install/moveit_ros_visualization/share/moveit_ros_visualization/cmake)
[3.463s] -- Found Boost: /usr/lib/x86_64-linux-gnu/cmake/Boost-1.83.0/BoostConfig.cmake (found version "1.83.0") found components: thread date_time system filesystem 
[3.493s] -- Found Boost: /usr/lib/x86_64-linux-gnu/cmake/Boost-1.83.0/BoostConfig.cmake (found version "1.83.0") found components: date_time filesystem program_options system thread 
[3.514s] -- Found Boost: /usr/lib/x86_64-linux-gnu/cmake/Boost-1.83.0/BoostConfig.cmake (found version "1.83.0") found components: thread system filesystem regex date_time program_options 
[3.551s] -- Found Boost: /usr/lib/x86_64-linux-gnu/cmake/Boost-1.83.0/BoostConfig.cmake (found version "1.83.0") found components: system filesystem date_time program_options thread 
[3.733s] -- Setting OGRE_DIR to: '/opt/ros/jazzy/share/rviz_ogre_vendor/cmake/../../../opt/rviz_ogre_vendor/lib/OGRE/cmake'
[3.734s] -- Found OGRE
[3.735s] --   static     : OFF
[3.735s] --   components : MeshLodGenerator;Overlay;Paging;Property;RTShaderSystem;Terrain;Volume
[3.735s] --   plugins    : Plugin_BSPSceneManager;Plugin_OctreeSceneManager;Plugin_PCZSceneManager;Plugin_ParticleFX;RenderSystem_GL;RenderSystem_GL3Plus;Codec_STBI
[3.735s] --   media      : /opt/ros/jazzy/opt/rviz_ogre_vendor/share/OGRE/Media
[3.735s] -- OGRE_LIBRARIES: OgreMeshLodGenerator;OgreOverlay;OgrePaging;OgreProperty;OgreRTShaderSystem;OgreTerrain;OgreVolume;OgreMain
[3.735s] -- OGRE_LIBRARY_DIRS: /opt/ros/jazzy/opt/rviz_ogre_vendor/lib
[3.735s] -- OGRE_PLUGINS: Plugin_BSPSceneManager;Plugin_OctreeSceneManager;Plugin_PCZSceneManager;Plugin_ParticleFX;RenderSystem_GL;RenderSystem_GL3Plus;Codec_STBI
[3.735s] -- OGRE_PLUGIN_DIR: /opt/ros/jazzy/opt/rviz_ogre_vendor/lib/OGRE
[3.736s] -- rviz_ogre_vendor::OgreOverlay for IMPORTED_LOCATION_RELEASE: /opt/ros/jazzy/opt/rviz_ogre_vendor/lib/libOgreOverlay.so
[3.736s] -- rviz_ogre_vendor::OgreOverlay for IMPORTED_LOCATION_DEBUG: /opt/ros/jazzy/opt/rviz_ogre_vendor/lib/libOgreOverlay.so
[3.736s] -- rviz_ogre_vendor::OgreMain for IMPORTED_LOCATION_RELEASE: /opt/ros/jazzy/opt/rviz_ogre_vendor/lib/libOgreMain.so
[3.736s] -- rviz_ogre_vendor::OgreMain for IMPORTED_LOCATION_DEBUG: /opt/ros/jazzy/opt/rviz_ogre_vendor/lib/libOgreMain.so
[3.777s] -- Found ZLIB: /usr/lib/x86_64-linux-gnu/libz.so (found version "1.3")  
[3.799s] -- Found OpenGL: /usr/lib/x86_64-linux-gnu/libOpenGL.so   
[4.088s] -- Found X11: /usr/include   
[4.089s] -- Looking for XOpenDisplay in /usr/lib/x86_64-linux-gnu/libX11.so;/usr/lib/x86_64-linux-gnu/libXext.so
[4.289s] -- Looking for XOpenDisplay in /usr/lib/x86_64-linux-gnu/libX11.so;/usr/lib/x86_64-linux-gnu/libXext.so - found
[4.289s] -- Looking for gethostbyname
[4.484s] -- Looking for gethostbyname - found
[4.484s] -- Looking for connect
[4.680s] -- Looking for connect - found
[4.680s] -- Looking for remove
[4.874s] -- Looking for remove - found
[4.874s] -- Looking for shmat
[5.089s] -- Looking for shmat - found
[5.089s] -- Looking for IceConnectionNumber in ICE
[5.348s] -- Looking for IceConnectionNumber in ICE - found
[5.414s] -- Setting yaml-cpp_DIR to: '/opt/ros/jazzy/share/yaml_cpp_vendor/cmake/../../../opt/yaml_cpp_vendor/share/cmake/yaml-cpp'
[5.811s] -- Configuring done (5.7s)
[5.949s] -- Generating done (0.1s)
[5.972s] -- Build files have been written to: /root/ros2_ws/build/moveit_setup_framework
[6.015s] Invoked command in '/root/ros2_ws/build/moveit_setup_framework' returned '0': AMENT_PREFIX_PATH=/root/ros2_ws/install/moveit_ros_visualization:/root/ros2_ws/install/moveit_ros_planning_interface:/root/ros2_ws/install/moveit_ros_move_group:/root/ros2_ws/install/moveit_ros_warehouse:/root/ros2_ws/install/moveit_ros_robot_interaction:/root/ros2_ws/install/moveit_kinematics:/root/ros2_ws/install/moveit_ros_planning:/root/ros2_ws/install/moveit_simple_controller_manager:/root/ros2_ws/install/moveit_ros_occupancy_map_monitor:/root/ros2_ws/install/moveit_core:/root/ros2_ws/install/moveit_resources_panda_moveit_config:/root/ros2_ws/install/moveit_resources_fanuc_moveit_config:/root/ros2_ws/install/moveit_resources_pr2_description:/root/ros2_ws/install/moveit_resources_panda_description:/root/ros2_ws/install/moveit_resources_fanuc_description:/root/ros2_ws/install/moveit_msgs:/root/ros2_ws/install/moveit_configs_utils:/root/ros2_ws/install/moveit_common:${AMENT_PREFIX_PATH} CMAKE_PREFIX_PATH=/root/ros2_ws/install/moveit_ros_visualization:/root/ros2_ws/install/moveit_ros_planning_interface:/root/ros2_ws/install/moveit_ros_move_group:/root/ros2_ws/install/moveit_ros_warehouse:/root/ros2_ws/install/moveit_ros_robot_interaction:/root/ros2_ws/install/moveit_kinematics:/root/ros2_ws/install/moveit_ros_planning:/root/ros2_ws/install/moveit_simple_controller_manager:/root/ros2_ws/install/moveit_ros_occupancy_map_monitor:/root/ros2_ws/install/moveit_core:/root/ros2_ws/install/moveit_resources_panda_moveit_config:/root/ros2_ws/install/moveit_resources_fanuc_moveit_config:/root/ros2_ws/install/moveit_resources_pr2_description:/root/ros2_ws/install/moveit_resources_panda_description:/root/ros2_ws/install/moveit_resources_fanuc_description:/root/ros2_ws/install/moveit_msgs:/root/ros2_ws/install/moveit_common:/opt/ros/jazzy/opt/gz_sim_vendor:/opt/ros/jazzy/opt/gz_sensors_vendor:/opt/ros/jazzy/opt/gz_physics_vendor:/opt/ros/jazzy/opt/sdformat_vendor:/opt/ros/jazzy/opt/gz_gui_vendor:/opt/ros/jazzy/opt/gz_transport_vendor:/opt/ros/jazzy/opt/gz_rendering_vendor:/opt/ros/jazzy/opt/gz_plugin_vendor:/opt/ros/jazzy/opt/gz_fuel_tools_vendor:/opt/ros/jazzy/opt/gz_msgs_vendor:/opt/ros/jazzy/opt/gz_common_vendor:/opt/ros/jazzy/opt/gz_math_vendor:/opt/ros/jazzy/opt/gz_utils_vendor:/opt/ros/jazzy/opt/gz_tools_vendor:/opt/ros/jazzy/opt/gz_ogre_next_vendor:/opt/ros/jazzy/opt/gz_dartsim_vendor:/opt/ros/jazzy/opt/gz_cmake_vendor:/opt/ros/jazzy LD_LIBRARY_PATH=/root/ros2_ws/install/moveit_ros_visualization/lib:/root/ros2_ws/install/moveit_ros_planning_interface/lib:/root/ros2_ws/install/moveit_ros_move_group/lib:/root/ros2_ws/install/moveit_ros_warehouse/lib:/root/ros2_ws/install/moveit_ros_robot_interaction/lib:/root/ros2_ws/install/moveit_kinematics/lib:/root/ros2_ws/install/moveit_ros_planning/lib:/root/ros2_ws/install/moveit_simple_controller_manager/lib:/root/ros2_ws/install/moveit_ros_occupancy_map_monitor/lib:/root/ros2_ws/install/moveit_core/lib:/root/ros2_ws/install/moveit_msgs/lib:${LD_LIBRARY_PATH} PATH=/root/ros2_ws/install/moveit_core/bin:${PATH} PYTHONPATH=/root/ros2_ws/install/moveit_msgs/lib/python3.12/site-packages:/root/ros2_ws/install/moveit_configs_utils/lib/python3.12/site-packages:${PYTHONPATH} /usr/bin/cmake /root/ros2_ws/src/moveit2/moveit_setup_assistant/moveit_setup_framework -DCMAKE_INSTALL_PREFIX=/root/ros2_ws/install/moveit_setup_framework
[6.018s] Invoking command in '/root/ros2_ws/build/moveit_setup_framework': AMENT_PREFIX_PATH=/root/ros2_ws/install/moveit_ros_visualization:/root/ros2_ws/install/moveit_ros_planning_interface:/root/ros2_ws/install/moveit_ros_move_group:/root/ros2_ws/install/moveit_ros_warehouse:/root/ros2_ws/install/moveit_ros_robot_interaction:/root/ros2_ws/install/moveit_kinematics:/root/ros2_ws/install/moveit_ros_planning:/root/ros2_ws/install/moveit_simple_controller_manager:/root/ros2_ws/install/moveit_ros_occupancy_map_monitor:/root/ros2_ws/install/moveit_core:/root/ros2_ws/install/moveit_resources_panda_moveit_config:/root/ros2_ws/install/moveit_resources_fanuc_moveit_config:/root/ros2_ws/install/moveit_resources_pr2_description:/root/ros2_ws/install/moveit_resources_panda_description:/root/ros2_ws/install/moveit_resources_fanuc_description:/root/ros2_ws/install/moveit_msgs:/root/ros2_ws/install/moveit_configs_utils:/root/ros2_ws/install/moveit_common:${AMENT_PREFIX_PATH} CMAKE_PREFIX_PATH=/root/ros2_ws/install/moveit_ros_visualization:/root/ros2_ws/install/moveit_ros_planning_interface:/root/ros2_ws/install/moveit_ros_move_group:/root/ros2_ws/install/moveit_ros_warehouse:/root/ros2_ws/install/moveit_ros_robot_interaction:/root/ros2_ws/install/moveit_kinematics:/root/ros2_ws/install/moveit_ros_planning:/root/ros2_ws/install/moveit_simple_controller_manager:/root/ros2_ws/install/moveit_ros_occupancy_map_monitor:/root/ros2_ws/install/moveit_core:/root/ros2_ws/install/moveit_resources_panda_moveit_config:/root/ros2_ws/install/moveit_resources_fanuc_moveit_config:/root/ros2_ws/install/moveit_resources_pr2_description:/root/ros2_ws/install/moveit_resources_panda_description:/root/ros2_ws/install/moveit_resources_fanuc_description:/root/ros2_ws/install/moveit_msgs:/root/ros2_ws/install/moveit_common:/opt/ros/jazzy/opt/gz_sim_vendor:/opt/ros/jazzy/opt/gz_sensors_vendor:/opt/ros/jazzy/opt/gz_physics_vendor:/opt/ros/jazzy/opt/sdformat_vendor:/opt/ros/jazzy/opt/gz_gui_vendor:/opt/ros/jazzy/opt/gz_transport_vendor:/opt/ros/jazzy/opt/gz_rendering_vendor:/opt/ros/jazzy/opt/gz_plugin_vendor:/opt/ros/jazzy/opt/gz_fuel_tools_vendor:/opt/ros/jazzy/opt/gz_msgs_vendor:/opt/ros/jazzy/opt/gz_common_vendor:/opt/ros/jazzy/opt/gz_math_vendor:/opt/ros/jazzy/opt/gz_utils_vendor:/opt/ros/jazzy/opt/gz_tools_vendor:/opt/ros/jazzy/opt/gz_ogre_next_vendor:/opt/ros/jazzy/opt/gz_dartsim_vendor:/opt/ros/jazzy/opt/gz_cmake_vendor:/opt/ros/jazzy LD_LIBRARY_PATH=/root/ros2_ws/install/moveit_ros_visualization/lib:/root/ros2_ws/install/moveit_ros_planning_interface/lib:/root/ros2_ws/install/moveit_ros_move_group/lib:/root/ros2_ws/install/moveit_ros_warehouse/lib:/root/ros2_ws/install/moveit_ros_robot_interaction/lib:/root/ros2_ws/install/moveit_kinematics/lib:/root/ros2_ws/install/moveit_ros_planning/lib:/root/ros2_ws/install/moveit_simple_controller_manager/lib:/root/ros2_ws/install/moveit_ros_occupancy_map_monitor/lib:/root/ros2_ws/install/moveit_core/lib:/root/ros2_ws/install/moveit_msgs/lib:${LD_LIBRARY_PATH} PATH=/root/ros2_ws/install/moveit_core/bin:${PATH} PYTHONPATH=/root/ros2_ws/install/moveit_msgs/lib/python3.12/site-packages:/root/ros2_ws/install/moveit_configs_utils/lib/python3.12/site-packages:${PYTHONPATH} /usr/bin/cmake --build /root/ros2_ws/build/moveit_setup_framework -- -j20 -l20
[6.108s] [ 10%] [34m[1mGenerating include/moveit_setup_framework/qt/moc_setup_step_widget.cpp[0m
[6.108s] [ 10%] [34m[1mGenerating include/moveit_setup_framework/qt/moc_double_list_widget.cpp[0m
[6.108s] [ 15%] [34m[1mGenerating include/moveit_setup_framework/qt/moc_rviz_panel.cpp[0m
[6.115s] [ 21%] [34m[1mGenerating include/moveit_setup_framework/qt/moc_helper_widgets.cpp[0m
[6.177s] [ 26%] [32mBuilding CXX object CMakeFiles/moveit_setup_framework.dir/src/rviz_panel.cpp.o[0m
[6.178s] [ 31%] [32mBuilding CXX object CMakeFiles/moveit_setup_framework.dir/src/srdf_config.cpp.o[0m
[6.179s] [ 36%] [32mBuilding CXX object CMakeFiles/moveit_setup_framework.dir/src/helper_widgets.cpp.o[0m
[6.181s] [ 42%] [32mBuilding CXX object CMakeFiles/moveit_setup_framework.dir/src/urdf_config.cpp.o[0m
[6.186s] [ 47%] [32mBuilding CXX object CMakeFiles/moveit_setup_framework.dir/src/utilities.cpp.o[0m
[6.186s] [ 52%] [32mBuilding CXX object CMakeFiles/moveit_setup_framework.dir/src/package_settings_config.cpp.o[0m
[6.203s] [ 57%] [32mBuilding CXX object CMakeFiles/moveit_setup_framework.dir/include/moveit_setup_framework/qt/moc_double_list_widget.cpp.o[0m
[6.204s] [ 63%] [32mBuilding CXX object CMakeFiles/moveit_setup_framework.dir/src/double_list_widget.cpp.o[0m
[6.204s] [ 68%] [32mBuilding CXX object CMakeFiles/moveit_setup_framework.dir/include/moveit_setup_framework/qt/moc_rviz_panel.cpp.o[0m
[6.204s] [ 73%] [32mBuilding CXX object CMakeFiles/moveit_setup_framework.dir/src/templates.cpp.o[0m
[6.206s] [ 78%] [32mBuilding CXX object CMakeFiles/moveit_setup_framework.dir/src/xml_syntax_highlighter.cpp.o[0m
[6.207s] [ 84%] [32mBuilding CXX object CMakeFiles/moveit_setup_framework.dir/include/moveit_setup_framework/qt/moc_setup_step_widget.cpp.o[0m
[6.218s] [ 89%] [32mBuilding CXX object CMakeFiles/moveit_setup_framework.dir/include/moveit_setup_framework/qt/moc_helper_widgets.cpp.o[0m
[6.225s] [ 94%] [32mBuilding CXX object CMakeFiles/moveit_setup_framework.dir/src/data_warehouse.cpp.o[0m
[54.161s] [100%] [32m[1mLinking CXX shared library libmoveit_setup_framework.so[0m
[57.203s] [100%] Built target moveit_setup_framework
[57.224s] Invoked command in '/root/ros2_ws/build/moveit_setup_framework' returned '0': AMENT_PREFIX_PATH=/root/ros2_ws/install/moveit_ros_visualization:/root/ros2_ws/install/moveit_ros_planning_interface:/root/ros2_ws/install/moveit_ros_move_group:/root/ros2_ws/install/moveit_ros_warehouse:/root/ros2_ws/install/moveit_ros_robot_interaction:/root/ros2_ws/install/moveit_kinematics:/root/ros2_ws/install/moveit_ros_planning:/root/ros2_ws/install/moveit_simple_controller_manager:/root/ros2_ws/install/moveit_ros_occupancy_map_monitor:/root/ros2_ws/install/moveit_core:/root/ros2_ws/install/moveit_resources_panda_moveit_config:/root/ros2_ws/install/moveit_resources_fanuc_moveit_config:/root/ros2_ws/install/moveit_resources_pr2_description:/root/ros2_ws/install/moveit_resources_panda_description:/root/ros2_ws/install/moveit_resources_fanuc_description:/root/ros2_ws/install/moveit_msgs:/root/ros2_ws/install/moveit_configs_utils:/root/ros2_ws/install/moveit_common:${AMENT_PREFIX_PATH} CMAKE_PREFIX_PATH=/root/ros2_ws/install/moveit_ros_visualization:/root/ros2_ws/install/moveit_ros_planning_interface:/root/ros2_ws/install/moveit_ros_move_group:/root/ros2_ws/install/moveit_ros_warehouse:/root/ros2_ws/install/moveit_ros_robot_interaction:/root/ros2_ws/install/moveit_kinematics:/root/ros2_ws/install/moveit_ros_planning:/root/ros2_ws/install/moveit_simple_controller_manager:/root/ros2_ws/install/moveit_ros_occupancy_map_monitor:/root/ros2_ws/install/moveit_core:/root/ros2_ws/install/moveit_resources_panda_moveit_config:/root/ros2_ws/install/moveit_resources_fanuc_moveit_config:/root/ros2_ws/install/moveit_resources_pr2_description:/root/ros2_ws/install/moveit_resources_panda_description:/root/ros2_ws/install/moveit_resources_fanuc_description:/root/ros2_ws/install/moveit_msgs:/root/ros2_ws/install/moveit_common:/opt/ros/jazzy/opt/gz_sim_vendor:/opt/ros/jazzy/opt/gz_sensors_vendor:/opt/ros/jazzy/opt/gz_physics_vendor:/opt/ros/jazzy/opt/sdformat_vendor:/opt/ros/jazzy/opt/gz_gui_vendor:/opt/ros/jazzy/opt/gz_transport_vendor:/opt/ros/jazzy/opt/gz_rendering_vendor:/opt/ros/jazzy/opt/gz_plugin_vendor:/opt/ros/jazzy/opt/gz_fuel_tools_vendor:/opt/ros/jazzy/opt/gz_msgs_vendor:/opt/ros/jazzy/opt/gz_common_vendor:/opt/ros/jazzy/opt/gz_math_vendor:/opt/ros/jazzy/opt/gz_utils_vendor:/opt/ros/jazzy/opt/gz_tools_vendor:/opt/ros/jazzy/opt/gz_ogre_next_vendor:/opt/ros/jazzy/opt/gz_dartsim_vendor:/opt/ros/jazzy/opt/gz_cmake_vendor:/opt/ros/jazzy LD_LIBRARY_PATH=/root/ros2_ws/install/moveit_ros_visualization/lib:/root/ros2_ws/install/moveit_ros_planning_interface/lib:/root/ros2_ws/install/moveit_ros_move_group/lib:/root/ros2_ws/install/moveit_ros_warehouse/lib:/root/ros2_ws/install/moveit_ros_robot_interaction/lib:/root/ros2_ws/install/moveit_kinematics/lib:/root/ros2_ws/install/moveit_ros_planning/lib:/root/ros2_ws/install/moveit_simple_controller_manager/lib:/root/ros2_ws/install/moveit_ros_occupancy_map_monitor/lib:/root/ros2_ws/install/moveit_core/lib:/root/ros2_ws/install/moveit_msgs/lib:${LD_LIBRARY_PATH} PATH=/root/ros2_ws/install/moveit_core/bin:${PATH} PYTHONPATH=/root/ros2_ws/install/moveit_msgs/lib/python3.12/site-packages:/root/ros2_ws/install/moveit_configs_utils/lib/python3.12/site-packages:${PYTHONPATH} /usr/bin/cmake --build /root/ros2_ws/build/moveit_setup_framework -- -j20 -l20
[57.226s] Invoking command in '/root/ros2_ws/build/moveit_setup_framework': AMENT_PREFIX_PATH=/root/ros2_ws/install/moveit_ros_visualization:/root/ros2_ws/install/moveit_ros_planning_interface:/root/ros2_ws/install/moveit_ros_move_group:/root/ros2_ws/install/moveit_ros_warehouse:/root/ros2_ws/install/moveit_ros_robot_interaction:/root/ros2_ws/install/moveit_kinematics:/root/ros2_ws/install/moveit_ros_planning:/root/ros2_ws/install/moveit_simple_controller_manager:/root/ros2_ws/install/moveit_ros_occupancy_map_monitor:/root/ros2_ws/install/moveit_core:/root/ros2_ws/install/moveit_resources_panda_moveit_config:/root/ros2_ws/install/moveit_resources_fanuc_moveit_config:/root/ros2_ws/install/moveit_resources_pr2_description:/root/ros2_ws/install/moveit_resources_panda_description:/root/ros2_ws/install/moveit_resources_fanuc_description:/root/ros2_ws/install/moveit_msgs:/root/ros2_ws/install/moveit_configs_utils:/root/ros2_ws/install/moveit_common:${AMENT_PREFIX_PATH} CMAKE_PREFIX_PATH=/root/ros2_ws/install/moveit_ros_visualization:/root/ros2_ws/install/moveit_ros_planning_interface:/root/ros2_ws/install/moveit_ros_move_group:/root/ros2_ws/install/moveit_ros_warehouse:/root/ros2_ws/install/moveit_ros_robot_interaction:/root/ros2_ws/install/moveit_kinematics:/root/ros2_ws/install/moveit_ros_planning:/root/ros2_ws/install/moveit_simple_controller_manager:/root/ros2_ws/install/moveit_ros_occupancy_map_monitor:/root/ros2_ws/install/moveit_core:/root/ros2_ws/install/moveit_resources_panda_moveit_config:/root/ros2_ws/install/moveit_resources_fanuc_moveit_config:/root/ros2_ws/install/moveit_resources_pr2_description:/root/ros2_ws/install/moveit_resources_panda_description:/root/ros2_ws/install/moveit_resources_fanuc_description:/root/ros2_ws/install/moveit_msgs:/root/ros2_ws/install/moveit_common:/opt/ros/jazzy/opt/gz_sim_vendor:/opt/ros/jazzy/opt/gz_sensors_vendor:/opt/ros/jazzy/opt/gz_physics_vendor:/opt/ros/jazzy/opt/sdformat_vendor:/opt/ros/jazzy/opt/gz_gui_vendor:/opt/ros/jazzy/opt/gz_transport_vendor:/opt/ros/jazzy/opt/gz_rendering_vendor:/opt/ros/jazzy/opt/gz_plugin_vendor:/opt/ros/jazzy/opt/gz_fuel_tools_vendor:/opt/ros/jazzy/opt/gz_msgs_vendor:/opt/ros/jazzy/opt/gz_common_vendor:/opt/ros/jazzy/opt/gz_math_vendor:/opt/ros/jazzy/opt/gz_utils_vendor:/opt/ros/jazzy/opt/gz_tools_vendor:/opt/ros/jazzy/opt/gz_ogre_next_vendor:/opt/ros/jazzy/opt/gz_dartsim_vendor:/opt/ros/jazzy/opt/gz_cmake_vendor:/opt/ros/jazzy LD_LIBRARY_PATH=/root/ros2_ws/install/moveit_ros_visualization/lib:/root/ros2_ws/install/moveit_ros_planning_interface/lib:/root/ros2_ws/install/moveit_ros_move_group/lib:/root/ros2_ws/install/moveit_ros_warehouse/lib:/root/ros2_ws/install/moveit_ros_robot_interaction/lib:/root/ros2_ws/install/moveit_kinematics/lib:/root/ros2_ws/install/moveit_ros_planning/lib:/root/ros2_ws/install/moveit_simple_controller_manager/lib:/root/ros2_ws/install/moveit_ros_occupancy_map_monitor/lib:/root/ros2_ws/install/moveit_core/lib:/root/ros2_ws/install/moveit_msgs/lib:${LD_LIBRARY_PATH} PATH=/root/ros2_ws/install/moveit_core/bin:${PATH} PYTHONPATH=/root/ros2_ws/install/moveit_msgs/lib/python3.12/site-packages:/root/ros2_ws/install/moveit_configs_utils/lib/python3.12/site-packages:${PYTHONPATH} /usr/bin/cmake --install /root/ros2_ws/build/moveit_setup_framework
[57.239s] -- Install configuration: "Release"
[57.240s] -- Installing: /root/ros2_ws/install/moveit_setup_framework/include/moveit_setup_framework
[57.240s] -- Installing: /root/ros2_ws/install/moveit_setup_framework/include/moveit_setup_framework/moveit_setup_framework
[57.240s] -- Installing: /root/ros2_ws/install/moveit_setup_framework/include/moveit_setup_framework/moveit_setup_framework/utilities.h
[57.240s] -- Installing: /root/ros2_ws/install/moveit_setup_framework/include/moveit_setup_framework/moveit_setup_framework/config.hpp
[57.240s] -- Installing: /root/ros2_ws/install/moveit_setup_framework/include/moveit_setup_framework/moveit_setup_framework/templates.hpp
[57.240s] -- Installing: /root/ros2_ws/install/moveit_setup_framework/include/moveit_setup_framework/moveit_setup_framework/setup_step.hpp
[57.240s] -- Installing: /root/ros2_ws/install/moveit_setup_framework/include/moveit_setup_framework/moveit_setup_framework/setup_step.h
[57.240s] -- Installing: /root/ros2_ws/install/moveit_setup_framework/include/moveit_setup_framework/moveit_setup_framework/generated_file.hpp
[57.240s] -- Installing: /root/ros2_ws/install/moveit_setup_framework/include/moveit_setup_framework/moveit_setup_framework/generated_time.hpp
[57.241s] -- Installing: /root/ros2_ws/install/moveit_setup_framework/include/moveit_setup_framework/moveit_setup_framework/data
[57.241s] -- Installing: /root/ros2_ws/install/moveit_setup_framework/include/moveit_setup_framework/moveit_setup_framework/data/urdf_config.h
[57.241s] -- Installing: /root/ros2_ws/install/moveit_setup_framework/include/moveit_setup_framework/moveit_setup_framework/data/package_settings_config.h
[57.241s] -- Installing: /root/ros2_ws/install/moveit_setup_framework/include/moveit_setup_framework/moveit_setup_framework/data/srdf_config.hpp
[57.241s] -- Installing: /root/ros2_ws/install/moveit_setup_framework/include/moveit_setup_framework/moveit_setup_framework/data/srdf_config.h
[57.241s] -- Installing: /root/ros2_ws/install/moveit_setup_framework/include/moveit_setup_framework/moveit_setup_framework/data/urdf_config.hpp
[57.241s] -- Installing: /root/ros2_ws/install/moveit_setup_framework/include/moveit_setup_framework/moveit_setup_framework/data/package_settings_config.hpp
[57.241s] -- Installing: /root/ros2_ws/install/moveit_setup_framework/include/moveit_setup_framework/moveit_setup_framework/utilities.hpp
[57.241s] -- Installing: /root/ros2_ws/install/moveit_setup_framework/include/moveit_setup_framework/moveit_setup_framework/testing_utils.hpp
[57.241s] -- Installing: /root/ros2_ws/install/moveit_setup_framework/include/moveit_setup_framework/moveit_setup_framework/data_warehouse.hpp
[57.241s] -- Installing: /root/ros2_ws/install/moveit_setup_framework/include/moveit_setup_framework/moveit_setup_framework/config.h
[57.241s] -- Installing: /root/ros2_ws/install/moveit_setup_framework/include/moveit_setup_framework/moveit_setup_framework/qt
[57.241s] -- Installing: /root/ros2_ws/install/moveit_setup_framework/include/moveit_setup_framework/moveit_setup_framework/qt/rviz_panel.hpp
[57.241s] -- Installing: /root/ros2_ws/install/moveit_setup_framework/include/moveit_setup_framework/moveit_setup_framework/qt/double_list_widget.hpp
[57.242s] -- Installing: /root/ros2_ws/install/moveit_setup_framework/include/moveit_setup_framework/moveit_setup_framework/qt/helper_widgets.hpp
[57.242s] -- Installing: /root/ros2_ws/install/moveit_setup_framework/include/moveit_setup_framework/moveit_setup_framework/qt/setup_step_widget.hpp
[57.242s] -- Installing: /root/ros2_ws/install/moveit_setup_framework/include/moveit_setup_framework/moveit_setup_framework/qt/helper_widgets.h
[57.242s] -- Installing: /root/ros2_ws/install/moveit_setup_framework/include/moveit_setup_framework/moveit_setup_framework/qt/double_list_widget.h
[57.242s] -- Installing: /root/ros2_ws/install/moveit_setup_framework/include/moveit_setup_framework/moveit_setup_framework/qt/rviz_panel.h
[57.242s] -- Installing: /root/ros2_ws/install/moveit_setup_framework/include/moveit_setup_framework/moveit_setup_framework/qt/xml_syntax_highlighter.hpp
[57.242s] -- Installing: /root/ros2_ws/install/moveit_setup_framework/include/moveit_setup_framework/moveit_setup_framework/qt/setup_step_widget.h
[57.242s] -- Installing: /root/ros2_ws/install/moveit_setup_framework/include/moveit_setup_framework/moveit_setup_framework/qt/xml_syntax_highlighter.h
[57.242s] -- Installing: /root/ros2_ws/install/moveit_setup_framework/include/moveit_setup_framework/moveit_setup_framework/data_warehouse.h
[57.242s] -- Installing: /root/ros2_ws/install/moveit_setup_framework/include/moveit_setup_framework/moveit_setup_framework/generated_time.h
[57.242s] -- Installing: /root/ros2_ws/install/moveit_setup_framework/include/moveit_setup_framework/moveit_setup_framework/templates.h
[57.243s] -- Installing: /root/ros2_ws/install/moveit_setup_framework/include/moveit_setup_framework/moveit_setup_framework/testing_utils.h
[57.243s] -- Installing: /root/ros2_ws/install/moveit_setup_framework/include/moveit_setup_framework/moveit_setup_framework/generated_file.h
[57.243s] -- Installing: /root/ros2_ws/install/moveit_setup_framework/share/moveit_setup_framework/moveit_setup_framework_plugins.xml
[57.243s] -- Installing: /root/ros2_ws/install/moveit_setup_framework/share/moveit_setup_framework/templates
[57.243s] -- Installing: /root/ros2_ws/install/moveit_setup_framework/share/moveit_setup_framework/templates/CMakeLists.txt
[57.243s] -- Installing: /root/ros2_ws/install/moveit_setup_framework/share/moveit_setup_framework/templates/config
[57.243s] -- Installing: /root/ros2_ws/install/moveit_setup_framework/share/moveit_setup_framework/templates/config/pilz_cartesian_limits.yaml
[57.243s] -- Installing: /root/ros2_ws/install/moveit_setup_framework/share/moveit_setup_framework/templates/package.xml.template
[57.243s] -- Installing: /root/ros2_ws/install/moveit_setup_framework/share/moveit_setup_framework/environment/library_path.sh
[57.243s] -- Installing: /root/ros2_ws/install/moveit_setup_framework/share/moveit_setup_framework/environment/library_path.dsv
[57.243s] -- Installing: /root/ros2_ws/install/moveit_setup_framework/lib/libmoveit_setup_framework.so
[57.243s] -- Set non-toolchain portion of runtime path of "/root/ros2_ws/install/moveit_setup_framework/lib/libmoveit_setup_framework.so" to ""
[57.244s] -- Up-to-date: /root/ros2_ws/install/moveit_setup_framework/share/moveit_setup_framework/moveit_setup_framework_plugins.xml
[57.244s] -- Installing: /root/ros2_ws/install/moveit_setup_framework/share/ament_index/resource_index/package_run_dependencies/moveit_setup_framework
[57.244s] -- Installing: /root/ros2_ws/install/moveit_setup_framework/share/ament_index/resource_index/parent_prefix_path/moveit_setup_framework
[57.244s] -- Installing: /root/ros2_ws/install/moveit_setup_framework/share/moveit_setup_framework/environment/ament_prefix_path.sh
[57.244s] -- Installing: /root/ros2_ws/install/moveit_setup_framework/share/moveit_setup_framework/environment/ament_prefix_path.dsv
[57.244s] -- Installing: /root/ros2_ws/install/moveit_setup_framework/share/moveit_setup_framework/environment/path.sh
[57.244s] -- Installing: /root/ros2_ws/install/moveit_setup_framework/share/moveit_setup_framework/environment/path.dsv
[57.245s] -- Installing: /root/ros2_ws/install/moveit_setup_framework/share/moveit_setup_framework/local_setup.bash
[57.245s] -- Installing: /root/ros2_ws/install/moveit_setup_framework/share/moveit_setup_framework/local_setup.sh
[57.245s] -- Installing: /root/ros2_ws/install/moveit_setup_framework/share/moveit_setup_framework/local_setup.zsh
[57.245s] -- Installing: /root/ros2_ws/install/moveit_setup_framework/share/moveit_setup_framework/local_setup.dsv
[57.245s] -- Installing: /root/ros2_ws/install/moveit_setup_framework/share/moveit_setup_framework/package.dsv
[57.245s] -- Installing: /root/ros2_ws/install/moveit_setup_framework/share/ament_index/resource_index/packages/moveit_setup_framework
[57.245s] -- Installing: /root/ros2_ws/install/moveit_setup_framework/share/ament_index/resource_index/moveit_setup_framework__pluginlib__plugin/moveit_setup_framework
[57.245s] -- Installing: /root/ros2_ws/install/moveit_setup_framework/share/moveit_setup_framework/cmake/moveit_setup_frameworkTargetsExport.cmake
[57.245s] -- Installing: /root/ros2_ws/install/moveit_setup_framework/share/moveit_setup_framework/cmake/moveit_setup_frameworkTargetsExport-release.cmake
[57.246s] -- Installing: /root/ros2_ws/install/moveit_setup_framework/share/moveit_setup_framework/cmake/ament_cmake_export_targets-extras.cmake
[57.246s] -- Installing: /root/ros2_ws/install/moveit_setup_framework/share/moveit_setup_framework/cmake/ament_cmake_export_dependencies-extras.cmake
[57.246s] -- Installing: /root/ros2_ws/install/moveit_setup_framework/share/moveit_setup_framework/cmake/moveit_setup_frameworkConfig.cmake
[57.246s] -- Installing: /root/ros2_ws/install/moveit_setup_framework/share/moveit_setup_framework/cmake/moveit_setup_frameworkConfig-version.cmake
[57.246s] -- Installing: /root/ros2_ws/install/moveit_setup_framework/share/moveit_setup_framework/package.xml
[57.250s] Invoked command in '/root/ros2_ws/build/moveit_setup_framework' returned '0': AMENT_PREFIX_PATH=/root/ros2_ws/install/moveit_ros_visualization:/root/ros2_ws/install/moveit_ros_planning_interface:/root/ros2_ws/install/moveit_ros_move_group:/root/ros2_ws/install/moveit_ros_warehouse:/root/ros2_ws/install/moveit_ros_robot_interaction:/root/ros2_ws/install/moveit_kinematics:/root/ros2_ws/install/moveit_ros_planning:/root/ros2_ws/install/moveit_simple_controller_manager:/root/ros2_ws/install/moveit_ros_occupancy_map_monitor:/root/ros2_ws/install/moveit_core:/root/ros2_ws/install/moveit_resources_panda_moveit_config:/root/ros2_ws/install/moveit_resources_fanuc_moveit_config:/root/ros2_ws/install/moveit_resources_pr2_description:/root/ros2_ws/install/moveit_resources_panda_description:/root/ros2_ws/install/moveit_resources_fanuc_description:/root/ros2_ws/install/moveit_msgs:/root/ros2_ws/install/moveit_configs_utils:/root/ros2_ws/install/moveit_common:${AMENT_PREFIX_PATH} CMAKE_PREFIX_PATH=/root/ros2_ws/install/moveit_ros_visualization:/root/ros2_ws/install/moveit_ros_planning_interface:/root/ros2_ws/install/moveit_ros_move_group:/root/ros2_ws/install/moveit_ros_warehouse:/root/ros2_ws/install/moveit_ros_robot_interaction:/root/ros2_ws/install/moveit_kinematics:/root/ros2_ws/install/moveit_ros_planning:/root/ros2_ws/install/moveit_simple_controller_manager:/root/ros2_ws/install/moveit_ros_occupancy_map_monitor:/root/ros2_ws/install/moveit_core:/root/ros2_ws/install/moveit_resources_panda_moveit_config:/root/ros2_ws/install/moveit_resources_fanuc_moveit_config:/root/ros2_ws/install/moveit_resources_pr2_description:/root/ros2_ws/install/moveit_resources_panda_description:/root/ros2_ws/install/moveit_resources_fanuc_description:/root/ros2_ws/install/moveit_msgs:/root/ros2_ws/install/moveit_common:/opt/ros/jazzy/opt/gz_sim_vendor:/opt/ros/jazzy/opt/gz_sensors_vendor:/opt/ros/jazzy/opt/gz_physics_vendor:/opt/ros/jazzy/opt/sdformat_vendor:/opt/ros/jazzy/opt/gz_gui_vendor:/opt/ros/jazzy/opt/gz_transport_vendor:/opt/ros/jazzy/opt/gz_rendering_vendor:/opt/ros/jazzy/opt/gz_plugin_vendor:/opt/ros/jazzy/opt/gz_fuel_tools_vendor:/opt/ros/jazzy/opt/gz_msgs_vendor:/opt/ros/jazzy/opt/gz_common_vendor:/opt/ros/jazzy/opt/gz_math_vendor:/opt/ros/jazzy/opt/gz_utils_vendor:/opt/ros/jazzy/opt/gz_tools_vendor:/opt/ros/jazzy/opt/gz_ogre_next_vendor:/opt/ros/jazzy/opt/gz_dartsim_vendor:/opt/ros/jazzy/opt/gz_cmake_vendor:/opt/ros/jazzy LD_LIBRARY_PATH=/root/ros2_ws/install/moveit_ros_visualization/lib:/root/ros2_ws/install/moveit_ros_planning_interface/lib:/root/ros2_ws/install/moveit_ros_move_group/lib:/root/ros2_ws/install/moveit_ros_warehouse/lib:/root/ros2_ws/install/moveit_ros_robot_interaction/lib:/root/ros2_ws/install/moveit_kinematics/lib:/root/ros2_ws/install/moveit_ros_planning/lib:/root/ros2_ws/install/moveit_simple_controller_manager/lib:/root/ros2_ws/install/moveit_ros_occupancy_map_monitor/lib:/root/ros2_ws/install/moveit_core/lib:/root/ros2_ws/install/moveit_msgs/lib:${LD_LIBRARY_PATH} PATH=/root/ros2_ws/install/moveit_core/bin:${PATH} PYTHONPATH=/root/ros2_ws/install/moveit_msgs/lib/python3.12/site-packages:/root/ros2_ws/install/moveit_configs_utils/lib/python3.12/site-packages:${PYTHONPATH} /usr/bin/cmake --install /root/ros2_ws/build/moveit_setup_framework
