[0.235s] Invoking command in '/root/ros2_ws/build/serial': CMAKE_PREFIX_PATH=${CMAKE_PREFIX_PATH}:/root/ros2_ws/install/moveit_configs_utils:/opt/ros/jazzy /usr/bin/cmake --build /root/ros2_ws/build/serial -- -j20 -l20
[0.371s] [100%] Built target serial
[0.521s] Invoked command in '/root/ros2_ws/build/serial' returned '0': CMAKE_PREFIX_PATH=${CMAKE_PREFIX_PATH}:/root/ros2_ws/install/moveit_configs_utils:/opt/ros/jazzy /usr/bin/cmake --build /root/ros2_ws/build/serial -- -j20 -l20
[0.522s] Invoking command in '/root/ros2_ws/build/serial': CMAKE_PREFIX_PATH=${CMAKE_PREFIX_PATH}:/root/ros2_ws/install/moveit_configs_utils:/opt/ros/jazzy /usr/bin/cmake --install /root/ros2_ws/build/serial
[0.559s] -- Install configuration: ""
[0.559s] -- Up-to-date: /root/ros2_ws/install/serial/lib/libserial.a
[0.559s] -- Up-to-date: /root/ros2_ws/install/serial/include
[0.559s] -- Up-to-date: /root/ros2_ws/install/serial/include/serial
[0.559s] -- Up-to-date: /root/ros2_ws/install/serial/include/serial/serial.h
[0.559s] -- Up-to-date: /root/ros2_ws/install/serial/include/serial/v8stdint.h
[0.559s] -- Up-to-date: /root/ros2_ws/install/serial/include/serial/impl
[0.559s] -- Up-to-date: /root/ros2_ws/install/serial/include/serial/impl/win.h
[0.560s] -- Up-to-date: /root/ros2_ws/install/serial/include/serial/impl/unix.h
[0.560s] -- Up-to-date: /root/ros2_ws/install/serial/share/serial/environment/library_path.sh
[0.560s] -- Up-to-date: /root/ros2_ws/install/serial/share/serial/environment/library_path.dsv
[0.560s] -- Up-to-date: /root/ros2_ws/install/serial/share/ament_index/resource_index/package_run_dependencies/serial
[0.560s] -- Up-to-date: /root/ros2_ws/install/serial/share/ament_index/resource_index/parent_prefix_path/serial
[0.560s] -- Up-to-date: /root/ros2_ws/install/serial/share/serial/environment/ament_prefix_path.sh
[0.560s] -- Up-to-date: /root/ros2_ws/install/serial/share/serial/environment/ament_prefix_path.dsv
[0.560s] -- Up-to-date: /root/ros2_ws/install/serial/share/serial/environment/path.sh
[0.560s] -- Up-to-date: /root/ros2_ws/install/serial/share/serial/environment/path.dsv
[0.560s] -- Up-to-date: /root/ros2_ws/install/serial/share/serial/local_setup.bash
[0.560s] -- Up-to-date: /root/ros2_ws/install/serial/share/serial/local_setup.sh
[0.560s] -- Up-to-date: /root/ros2_ws/install/serial/share/serial/local_setup.zsh
[0.560s] -- Up-to-date: /root/ros2_ws/install/serial/share/serial/local_setup.dsv
[0.560s] -- Installing: /root/ros2_ws/install/serial/share/serial/package.dsv
[0.560s] -- Up-to-date: /root/ros2_ws/install/serial/share/ament_index/resource_index/packages/serial
[0.560s] -- Up-to-date: /root/ros2_ws/install/serial/share/serial/cmake/export_serialExport.cmake
[0.560s] -- Up-to-date: /root/ros2_ws/install/serial/share/serial/cmake/export_serialExport-noconfig.cmake
[0.560s] -- Up-to-date: /root/ros2_ws/install/serial/share/serial/cmake/ament_cmake_export_include_directories-extras.cmake
[0.561s] -- Up-to-date: /root/ros2_ws/install/serial/share/serial/cmake/ament_cmake_export_libraries-extras.cmake
[0.561s] -- Up-to-date: /root/ros2_ws/install/serial/share/serial/cmake/ament_cmake_export_targets-extras.cmake
[0.561s] -- Up-to-date: /root/ros2_ws/install/serial/share/serial/cmake/serialConfig.cmake
[0.561s] -- Up-to-date: /root/ros2_ws/install/serial/share/serial/cmake/serialConfig-version.cmake
[0.561s] -- Up-to-date: /root/ros2_ws/install/serial/share/serial/package.xml
[0.685s] Invoked command in '/root/ros2_ws/build/serial' returned '0': CMAKE_PREFIX_PATH=${CMAKE_PREFIX_PATH}:/root/ros2_ws/install/moveit_configs_utils:/opt/ros/jazzy /usr/bin/cmake --install /root/ros2_ws/build/serial
