[0.026s] Invoking command in '/root/ros2_ws/build/moveit_resources_panda_moveit_config': AMENT_PREFIX_PATH=/root/ros2_ws/install/moveit_resources_panda_description:${AMENT_PREFIX_PATH} CMAKE_PREFIX_PATH=/root/ros2_ws/install/moveit_resources_panda_description:/opt/ros/jazzy/opt/gz_sim_vendor:/opt/ros/jazzy/opt/gz_sensors_vendor:/opt/ros/jazzy/opt/gz_physics_vendor:/opt/ros/jazzy/opt/sdformat_vendor:/opt/ros/jazzy/opt/gz_gui_vendor:/opt/ros/jazzy/opt/gz_transport_vendor:/opt/ros/jazzy/opt/gz_rendering_vendor:/opt/ros/jazzy/opt/gz_plugin_vendor:/opt/ros/jazzy/opt/gz_fuel_tools_vendor:/opt/ros/jazzy/opt/gz_msgs_vendor:/opt/ros/jazzy/opt/gz_common_vendor:/opt/ros/jazzy/opt/gz_math_vendor:/opt/ros/jazzy/opt/gz_utils_vendor:/opt/ros/jazzy/opt/gz_tools_vendor:/opt/ros/jazzy/opt/gz_ogre_next_vendor:/opt/ros/jazzy/opt/gz_dartsim_vendor:/opt/ros/jazzy/opt/gz_cmake_vendor:/opt/ros/jazzy /usr/bin/cmake /root/ros2_ws/src/moveit_resources/panda_moveit_config -DCMAKE_INSTALL_PREFIX=/root/ros2_ws/install/moveit_resources_panda_moveit_config
[0.097s] -- The C compiler identification is GNU 13.3.0
[0.193s] -- The CXX compiler identification is GNU 13.3.0
[0.222s] -- Detecting C compiler ABI info
[0.347s] -- Detecting C compiler ABI info - done
[0.369s] -- Check for working C compiler: /usr/bin/cc - skipped
[0.370s] -- Detecting C compile features
[0.371s] -- Detecting C compile features - done
[0.386s] -- Detecting CXX compiler ABI info
[0.558s] -- Detecting CXX compiler ABI info - done
[0.578s] -- Check for working CXX compiler: /usr/bin/c++ - skipped
[0.578s] -- Detecting CXX compile features
[0.579s] -- Detecting CXX compile features - done
[0.587s] -- Found ament_cmake: 2.5.2 (/opt/ros/jazzy/share/ament_cmake/cmake)
[0.846s] -- Found Python3: /usr/bin/python3 (found version "3.12.3") found components: Interpreter 
[1.258s] -- Configuring done (1.2s)
[1.262s] -- Generating done (0.0s)
[1.263s] -- Build files have been written to: /root/ros2_ws/build/moveit_resources_panda_moveit_config
[1.280s] Invoked command in '/root/ros2_ws/build/moveit_resources_panda_moveit_config' returned '0': AMENT_PREFIX_PATH=/root/ros2_ws/install/moveit_resources_panda_description:${AMENT_PREFIX_PATH} CMAKE_PREFIX_PATH=/root/ros2_ws/install/moveit_resources_panda_description:/opt/ros/jazzy/opt/gz_sim_vendor:/opt/ros/jazzy/opt/gz_sensors_vendor:/opt/ros/jazzy/opt/gz_physics_vendor:/opt/ros/jazzy/opt/sdformat_vendor:/opt/ros/jazzy/opt/gz_gui_vendor:/opt/ros/jazzy/opt/gz_transport_vendor:/opt/ros/jazzy/opt/gz_rendering_vendor:/opt/ros/jazzy/opt/gz_plugin_vendor:/opt/ros/jazzy/opt/gz_fuel_tools_vendor:/opt/ros/jazzy/opt/gz_msgs_vendor:/opt/ros/jazzy/opt/gz_common_vendor:/opt/ros/jazzy/opt/gz_math_vendor:/opt/ros/jazzy/opt/gz_utils_vendor:/opt/ros/jazzy/opt/gz_tools_vendor:/opt/ros/jazzy/opt/gz_ogre_next_vendor:/opt/ros/jazzy/opt/gz_dartsim_vendor:/opt/ros/jazzy/opt/gz_cmake_vendor:/opt/ros/jazzy /usr/bin/cmake /root/ros2_ws/src/moveit_resources/panda_moveit_config -DCMAKE_INSTALL_PREFIX=/root/ros2_ws/install/moveit_resources_panda_moveit_config
[1.281s] Invoking command in '/root/ros2_ws/build/moveit_resources_panda_moveit_config': AMENT_PREFIX_PATH=/root/ros2_ws/install/moveit_resources_panda_description:${AMENT_PREFIX_PATH} CMAKE_PREFIX_PATH=/root/ros2_ws/install/moveit_resources_panda_description:/opt/ros/jazzy/opt/gz_sim_vendor:/opt/ros/jazzy/opt/gz_sensors_vendor:/opt/ros/jazzy/opt/gz_physics_vendor:/opt/ros/jazzy/opt/sdformat_vendor:/opt/ros/jazzy/opt/gz_gui_vendor:/opt/ros/jazzy/opt/gz_transport_vendor:/opt/ros/jazzy/opt/gz_rendering_vendor:/opt/ros/jazzy/opt/gz_plugin_vendor:/opt/ros/jazzy/opt/gz_fuel_tools_vendor:/opt/ros/jazzy/opt/gz_msgs_vendor:/opt/ros/jazzy/opt/gz_common_vendor:/opt/ros/jazzy/opt/gz_math_vendor:/opt/ros/jazzy/opt/gz_utils_vendor:/opt/ros/jazzy/opt/gz_tools_vendor:/opt/ros/jazzy/opt/gz_ogre_next_vendor:/opt/ros/jazzy/opt/gz_dartsim_vendor:/opt/ros/jazzy/opt/gz_cmake_vendor:/opt/ros/jazzy /usr/bin/cmake --build /root/ros2_ws/build/moveit_resources_panda_moveit_config -- -j20 -l20
[1.345s] Invoked command in '/root/ros2_ws/build/moveit_resources_panda_moveit_config' returned '0': AMENT_PREFIX_PATH=/root/ros2_ws/install/moveit_resources_panda_description:${AMENT_PREFIX_PATH} CMAKE_PREFIX_PATH=/root/ros2_ws/install/moveit_resources_panda_description:/opt/ros/jazzy/opt/gz_sim_vendor:/opt/ros/jazzy/opt/gz_sensors_vendor:/opt/ros/jazzy/opt/gz_physics_vendor:/opt/ros/jazzy/opt/sdformat_vendor:/opt/ros/jazzy/opt/gz_gui_vendor:/opt/ros/jazzy/opt/gz_transport_vendor:/opt/ros/jazzy/opt/gz_rendering_vendor:/opt/ros/jazzy/opt/gz_plugin_vendor:/opt/ros/jazzy/opt/gz_fuel_tools_vendor:/opt/ros/jazzy/opt/gz_msgs_vendor:/opt/ros/jazzy/opt/gz_common_vendor:/opt/ros/jazzy/opt/gz_math_vendor:/opt/ros/jazzy/opt/gz_utils_vendor:/opt/ros/jazzy/opt/gz_tools_vendor:/opt/ros/jazzy/opt/gz_ogre_next_vendor:/opt/ros/jazzy/opt/gz_dartsim_vendor:/opt/ros/jazzy/opt/gz_cmake_vendor:/opt/ros/jazzy /usr/bin/cmake --build /root/ros2_ws/build/moveit_resources_panda_moveit_config -- -j20 -l20
[1.347s] Invoking command in '/root/ros2_ws/build/moveit_resources_panda_moveit_config': AMENT_PREFIX_PATH=/root/ros2_ws/install/moveit_resources_panda_description:${AMENT_PREFIX_PATH} CMAKE_PREFIX_PATH=/root/ros2_ws/install/moveit_resources_panda_description:/opt/ros/jazzy/opt/gz_sim_vendor:/opt/ros/jazzy/opt/gz_sensors_vendor:/opt/ros/jazzy/opt/gz_physics_vendor:/opt/ros/jazzy/opt/sdformat_vendor:/opt/ros/jazzy/opt/gz_gui_vendor:/opt/ros/jazzy/opt/gz_transport_vendor:/opt/ros/jazzy/opt/gz_rendering_vendor:/opt/ros/jazzy/opt/gz_plugin_vendor:/opt/ros/jazzy/opt/gz_fuel_tools_vendor:/opt/ros/jazzy/opt/gz_msgs_vendor:/opt/ros/jazzy/opt/gz_common_vendor:/opt/ros/jazzy/opt/gz_math_vendor:/opt/ros/jazzy/opt/gz_utils_vendor:/opt/ros/jazzy/opt/gz_tools_vendor:/opt/ros/jazzy/opt/gz_ogre_next_vendor:/opt/ros/jazzy/opt/gz_dartsim_vendor:/opt/ros/jazzy/opt/gz_cmake_vendor:/opt/ros/jazzy /usr/bin/cmake --install /root/ros2_ws/build/moveit_resources_panda_moveit_config
[1.364s] -- Install configuration: ""
[1.364s] -- Installing: /root/ros2_ws/install/moveit_resources_panda_moveit_config/share/ament_index/resource_index/package_run_dependencies/moveit_resources_panda_moveit_config
[1.365s] -- Installing: /root/ros2_ws/install/moveit_resources_panda_moveit_config/share/ament_index/resource_index/parent_prefix_path/moveit_resources_panda_moveit_config
[1.365s] -- Installing: /root/ros2_ws/install/moveit_resources_panda_moveit_config/share/moveit_resources_panda_moveit_config/environment/ament_prefix_path.sh
[1.365s] -- Installing: /root/ros2_ws/install/moveit_resources_panda_moveit_config/share/moveit_resources_panda_moveit_config/environment/ament_prefix_path.dsv
[1.366s] -- Installing: /root/ros2_ws/install/moveit_resources_panda_moveit_config/share/moveit_resources_panda_moveit_config/environment/path.sh
[1.366s] -- Installing: /root/ros2_ws/install/moveit_resources_panda_moveit_config/share/moveit_resources_panda_moveit_config/environment/path.dsv
[1.366s] -- Installing: /root/ros2_ws/install/moveit_resources_panda_moveit_config/share/moveit_resources_panda_moveit_config/local_setup.bash
[1.366s] -- Installing: /root/ros2_ws/install/moveit_resources_panda_moveit_config/share/moveit_resources_panda_moveit_config/local_setup.sh
[1.367s] -- Installing: /root/ros2_ws/install/moveit_resources_panda_moveit_config/share/moveit_resources_panda_moveit_config/local_setup.zsh
[1.367s] -- Installing: /root/ros2_ws/install/moveit_resources_panda_moveit_config/share/moveit_resources_panda_moveit_config/local_setup.dsv
[1.367s] -- Installing: /root/ros2_ws/install/moveit_resources_panda_moveit_config/share/moveit_resources_panda_moveit_config/package.dsv
[1.368s] -- Installing: /root/ros2_ws/install/moveit_resources_panda_moveit_config/share/ament_index/resource_index/packages/moveit_resources_panda_moveit_config
[1.368s] -- Installing: /root/ros2_ws/install/moveit_resources_panda_moveit_config/share/moveit_resources_panda_moveit_config/cmake/moveit_resources_panda_moveit_configConfig.cmake
[1.368s] -- Installing: /root/ros2_ws/install/moveit_resources_panda_moveit_config/share/moveit_resources_panda_moveit_config/cmake/moveit_resources_panda_moveit_configConfig-version.cmake
[1.368s] -- Installing: /root/ros2_ws/install/moveit_resources_panda_moveit_config/share/moveit_resources_panda_moveit_config/package.xml
[1.369s] -- Installing: /root/ros2_ws/install/moveit_resources_panda_moveit_config/share/moveit_resources_panda_moveit_config/launch
[1.369s] -- Installing: /root/ros2_ws/install/moveit_resources_panda_moveit_config/share/moveit_resources_panda_moveit_config/launch/moveit.rviz
[1.369s] -- Installing: /root/ros2_ws/install/moveit_resources_panda_moveit_config/share/moveit_resources_panda_moveit_config/launch/demo.launch.py
[1.369s] -- Installing: /root/ros2_ws/install/moveit_resources_panda_moveit_config/share/moveit_resources_panda_moveit_config/launch/moveit_empty.rviz
[1.369s] -- Installing: /root/ros2_ws/install/moveit_resources_panda_moveit_config/share/moveit_resources_panda_moveit_config/launch/moveit_rviz.launch.py
[1.370s] -- Installing: /root/ros2_ws/install/moveit_resources_panda_moveit_config/share/moveit_resources_panda_moveit_config/config
[1.370s] -- Installing: /root/ros2_ws/install/moveit_resources_panda_moveit_config/share/moveit_resources_panda_moveit_config/config/pilz_industrial_motion_planner_planning.yaml
[1.370s] -- Installing: /root/ros2_ws/install/moveit_resources_panda_moveit_config/share/moveit_resources_panda_moveit_config/config/panda_arm.xacro
[1.370s] -- Installing: /root/ros2_ws/install/moveit_resources_panda_moveit_config/share/moveit_resources_panda_moveit_config/config/moveit_controllers.yaml
[1.370s] -- Installing: /root/ros2_ws/install/moveit_resources_panda_moveit_config/share/moveit_resources_panda_moveit_config/config/initial_positions.yaml
[1.370s] -- Installing: /root/ros2_ws/install/moveit_resources_panda_moveit_config/share/moveit_resources_panda_moveit_config/config/kinematics.yaml
[1.371s] -- Installing: /root/ros2_ws/install/moveit_resources_panda_moveit_config/share/moveit_resources_panda_moveit_config/config/panda_arm_hand.srdf.xacro
[1.371s] -- Installing: /root/ros2_ws/install/moveit_resources_panda_moveit_config/share/moveit_resources_panda_moveit_config/config/panda.urdf.xacro
[1.371s] -- Installing: /root/ros2_ws/install/moveit_resources_panda_moveit_config/share/moveit_resources_panda_moveit_config/config/ompl_planning.yaml
[1.371s] -- Installing: /root/ros2_ws/install/moveit_resources_panda_moveit_config/share/moveit_resources_panda_moveit_config/config/bio_ik_kinematics.yaml
[1.371s] -- Installing: /root/ros2_ws/install/moveit_resources_panda_moveit_config/share/moveit_resources_panda_moveit_config/config/panda_hand.ros2_control.xacro
[1.371s] -- Installing: /root/ros2_ws/install/moveit_resources_panda_moveit_config/share/moveit_resources_panda_moveit_config/config/panda.srdf
[1.372s] -- Installing: /root/ros2_ws/install/moveit_resources_panda_moveit_config/share/moveit_resources_panda_moveit_config/config/ros2_controllers.yaml
[1.372s] -- Installing: /root/ros2_ws/install/moveit_resources_panda_moveit_config/share/moveit_resources_panda_moveit_config/config/pilz_cartesian_limits.yaml
[1.372s] -- Installing: /root/ros2_ws/install/moveit_resources_panda_moveit_config/share/moveit_resources_panda_moveit_config/config/chomp_planning.yaml
[1.373s] -- Installing: /root/ros2_ws/install/moveit_resources_panda_moveit_config/share/moveit_resources_panda_moveit_config/config/panda_arm.srdf.xacro
[1.373s] -- Installing: /root/ros2_ws/install/moveit_resources_panda_moveit_config/share/moveit_resources_panda_moveit_config/config/sensors_kinect_depthmap.yaml
[1.373s] -- Installing: /root/ros2_ws/install/moveit_resources_panda_moveit_config/share/moveit_resources_panda_moveit_config/config/panda.ros2_control.xacro
[1.373s] -- Installing: /root/ros2_ws/install/moveit_resources_panda_moveit_config/share/moveit_resources_panda_moveit_config/config/hand.xacro
[1.373s] -- Installing: /root/ros2_ws/install/moveit_resources_panda_moveit_config/share/moveit_resources_panda_moveit_config/config/trac_ik_kinematics.yaml
[1.374s] -- Installing: /root/ros2_ws/install/moveit_resources_panda_moveit_config/share/moveit_resources_panda_moveit_config/config/stomp_planning.yaml
[1.374s] -- Installing: /root/ros2_ws/install/moveit_resources_panda_moveit_config/share/moveit_resources_panda_moveit_config/config/joint_limits.yaml
[1.374s] -- Installing: /root/ros2_ws/install/moveit_resources_panda_moveit_config/share/moveit_resources_panda_moveit_config/config/hard_joint_limits.yaml
[1.374s] -- Installing: /root/ros2_ws/install/moveit_resources_panda_moveit_config/share/moveit_resources_panda_moveit_config/config/sensors_kinect_pointcloud.yaml
[1.374s] -- Installing: /root/ros2_ws/install/moveit_resources_panda_moveit_config/share/moveit_resources_panda_moveit_config/config/gripper_moveit_controllers.yaml
[1.374s] -- Installing: /root/ros2_ws/install/moveit_resources_panda_moveit_config/share/moveit_resources_panda_moveit_config/.setup_assistant
[1.380s] Invoked command in '/root/ros2_ws/build/moveit_resources_panda_moveit_config' returned '0': AMENT_PREFIX_PATH=/root/ros2_ws/install/moveit_resources_panda_description:${AMENT_PREFIX_PATH} CMAKE_PREFIX_PATH=/root/ros2_ws/install/moveit_resources_panda_description:/opt/ros/jazzy/opt/gz_sim_vendor:/opt/ros/jazzy/opt/gz_sensors_vendor:/opt/ros/jazzy/opt/gz_physics_vendor:/opt/ros/jazzy/opt/sdformat_vendor:/opt/ros/jazzy/opt/gz_gui_vendor:/opt/ros/jazzy/opt/gz_transport_vendor:/opt/ros/jazzy/opt/gz_rendering_vendor:/opt/ros/jazzy/opt/gz_plugin_vendor:/opt/ros/jazzy/opt/gz_fuel_tools_vendor:/opt/ros/jazzy/opt/gz_msgs_vendor:/opt/ros/jazzy/opt/gz_common_vendor:/opt/ros/jazzy/opt/gz_math_vendor:/opt/ros/jazzy/opt/gz_utils_vendor:/opt/ros/jazzy/opt/gz_tools_vendor:/opt/ros/jazzy/opt/gz_ogre_next_vendor:/opt/ros/jazzy/opt/gz_dartsim_vendor:/opt/ros/jazzy/opt/gz_cmake_vendor:/opt/ros/jazzy /usr/bin/cmake --install /root/ros2_ws/build/moveit_resources_panda_moveit_config
